[2015.11.05-11.37.02:198][  0]Log file open, 11/05/15 12:37:02
[2015.11.05-11.37.02:198][  0]LogInit:Display: Running engine for game: ProsjektOppgave
[2015.11.05-11.37.02:198][  0]LogInit:Display: RandInit(1178467134) SRandInit(1178467135).
[2015.11.05-11.37.02:198][  0]LogTaskGraph: Started task graph with 4 named threads and 5 total threads.
[2015.11.05-11.37.02:198][  0]LogStats: Stats thread started at 0.432849
[2015.11.05-11.37.02:198][  0]LogInit: Version: 4.9.2-2707645+++depot+UE4-Releases+4.9
[2015.11.05-11.37.02:198][  0]LogInit: API Version: 2672455
[2015.11.05-11.37.02:198][  0]LogInit: Compiled (64-bit): Sep 28 2015 10:25:44
[2015.11.05-11.37.02:198][  0]LogInit: Compiled with Visual C++: 18.00.21005.01
[2015.11.05-11.37.02:198][  0]LogInit: Build Configuration: Development
[2015.11.05-11.37.02:198][  0]LogInit: Branch Name: ++depot+UE4-Releases+4.9
[2015.11.05-11.37.02:198][  0]LogInit: Command line:  
[2015.11.05-11.37.02:198][  0]LogInit: Base directory: C:/Program Files/Epic Games/4.9/Engine/Binaries/Win64/
[2015.11.05-11.37.02:198][  0]LogInit: Rocket: 1
[2015.11.05-11.37.02:214][  0]LogInit: Using libcurl 7.41.0
[2015.11.05-11.37.02:214][  0]LogInit:  - built for x86_64-pc-win32
[2015.11.05-11.37.02:214][  0]LogInit:  - supports SSL with WinSSL
[2015.11.05-11.37.02:214][  0]LogInit:  - other features:
[2015.11.05-11.37.02:215][  0]LogInit:      CURL_VERSION_SSL
[2015.11.05-11.37.02:215][  0]LogInit:      CURL_VERSION_IPV6
[2015.11.05-11.37.02:215][  0]LogInit:      CURL_VERSION_ASYNCHDNS
[2015.11.05-11.37.02:215][  0]LogInit:      CURL_VERSION_LARGEFILE
[2015.11.05-11.37.02:215][  0]LogInit:      CURL_VERSION_IDN
[2015.11.05-11.37.02:215][  0]LogInit:  CurlRequestOptions (configurable via config and command line):
[2015.11.05-11.37.02:215][  0]LogInit:  - bVerifyPeer = true  - Libcurl will verify peer certificate
[2015.11.05-11.37.02:215][  0]LogInit:  - bUseHttpProxy = false  - Libcurl will NOT use HTTP proxy
[2015.11.05-11.37.02:215][  0]LogInit:  - bDontReuseConnections = false  - Libcurl will reuse connections
[2015.11.05-11.37.02:215][  0]LogInit:  - CertBundlePath = nullptr  - Libcurl will use whatever was configured at build time.
[2015.11.05-11.37.02:232][  0]LogInit: Presizing for 0 objects not considered by GC, pre-allocating 0 bytes.
[2015.11.05-11.37.02:243][  0]LogInit: Object subsystem initialized
[2015.11.05-11.37.02:247][  0]LogInit: Selected Device Profile: [Windows]
[2015.11.05-11.37.02:247][  0]LogInit: Applying CVar settings loaded from the selected device profile: [Windows]
[2015.11.05-11.37.02:258][  0]LogInit: Computer: LUCAS
[2015.11.05-11.37.02:258][  0]LogInit: User: Line
[2015.11.05-11.37.02:258][  0]LogInit: CPU Page size=4096, Cores=2
[2015.11.05-11.37.02:258][  0]LogInit: High frequency timer resolution =2.435870 MHz
[2015.11.05-11.37.02:258][  0]LogMemory: Memory total: Physical=3.9GB (4GB approx)
[2015.11.05-11.37.02:258][  0]LogMemory: Platform Memory Stats for Windows
[2015.11.05-11.37.02:258][  0]LogMemory: Process Physical Memory: 52.29 MB used, 52.29 MB peak
[2015.11.05-11.37.02:258][  0]LogMemory: Process Virtual Memory: 56.82 MB used, 56.82 MB peak
[2015.11.05-11.37.02:258][  0]LogMemory: Physical Memory: 1714.79 MB used, 3975.27 MB total
[2015.11.05-11.37.02:258][  0]LogMemory: Virtual Memory: 346.79 MB used, 8388608.00 MB total
[2015.11.05-11.37.02:336][  0]LogTextLocalizationManager: No translations for ('nb-NO') exist, falling back to 'en' for localization and internationalization data.
[2015.11.05-11.37.03:382][  0]LogD3D11RHI: Found D3D11 adapter 0: Intel(R) HD Graphics 4000 (Feature Level 11_0)
[2015.11.05-11.37.03:382][  0]LogD3D11RHI: Adapter has 32MB of dedicated video memory, 0MB of dedicated system memory, and 1731MB of shared system memory, 1 output[s]
[2015.11.05-11.37.03:383][  0]LogD3D11RHI: Found D3D11 adapter 1: Microsoft Basic Render Driver (Feature Level 11_0)
[2015.11.05-11.37.03:383][  0]LogD3D11RHI: Adapter has 0MB of dedicated video memory, 0MB of dedicated system memory, and 256MB of shared system memory, 0 output[s]
[2015.11.05-11.37.03:383][  0]LogD3D11RHI: Chosen D3D11 Adapter Id = 0
[2015.11.05-11.37.03:393][  0]LogD3D11RHI: !Direct3DDevice
[2015.11.05-11.37.03:393][  0]LogRHI: Texture pool is 628 MB (70% of 897 MB)
[2015.11.05-11.37.03:396][  0]LogD3D11RHI: Async texture creation enabled
[2015.11.05-11.37.03:429][  0]LogShaderCompilers: Guid format shader working directory is 14 characters bigger than the processId version (../../../../../../Users/Whee_/Documents/GitHub/Prosjekt/ProsjektOppgave/Intermediate/Shaders/WorkingDirectory/17264/).
[2015.11.05-11.37.03:429][  0]LogShaderCompilers: Cleaned the shader compiler working directory '../../../../../../Users/Whee_/Documents/GitHub/Prosjekt/ProsjektOppgave/Intermediate/Shaders/tmp/74FBCCAB4532F7A9B4CD198CF1BCB07D/'.
[2015.11.05-11.37.03:429][  0]LogShaderCompilers:Display: Using Local Shader Compiler.
[2015.11.05-11.37.05:261][  0]LogTemp:Display: Loaded TP AllDesktopTargetPlatform
[2015.11.05-11.37.05:268][  0]LogTemp:Display: Loaded TP WindowsClientTargetPlatform
[2015.11.05-11.37.05:276][  0]LogTemp:Display: Loaded TP WindowsNoEditorTargetPlatform
[2015.11.05-11.37.05:285][  0]LogTemp:Display: Loaded TP WindowsServerTargetPlatform
[2015.11.05-11.37.05:292][  0]LogTemp:Display: Loaded TP WindowsTargetPlatform
[2015.11.05-11.37.05:298][  0]LogTemp:Display: Loaded TP AndroidTargetPlatform
[2015.11.05-11.37.05:303][  0]LogTemp:Display: Loaded TP Android_ASTCTargetPlatform
[2015.11.05-11.37.05:309][  0]LogTemp:Display: Loaded TP Android_ATCTargetPlatform
[2015.11.05-11.37.05:315][  0]LogTemp:Display: Loaded TP Android_DXTTargetPlatform
[2015.11.05-11.37.05:320][  0]LogTemp:Display: Loaded TP Android_ETC1TargetPlatform
[2015.11.05-11.37.05:325][  0]LogTemp:Display: Loaded TP Android_ETC2TargetPlatform
[2015.11.05-11.37.05:331][  0]LogTemp:Display: Loaded TP Android_PVRTCTargetPlatform
[2015.11.05-11.37.05:333][  0]LogTemp:Display: Loaded TP HTML5TargetPlatform
[2015.11.05-11.37.05:356][  0]LogTemp:Display: Loaded TP IOSTargetPlatform
[2015.11.05-11.37.05:361][  0]LogTemp:Display: Loaded TP LinuxNoEditorTargetPlatform
[2015.11.05-11.37.05:365][  0]LogTemp:Display: Loaded TP LinuxServerTargetPlatform
[2015.11.05-11.37.05:372][  0]LogTemp:Display: Loaded TP LinuxTargetPlatform
[2015.11.05-11.37.05:372][  0]LogTargetPlatformManager:Display: Building Assets For Windows
[2015.11.05-11.37.05:513][  0]LogDerivedDataCache:Display: Max Cache Size: 512 MB
[2015.11.05-11.37.05:840][  0]LogDerivedDataCache: Loaded boot cache 0.33s 41MB C:/Users/Whee_/AppData/Local/UnrealEngine/4.9/DerivedDataCache/Boot.ddc.
[2015.11.05-11.37.05:840][  0]LogDerivedDataCache:Display: Loaded Boot cache: C:/Users/Whee_/AppData/Local/UnrealEngine/4.9/DerivedDataCache/Boot.ddc
[2015.11.05-11.37.05:840][  0]LogDerivedDataCache: FDerivedDataBackendGraph:  Pak pak cache file ../../../../../../Users/Whee_/Documents/GitHub/Prosjekt/ProsjektOppgave/DerivedDataCache/DDC.ddp not found, will not use a pak cache.
[2015.11.05-11.37.05:840][  0]LogDerivedDataCache: Unable to find inner node Pak for hierarchical cache Hierarchy.
[2015.11.05-11.37.05:841][  0]LogDerivedDataCache: FDerivedDataBackendGraph:  CompressedPak pak cache file ../../../../../../Users/Whee_/Documents/GitHub/Prosjekt/ProsjektOppgave/DerivedDataCache/Compressed.ddp not found, will not use a pak cache.
[2015.11.05-11.37.05:841][  0]LogDerivedDataCache: Unable to find inner node CompressedPak for hierarchical cache Hierarchy.
[2015.11.05-11.37.06:076][  0]LogDerivedDataCache:Display: Pak cache opened for reading ../../../Engine/DerivedDataCache/Compressed.ddp.
[2015.11.05-11.37.06:088][  0]LogDerivedDataCache: Using Local data cache path C:/Users/Whee_/AppData/Local/UnrealEngine/Common/DerivedDataCache: Writable
[2015.11.05-11.37.07:000][  0]LogInit: Selected Device Profile: [Windows]
[2015.11.05-11.37.07:004][  0]LogContentStreaming: Texture pool size is 0.000000MB
[2015.11.05-11.37.07:190][  0]LogMeshUtilities: No automatic mesh reduction module available
[2015.11.05-11.37.07:190][  0]LogMeshUtilities: No automatic mesh merging module available
[2015.11.05-11.37.07:617][  0]LogInit: WinSock: version 1.1 (2.2), MaxSocks=32767, MaxUdp=65467
[2015.11.05-11.37.09:754][  0]UdpMessaging: Initializing bridge on interface 0.0.0.0:0 to multicast group 230.0.0.1:6666.
[2015.11.05-11.37.10:009][  0]LogAssetRegistry: FAssetRegistry took 0.0115 seconds to start up
[2015.11.05-11.37.10:252][  0]SourceControl: Info Source control is disabled
[2015.11.05-11.37.10:720][  0]LogLinker:Warning: Asset '../../../Engine/Plugins/Runtime/LeapMotionController/Content/LM_PassthroughMaterial.uasset' has been saved with empty engine version. The asset will be loaded but may be incompatible.
[2015.11.05-11.37.10:810][  0]LogObj: 28361 objects as part of root set at end of initial load.
[2015.11.05-11.37.10:810][  0]LogUObjectAllocator: 6038864 out of 0 bytes used by permanent object pool.
[2015.11.05-11.37.10:878][  0]LogEngine: Initializing Engine...
[2015.11.05-11.37.10:880][  0]OCULUS: Info: 11/05/15 11:37:10: [CAPI] LibOVR module is located at C:\windows\SYSTEM32\LibOVRRT64_0_7.dll

[2015.11.05-11.37.11:481][  0]OCULUS: Error: 11/05/15 11:37:11: [CAPI] ovr_Create failed to complete within the timeout period.
[2015.11.05-11.37.11:488][  0]LogHMD: SteamVR failed to initialize.  Err: 110
[2015.11.05-11.37.11:644][  0]LogAIModule: Creating AISystem for world NewWorld
[2015.11.05-11.37.11:656][  0]LogInit: XAudio2 using 'Speakers (Conexant SmartAudio HD)' : 2 channels at 44.1 kHz using 16 bits per sample (channel mask 0x3)
[2015.11.05-11.37.11:753][  0]LogInit: FAudioDevice initialized.
[2015.11.05-11.37.11:814][  0]LogDerivedDataCache: Saved boot cache 0.06s 41MB C:/Users/Whee_/AppData/Local/UnrealEngine/4.9/DerivedDataCache/Boot.ddc.
[2015.11.05-11.37.11:822][  0]LogInit: Texture streaming: Enabled
[2015.11.05-11.37.11:853][  0]LogAnalytics: Creating configured Analytics provider AnalyticsET
[2015.11.05-11.37.11:854][  0]LogAnalytics: [UEEditor.Rocket.Release] APIServer = http://et2.epicgames.com/ET2/. AppVersion = 4.9.2-2707645+++depot+UE4-Releases+4.9
[2015.11.05-11.37.11:854][  0]LogAnalytics: [UEEditor.Rocket.Release] SetUserId f561287e41ff3d116c7a7699f14da7ee|a7a6d39b5d594607b59aba67a0c46619|be6aa348-2436-4090-89d7-26d79fda43dd
[2015.11.05-11.37.11:854][  0]LogAnalytics: [UEEditor.Rocket.Release] AnalyticsET::StartSession
[2015.11.05-11.37.11:958][  0]LogWindowsTextInputMethodSystem:Display: IME system now deactivated.
[2015.11.05-11.37.11:959][  0]LogWindowsTextInputMethodSystem:Display: IME system now deactivated.
[2015.11.05-11.37.12:049][  0]LogInit: Transaction tracking system initialized
[2015.11.05-11.37.12:166][  0]BlueprintLog: New page: Editor Load
[2015.11.05-11.37.12:405][  0]LocalizationService: Info Localization service is disabled
[2015.11.05-11.37.12:595][  0]LogConsoleResponse:Display: 
[2015.11.05-11.37.12:918][  0]LogCook:Display: Done creating registry. It took  0.00s.
[2015.11.05-11.37.13:162][  0]LogFileCache: Scanning file cache for directory 'C:/Users/Whee_/Documents/GitHub/Prosjekt/ProsjektOppgave/Content/' took 0.02s
[2015.11.05-11.37.13:162][  0]Cmd: MAP LOAD FILE="../../../../../../Users/Whee_/Documents/GitHub/Prosjekt/ProsjektOppgave/Content/FirstPersonBP/Maps/FirstPersonExampleMap.umap" TEMPLATE=0 SHOWPROGRESS=1 FEATURELEVEL=3
[2015.11.05-11.37.13:167][  0]LightingResults: New page: Lighting Build
[2015.11.05-11.37.13:171][  0]MapCheck: New page: Map Check
[2015.11.05-11.37.13:171][  0]LightingResults: New page: Lighting Build
[2015.11.05-11.37.13:198][  0]LogParticles: Destroying 0 GPU particle simulations for FXSystem 0x00000020208BA160
[2015.11.05-11.37.13:387][  0]LogLinker:Warning: Asset '../../../../../../Users/Whee_/Documents/GitHub/Prosjekt/ProsjektOppgave/Content/FirstPersonBP/Blueprints/FirstPersonProjectile.uasset' has been saved with empty engine version. The asset will be loaded but may be incompatible.
[2015.11.05-11.37.13:389][  0]LogLinker:Warning: Asset '../../../../../../Users/Whee_/Documents/GitHub/Prosjekt/ProsjektOppgave/Content/FirstPerson/Meshes/FirstPersonProjectileMesh.uasset' has been saved with empty engine version. The asset will be loaded but may be incompatible.
[2015.11.05-11.37.14:199][  0]LogAIModule: Creating AISystem for world FirstPersonExampleMap
[2015.11.05-11.37.14:212][  0]LogEditorServer: Finished looking for orphan Actors (0.000 secs)
[2015.11.05-11.37.14:213][  0]Cmd: MAP CHECKDEP NOCLEARLOG
[2015.11.05-11.37.14:286][  0]MapCheck: Info Map check complete: 0 Error(s), 0 Warning(s), took 72.735ms to complete.
[2015.11.05-11.37.14:286][  0]LogFileHelpers: Loading map 'FirstPersonExampleMap' took 1.124
[2015.11.05-11.37.14:418][  0]LogCollectionManager: Loaded 0 collections in 0.003031 seconds
[2015.11.05-11.37.14:461][  0]LogFileCache: Scanning file cache for directory 'C:/Users/Whee_/Documents/GitHub/Prosjekt/ProsjektOppgave/Saved/Collections/' took 0.01s
[2015.11.05-11.37.14:461][  0]LogFileCache: Scanning file cache for directory 'C:/Users/Whee_/Documents/GitHub/Prosjekt/ProsjektOppgave/Content/Developers/Line/Collections/' took 0.01s
[2015.11.05-11.37.14:461][  0]LogFileCache: Scanning file cache for directory 'C:/Users/Whee_/Documents/GitHub/Prosjekt/ProsjektOppgave/Content/Collections/' took 0.01s
[2015.11.05-11.37.14:461][  0]LogContentBrowser: Native class hierarchy populated in 0.0088 seconds. Added 1867 classes and 333 folders.
[2015.11.05-11.37.14:466][  0]LogCollectionManager: Rebuilt the GUID cache for 0 collections in 0.000003 seconds
[2015.11.05-11.37.14:474][  0]LogContentBrowser: Native class hierarchy updated for 'WidgetCarousel' in 0.0004 seconds. Added 0 classes and 0 folders.
[2015.11.05-11.37.14:646][  0]LogContentBrowser: Native class hierarchy updated for 'AddContentDialog' in 0.0004 seconds. Added 0 classes and 0 folders.
[2015.11.05-11.37.14:652][  0]LogContentBrowser: Native class hierarchy updated for 'SceneOutliner' in 0.0006 seconds. Added 1 classes and 2 folders.
[2015.11.05-11.37.14:696][  0]LogCrashTracker: Crashtracker disabled due to settings.
[2015.11.05-11.37.14:701][  0]LogUObjectGlobals:Warning: Failed to find object 'Class None.'
[2015.11.05-11.37.14:723][  0]LogLoad: Full Startup: 13.58 seconds (BP compile: 0.17 seconds)
[2015.11.05-11.37.14:812][  0]SourceControl: Info On branch master
[2015.11.05-11.37.14:812][  0]SourceControl: Info Your branch is up-to-date with 'origin/master'.
[2015.11.05-11.37.14:812][  0]SourceControl: Info Changes not staged for commit:
[2015.11.05-11.37.14:812][  0]SourceControl: Info   (use "git add <file>..." to update what will be committed)
[2015.11.05-11.37.14:812][  0]SourceControl: Info   (use "git checkout -- <file>..." to discard changes in working directory)
[2015.11.05-11.37.14:812][  0]SourceControl: Info 	modified:   ProsjektOppgave/Intermediate/CachedAssetRegistry.bin
[2015.11.05-11.37.14:812][  0]SourceControl: Info 	modified:   ProsjektOppgave/Intermediate/Config/CoalescedSourceConfigs/Engine.ini
[2015.11.05-11.37.14:812][  0]SourceControl: Info 	modified:   ProsjektOppgave/Intermediate/Config/CoalescedSourceConfigs/Game.ini
[2015.11.05-11.37.14:812][  0]SourceControl: Info 	modified:   ProsjektOppgave/Saved/AutoScreenshot.png
[2015.11.05-11.37.14:812][  0]SourceControl: Info 	modified:   ProsjektOppgave/Saved/Autosaves/PackageRestoreData.json
[2015.11.05-11.37.14:813][  0]SourceControl: Info 	modified:   ProsjektOppgave/Saved/Config/Windows/EditorPerProjectUserSettings.ini
[2015.11.05-11.37.14:813][  0]SourceControl: Info 	modified:   ProsjektOppgave/Saved/Config/Windows/Engine.ini
[2015.11.05-11.37.14:813][  0]SourceControl: Info 	modified:   ProsjektOppgave/Saved/Config/Windows/SourceControlSettings.ini
[2015.11.05-11.37.14:813][  0]SourceControl: Info 	modified:   ProsjektOppgave/Saved/Logs/ProsjektOppgave.log
[2015.11.05-11.37.14:813][  0]SourceControl: Info Untracked files:
[2015.11.05-11.37.14:813][  0]SourceControl: Info   (use "git add <file>..." to include in what will be committed)
[2015.11.05-11.37.14:813][  0]SourceControl: Info 	ProsjektOppgave/Saved/Backup/FirstPersonExampleMap_2015-11-05-11-52-46.umap
[2015.11.05-11.37.14:813][  0]SourceControl: Info 	ProsjektOppgave/Saved/Logs/ProsjektOppgave-backup-2015.11.02-23.13.45.log
[2015.11.05-11.37.14:813][  0]SourceControl: Info 	ProsjektOppgave/Saved/Logs/ProsjektOppgave-backup-2015.11.05-11.51.29.log
[2015.11.05-11.37.14:813][  0]SourceControl: Info 	ProsjektOppgave/Saved/Logs/ProsjektOppgave-backup-2015.11.05-12.37.02.log
[2015.11.05-11.37.14:813][  0]SourceControl: Info no changes added to commit (use "git add" and/or "git commit -a")
[2015.11.05-11.37.14:813][  0]LogContentStreaming: Texture pool size now 1000 MB
[2015.11.05-11.37.14:986][  0]LogRenderer: Reallocating scene render targets to support 1016x520 (Frame:2).
[2015.11.05-11.37.16:679][  7]LogAssetRegistry: Asset discovery search completed in 6.6819 seconds
[2015.11.05-11.37.16:679][  7]LogCollectionManager: Rebuilt the object cache for 0 collections in 0.000002 seconds (found 0 objects)
[2015.11.05-11.37.16:691][  7]LogCollectionManager: Fixed up redirectors for 0 collections in 0.004540 seconds (updated 0 objects)
[2015.11.05-11.37.45:378][433]LogWindowsTextInputMethodSystem:Display: IME system now deactivated.
[2015.11.05-11.37.45:378][433]LogWindowsTextInputMethodSystem:Display: IME system now deactivated.
[2015.11.05-11.37.45:747][434]Cmd: QUIT_EDITOR
[2015.11.05-11.37.46:265][434]LogExit: Preparing to exit.
[2015.11.05-11.37.46:908][434]LogExit: Editor shut down
[2015.11.05-11.37.46:909][434]LogExit: Transaction tracking system shut down
[2015.11.05-11.37.46:913][434]LogParticles: Destroying 0 GPU particle simulations for FXSystem 0x000000200FE489A0
[2015.11.05-11.37.46:913][434]LogParticles: Destroying 0 GPU particle simulations for FXSystem 0x00000020291DE200
[2015.11.05-11.37.46:913][434]LogParticles: Destroying 0 GPU particle simulations for FXSystem 0x0000002029FDCE00
[2015.11.05-11.37.47:092][434]LogExit: Object subsystem successfully closed.
[2015.11.05-11.37.47:112][434]LogD3D11RHI: Shutdown
[2015.11.05-11.37.47:112][434]LogD3D11RHI: CleanupD3DDevice
[2015.11.05-11.37.47:210][434]LogD3D11RHI: ~FD3D11DynamicRHI
[2015.11.05-11.37.47:249][434]LogModuleManager: Shutting down and abandoning module CrashTracker (197)
[2015.11.05-11.37.47:249][434]LogModuleManager: Shutting down and abandoning module SceneOutliner (196)
[2015.11.05-11.37.47:249][434]LogModuleManager: Shutting down and abandoning module SuperSearch (195)
[2015.11.05-11.37.47:249][434]LogModuleManager: Shutting down and abandoning module WidgetCarousel (194)
[2015.11.05-11.37.47:249][434]LogModuleManager: Shutting down and abandoning module AddContentDialog (193)
[2015.11.05-11.37.47:251][434]LogModuleManager: Shutting down and abandoning module EditorWidgets (192)
[2015.11.05-11.37.47:251][434]LogModuleManager: Shutting down and abandoning module CollectionManager (191)
[2015.11.05-11.37.47:251][434]LogModuleManager: Shutting down and abandoning module StatsViewer (190)
[2015.11.05-11.37.47:251][434]LogModuleManager: Shutting down and abandoning module FoliageEdit (189)
[2015.11.05-11.37.47:251][434]LogModuleManager: Shutting down and abandoning module LandscapeEditor (188)
[2015.11.05-11.37.47:251][434]LogModuleManager: Shutting down and abandoning module ActorPickerMode (187)
[2015.11.05-11.37.47:251][434]LogModuleManager: Shutting down and abandoning module GeometryMode (186)
[2015.11.05-11.37.47:251][434]LogModuleManager: Shutting down and abandoning module TextureAlignMode (185)
[2015.11.05-11.37.47:251][434]LogModuleManager: Shutting down and abandoning module BspMode (184)
[2015.11.05-11.37.47:252][434]LogModuleManager: Shutting down and abandoning module PlacementMode (183)
[2015.11.05-11.37.47:252][434]LogModuleManager: Shutting down and abandoning module AutomationWorker (182)
[2015.11.05-11.37.47:252][434]LogModuleManager: Shutting down and abandoning module CharacterAI (181)
[2015.11.05-11.37.47:252][434]LogModuleManager: Shutting down and abandoning module SmartSnapping (180)
[2015.11.05-11.37.47:252][434]LogModuleManager: Shutting down and abandoning module ViewportSnapping (179)
[2015.11.05-11.37.47:252][434]LogModuleManager: Shutting down and abandoning module LogVisualizer (178)
[2015.11.05-11.37.47:252][434]LogModuleManager: Shutting down and abandoning module GameProjectGeneration (177)
[2015.11.05-11.37.47:252][434]LogModuleManager: Shutting down and abandoning module IntroTutorials (176)
[2015.11.05-11.37.47:252][434]LogModuleManager: Shutting down and abandoning module EditorLiveStreaming (175)
[2015.11.05-11.37.47:252][434]LogModuleManager: Shutting down and abandoning module IOSPlatformEditor (174)
[2015.11.05-11.37.47:252][434]LogModuleManager: Shutting down and abandoning module HTML5PlatformEditor (173)
[2015.11.05-11.37.47:252][434]LogModuleManager: Shutting down and abandoning module AndroidDeviceDetection (172)
[2015.11.05-11.37.47:522][434]LogModuleManager: Shutting down and abandoning module AndroidPlatformEditor (171)
[2015.11.05-11.37.47:522][434]LogModuleManager: Shutting down and abandoning module IOSRuntimeSettings (170)
[2015.11.05-11.37.47:522][434]LogModuleManager: Shutting down and abandoning module AndroidRuntimeSettings (169)
[2015.11.05-11.37.47:522][434]LogModuleManager: Shutting down and abandoning module MergeActors (168)
[2015.11.05-11.37.47:522][434]LogModuleManager: Shutting down and abandoning module SizeMap (167)
[2015.11.05-11.37.47:522][434]LogModuleManager: Shutting down and abandoning module TreeMap (166)
[2015.11.05-11.37.47:522][434]LogModuleManager: Shutting down and abandoning module ReferenceViewer (165)
[2015.11.05-11.37.47:522][434]LogModuleManager: Shutting down and abandoning module LocalizationService (164)
[2015.11.05-11.37.47:522][434]LogModuleManager: Shutting down and abandoning module LocalizationDashboard (163)
[2015.11.05-11.37.47:522][434]LogModuleManager: Shutting down and abandoning module HardwareTargeting (162)
[2015.11.05-11.37.47:522][434]LogModuleManager: Shutting down and abandoning module DeviceProfileEditor (161)
[2015.11.05-11.37.47:522][434]LogModuleManager: Shutting down and abandoning module UndoHistory (160)
[2015.11.05-11.37.47:522][434]LogModuleManager: Shutting down and abandoning module GameplayTagsEditor (159)
[2015.11.05-11.37.47:522][434]LogModuleManager: Shutting down and abandoning module UserFeedback (158)
[2015.11.05-11.37.47:522][434]LogModuleManager: Shutting down and abandoning module XmlParser (157)
[2015.11.05-11.37.47:522][434]LogModuleManager: Shutting down and abandoning module Blutility (156)
[2015.11.05-11.37.47:522][434]LogModuleManager: Shutting down and abandoning module ProjectTargetPlatformEditor (155)
[2015.11.05-11.37.47:522][434]LogModuleManager: Shutting down and abandoning module ProjectSettingsViewer (154)
[2015.11.05-11.37.47:522][434]LogModuleManager: Shutting down and abandoning module InputBindingEditor (153)
[2015.11.05-11.37.47:522][434]LogModuleManager: Shutting down and abandoning module EditorSettingsViewer (152)
[2015.11.05-11.37.47:522][434]LogModuleManager: Shutting down and abandoning module SettingsEditor (151)
[2015.11.05-11.37.47:523][434]LogModuleManager: Shutting down and abandoning module ProjectLauncher (150)
[2015.11.05-11.37.47:523][434]LogModuleManager: Shutting down and abandoning module SessionFrontend (149)
[2015.11.05-11.37.47:523][434]LogModuleManager: Shutting down and abandoning module ProfilerClient (148)
[2015.11.05-11.37.47:523][434]LogModuleManager: Shutting down and abandoning module TargetDeviceServices (147)
[2015.11.05-11.37.47:524][434]LogModuleManager: Shutting down and abandoning module DeviceManager (146)
[2015.11.05-11.37.47:524][434]LogModuleManager: Shutting down and abandoning module AutomationController (145)
[2015.11.05-11.37.47:524][434]LogModuleManager: Shutting down and abandoning module AutomationWindow (144)
[2015.11.05-11.37.47:524][434]LogModuleManager: Shutting down and abandoning module Layers (143)
[2015.11.05-11.37.47:524][434]LogModuleManager: Shutting down and abandoning module ComponentVisualizers (142)
[2015.11.05-11.37.47:524][434]LogModuleManager: Shutting down and abandoning module DetailCustomizations (141)
[2015.11.05-11.37.47:525][434]LogModuleManager: Shutting down and abandoning module PackagesDialog (140)
[2015.11.05-11.37.47:525][434]LogModuleManager: Shutting down and abandoning module Persona (139)
[2015.11.05-11.37.47:526][434]LogModuleManager: Shutting down and abandoning module Kismet (138)
[2015.11.05-11.37.47:526][434]LogModuleManager: Shutting down and abandoning module GraphEditor (137)
[2015.11.05-11.37.47:526][434]LogModuleManager: Shutting down and abandoning module ClassViewer (136)
[2015.11.05-11.37.47:526][434]LogModuleManager: Shutting down and abandoning module Toolbox (135)
[2015.11.05-11.37.47:526][434]LogModuleManager: Shutting down and abandoning module ModuleUI (134)
[2015.11.05-11.37.47:526][434]LogModuleManager: Shutting down and abandoning module MovieSceneTools (133)
[2015.11.05-11.37.47:526][434]LogModuleManager: Shutting down and abandoning module OutputLog (132)
[2015.11.05-11.37.47:526][434]LogModuleManager: Shutting down and abandoning module GammaUI (131)
[2015.11.05-11.37.47:526][434]LogModuleManager: Shutting down and abandoning module Documentation (130)
[2015.11.05-11.37.47:526][434]LogModuleManager: Shutting down and abandoning module GameLiveStreaming (129)
[2015.11.05-11.37.47:526][434]LogModuleManager: Shutting down and abandoning module StreamingPauseRendering (128)
[2015.11.05-11.37.47:526][434]LogModuleManager: Shutting down and abandoning module AnalyticsET (127)
[2015.11.05-11.37.47:526][434]LogModuleManager: Shutting down and abandoning module Analytics (126)
[2015.11.05-11.37.47:526][434]LogModuleManager: Shutting down and abandoning module AITestSuite (125)
[2015.11.05-11.37.47:526][434]LogModuleManager: Shutting down and abandoning module GameplayDebugger (124)
[2015.11.05-11.37.47:527][434]LogModuleManager: Shutting down and abandoning module AIModule (123)
[2015.11.05-11.37.47:527][434]LogModuleManager: Shutting down and abandoning module ProfilerService (122)
[2015.11.05-11.37.47:602][434]LogModuleManager: Shutting down and abandoning module TaskGraph (121)
[2015.11.05-11.37.47:602][434]LogModuleManager: Shutting down and abandoning module SlateRemote (120)
[2015.11.05-11.37.47:602][434]LogModuleManager: Shutting down and abandoning module SteamVRController (119)
[2015.11.05-11.37.47:602][434]LogModuleManager: Shutting down and abandoning module SteamVR (118)
[2015.11.05-11.37.47:602][434]LogModuleManager: Shutting down and abandoning module ProceduralMeshComponent (117)
[2015.11.05-11.37.47:602][434]LogModuleManager: Shutting down and abandoning module OculusRift (116)
[2015.11.05-11.37.47:602][434]LogModuleManager: Shutting down and abandoning module OculusLibrary (115)
[2015.11.05-11.37.47:602][434]LogModuleManager: Shutting down and abandoning module LeapMotionController (114)
[2015.11.05-11.37.47:622][434]LogModuleManager: Shutting down and abandoning module CustomMeshComponent (113)
[2015.11.05-11.37.47:622][434]LogModuleManager: Shutting down and abandoning module CableComponent (112)
[2015.11.05-11.37.47:622][434]LogModuleManager: Shutting down and abandoning module ArchVisCharacter (111)
[2015.11.05-11.37.47:622][434]LogModuleManager: Shutting down and abandoning module MessagingDebugger (110)
[2015.11.05-11.37.47:622][434]LogModuleManager: Shutting down and abandoning module MediaPlayerEditor (109)
[2015.11.05-11.37.47:622][434]LogModuleManager: Shutting down and abandoning module HTML5Networking (108)
[2015.11.05-11.37.47:622][434]LogModuleManager: Shutting down and abandoning module SpeedTreeImporter (107)
[2015.11.05-11.37.47:622][434]LogModuleManager: Shutting down and abandoning module PluginBrowser (106)
[2015.11.05-11.37.47:622][434]LogModuleManager: Shutting down and abandoning module EpicSurvey (105)
[2015.11.05-11.37.47:622][434]LogModuleManager: Shutting down and abandoning module DesktopPlatform (104)
[2015.11.05-11.37.47:622][434]LogModuleManager: Shutting down and abandoning module VisualStudioSourceCodeAccess (103)
[2015.11.05-11.37.47:622][434]LogModuleManager: Shutting down and abandoning module UObjectPlugin (102)
[2015.11.05-11.37.47:622][434]LogModuleManager: Shutting down and abandoning module SubversionSourceControl (101)
[2015.11.05-11.37.47:623][434]LogModuleManager: Shutting down and abandoning module PerforceSourceControl (100)
[2015.11.05-11.37.47:623][434]LogModuleManager: Shutting down and abandoning module SourceControl (99)
[2015.11.05-11.37.47:623][434]LogModuleManager: Shutting down and abandoning module GitSourceControl (98)
[2015.11.05-11.37.47:623][434]LogModuleManager: Shutting down and abandoning module LightPropagationVolumeEditor (97)
[2015.11.05-11.37.47:623][434]LogModuleManager: Shutting down and abandoning module PaperTiledImporter (96)
[2015.11.05-11.37.47:623][434]LogModuleManager: Shutting down and abandoning module PaperSpriteSheetImporter (95)
[2015.11.05-11.37.47:623][434]LogModuleManager: Shutting down and abandoning module MeshPaint (94)
[2015.11.05-11.37.47:623][434]LogModuleManager: Shutting down and abandoning module SlateReflector (93)
[2015.11.05-11.37.47:623][434]LogModuleManager: Shutting down and abandoning module HotReload (92)
[2015.11.05-11.37.47:623][434]LogModuleManager: Shutting down and abandoning module MainFrame (91)
[2015.11.05-11.37.47:623][434]LogModuleManager: Shutting down and abandoning module LevelEditor (90)
[2015.11.05-11.37.47:624][434]LogModuleManager: Shutting down and abandoning module DirectoryWatcher (89)
[2015.11.05-11.37.47:625][434]LogModuleManager: Shutting down and abandoning module AssetRegistry (88)
[2015.11.05-11.37.47:749][434]LogModuleManager: Shutting down and abandoning module ContentBrowser (87)
[2015.11.05-11.37.47:750][434]LogModuleManager: Shutting down and abandoning module Paper2DEditor (86)
[2015.11.05-11.37.47:750][434]LogModuleManager: Shutting down and abandoning module UdpMessaging (85)
[2015.11.05-11.37.47:851][434]LogModuleManager: Shutting down and abandoning module LightPropagationVolumeRuntime (84)
[2015.11.05-11.37.47:851][434]LogModuleManager: Shutting down and abandoning module Paper2D (83)
[2015.11.05-11.37.47:851][434]LogModuleManager: Shutting down and abandoning module WindowsMoviePlayer (82)
[2015.11.05-11.37.47:862][434]LogModuleManager: Shutting down and abandoning module Media (81)
[2015.11.05-11.37.47:862][434]LogModuleManager: Shutting down and abandoning module WmfMedia (80)
[2015.11.05-11.37.47:862][434]LogModuleManager: Shutting down and abandoning module OnlineBlueprintSupport (79)
[2015.11.05-11.37.47:862][434]LogModuleManager: Shutting down and abandoning module GameplayTasksEditor (78)
[2015.11.05-11.37.47:862][434]LogModuleManager: Shutting down and abandoning module PropertyEditor (77)
[2015.11.05-11.37.47:862][434]LogModuleManager: Shutting down and abandoning module BehaviorTreeEditor (76)
[2015.11.05-11.37.47:863][434]LogModuleManager: Shutting down and abandoning module FunctionalTesting (75)
[2015.11.05-11.37.47:863][434]LogModuleManager: Shutting down and abandoning module CollisionAnalyzer (74)
[2015.11.05-11.37.47:863][434]LogModuleManager: Shutting down and abandoning module WorkspaceMenuStructure (73)
[2015.11.05-11.37.47:863][434]LogModuleManager: Shutting down and abandoning module MessageLog (72)
[2015.11.05-11.37.47:863][434]LogModuleManager: Shutting down and abandoning module Sequencer (71)
[2015.11.05-11.37.47:863][434]LogModuleManager: Shutting down and abandoning module AssetTools (70)
[2015.11.05-11.37.47:863][434]LogModuleManager: Shutting down and abandoning module UMGEditor (69)
[2015.11.05-11.37.47:863][434]LogModuleManager: Shutting down and abandoning module UMG (68)
[2015.11.05-11.37.47:863][434]LogModuleManager: Shutting down and abandoning module Slate (67)
[2015.11.05-11.37.47:863][434]LogModuleManager: Shutting down and abandoning module EditorStyle (66)
[2015.11.05-11.37.47:866][434]LogModuleManager: Shutting down and abandoning module SessionServices (65)
[2015.11.05-11.37.47:866][434]LogModuleManager: Shutting down and abandoning module SourceCodeAccess (64)
[2015.11.05-11.37.47:866][434]LogModuleManager: Shutting down and abandoning module HeadMountedDisplay (63)
[2015.11.05-11.37.47:866][434]LogModuleManager: Shutting down and abandoning module XAudio2 (62)
[2015.11.05-11.37.47:866][434]LogModuleManager: Shutting down and abandoning module Networking (60)
[2015.11.05-11.37.47:866][434]LogModuleManager: Shutting down and abandoning module Core (59)
[2015.11.05-11.37.47:866][434]LogModuleManager: Shutting down and abandoning module KismetCompiler (58)
[2015.11.05-11.37.47:866][434]LogModuleManager: Shutting down and abandoning module PhysXFormats (57)
[2015.11.05-11.37.47:866][434]LogModuleManager: Shutting down and abandoning module MeshUtilities (56)
[2015.11.05-11.37.47:866][434]LogModuleManager: Shutting down and abandoning module CookingStats (55)
[2015.11.05-11.37.47:867][434]LogModuleManager: Shutting down and abandoning module DerivedDataCache (54)
[2015.11.05-11.37.48:110][434]LogDerivedDataCache: Shutdown
[2015.11.05-11.37.48:110][434]LogModuleManager: Shutting down and abandoning module ShaderFormatOpenGL (53)
[2015.11.05-11.37.48:110][434]LogModuleManager: Shutting down and abandoning module ShaderFormatD3D (52)
[2015.11.05-11.37.48:110][434]LogModuleManager: Shutting down and abandoning module MetalShaderFormat (51)
[2015.11.05-11.37.48:110][434]LogModuleManager: Shutting down and abandoning module TextureFormatUncompressed (50)
[2015.11.05-11.37.48:110][434]LogModuleManager: Shutting down and abandoning module TextureFormatPVR (49)
[2015.11.05-11.37.48:110][434]LogModuleManager: Shutting down and abandoning module TextureFormatIntelISPCTexComp (48)
[2015.11.05-11.37.48:110][434]LogModuleManager: Shutting down and abandoning module TextureFormatDXT (47)
[2015.11.05-11.37.48:110][434]LogModuleManager: Shutting down and abandoning module ImageWrapper (46)
[2015.11.05-11.37.48:110][434]LogModuleManager: Shutting down and abandoning module TextureFormatASTC (45)
[2015.11.05-11.37.48:110][434]LogModuleManager: Shutting down and abandoning module TextureFormatAndroid (44)
[2015.11.05-11.37.48:110][434]LogModuleManager: Shutting down and abandoning module AudioFormatOpus (43)
[2015.11.05-11.37.48:110][434]LogModuleManager: Shutting down and abandoning module AudioFormatOgg (42)
[2015.11.05-11.37.48:110][434]LogModuleManager: Shutting down and abandoning module AudioFormatADPCM (41)
[2015.11.05-11.37.48:110][434]LogModuleManager: Shutting down and abandoning module LinuxTargetPlatform (40)
[2015.11.05-11.37.48:110][434]LogModuleManager: Shutting down and abandoning module LinuxServerTargetPlatform (39)
[2015.11.05-11.37.48:111][434]LogModuleManager: Shutting down and abandoning module LinuxNoEditorTargetPlatform (38)
[2015.11.05-11.37.48:111][434]LogModuleManager: Shutting down and abandoning module Messaging (37)
[2015.11.05-11.37.48:111][434]LogModuleManager: Shutting down and abandoning module IOSTargetPlatform (36)
[2015.11.05-11.37.48:111][434]LogModuleManager: Shutting down and abandoning module HTML5TargetPlatform (35)
[2015.11.05-11.37.48:111][434]LogModuleManager: Shutting down and abandoning module Android_PVRTCTargetPlatform (34)
[2015.11.05-11.37.48:111][434]LogModuleManager: Shutting down and abandoning module Android_ETC2TargetPlatform (33)
[2015.11.05-11.37.48:111][434]LogModuleManager: Shutting down and abandoning module Android_ETC1TargetPlatform (32)
[2015.11.05-11.37.48:111][434]LogModuleManager: Shutting down and abandoning module Android_DXTTargetPlatform (31)
[2015.11.05-11.37.48:111][434]LogModuleManager: Shutting down and abandoning module Android_ATCTargetPlatform (30)
[2015.11.05-11.37.48:111][434]LogModuleManager: Shutting down and abandoning module Android_ASTCTargetPlatform (29)
[2015.11.05-11.37.48:111][434]LogModuleManager: Shutting down and abandoning module AndroidTargetPlatform (28)
[2015.11.05-11.37.48:111][434]LogModuleManager: Shutting down and abandoning module WindowsTargetPlatform (27)
[2015.11.05-11.37.48:111][434]LogModuleManager: Shutting down and abandoning module WindowsServerTargetPlatform (26)
[2015.11.05-11.37.48:111][434]LogModuleManager: Shutting down and abandoning module WindowsNoEditorTargetPlatform (25)
[2015.11.05-11.37.48:111][434]LogModuleManager: Shutting down and abandoning module WindowsClientTargetPlatform (24)
[2015.11.05-11.37.48:111][434]LogModuleManager: Shutting down and abandoning module AllDesktopTargetPlatform (23)
[2015.11.05-11.37.48:111][434]LogModuleManager: Shutting down and abandoning module TargetPlatform (22)
[2015.11.05-11.37.48:111][434]LogModuleManager: Shutting down and abandoning module InputCore (21)
[2015.11.05-11.37.48:111][434]LogModuleManager: Shutting down and abandoning module Settings (20)
[2015.11.05-11.37.48:111][434]LogModuleManager: Shutting down and abandoning module OnlineSubsystem (18)
[2015.11.05-11.37.48:111][434]LogModuleManager: Shutting down and abandoning module HTTP (17)
[2015.11.05-11.37.50:117][434]LogModuleManager: Shutting down and abandoning module XMPP (16)
[2015.11.05-11.37.50:117][434]LogModuleManager: Shutting down and abandoning module ExampleDeviceProfileSelector (15)
[2015.11.05-11.37.50:117][434]LogModuleManager: Shutting down and abandoning module TextureCompressor (14)
[2015.11.05-11.37.50:117][434]LogModuleManager: Shutting down and abandoning module ShaderCore (13)
[2015.11.05-11.37.50:117][434]LogModuleManager: Shutting down and abandoning module Landscape (12)
[2015.11.05-11.37.50:117][434]LogModuleManager: Shutting down and abandoning module SlateRHIRenderer (11)
[2015.11.05-11.37.50:119][434]LogModuleManager: Shutting down and abandoning module OpenGLDrv (10)
[2015.11.05-11.37.50:119][434]LogModuleManager: Shutting down and abandoning module D3D11RHI (9)
[2015.11.05-11.37.50:119][434]LogModuleManager: Shutting down and abandoning module AnimGraphRuntime (8)
[2015.11.05-11.37.50:119][434]LogModuleManager: Shutting down and abandoning module Renderer (7)
[2015.11.05-11.37.50:119][434]LogModuleManager: Shutting down and abandoning module Engine (6)
[2015.11.05-11.37.50:119][434]LogModuleManager: Shutting down and abandoning module CoreUObject (5)
[2015.11.05-11.37.50:119][434]LogModuleManager: Shutting down and abandoning module NetworkFile (4)
[2015.11.05-11.37.50:119][434]LogModuleManager: Shutting down and abandoning module StreamingFile (3)
[2015.11.05-11.37.50:119][434]LogModuleManager: Shutting down and abandoning module SandboxFile (2)
[2015.11.05-11.37.50:119][434]LogModuleManager: Shutting down and abandoning module PakFile (1)
[2015.11.05-11.37.50:121][434]LogExit: Exiting.
[2015.11.05-11.37.50:125][434]Log file closed, 11/05/15 12:37:50
