[2015.11.02-22.13.45:129][  0]Log file open, 11/02/15 23:13:45
[2015.11.02-22.13.45:129][  0]LogInit:Display: Running engine for game: ProsjektOppgave
[2015.11.02-22.13.45:129][  0]LogInit:Display: RandInit(-2033095571) SRandInit(-2033095570).
[2015.11.02-22.13.45:129][  0]LogTaskGraph: Started task graph with 4 named threads and 5 total threads.
[2015.11.02-22.13.45:129][  0]LogStats: Stats thread started at 0.074623
[2015.11.02-22.13.45:129][  0]LogInit: Version: 4.9.2-2707645+++depot+UE4-Releases+4.9
[2015.11.02-22.13.45:129][  0]LogInit: API Version: 2672455
[2015.11.02-22.13.45:129][  0]LogInit: Compiled (64-bit): Sep 28 2015 10:25:44
[2015.11.02-22.13.45:129][  0]LogInit: Compiled with Visual C++: 18.00.21005.01
[2015.11.02-22.13.45:129][  0]LogInit: Build Configuration: Development
[2015.11.02-22.13.45:129][  0]LogInit: Branch Name: ++depot+UE4-Releases+4.9
[2015.11.02-22.13.45:129][  0]LogInit: Command line: 
[2015.11.02-22.13.45:129][  0]LogInit: Base directory: C:/Program Files/Epic Games/4.9/Engine/Binaries/Win64/
[2015.11.02-22.13.45:129][  0]LogInit: Rocket: 1
[2015.11.02-22.13.45:142][  0]LogInit: Using libcurl 7.41.0
[2015.11.02-22.13.45:142][  0]LogInit:  - built for x86_64-pc-win32
[2015.11.02-22.13.45:142][  0]LogInit:  - supports SSL with WinSSL
[2015.11.02-22.13.45:142][  0]LogInit:  - other features:
[2015.11.02-22.13.45:142][  0]LogInit:      CURL_VERSION_SSL
[2015.11.02-22.13.45:142][  0]LogInit:      CURL_VERSION_IPV6
[2015.11.02-22.13.45:142][  0]LogInit:      CURL_VERSION_ASYNCHDNS
[2015.11.02-22.13.45:142][  0]LogInit:      CURL_VERSION_LARGEFILE
[2015.11.02-22.13.45:142][  0]LogInit:      CURL_VERSION_IDN
[2015.11.02-22.13.45:142][  0]LogInit:  CurlRequestOptions (configurable via config and command line):
[2015.11.02-22.13.45:142][  0]LogInit:  - bVerifyPeer = true  - Libcurl will verify peer certificate
[2015.11.02-22.13.45:142][  0]LogInit:  - bUseHttpProxy = false  - Libcurl will NOT use HTTP proxy
[2015.11.02-22.13.45:142][  0]LogInit:  - bDontReuseConnections = false  - Libcurl will reuse connections
[2015.11.02-22.13.45:142][  0]LogInit:  - CertBundlePath = nullptr  - Libcurl will use whatever was configured at build time.
[2015.11.02-22.13.45:158][  0]LogInit: Presizing for 0 objects not considered by GC, pre-allocating 0 bytes.
[2015.11.02-22.13.45:172][  0]LogInit: Object subsystem initialized
[2015.11.02-22.13.45:175][  0]LogInit: Selected Device Profile: [Windows]
[2015.11.02-22.13.45:175][  0]LogInit: Applying CVar settings loaded from the selected device profile: [Windows]
[2015.11.02-22.13.45:184][  0]LogInit: Computer: LUCAS
[2015.11.02-22.13.45:184][  0]LogInit: User: Line
[2015.11.02-22.13.45:184][  0]LogInit: CPU Page size=4096, Cores=2
[2015.11.02-22.13.45:184][  0]LogInit: High frequency timer resolution =2.435870 MHz
[2015.11.02-22.13.45:184][  0]LogMemory: Memory total: Physical=3.9GB (4GB approx)
[2015.11.02-22.13.45:184][  0]LogMemory: Platform Memory Stats for Windows
[2015.11.02-22.13.45:184][  0]LogMemory: Process Physical Memory: 52.84 MB used, 52.84 MB peak
[2015.11.02-22.13.45:184][  0]LogMemory: Process Virtual Memory: 57.00 MB used, 57.00 MB peak
[2015.11.02-22.13.45:184][  0]LogMemory: Physical Memory: 2911.02 MB used, 3975.27 MB total
[2015.11.02-22.13.45:184][  0]LogMemory: Virtual Memory: 344.31 MB used, 8388608.00 MB total
[2015.11.02-22.13.45:246][  0]LogTextLocalizationManager: No translations for ('nb-NO') exist, falling back to 'en' for localization and internationalization data.
[2015.11.02-22.13.46:094][  0]LogD3D11RHI: Found D3D11 adapter 0: Intel(R) HD Graphics 4000 (Feature Level 11_0)
[2015.11.02-22.13.46:094][  0]LogD3D11RHI: Adapter has 32MB of dedicated video memory, 0MB of dedicated system memory, and 1731MB of shared system memory, 1 output[s]
[2015.11.02-22.13.46:096][  0]LogD3D11RHI: Found D3D11 adapter 1: Microsoft Basic Render Driver (Feature Level 11_0)
[2015.11.02-22.13.46:096][  0]LogD3D11RHI: Adapter has 0MB of dedicated video memory, 0MB of dedicated system memory, and 256MB of shared system memory, 0 output[s]
[2015.11.02-22.13.46:096][  0]LogD3D11RHI: Chosen D3D11 Adapter Id = 0
[2015.11.02-22.13.46:107][  0]LogD3D11RHI: !Direct3DDevice
[2015.11.02-22.13.46:107][  0]LogRHI: Texture pool is 628 MB (70% of 897 MB)
[2015.11.02-22.13.46:114][  0]LogD3D11RHI: Async texture creation enabled
[2015.11.02-22.13.46:120][  0]LogShaderCompilers: Guid format shader working directory is 15 characters bigger than the processId version (../../../../../../Users/Whee_/Documents/GitHub/Prosjekt/ProsjektOppgave/Intermediate/Shaders/WorkingDirectory/2824/).
[2015.11.02-22.13.46:120][  0]LogShaderCompilers: Cleaned the shader compiler working directory '../../../../../../Users/Whee_/Documents/GitHub/Prosjekt/ProsjektOppgave/Intermediate/Shaders/tmp/FAE8B0C446BDD13731D317849EB1880E/'.
[2015.11.02-22.13.46:120][  0]LogShaderCompilers:Display: Using Local Shader Compiler.
[2015.11.02-22.13.47:584][  0]LogTemp:Display: Loaded TP AllDesktopTargetPlatform
[2015.11.02-22.13.47:592][  0]LogTemp:Display: Loaded TP WindowsClientTargetPlatform
[2015.11.02-22.13.47:600][  0]LogTemp:Display: Loaded TP WindowsNoEditorTargetPlatform
[2015.11.02-22.13.47:608][  0]LogTemp:Display: Loaded TP WindowsServerTargetPlatform
[2015.11.02-22.13.47:615][  0]LogTemp:Display: Loaded TP WindowsTargetPlatform
[2015.11.02-22.13.47:620][  0]LogTemp:Display: Loaded TP AndroidTargetPlatform
[2015.11.02-22.13.47:626][  0]LogTemp:Display: Loaded TP Android_ASTCTargetPlatform
[2015.11.02-22.13.47:631][  0]LogTemp:Display: Loaded TP Android_ATCTargetPlatform
[2015.11.02-22.13.47:637][  0]LogTemp:Display: Loaded TP Android_DXTTargetPlatform
[2015.11.02-22.13.47:645][  0]LogTemp:Display: Loaded TP Android_ETC1TargetPlatform
[2015.11.02-22.13.47:651][  0]LogTemp:Display: Loaded TP Android_ETC2TargetPlatform
[2015.11.02-22.13.47:656][  0]LogTemp:Display: Loaded TP Android_PVRTCTargetPlatform
[2015.11.02-22.13.47:658][  0]LogTemp:Display: Loaded TP HTML5TargetPlatform
[2015.11.02-22.13.47:679][  0]LogTemp:Display: Loaded TP IOSTargetPlatform
[2015.11.02-22.13.47:684][  0]LogTemp:Display: Loaded TP LinuxNoEditorTargetPlatform
[2015.11.02-22.13.47:688][  0]LogTemp:Display: Loaded TP LinuxServerTargetPlatform
[2015.11.02-22.13.47:695][  0]LogTemp:Display: Loaded TP LinuxTargetPlatform
[2015.11.02-22.13.47:695][  0]LogTargetPlatformManager:Display: Building Assets For Windows
[2015.11.02-22.13.47:816][  0]LogDerivedDataCache:Display: Max Cache Size: 512 MB
[2015.11.02-22.13.47:888][  0]LogDerivedDataCache: Loaded boot cache 0.07s 41MB C:/Users/Whee_/AppData/Local/UnrealEngine/4.9/DerivedDataCache/Boot.ddc.
[2015.11.02-22.13.47:888][  0]LogDerivedDataCache:Display: Loaded Boot cache: C:/Users/Whee_/AppData/Local/UnrealEngine/4.9/DerivedDataCache/Boot.ddc
[2015.11.02-22.13.47:888][  0]LogDerivedDataCache: FDerivedDataBackendGraph:  Pak pak cache file ../../../../../../Users/Whee_/Documents/GitHub/Prosjekt/ProsjektOppgave/DerivedDataCache/DDC.ddp not found, will not use a pak cache.
[2015.11.02-22.13.47:888][  0]LogDerivedDataCache: Unable to find inner node Pak for hierarchical cache Hierarchy.
[2015.11.02-22.13.47:888][  0]LogDerivedDataCache: FDerivedDataBackendGraph:  CompressedPak pak cache file ../../../../../../Users/Whee_/Documents/GitHub/Prosjekt/ProsjektOppgave/DerivedDataCache/Compressed.ddp not found, will not use a pak cache.
[2015.11.02-22.13.47:888][  0]LogDerivedDataCache: Unable to find inner node CompressedPak for hierarchical cache Hierarchy.
[2015.11.02-22.13.48:068][  0]LogDerivedDataCache:Display: Pak cache opened for reading ../../../Engine/DerivedDataCache/Compressed.ddp.
[2015.11.02-22.13.48:080][  0]LogDerivedDataCache: Using Local data cache path C:/Users/Whee_/AppData/Local/UnrealEngine/Common/DerivedDataCache: Writable
[2015.11.02-22.13.48:346][  0]LogInit: Selected Device Profile: [Windows]
[2015.11.02-22.13.48:355][  0]LogContentStreaming: Texture pool size is 0.000000MB
[2015.11.02-22.13.48:538][  0]LogMeshUtilities: No automatic mesh reduction module available
[2015.11.02-22.13.48:538][  0]LogMeshUtilities: No automatic mesh merging module available
[2015.11.02-22.13.48:949][  0]LogInit: WinSock: version 1.1 (2.2), MaxSocks=32767, MaxUdp=65467
[2015.11.02-22.13.49:824][  0]UdpMessaging: Initializing bridge on interface 0.0.0.0:0 to multicast group 230.0.0.1:6666.
[2015.11.02-22.13.50:016][  0]LogAssetRegistry: FAssetRegistry took 0.0114 seconds to start up
[2015.11.02-22.13.50:384][  0]SourceControl: Info Source control is disabled
[2015.11.02-22.13.50:612][  0]LogLinker:Warning: Asset '../../../Engine/Plugins/Runtime/LeapMotionController/Content/LM_PassthroughMaterial.uasset' has been saved with empty engine version. The asset will be loaded but may be incompatible.
[2015.11.02-22.13.50:725][  0]LogObj: 28361 objects as part of root set at end of initial load.
[2015.11.02-22.13.50:725][  0]LogUObjectAllocator: 6038872 out of 0 bytes used by permanent object pool.
[2015.11.02-22.13.50:795][  0]LogEngine: Initializing Engine...
[2015.11.02-22.13.50:797][  0]OCULUS: Info: 11/02/15 22:13:50: [CAPI] LibOVR module is located at C:\windows\SYSTEM32\LibOVRRT64_0_7.dll

[2015.11.02-22.13.51:398][  0]OCULUS: Error: 11/02/15 22:13:51: [CAPI] ovr_Create failed to complete within the timeout period.
[2015.11.02-22.13.51:501][  0]LogHMD: SteamVR failed to initialize.  Err: 110
[2015.11.02-22.13.51:684][  0]LogAIModule: Creating AISystem for world NewWorld
[2015.11.02-22.13.51:690][  0]LogInit: XAudio2 using 'Speakers (Conexant SmartAudio HD)' : 2 channels at 44.1 kHz using 16 bits per sample (channel mask 0x3)
[2015.11.02-22.13.51:724][  0]LogInit: FAudioDevice initialized.
[2015.11.02-22.13.51:764][  0]LogDerivedDataCache: Saved boot cache 0.04s 41MB C:/Users/Whee_/AppData/Local/UnrealEngine/4.9/DerivedDataCache/Boot.ddc.
[2015.11.02-22.13.51:772][  0]LogInit: Texture streaming: Enabled
[2015.11.02-22.13.51:781][  0]LogAnalytics: Creating configured Analytics provider AnalyticsET
[2015.11.02-22.13.51:781][  0]LogAnalytics: [UEEditor.Rocket.Release] APIServer = http://et2.epicgames.com/ET2/. AppVersion = 4.9.2-2707645+++depot+UE4-Releases+4.9
[2015.11.02-22.13.51:781][  0]LogAnalytics: [UEEditor.Rocket.Release] SetUserId f561287e41ff3d116c7a7699f14da7ee|a7a6d39b5d594607b59aba67a0c46619|be6aa348-2436-4090-89d7-26d79fda43dd
[2015.11.02-22.13.51:781][  0]LogAnalytics: [UEEditor.Rocket.Release] AnalyticsET::StartSession
[2015.11.02-22.13.51:819][  0]LogWindowsTextInputMethodSystem:Display: IME system now deactivated.
[2015.11.02-22.13.51:819][  0]LogWindowsTextInputMethodSystem:Display: IME system now deactivated.
[2015.11.02-22.13.51:837][  0]LogInit: Transaction tracking system initialized
[2015.11.02-22.13.51:884][  0]BlueprintLog: New page: Editor Load
[2015.11.02-22.13.52:046][  0]LocalizationService: Info Localization service is disabled
[2015.11.02-22.13.52:142][  0]LogLinker:Warning: Can't find file '/Game/ThirdPersonBP/ThirdPersonOverview'
[2015.11.02-22.13.52:142][  0]LogLinker:Warning: Can't find file '/Game/ThirdPersonBP/ThirdPersonOverview'
[2015.11.02-22.13.52:142][  0]LogUObjectGlobals:Warning: Failed to find object 'Class /Game/ThirdPersonBP/ThirdPersonOverview.ThirdPersonOverview_C'
[2015.11.02-22.13.52:162][  0]LogConsoleResponse:Display: 
[2015.11.02-22.13.52:348][  0]LogCook:Display: Done creating registry. It took  0.00s.
[2015.11.02-22.13.52:462][  0]LogFileCache: Scanning file cache for directory 'C:/Users/Whee_/Documents/GitHub/Prosjekt/ProsjektOppgave/Content/' took 0.02s
[2015.11.02-22.13.52:462][  0]Cmd: MAP LOAD FILE="../../../../../../Users/Whee_/Documents/GitHub/Prosjekt/ProsjektOppgave/Content/FirstPersonBP/Maps/FirstPersonExampleMap.umap" TEMPLATE=0 SHOWPROGRESS=1 FEATURELEVEL=3
[2015.11.02-22.13.52:462][  0]LightingResults: New page: Lighting Build
[2015.11.02-22.13.52:468][  0]MapCheck: New page: Map Check
[2015.11.02-22.13.52:468][  0]LightingResults: New page: Lighting Build
[2015.11.02-22.13.52:496][  0]LogParticles: Destroying 0 GPU particle simulations for FXSystem 0x000000FA37362160
[2015.11.02-22.13.52:726][  0]LogLinker:Warning: Asset '../../../../../../Users/Whee_/Documents/GitHub/Prosjekt/ProsjektOppgave/Content/FirstPersonBP/Blueprints/FirstPersonProjectile.uasset' has been saved with empty engine version. The asset will be loaded but may be incompatible.
[2015.11.02-22.13.52:729][  0]LogLinker:Warning: Asset '../../../../../../Users/Whee_/Documents/GitHub/Prosjekt/ProsjektOppgave/Content/FirstPerson/Meshes/FirstPersonProjectileMesh.uasset' has been saved with empty engine version. The asset will be loaded but may be incompatible.
[2015.11.02-22.13.53:651][  0]LogAIModule: Creating AISystem for world FirstPersonExampleMap
[2015.11.02-22.13.53:755][  0]LogEditorServer: Finished looking for orphan Actors (0.000 secs)
[2015.11.02-22.13.53:759][  0]Cmd: MAP CHECKDEP NOCLEARLOG
[2015.11.02-22.13.53:846][  0]MapCheck: Info Map check complete: 0 Error(s), 0 Warning(s), took 86.703ms to complete.
[2015.11.02-22.13.53:846][  0]LogFileHelpers: Loading map 'FirstPersonExampleMap' took 1.384
[2015.11.02-22.13.54:011][  0]LogCollectionManager: Loaded 0 collections in 0.002666 seconds
[2015.11.02-22.13.54:067][  0]LogFileCache: Scanning file cache for directory 'C:/Users/Whee_/Documents/GitHub/Prosjekt/ProsjektOppgave/Saved/Collections/' took 0.01s
[2015.11.02-22.13.54:067][  0]LogFileCache: Scanning file cache for directory 'C:/Users/Whee_/Documents/GitHub/Prosjekt/ProsjektOppgave/Content/Developers/Line/Collections/' took 0.01s
[2015.11.02-22.13.54:067][  0]LogFileCache: Scanning file cache for directory 'C:/Users/Whee_/Documents/GitHub/Prosjekt/ProsjektOppgave/Content/Collections/' took 0.01s
[2015.11.02-22.13.54:067][  0]LogContentBrowser: Native class hierarchy populated in 0.0168 seconds. Added 1867 classes and 333 folders.
[2015.11.02-22.13.54:078][  0]LogCollectionManager: Rebuilt the GUID cache for 0 collections in 0.000003 seconds
[2015.11.02-22.13.54:089][  0]LogContentBrowser: Native class hierarchy updated for 'WidgetCarousel' in 0.0004 seconds. Added 0 classes and 0 folders.
[2015.11.02-22.13.54:228][  0]LogContentBrowser: Native class hierarchy updated for 'AddContentDialog' in 0.0006 seconds. Added 0 classes and 0 folders.
[2015.11.02-22.13.54:237][  0]LogContentBrowser: Native class hierarchy updated for 'SceneOutliner' in 0.0004 seconds. Added 1 classes and 2 folders.
[2015.11.02-22.13.54:418][  0]LogCrashTracker: Crashtracker disabled due to settings.
[2015.11.02-22.13.54:448][  0]LogUObjectGlobals:Warning: Failed to find object 'Class None.'
[2015.11.02-22.13.54:474][  0]LogLoad: Full Startup: 10.20 seconds (BP compile: 0.19 seconds)
[2015.11.02-22.13.54:582][  0]LogContentStreaming: Texture pool size now 1000 MB
[2015.11.02-22.13.54:791][  0]LogRenderer: Reallocating scene render targets to support 1016x520 (Frame:2).
[2015.11.02-22.13.58:910][ 11]LogAssetRegistry: Asset discovery search completed in 8.9064 seconds
[2015.11.02-22.13.58:910][ 11]LogCollectionManager: Rebuilt the object cache for 0 collections in 0.000002 seconds (found 0 objects)
[2015.11.02-22.13.58:910][ 11]LogCollectionManager: Fixed up redirectors for 0 collections in 0.000037 seconds (updated 0 objects)
[2015.11.02-22.14.33:684][433]SourceControl:Error: Error Failed to enable Git source control. You need to initialize the project as a Git repository first.
[2015.11.02-22.15.08:214][828]SourceControl:Error: Error Failed to enable Git source control. You need to initialize the project as a Git repository first.
[2015.11.02-22.15.21:955][  3]SourceControl: Info Source control is disabled
[2015.11.02-22.16.16:615][254]LogDirectoryWatcher:Warning: Failed to begin reading directory changes for ../../../../../../Users/Whee_/Documents/GitHub/Prosjekt/ProsjektOppgave/Plugins/. Error: 0
[2015.11.02-22.28.33:148][ 16]SourceControl: Info On branch master
[2015.11.02-22.28.33:148][ 16]SourceControl: Info Your branch is up-to-date with 'origin/master'.
[2015.11.02-22.28.33:148][ 16]SourceControl: Info Changes not staged for commit:
[2015.11.02-22.28.33:148][ 16]SourceControl: Info   (use "git add <file>..." to update what will be committed)
[2015.11.02-22.28.33:148][ 16]SourceControl: Info   (use "git checkout -- <file>..." to discard changes in working directory)
[2015.11.02-22.28.33:148][ 16]SourceControl: Info 	modified:   ProsjektOppgave/Intermediate/CachedAssetRegistry.bin
[2015.11.02-22.28.33:149][ 16]SourceControl: Info 	modified:   ProsjektOppgave/Intermediate/Config/CoalescedSourceConfigs/Engine.ini
[2015.11.02-22.28.33:149][ 16]SourceControl: Info 	modified:   ProsjektOppgave/Intermediate/Config/CoalescedSourceConfigs/Game.ini
[2015.11.02-22.28.33:149][ 16]SourceControl: Info 	modified:   ProsjektOppgave/Saved/Config/Windows/Engine.ini
[2015.11.02-22.28.33:149][ 16]SourceControl: Info 	modified:   ProsjektOppgave/Saved/Logs/ProsjektOppgave.log
[2015.11.02-22.28.33:149][ 16]SourceControl: Info Untracked files:
[2015.11.02-22.28.33:149][ 16]SourceControl: Info   (use "git add <file>..." to include in what will be committed)
[2015.11.02-22.28.33:149][ 16]SourceControl: Info 	ProsjektOppgave/Saved/Logs/ProsjektOppgave-backup-2015.11.02-23.13.45.log
[2015.11.02-22.28.33:149][ 16]SourceControl: Info no changes added to commit (use "git add" and/or "git commit -a")
[2015.11.02-22.28.53:776][641]LogWindowsTextInputMethodSystem:Display: IME system now deactivated.
[2015.11.02-22.28.53:776][641]LogWindowsTextInputMethodSystem:Display: IME system now deactivated.
[2015.11.02-22.28.54:227][642]Cmd: QUIT_EDITOR
[2015.11.02-22.28.54:711][642]LogExit: Preparing to exit.
[2015.11.02-22.28.56:099][642]LogExit: Editor shut down
[2015.11.02-22.28.56:100][642]LogExit: Transaction tracking system shut down
[2015.11.02-22.28.56:113][642]LogParticles: Destroying 0 GPU particle simulations for FXSystem 0x000000FA2437AFC0
[2015.11.02-22.28.56:465][642]LogParticles: Destroying 0 GPU particle simulations for FXSystem 0x000000FA3F28B880
[2015.11.02-22.28.56:465][642]LogExit: Object subsystem successfully closed.
[2015.11.02-22.28.56:523][642]LogD3D11RHI: Shutdown
[2015.11.02-22.28.56:523][642]LogD3D11RHI: CleanupD3DDevice
[2015.11.02-22.28.56:668][642]LogD3D11RHI: ~FD3D11DynamicRHI
[2015.11.02-22.28.56:757][642]LogModuleManager: Shutting down and abandoning module ExternalImagePicker (198)
[2015.11.02-22.28.56:757][642]LogModuleManager: Shutting down and abandoning module CrashTracker (197)
[2015.11.02-22.28.56:757][642]LogModuleManager: Shutting down and abandoning module SceneOutliner (196)
[2015.11.02-22.28.56:758][642]LogModuleManager: Shutting down and abandoning module SuperSearch (195)
[2015.11.02-22.28.56:758][642]LogModuleManager: Shutting down and abandoning module WidgetCarousel (194)
[2015.11.02-22.28.56:758][642]LogModuleManager: Shutting down and abandoning module AddContentDialog (193)
[2015.11.02-22.28.56:762][642]LogModuleManager: Shutting down and abandoning module EditorWidgets (192)
[2015.11.02-22.28.56:762][642]LogModuleManager: Shutting down and abandoning module CollectionManager (191)
[2015.11.02-22.28.56:763][642]LogModuleManager: Shutting down and abandoning module StatsViewer (190)
[2015.11.02-22.28.56:764][642]LogModuleManager: Shutting down and abandoning module FoliageEdit (189)
[2015.11.02-22.28.56:764][642]LogModuleManager: Shutting down and abandoning module LandscapeEditor (188)
[2015.11.02-22.28.56:766][642]LogModuleManager: Shutting down and abandoning module ActorPickerMode (187)
[2015.11.02-22.28.56:766][642]LogModuleManager: Shutting down and abandoning module GeometryMode (186)
[2015.11.02-22.28.56:766][642]LogModuleManager: Shutting down and abandoning module TextureAlignMode (185)
[2015.11.02-22.28.56:766][642]LogModuleManager: Shutting down and abandoning module BspMode (184)
[2015.11.02-22.28.56:766][642]LogModuleManager: Shutting down and abandoning module PlacementMode (183)
[2015.11.02-22.28.56:766][642]LogModuleManager: Shutting down and abandoning module AutomationWorker (182)
[2015.11.02-22.28.56:767][642]LogModuleManager: Shutting down and abandoning module CharacterAI (181)
[2015.11.02-22.28.56:767][642]LogModuleManager: Shutting down and abandoning module SmartSnapping (180)
[2015.11.02-22.28.56:767][642]LogModuleManager: Shutting down and abandoning module ViewportSnapping (179)
[2015.11.02-22.28.56:767][642]LogModuleManager: Shutting down and abandoning module LogVisualizer (178)
[2015.11.02-22.28.56:768][642]LogModuleManager: Shutting down and abandoning module GameProjectGeneration (177)
[2015.11.02-22.28.56:769][642]LogModuleManager: Shutting down and abandoning module IntroTutorials (176)
[2015.11.02-22.28.56:771][642]LogModuleManager: Shutting down and abandoning module EditorLiveStreaming (175)
[2015.11.02-22.28.56:771][642]LogModuleManager: Shutting down and abandoning module IOSPlatformEditor (174)
[2015.11.02-22.28.56:771][642]LogModuleManager: Shutting down and abandoning module HTML5PlatformEditor (173)
[2015.11.02-22.28.56:771][642]LogModuleManager: Shutting down and abandoning module AndroidDeviceDetection (172)
[2015.11.02-22.28.57:673][642]LogModuleManager: Shutting down and abandoning module AndroidPlatformEditor (171)
[2015.11.02-22.28.57:673][642]LogModuleManager: Shutting down and abandoning module IOSRuntimeSettings (170)
[2015.11.02-22.28.57:673][642]LogModuleManager: Shutting down and abandoning module AndroidRuntimeSettings (169)
[2015.11.02-22.28.57:673][642]LogModuleManager: Shutting down and abandoning module MergeActors (168)
[2015.11.02-22.28.57:675][642]LogModuleManager: Shutting down and abandoning module SizeMap (167)
[2015.11.02-22.28.57:675][642]LogModuleManager: Shutting down and abandoning module TreeMap (166)
[2015.11.02-22.28.57:676][642]LogModuleManager: Shutting down and abandoning module ReferenceViewer (165)
[2015.11.02-22.28.57:676][642]LogModuleManager: Shutting down and abandoning module LocalizationService (164)
[2015.11.02-22.28.57:676][642]LogModuleManager: Shutting down and abandoning module LocalizationDashboard (163)
[2015.11.02-22.28.57:677][642]LogModuleManager: Shutting down and abandoning module HardwareTargeting (162)
[2015.11.02-22.28.57:677][642]LogModuleManager: Shutting down and abandoning module DeviceProfileEditor (161)
[2015.11.02-22.28.57:677][642]LogModuleManager: Shutting down and abandoning module UndoHistory (160)
[2015.11.02-22.28.57:677][642]LogModuleManager: Shutting down and abandoning module GameplayTagsEditor (159)
[2015.11.02-22.28.57:677][642]LogModuleManager: Shutting down and abandoning module UserFeedback (158)
[2015.11.02-22.28.57:677][642]LogModuleManager: Shutting down and abandoning module XmlParser (157)
[2015.11.02-22.28.57:678][642]LogModuleManager: Shutting down and abandoning module Blutility (156)
[2015.11.02-22.28.57:678][642]LogModuleManager: Shutting down and abandoning module ProjectTargetPlatformEditor (155)
[2015.11.02-22.28.57:678][642]LogModuleManager: Shutting down and abandoning module ProjectSettingsViewer (154)
[2015.11.02-22.28.57:678][642]LogModuleManager: Shutting down and abandoning module InputBindingEditor (153)
[2015.11.02-22.28.57:679][642]LogModuleManager: Shutting down and abandoning module EditorSettingsViewer (152)
[2015.11.02-22.28.57:679][642]LogModuleManager: Shutting down and abandoning module SettingsEditor (151)
[2015.11.02-22.28.57:680][642]LogModuleManager: Shutting down and abandoning module ProjectLauncher (150)
[2015.11.02-22.28.57:681][642]LogModuleManager: Shutting down and abandoning module SessionFrontend (149)
[2015.11.02-22.28.57:681][642]LogModuleManager: Shutting down and abandoning module ProfilerClient (148)
[2015.11.02-22.28.57:681][642]LogModuleManager: Shutting down and abandoning module TargetDeviceServices (147)
[2015.11.02-22.28.57:682][642]LogModuleManager: Shutting down and abandoning module DeviceManager (146)
[2015.11.02-22.28.57:682][642]LogModuleManager: Shutting down and abandoning module AutomationController (145)
[2015.11.02-22.28.57:683][642]LogModuleManager: Shutting down and abandoning module AutomationWindow (144)
[2015.11.02-22.28.57:684][642]LogModuleManager: Shutting down and abandoning module Layers (143)
[2015.11.02-22.28.57:686][642]LogModuleManager: Shutting down and abandoning module ComponentVisualizers (142)
[2015.11.02-22.28.57:686][642]LogModuleManager: Shutting down and abandoning module DetailCustomizations (141)
[2015.11.02-22.28.57:687][642]LogModuleManager: Shutting down and abandoning module PackagesDialog (140)
[2015.11.02-22.28.57:688][642]LogModuleManager: Shutting down and abandoning module Persona (139)
[2015.11.02-22.28.57:689][642]LogModuleManager: Shutting down and abandoning module Kismet (138)
[2015.11.02-22.28.57:690][642]LogModuleManager: Shutting down and abandoning module GraphEditor (137)
[2015.11.02-22.28.57:692][642]LogModuleManager: Shutting down and abandoning module ClassViewer (136)
[2015.11.02-22.28.57:693][642]LogModuleManager: Shutting down and abandoning module Toolbox (135)
[2015.11.02-22.28.57:693][642]LogModuleManager: Shutting down and abandoning module ModuleUI (134)
[2015.11.02-22.28.57:693][642]LogModuleManager: Shutting down and abandoning module MovieSceneTools (133)
[2015.11.02-22.28.57:693][642]LogModuleManager: Shutting down and abandoning module OutputLog (132)
[2015.11.02-22.28.57:693][642]LogModuleManager: Shutting down and abandoning module GammaUI (131)
[2015.11.02-22.28.57:694][642]LogModuleManager: Shutting down and abandoning module Documentation (130)
[2015.11.02-22.28.57:694][642]LogModuleManager: Shutting down and abandoning module GameLiveStreaming (129)
[2015.11.02-22.28.57:694][642]LogModuleManager: Shutting down and abandoning module StreamingPauseRendering (128)
[2015.11.02-22.28.57:694][642]LogModuleManager: Shutting down and abandoning module AnalyticsET (127)
[2015.11.02-22.28.57:694][642]LogModuleManager: Shutting down and abandoning module Analytics (126)
[2015.11.02-22.28.57:695][642]LogModuleManager: Shutting down and abandoning module AITestSuite (125)
[2015.11.02-22.28.57:695][642]LogModuleManager: Shutting down and abandoning module GameplayDebugger (124)
[2015.11.02-22.28.57:695][642]LogModuleManager: Shutting down and abandoning module AIModule (123)
[2015.11.02-22.28.57:695][642]LogModuleManager: Shutting down and abandoning module ProfilerService (122)
[2015.11.02-22.28.57:916][642]LogModuleManager: Shutting down and abandoning module TaskGraph (121)
[2015.11.02-22.28.57:918][642]LogModuleManager: Shutting down and abandoning module SlateRemote (120)
[2015.11.02-22.28.57:918][642]LogModuleManager: Shutting down and abandoning module SteamVRController (119)
[2015.11.02-22.28.57:918][642]LogModuleManager: Shutting down and abandoning module SteamVR (118)
[2015.11.02-22.28.57:918][642]LogModuleManager: Shutting down and abandoning module ProceduralMeshComponent (117)
[2015.11.02-22.28.57:918][642]LogModuleManager: Shutting down and abandoning module OculusRift (116)
[2015.11.02-22.28.57:918][642]LogModuleManager: Shutting down and abandoning module OculusLibrary (115)
[2015.11.02-22.28.57:918][642]LogModuleManager: Shutting down and abandoning module LeapMotionController (114)
[2015.11.02-22.28.57:938][642]LogModuleManager: Shutting down and abandoning module CustomMeshComponent (113)
[2015.11.02-22.28.57:939][642]LogModuleManager: Shutting down and abandoning module CableComponent (112)
[2015.11.02-22.28.57:939][642]LogModuleManager: Shutting down and abandoning module ArchVisCharacter (111)
[2015.11.02-22.28.57:939][642]LogModuleManager: Shutting down and abandoning module MessagingDebugger (110)
[2015.11.02-22.28.57:941][642]LogModuleManager: Shutting down and abandoning module MediaPlayerEditor (109)
[2015.11.02-22.28.57:942][642]LogModuleManager: Shutting down and abandoning module HTML5Networking (108)
[2015.11.02-22.28.57:942][642]LogModuleManager: Shutting down and abandoning module SpeedTreeImporter (107)
[2015.11.02-22.28.57:942][642]LogModuleManager: Shutting down and abandoning module PluginBrowser (106)
[2015.11.02-22.28.57:942][642]LogModuleManager: Shutting down and abandoning module EpicSurvey (105)
[2015.11.02-22.28.57:942][642]LogModuleManager: Shutting down and abandoning module DesktopPlatform (104)
[2015.11.02-22.28.57:943][642]LogModuleManager: Shutting down and abandoning module VisualStudioSourceCodeAccess (103)
[2015.11.02-22.28.57:943][642]LogModuleManager: Shutting down and abandoning module UObjectPlugin (102)
[2015.11.02-22.28.57:943][642]LogModuleManager: Shutting down and abandoning module SubversionSourceControl (101)
[2015.11.02-22.28.57:944][642]LogModuleManager: Shutting down and abandoning module PerforceSourceControl (100)
[2015.11.02-22.28.57:946][642]LogModuleManager: Shutting down and abandoning module SourceControl (99)
[2015.11.02-22.28.57:946][642]LogModuleManager: Shutting down and abandoning module GitSourceControl (98)
[2015.11.02-22.28.57:946][642]LogModuleManager: Shutting down and abandoning module LightPropagationVolumeEditor (97)
[2015.11.02-22.28.57:946][642]LogModuleManager: Shutting down and abandoning module PaperTiledImporter (96)
[2015.11.02-22.28.57:946][642]LogModuleManager: Shutting down and abandoning module PaperSpriteSheetImporter (95)
[2015.11.02-22.28.57:947][642]LogModuleManager: Shutting down and abandoning module MeshPaint (94)
[2015.11.02-22.28.57:947][642]LogModuleManager: Shutting down and abandoning module SlateReflector (93)
[2015.11.02-22.28.57:948][642]LogModuleManager: Shutting down and abandoning module HotReload (92)
[2015.11.02-22.28.57:948][642]LogModuleManager: Shutting down and abandoning module MainFrame (91)
[2015.11.02-22.28.57:948][642]LogModuleManager: Shutting down and abandoning module LevelEditor (90)
[2015.11.02-22.28.57:952][642]LogModuleManager: Shutting down and abandoning module DirectoryWatcher (89)
[2015.11.02-22.28.57:953][642]LogModuleManager: Shutting down and abandoning module AssetRegistry (88)
[2015.11.02-22.28.58:047][642]LogModuleManager: Shutting down and abandoning module ContentBrowser (87)
[2015.11.02-22.28.58:048][642]LogModuleManager: Shutting down and abandoning module Paper2DEditor (86)
[2015.11.02-22.28.58:050][642]LogModuleManager: Shutting down and abandoning module UdpMessaging (85)
[2015.11.02-22.28.58:151][642]LogModuleManager: Shutting down and abandoning module LightPropagationVolumeRuntime (84)
[2015.11.02-22.28.58:151][642]LogModuleManager: Shutting down and abandoning module Paper2D (83)
[2015.11.02-22.28.58:151][642]LogModuleManager: Shutting down and abandoning module WindowsMoviePlayer (82)
[2015.11.02-22.28.58:156][642]LogModuleManager: Shutting down and abandoning module Media (81)
[2015.11.02-22.28.58:156][642]LogModuleManager: Shutting down and abandoning module WmfMedia (80)
[2015.11.02-22.28.58:157][642]LogModuleManager: Shutting down and abandoning module OnlineBlueprintSupport (79)
[2015.11.02-22.28.58:157][642]LogModuleManager: Shutting down and abandoning module GameplayTasksEditor (78)
[2015.11.02-22.28.58:157][642]LogModuleManager: Shutting down and abandoning module PropertyEditor (77)
[2015.11.02-22.28.58:157][642]LogModuleManager: Shutting down and abandoning module BehaviorTreeEditor (76)
[2015.11.02-22.28.58:158][642]LogModuleManager: Shutting down and abandoning module FunctionalTesting (75)
[2015.11.02-22.28.58:158][642]LogModuleManager: Shutting down and abandoning module CollisionAnalyzer (74)
[2015.11.02-22.28.58:160][642]LogModuleManager: Shutting down and abandoning module WorkspaceMenuStructure (73)
[2015.11.02-22.28.58:160][642]LogModuleManager: Shutting down and abandoning module MessageLog (72)
[2015.11.02-22.28.58:160][642]LogModuleManager: Shutting down and abandoning module Sequencer (71)
[2015.11.02-22.28.58:160][642]LogModuleManager: Shutting down and abandoning module AssetTools (70)
[2015.11.02-22.28.58:163][642]LogModuleManager: Shutting down and abandoning module UMGEditor (69)
[2015.11.02-22.28.58:164][642]LogModuleManager: Shutting down and abandoning module UMG (68)
[2015.11.02-22.28.58:165][642]LogModuleManager: Shutting down and abandoning module Slate (67)
[2015.11.02-22.28.58:165][642]LogModuleManager: Shutting down and abandoning module EditorStyle (66)
[2015.11.02-22.28.58:173][642]LogModuleManager: Shutting down and abandoning module SessionServices (65)
[2015.11.02-22.28.58:173][642]LogModuleManager: Shutting down and abandoning module SourceCodeAccess (64)
[2015.11.02-22.28.58:173][642]LogModuleManager: Shutting down and abandoning module HeadMountedDisplay (63)
[2015.11.02-22.28.58:173][642]LogModuleManager: Shutting down and abandoning module XAudio2 (62)
[2015.11.02-22.28.58:173][642]LogModuleManager: Shutting down and abandoning module Networking (60)
[2015.11.02-22.28.58:173][642]LogModuleManager: Shutting down and abandoning module Core (59)
[2015.11.02-22.28.58:173][642]LogModuleManager: Shutting down and abandoning module KismetCompiler (58)
[2015.11.02-22.28.58:173][642]LogModuleManager: Shutting down and abandoning module PhysXFormats (57)
[2015.11.02-22.28.58:174][642]LogModuleManager: Shutting down and abandoning module MeshUtilities (56)
[2015.11.02-22.28.58:175][642]LogModuleManager: Shutting down and abandoning module CookingStats (55)
[2015.11.02-22.28.58:177][642]LogModuleManager: Shutting down and abandoning module DerivedDataCache (54)
[2015.11.02-22.28.58:225][642]LogDerivedDataCache: Shutdown
[2015.11.02-22.28.58:225][642]LogModuleManager: Shutting down and abandoning module ShaderFormatOpenGL (53)
[2015.11.02-22.28.58:226][642]LogModuleManager: Shutting down and abandoning module ShaderFormatD3D (52)
[2015.11.02-22.28.58:227][642]LogModuleManager: Shutting down and abandoning module MetalShaderFormat (51)
[2015.11.02-22.28.58:227][642]LogModuleManager: Shutting down and abandoning module TextureFormatUncompressed (50)
[2015.11.02-22.28.58:227][642]LogModuleManager: Shutting down and abandoning module TextureFormatPVR (49)
[2015.11.02-22.28.58:228][642]LogModuleManager: Shutting down and abandoning module TextureFormatIntelISPCTexComp (48)
[2015.11.02-22.28.58:229][642]LogModuleManager: Shutting down and abandoning module TextureFormatDXT (47)
[2015.11.02-22.28.58:230][642]LogModuleManager: Shutting down and abandoning module ImageWrapper (46)
[2015.11.02-22.28.58:230][642]LogModuleManager: Shutting down and abandoning module TextureFormatASTC (45)
[2015.11.02-22.28.58:230][642]LogModuleManager: Shutting down and abandoning module TextureFormatAndroid (44)
[2015.11.02-22.28.58:230][642]LogModuleManager: Shutting down and abandoning module AudioFormatOpus (43)
[2015.11.02-22.28.58:231][642]LogModuleManager: Shutting down and abandoning module AudioFormatOgg (42)
[2015.11.02-22.28.58:231][642]LogModuleManager: Shutting down and abandoning module AudioFormatADPCM (41)
[2015.11.02-22.28.58:232][642]LogModuleManager: Shutting down and abandoning module LinuxTargetPlatform (40)
[2015.11.02-22.28.58:232][642]LogModuleManager: Shutting down and abandoning module LinuxServerTargetPlatform (39)
[2015.11.02-22.28.58:233][642]LogModuleManager: Shutting down and abandoning module LinuxNoEditorTargetPlatform (38)
[2015.11.02-22.28.58:234][642]LogModuleManager: Shutting down and abandoning module Messaging (37)
[2015.11.02-22.28.58:234][642]LogModuleManager: Shutting down and abandoning module IOSTargetPlatform (36)
[2015.11.02-22.28.58:234][642]LogModuleManager: Shutting down and abandoning module HTML5TargetPlatform (35)
[2015.11.02-22.28.58:234][642]LogModuleManager: Shutting down and abandoning module Android_PVRTCTargetPlatform (34)
[2015.11.02-22.28.58:234][642]LogModuleManager: Shutting down and abandoning module Android_ETC2TargetPlatform (33)
[2015.11.02-22.28.58:235][642]LogModuleManager: Shutting down and abandoning module Android_ETC1TargetPlatform (32)
[2015.11.02-22.28.58:235][642]LogModuleManager: Shutting down and abandoning module Android_DXTTargetPlatform (31)
[2015.11.02-22.28.58:236][642]LogModuleManager: Shutting down and abandoning module Android_ATCTargetPlatform (30)
[2015.11.02-22.28.58:236][642]LogModuleManager: Shutting down and abandoning module Android_ASTCTargetPlatform (29)
[2015.11.02-22.28.58:237][642]LogModuleManager: Shutting down and abandoning module AndroidTargetPlatform (28)
[2015.11.02-22.28.58:237][642]LogModuleManager: Shutting down and abandoning module WindowsTargetPlatform (27)
[2015.11.02-22.28.58:237][642]LogModuleManager: Shutting down and abandoning module WindowsServerTargetPlatform (26)
[2015.11.02-22.28.58:238][642]LogModuleManager: Shutting down and abandoning module WindowsNoEditorTargetPlatform (25)
[2015.11.02-22.28.58:238][642]LogModuleManager: Shutting down and abandoning module WindowsClientTargetPlatform (24)
[2015.11.02-22.28.58:239][642]LogModuleManager: Shutting down and abandoning module AllDesktopTargetPlatform (23)
[2015.11.02-22.28.58:239][642]LogModuleManager: Shutting down and abandoning module TargetPlatform (22)
[2015.11.02-22.28.58:239][642]LogModuleManager: Shutting down and abandoning module InputCore (21)
[2015.11.02-22.28.58:239][642]LogModuleManager: Shutting down and abandoning module Settings (20)
[2015.11.02-22.28.58:239][642]LogModuleManager: Shutting down and abandoning module OnlineSubsystem (18)
[2015.11.02-22.28.58:239][642]LogModuleManager: Shutting down and abandoning module HTTP (17)
[2015.11.02-22.29.00:553][642]LogModuleManager: Shutting down and abandoning module XMPP (16)
[2015.11.02-22.29.00:557][642]LogModuleManager: Shutting down and abandoning module ExampleDeviceProfileSelector (15)
[2015.11.02-22.29.00:557][642]LogModuleManager: Shutting down and abandoning module TextureCompressor (14)
[2015.11.02-22.29.00:558][642]LogModuleManager: Shutting down and abandoning module ShaderCore (13)
[2015.11.02-22.29.00:558][642]LogModuleManager: Shutting down and abandoning module Landscape (12)
[2015.11.02-22.29.00:558][642]LogModuleManager: Shutting down and abandoning module SlateRHIRenderer (11)
[2015.11.02-22.29.00:562][642]LogModuleManager: Shutting down and abandoning module OpenGLDrv (10)
[2015.11.02-22.29.00:562][642]LogModuleManager: Shutting down and abandoning module D3D11RHI (9)
[2015.11.02-22.29.00:562][642]LogModuleManager: Shutting down and abandoning module AnimGraphRuntime (8)
[2015.11.02-22.29.00:563][642]LogModuleManager: Shutting down and abandoning module Renderer (7)
[2015.11.02-22.29.00:563][642]LogModuleManager: Shutting down and abandoning module Engine (6)
[2015.11.02-22.29.00:563][642]LogModuleManager: Shutting down and abandoning module CoreUObject (5)
[2015.11.02-22.29.00:563][642]LogModuleManager: Shutting down and abandoning module NetworkFile (4)
[2015.11.02-22.29.00:563][642]LogModuleManager: Shutting down and abandoning module StreamingFile (3)
[2015.11.02-22.29.00:564][642]LogModuleManager: Shutting down and abandoning module SandboxFile (2)
[2015.11.02-22.29.00:564][642]LogModuleManager: Shutting down and abandoning module PakFile (1)
[2015.11.02-22.29.00:567][642]LogExit: Exiting.
[2015.11.02-22.29.00:612][642]Log file closed, 11/02/15 23:29:00
