[2015.11.05-10.51.29:238][  0]Log file open, 11/05/15 11:51:29
[2015.11.05-10.51.29:238][  0]LogInit:Display: Running engine for game: ProsjektOppgave
[2015.11.05-10.51.29:238][  0]LogInit:Display: RandInit(-1184074094) SRandInit(-1184074093).
[2015.11.05-10.51.29:238][  0]LogTaskGraph: Started task graph with 4 named threads and 5 total threads.
[2015.11.05-10.51.29:238][  0]LogStats: Stats thread started at 0.426760
[2015.11.05-10.51.29:238][  0]LogInit: Version: 4.9.2-2707645+++depot+UE4-Releases+4.9
[2015.11.05-10.51.29:238][  0]LogInit: API Version: 2672455
[2015.11.05-10.51.29:238][  0]LogInit: Compiled (64-bit): Sep 28 2015 10:25:44
[2015.11.05-10.51.29:238][  0]LogInit: Compiled with Visual C++: 18.00.21005.01
[2015.11.05-10.51.29:238][  0]LogInit: Build Configuration: Development
[2015.11.05-10.51.29:238][  0]LogInit: Branch Name: ++depot+UE4-Releases+4.9
[2015.11.05-10.51.29:238][  0]LogInit: Command line:  
[2015.11.05-10.51.29:238][  0]LogInit: Base directory: C:/Program Files/Epic Games/4.9/Engine/Binaries/Win64/
[2015.11.05-10.51.29:238][  0]LogInit: Rocket: 1
[2015.11.05-10.51.29:266][  0]LogInit: Using libcurl 7.41.0
[2015.11.05-10.51.29:266][  0]LogInit:  - built for x86_64-pc-win32
[2015.11.05-10.51.29:266][  0]LogInit:  - supports SSL with WinSSL
[2015.11.05-10.51.29:266][  0]LogInit:  - other features:
[2015.11.05-10.51.29:266][  0]LogInit:      CURL_VERSION_SSL
[2015.11.05-10.51.29:266][  0]LogInit:      CURL_VERSION_IPV6
[2015.11.05-10.51.29:266][  0]LogInit:      CURL_VERSION_ASYNCHDNS
[2015.11.05-10.51.29:266][  0]LogInit:      CURL_VERSION_LARGEFILE
[2015.11.05-10.51.29:266][  0]LogInit:      CURL_VERSION_IDN
[2015.11.05-10.51.29:266][  0]LogInit:  CurlRequestOptions (configurable via config and command line):
[2015.11.05-10.51.29:266][  0]LogInit:  - bVerifyPeer = true  - Libcurl will verify peer certificate
[2015.11.05-10.51.29:266][  0]LogInit:  - bUseHttpProxy = false  - Libcurl will NOT use HTTP proxy
[2015.11.05-10.51.29:266][  0]LogInit:  - bDontReuseConnections = false  - Libcurl will reuse connections
[2015.11.05-10.51.29:266][  0]LogInit:  - CertBundlePath = nullptr  - Libcurl will use whatever was configured at build time.
[2015.11.05-10.51.29:309][  0]LogInit: Presizing for 0 objects not considered by GC, pre-allocating 0 bytes.
[2015.11.05-10.51.29:325][  0]LogInit: Object subsystem initialized
[2015.11.05-10.51.29:340][  0]LogInit: Selected Device Profile: [Windows]
[2015.11.05-10.51.29:340][  0]LogInit: Applying CVar settings loaded from the selected device profile: [Windows]
[2015.11.05-10.51.29:351][  0]LogInit: Computer: LUCAS
[2015.11.05-10.51.29:351][  0]LogInit: User: Line
[2015.11.05-10.51.29:351][  0]LogInit: CPU Page size=4096, Cores=2
[2015.11.05-10.51.29:351][  0]LogInit: High frequency timer resolution =2.435870 MHz
[2015.11.05-10.51.29:351][  0]LogMemory: Memory total: Physical=3.9GB (4GB approx)
[2015.11.05-10.51.29:351][  0]LogMemory: Platform Memory Stats for Windows
[2015.11.05-10.51.29:351][  0]LogMemory: Process Physical Memory: 52.20 MB used, 52.20 MB peak
[2015.11.05-10.51.29:351][  0]LogMemory: Process Virtual Memory: 56.79 MB used, 56.79 MB peak
[2015.11.05-10.51.29:351][  0]LogMemory: Physical Memory: 2509.65 MB used, 3975.27 MB total
[2015.11.05-10.51.29:351][  0]LogMemory: Virtual Memory: 346.79 MB used, 8388608.00 MB total
[2015.11.05-10.51.29:618][  0]LogTextLocalizationManager: No translations for ('nb-NO') exist, falling back to 'en' for localization and internationalization data.
[2015.11.05-10.51.30:893][  0]LogD3D11RHI: Found D3D11 adapter 0: Intel(R) HD Graphics 4000 (Feature Level 11_0)
[2015.11.05-10.51.30:893][  0]LogD3D11RHI: Adapter has 32MB of dedicated video memory, 0MB of dedicated system memory, and 1731MB of shared system memory, 1 output[s]
[2015.11.05-10.51.30:901][  0]LogD3D11RHI: Found D3D11 adapter 1: Microsoft Basic Render Driver (Feature Level 11_0)
[2015.11.05-10.51.30:901][  0]LogD3D11RHI: Adapter has 0MB of dedicated video memory, 0MB of dedicated system memory, and 256MB of shared system memory, 0 output[s]
[2015.11.05-10.51.30:901][  0]LogD3D11RHI: Chosen D3D11 Adapter Id = 0
[2015.11.05-10.51.30:913][  0]LogD3D11RHI: !Direct3DDevice
[2015.11.05-10.51.30:913][  0]LogRHI: Texture pool is 628 MB (70% of 897 MB)
[2015.11.05-10.51.30:916][  0]LogD3D11RHI: Async texture creation enabled
[2015.11.05-10.51.30:931][  0]LogShaderCompilers: Guid format shader working directory is 14 characters bigger than the processId version (../../../../../../Users/Whee_/Documents/GitHub/Prosjekt/ProsjektOppgave/Intermediate/Shaders/WorkingDirectory/27976/).
[2015.11.05-10.51.30:931][  0]LogShaderCompilers: Cleaned the shader compiler working directory '../../../../../../Users/Whee_/Documents/GitHub/Prosjekt/ProsjektOppgave/Intermediate/Shaders/tmp/575C791043EFFDAD4708AF8585FB30C9/'.
[2015.11.05-10.51.30:931][  0]LogShaderCompilers:Display: Using Local Shader Compiler.
[2015.11.05-10.51.33:536][  0]LogTemp:Display: Loaded TP AllDesktopTargetPlatform
[2015.11.05-10.51.33:543][  0]LogTemp:Display: Loaded TP WindowsClientTargetPlatform
[2015.11.05-10.51.33:550][  0]LogTemp:Display: Loaded TP WindowsNoEditorTargetPlatform
[2015.11.05-10.51.33:556][  0]LogTemp:Display: Loaded TP WindowsServerTargetPlatform
[2015.11.05-10.51.33:564][  0]LogTemp:Display: Loaded TP WindowsTargetPlatform
[2015.11.05-10.51.33:571][  0]LogTemp:Display: Loaded TP AndroidTargetPlatform
[2015.11.05-10.51.33:578][  0]LogTemp:Display: Loaded TP Android_ASTCTargetPlatform
[2015.11.05-10.51.33:584][  0]LogTemp:Display: Loaded TP Android_ATCTargetPlatform
[2015.11.05-10.51.33:591][  0]LogTemp:Display: Loaded TP Android_DXTTargetPlatform
[2015.11.05-10.51.33:597][  0]LogTemp:Display: Loaded TP Android_ETC1TargetPlatform
[2015.11.05-10.51.33:603][  0]LogTemp:Display: Loaded TP Android_ETC2TargetPlatform
[2015.11.05-10.51.33:608][  0]LogTemp:Display: Loaded TP Android_PVRTCTargetPlatform
[2015.11.05-10.51.33:609][  0]LogTemp:Display: Loaded TP HTML5TargetPlatform
[2015.11.05-10.51.33:639][  0]LogTemp:Display: Loaded TP IOSTargetPlatform
[2015.11.05-10.51.33:644][  0]LogTemp:Display: Loaded TP LinuxNoEditorTargetPlatform
[2015.11.05-10.51.33:649][  0]LogTemp:Display: Loaded TP LinuxServerTargetPlatform
[2015.11.05-10.51.33:653][  0]LogTemp:Display: Loaded TP LinuxTargetPlatform
[2015.11.05-10.51.33:653][  0]LogTargetPlatformManager:Display: Building Assets For Windows
[2015.11.05-10.51.33:907][  0]LogDerivedDataCache:Display: Max Cache Size: 512 MB
[2015.11.05-10.51.34:127][  0]LogDerivedDataCache: Loaded boot cache 0.22s 41MB C:/Users/Whee_/AppData/Local/UnrealEngine/4.9/DerivedDataCache/Boot.ddc.
[2015.11.05-10.51.34:127][  0]LogDerivedDataCache:Display: Loaded Boot cache: C:/Users/Whee_/AppData/Local/UnrealEngine/4.9/DerivedDataCache/Boot.ddc
[2015.11.05-10.51.34:127][  0]LogDerivedDataCache: FDerivedDataBackendGraph:  Pak pak cache file ../../../../../../Users/Whee_/Documents/GitHub/Prosjekt/ProsjektOppgave/DerivedDataCache/DDC.ddp not found, will not use a pak cache.
[2015.11.05-10.51.34:127][  0]LogDerivedDataCache: Unable to find inner node Pak for hierarchical cache Hierarchy.
[2015.11.05-10.51.34:127][  0]LogDerivedDataCache: FDerivedDataBackendGraph:  CompressedPak pak cache file ../../../../../../Users/Whee_/Documents/GitHub/Prosjekt/ProsjektOppgave/DerivedDataCache/Compressed.ddp not found, will not use a pak cache.
[2015.11.05-10.51.34:127][  0]LogDerivedDataCache: Unable to find inner node CompressedPak for hierarchical cache Hierarchy.
[2015.11.05-10.51.34:333][  0]LogDerivedDataCache:Display: Pak cache opened for reading ../../../Engine/DerivedDataCache/Compressed.ddp.
[2015.11.05-10.51.34:346][  0]LogDerivedDataCache: Using Local data cache path C:/Users/Whee_/AppData/Local/UnrealEngine/Common/DerivedDataCache: Writable
[2015.11.05-10.51.36:771][  0]LogInit: Selected Device Profile: [Windows]
[2015.11.05-10.51.36:783][  0]LogContentStreaming: Texture pool size is 0.000000MB
[2015.11.05-10.51.37:022][  0]LogMeshUtilities: No automatic mesh reduction module available
[2015.11.05-10.51.37:022][  0]LogMeshUtilities: No automatic mesh merging module available
[2015.11.05-10.51.37:667][  0]LogInit: WinSock: version 1.1 (2.2), MaxSocks=32767, MaxUdp=65467
[2015.11.05-10.51.39:476][  0]UdpMessaging: Initializing bridge on interface 0.0.0.0:0 to multicast group 230.0.0.1:6666.
[2015.11.05-10.51.39:616][  0]LogAssetRegistry: FAssetRegistry took 0.0114 seconds to start up
[2015.11.05-10.51.39:924][  0]SourceControl: Info Source control is disabled
[2015.11.05-10.51.40:467][  0]LogLinker:Warning: Asset '../../../Engine/Plugins/Runtime/LeapMotionController/Content/LM_PassthroughMaterial.uasset' has been saved with empty engine version. The asset will be loaded but may be incompatible.
[2015.11.05-10.51.40:587][  0]LogObj: 28361 objects as part of root set at end of initial load.
[2015.11.05-10.51.40:587][  0]LogUObjectAllocator: 6038864 out of 0 bytes used by permanent object pool.
[2015.11.05-10.51.40:689][  0]LogEngine: Initializing Engine...
[2015.11.05-10.51.40:702][  0]OCULUS: Info: 11/05/15 10:51:40: [CAPI] LibOVR module is located at C:\windows\SYSTEM32\LibOVRRT64_0_7.dll

[2015.11.05-10.51.41:302][  0]OCULUS: Error: 11/05/15 10:51:41: [CAPI] ovr_Create failed to complete within the timeout period.
[2015.11.05-10.51.41:411][  0]LogHMD: SteamVR failed to initialize.  Err: 110
[2015.11.05-10.51.41:634][  0]LogAIModule: Creating AISystem for world NewWorld
[2015.11.05-10.51.41:694][  0]LogInit: XAudio2 using 'Speakers (Conexant SmartAudio HD)' : 2 channels at 44.1 kHz using 16 bits per sample (channel mask 0x3)
[2015.11.05-10.51.41:741][  0]LogInit: FAudioDevice initialized.
[2015.11.05-10.51.41:781][  0]LogDerivedDataCache: Saved boot cache 0.04s 41MB C:/Users/Whee_/AppData/Local/UnrealEngine/4.9/DerivedDataCache/Boot.ddc.
[2015.11.05-10.51.41:786][  0]LogInit: Texture streaming: Enabled
[2015.11.05-10.51.41:796][  0]LogAnalytics: Creating configured Analytics provider AnalyticsET
[2015.11.05-10.51.41:796][  0]LogAnalytics: [UEEditor.Rocket.Release] APIServer = http://et2.epicgames.com/ET2/. AppVersion = 4.9.2-2707645+++depot+UE4-Releases+4.9
[2015.11.05-10.51.41:796][  0]LogAnalytics: [UEEditor.Rocket.Release] SetUserId f561287e41ff3d116c7a7699f14da7ee|a7a6d39b5d594607b59aba67a0c46619|be6aa348-2436-4090-89d7-26d79fda43dd
[2015.11.05-10.51.41:798][  0]LogAnalytics: [UEEditor.Rocket.Release] AnalyticsET::StartSession
[2015.11.05-10.51.41:839][  0]LogWindowsTextInputMethodSystem:Display: IME system now deactivated.
[2015.11.05-10.51.41:839][  0]LogWindowsTextInputMethodSystem:Display: IME system now deactivated.
[2015.11.05-10.51.42:186][  0]LogInit: Transaction tracking system initialized
[2015.11.05-10.51.42:239][  0]BlueprintLog: New page: Editor Load
[2015.11.05-10.51.42:587][  0]LocalizationService: Info Localization service is disabled
[2015.11.05-10.51.42:744][  0]LogLinker:Warning: Can't find file '/Game/ThirdPersonBP/ThirdPersonOverview'
[2015.11.05-10.51.42:744][  0]LogLinker:Warning: Can't find file '/Game/ThirdPersonBP/ThirdPersonOverview'
[2015.11.05-10.51.42:749][  0]LogUObjectGlobals:Warning: Failed to find object 'Class /Game/ThirdPersonBP/ThirdPersonOverview.ThirdPersonOverview_C'
[2015.11.05-10.51.42:803][  0]LogConsoleResponse:Display: 
[2015.11.05-10.51.43:200][  0]LogCook:Display: Done creating registry. It took  0.00s.
[2015.11.05-10.51.43:216][  0]LogFileCache: Scanning file cache for directory 'C:/Users/Whee_/Documents/GitHub/Prosjekt/ProsjektOppgave/Content/' took 0.02s
[2015.11.05-10.51.43:436][  0]Cmd: MAP LOAD FILE="../../../../../../Users/Whee_/Documents/GitHub/Prosjekt/ProsjektOppgave/Content/FirstPersonBP/Maps/FirstPersonExampleMap.umap" TEMPLATE=0 SHOWPROGRESS=1 FEATURELEVEL=3
[2015.11.05-10.51.43:440][  0]LightingResults: New page: Lighting Build
[2015.11.05-10.51.43:457][  0]MapCheck: New page: Map Check
[2015.11.05-10.51.43:458][  0]LightingResults: New page: Lighting Build
[2015.11.05-10.51.43:499][  0]LogParticles: Destroying 0 GPU particle simulations for FXSystem 0x000000151C48A160
[2015.11.05-10.51.44:006][  0]LogLinker:Warning: Asset '../../../../../../Users/Whee_/Documents/GitHub/Prosjekt/ProsjektOppgave/Content/FirstPersonBP/Blueprints/FirstPersonProjectile.uasset' has been saved with empty engine version. The asset will be loaded but may be incompatible.
[2015.11.05-10.51.44:011][  0]LogLinker:Warning: Asset '../../../../../../Users/Whee_/Documents/GitHub/Prosjekt/ProsjektOppgave/Content/FirstPerson/Meshes/FirstPersonProjectileMesh.uasset' has been saved with empty engine version. The asset will be loaded but may be incompatible.
[2015.11.05-10.51.46:956][  0]LogAIModule: Creating AISystem for world FirstPersonExampleMap
[2015.11.05-10.51.47:017][  0]LogEditorServer: Finished looking for orphan Actors (0.001 secs)
[2015.11.05-10.51.47:021][  0]Cmd: MAP CHECKDEP NOCLEARLOG
[2015.11.05-10.51.47:112][  0]MapCheck: Info Map check complete: 0 Error(s), 0 Warning(s), took 87.014ms to complete.
[2015.11.05-10.51.47:112][  0]LogFileHelpers: Loading map 'FirstPersonExampleMap' took 3.678
[2015.11.05-10.51.47:574][  0]LogCollectionManager: Loaded 0 collections in 0.006610 seconds
[2015.11.05-10.51.47:628][  0]LogFileCache: Scanning file cache for directory 'C:/Users/Whee_/Documents/GitHub/Prosjekt/ProsjektOppgave/Saved/Collections/' took 0.01s
[2015.11.05-10.51.47:628][  0]LogFileCache: Scanning file cache for directory 'C:/Users/Whee_/Documents/GitHub/Prosjekt/ProsjektOppgave/Content/Developers/Line/Collections/' took 0.01s
[2015.11.05-10.51.47:628][  0]LogFileCache: Scanning file cache for directory 'C:/Users/Whee_/Documents/GitHub/Prosjekt/ProsjektOppgave/Content/Collections/' took 0.01s
[2015.11.05-10.51.47:628][  0]LogContentBrowser: Native class hierarchy populated in 0.0159 seconds. Added 1867 classes and 333 folders.
[2015.11.05-10.51.47:646][  0]LogCollectionManager: Rebuilt the GUID cache for 0 collections in 0.000009 seconds
[2015.11.05-10.51.47:663][  0]LogContentBrowser: Native class hierarchy updated for 'WidgetCarousel' in 0.0005 seconds. Added 0 classes and 0 folders.
[2015.11.05-10.51.47:857][  0]LogContentBrowser: Native class hierarchy updated for 'AddContentDialog' in 0.0005 seconds. Added 0 classes and 0 folders.
[2015.11.05-10.51.47:865][  0]LogContentBrowser: Native class hierarchy updated for 'SceneOutliner' in 0.0006 seconds. Added 1 classes and 2 folders.
[2015.11.05-10.51.47:926][  0]LogCrashTracker: Crashtracker disabled due to settings.
[2015.11.05-10.51.47:938][  0]LogUObjectGlobals:Warning: Failed to find object 'Class None.'
[2015.11.05-10.51.47:982][  0]LogLoad: Full Startup: 19.94 seconds (BP compile: 0.33 seconds)
[2015.11.05-10.51.48:100][  0]SourceControl: Info On branch master
[2015.11.05-10.51.48:100][  0]SourceControl: Info Your branch is up-to-date with 'origin/master'.
[2015.11.05-10.51.48:100][  0]SourceControl: Info Changes not staged for commit:
[2015.11.05-10.51.48:100][  0]SourceControl: Info   (use "git add <file>..." to update what will be committed)
[2015.11.05-10.51.48:100][  0]SourceControl: Info   (use "git checkout -- <file>..." to discard changes in working directory)
[2015.11.05-10.51.48:100][  0]SourceControl: Info 	modified:   ProsjektOppgave/Intermediate/CachedAssetRegistry.bin
[2015.11.05-10.51.48:100][  0]SourceControl: Info 	modified:   ProsjektOppgave/Intermediate/Config/CoalescedSourceConfigs/Engine.ini
[2015.11.05-10.51.48:100][  0]SourceControl: Info 	modified:   ProsjektOppgave/Intermediate/Config/CoalescedSourceConfigs/Game.ini
[2015.11.05-10.51.48:100][  0]SourceControl: Info 	modified:   ProsjektOppgave/Saved/AutoScreenshot.png
[2015.11.05-10.51.48:100][  0]SourceControl: Info 	modified:   ProsjektOppgave/Saved/Autosaves/PackageRestoreData.json
[2015.11.05-10.51.48:100][  0]SourceControl: Info 	modified:   ProsjektOppgave/Saved/Config/Windows/EditorPerProjectUserSettings.ini
[2015.11.05-10.51.48:100][  0]SourceControl: Info 	modified:   ProsjektOppgave/Saved/Config/Windows/Engine.ini
[2015.11.05-10.51.48:100][  0]SourceControl: Info 	modified:   ProsjektOppgave/Saved/Config/Windows/SourceControlSettings.ini
[2015.11.05-10.51.48:100][  0]SourceControl: Info 	modified:   ProsjektOppgave/Saved/Logs/ProsjektOppgave.log
[2015.11.05-10.51.48:100][  0]SourceControl: Info Untracked files:
[2015.11.05-10.51.48:100][  0]SourceControl: Info   (use "git add <file>..." to include in what will be committed)
[2015.11.05-10.51.48:100][  0]SourceControl: Info 	ProsjektOppgave/Saved/Logs/ProsjektOppgave-backup-2015.11.02-23.13.45.log
[2015.11.05-10.51.48:100][  0]SourceControl: Info 	ProsjektOppgave/Saved/Logs/ProsjektOppgave-backup-2015.11.05-11.51.29.log
[2015.11.05-10.51.48:100][  0]SourceControl: Info no changes added to commit (use "git add" and/or "git commit -a")
[2015.11.05-10.51.48:101][  0]LogContentStreaming: Texture pool size now 1000 MB
[2015.11.05-10.51.48:328][  0]LogRenderer: Reallocating scene render targets to support 1016x520 (Frame:2).
[2015.11.05-10.51.50:716][  5]LogAssetRegistry: Asset discovery search completed in 11.1122 seconds
[2015.11.05-10.51.50:716][  5]LogCollectionManager: Rebuilt the object cache for 0 collections in 0.000001 seconds (found 0 objects)
[2015.11.05-10.51.50:717][  5]LogCollectionManager: Fixed up redirectors for 0 collections in 0.000054 seconds (updated 0 objects)
[2015.11.05-10.52.39:660][474]LogActorFactory: Actor Factory created Cone
[2015.11.05-10.52.39:987][478]LogActorFactory: Actor Factory created Cone
[2015.11.05-10.52.50:458][638]LogSavePackage: Save=4386.158203ms
[2015.11.05-10.52.50:458][638]LogSavePackage: Moving '../../../../../../Users/Whee_/Documents/GitHub/Prosjekt/ProsjektOppgave/Saved/FirstPersonExampleMapD6BA8F0144375B6B6C4189BA0889C557.tmp' to '../../../../../../Users/Whee_/Documents/GitHub/Prosjekt/ProsjektOppgave/Content/FirstPersonBP/Maps/FirstPersonExampleMap.umap'
[2015.11.05-10.52.50:464][638]LogSavePackage: Total save time: 4412.188254ms
[2015.11.05-10.52.50:464][638]LogSavePackage:Warning: Finished SavePackage ../../../../../../Users/Whee_/Documents/GitHub/Prosjekt/ProsjektOppgave/Content/FirstPersonBP/Maps/FirstPersonExampleMap.umap
[2015.11.05-10.52.50:496][638]LogFileHelpers: Saving map 'FirstPersonExampleMap' took 4.575
[2015.11.05-10.53.04:765][857]SourceControl: Info fatal: C:/Program Files/Epic Games/4.9/Engine/Content/ArtTools/RenderToTexture/Blueprints/PhysMesh.uasset: 'C:/Program Files/Epic Games/4.9/Engine/Content/ArtTools/RenderToTexture/Blueprints/PhysMesh.uasset' is outside repository
[2015.11.05-10.53.04:766][857]SourceControl: Info fatal: C:/Program Files/Epic Games/4.9/Engine/Content/ArtTools/RenderToTexture/Enums/EFloatTypes.uasset: 'C:/Program Files/Epic Games/4.9/Engine/Content/ArtTools/RenderToTexture/Enums/EFloatTypes.uasset' is outside repository
[2015.11.05-10.53.04:766][857]SourceControl: Info fatal: C:/Program Files/Epic Games/4.9/Engine/Content/ArtTools/RenderToTexture/Macros/RenderToTextureMacros.uasset: 'C:/Program Files/Epic Games/4.9/Engine/Content/ArtTools/RenderToTexture/Macros/RenderToTextureMacros.uasset' is outside repository
[2015.11.05-10.53.04:766][857]SourceControl: Info fatal: C:/Program Files/Epic Games/4.9/Engine/Content/ArtTools/RenderToTexture/MaterialFunctions/BoundingSphereBased_0-1_UVW.uasset: 'C:/Program Files/Epic Games/4.9/Engine/Content/ArtTools/RenderToTexture/MaterialFunctions/BoundingSphereBased_0-1_UVW.uasset' is outside repository
[2015.11.05-10.53.04:766][857]SourceControl: Info fatal: C:/Program Files/Epic Games/4.9/Engine/Content/ArtTools/RenderToTexture/Materials/MPC_R2T.uasset: 'C:/Program Files/Epic Games/4.9/Engine/Content/ArtTools/RenderToTexture/Materials/MPC_R2T.uasset' is outside repository
[2015.11.05-10.53.04:766][857]SourceControl: Info fatal: C:/Program Files/Epic Games/4.9/Engine/Content/ArtTools/RenderToTexture/Materials/Debug/M_2sidedLit.uasset: 'C:/Program Files/Epic Games/4.9/Engine/Content/ArtTools/RenderToTexture/Materials/Debug/M_2sidedLit.uasset' is outside repository
[2015.11.05-10.53.04:766][857]SourceControl: Info fatal: C:/Program Files/Epic Games/4.9/Engine/Content/ArtTools/RenderToTexture/Materials/Flipbooks/M_FlipBookCounter_01.uasset: 'C:/Program Files/Epic Games/4.9/Engine/Content/ArtTools/RenderToTexture/Materials/Flipbooks/M_FlipBookCounter_01.uasset' is outside repository
[2015.11.05-10.53.04:766][857]SourceControl: Info fatal: C:/Program Files/Epic Games/4.9/Engine/Content/ArtTools/RenderToTexture/Materials/Imposters/M_ImposterTest_01.uasset: 'C:/Program Files/Epic Games/4.9/Engine/Content/ArtTools/RenderToTexture/Materials/Imposters/M_ImposterTest_01.uasset' is outside repository
[2015.11.05-10.53.04:766][857]SourceControl: Info fatal: C:/Program Files/Epic Games/4.9/Engine/Content/ArtTools/RenderToTexture/Meshes/ShadowTestMesh.uasset: 'C:/Program Files/Epic Games/4.9/Engine/Content/ArtTools/RenderToTexture/Meshes/ShadowTestMesh.uasset' is outside repository
[2015.11.05-10.53.04:767][857]SourceControl: Info fatal: C:/Program Files/Epic Games/4.9/Engine/Content/ArtTools/RenderToTexture/Textures/127grey.uasset: 'C:/Program Files/Epic Games/4.9/Engine/Content/ArtTools/RenderToTexture/Textures/127grey.uasset' is outside repository
[2015.11.05-10.53.04:767][857]SourceControl: Info fatal: C:/Program Files/Epic Games/4.9/Engine/Content/ArtTools/RenderToTexture/Textures/FlipbookMotionVectors/Position1.uasset: 'C:/Program Files/Epic Games/4.9/Engine/Content/ArtTools/RenderToTexture/Textures/FlipbookMotionVectors/Position1.uasset' is outside repository
[2015.11.05-10.53.04:767][857]SourceControl: Info fatal: C:/Program Files/Epic Games/4.9/Engine/Content/BasicShapes/BasicShapeMaterial.uasset: 'C:/Program Files/Epic Games/4.9/Engine/Content/BasicShapes/BasicShapeMaterial.uasset' is outside repository
[2015.11.05-10.53.04:767][857]SourceControl: Info fatal: C:/Program Files/Epic Games/4.9/Engine/Content/BufferVisualization/AmbientOcclusion.uasset: 'C:/Program Files/Epic Games/4.9/Engine/Content/BufferVisualization/AmbientOcclusion.uasset' is outside repository
[2015.11.05-10.53.04:767][857]SourceControl: Info fatal: C:/Program Files/Epic Games/4.9/Engine/Content/Editor/Slate/Icons/AssetIcons/Cone_16x.uasset: 'C:/Program Files/Epic Games/4.9/Engine/Content/Editor/Slate/Icons/AssetIcons/Cone_16x.uasset' is outside repository
[2015.11.05-10.53.04:767][857]SourceControl: Info fatal: C:/Program Files/Epic Games/4.9/Engine/Content/EditorBlueprintResources/ActorMacros.uasset: 'C:/Program Files/Epic Games/4.9/Engine/Content/EditorBlueprintResources/ActorMacros.uasset' is outside repository
[2015.11.05-10.53.04:767][857]SourceControl: Info fatal: C:/Program Files/Epic Games/4.9/Engine/Content/EditorKismetResources/StandardMacros.uasset: 'C:/Program Files/Epic Games/4.9/Engine/Content/EditorKismetResources/StandardMacros.uasset' is outside repository
[2015.11.05-10.53.04:767][857]SourceControl: Info fatal: C:/Program Files/Epic Games/4.9/Engine/Content/EditorLandscapeResources/AlphaBrushMaterial.uasset: 'C:/Program Files/Epic Games/4.9/Engine/Content/EditorLandscapeResources/AlphaBrushMaterial.uasset' is outside repository
[2015.11.05-10.53.04:767][857]SourceControl: Info fatal: C:/Program Files/Epic Games/4.9/Engine/Content/EditorMaterials/Anchor.uasset: 'C:/Program Files/Epic Games/4.9/Engine/Content/EditorMaterials/Anchor.uasset' is outside repository
[2015.11.05-10.53.04:767][857]SourceControl: Info fatal: C:/Program Files/Epic Games/4.9/Engine/Content/EditorMaterials/TreeArrow_ExpandedRealtimePreview.uasset: 'C:/Program Files/Epic Games/4.9/Engine/Content/EditorMaterials/TreeArrow_ExpandedRealtimePreview.uasset' is outside repository
[2015.11.05-10.53.04:767][857]SourceControl: Info fatal: C:/Program Files/Epic Games/4.9/Engine/Content/EditorMaterials/Cascade/CASC_BackgroundCube_MAT.uasset: 'C:/Program Files/Epic Games/4.9/Engine/Content/EditorMaterials/Cascade/CASC_BackgroundCube_MAT.uasset' is outside repository
[2015.11.05-10.53.04:767][857]SourceControl: Info fatal: C:/Program Files/Epic Games/4.9/Engine/Content/EditorMaterials/Matinee/MAT_EnableTrack_Mat.uasset: 'C:/Program Files/Epic Games/4.9/Engine/Content/EditorMaterials/Matinee/MAT_EnableTrack_Mat.uasset' is outside repository
[2015.11.05-10.53.04:767][857]SourceControl: Info fatal: C:/Program Files/Epic Games/4.9/Engine/Content/EditorMaterials/MatineeGroups/MAT_ColorTrack.uasset: 'C:/Program Files/Epic Games/4.9/Engine/Content/EditorMaterials/MatineeGroups/MAT_ColorTrack.uasset' is outside repository
[2015.11.05-10.53.04:767][857]SourceControl: Info fatal: C:/Program Files/Epic Games/4.9/Engine/Content/EditorMaterials/ParticleSystems/PSysThumbnail_NoImage.uasset: 'C:/Program Files/Epic Games/4.9/Engine/Content/EditorMaterials/ParticleSystems/PSysThumbnail_NoImage.uasset' is outside repository
[2015.11.05-10.53.04:767][857]SourceControl: Info fatal: C:/Program Files/Epic Games/4.9/Engine/Content/EditorMaterials/Thumbnails/FloorPlaneMaterial.uasset: 'C:/Program Files/Epic Games/4.9/Engine/Content/EditorMaterials/Thumbnails/FloorPlaneMaterial.uasset' is outside repository
[2015.11.05-10.53.04:768][857]SourceControl: Info fatal: C:/Program Files/Epic Games/4.9/Engine/Content/EditorMaterials/Utilities/ImageReflectionPreview.uasset: 'C:/Program Files/Epic Games/4.9/Engine/Content/EditorMaterials/Utilities/ImageReflectionPreview.uasset' is outside repository
[2015.11.05-10.53.04:768][857]SourceControl: Info fatal: C:/Program Files/Epic Games/4.9/Engine/Content/EditorMeshes/AnimTreeEd_PreviewFloor.uasset: 'C:/Program Files/Epic Games/4.9/Engine/Content/EditorMeshes/AnimTreeEd_PreviewFloor.uasset' is outside repository
[2015.11.05-10.53.04:768][857]SourceControl: Info fatal: C:/Program Files/Epic Games/4.9/Engine/Content/EditorMeshes/Cascade/BackgroundCube.uasset: 'C:/Program Files/Epic Games/4.9/Engine/Content/EditorMeshes/Cascade/BackgroundCube.uasset' is outside repository
[2015.11.05-10.53.04:768][857]SourceControl: Info fatal: C:/Program Files/Epic Games/4.9/Engine/Content/EditorMeshes/ColorCalibrator/M_ChromeBall.uasset: 'C:/Program Files/Epic Games/4.9/Engine/Content/EditorMeshes/ColorCalibrator/M_ChromeBall.uasset' is outside repository
[2015.11.05-10.53.04:768][857]SourceControl: Info fatal: C:/Program Files/Epic Games/4.9/Engine/Content/EditorMeshes/SkeletalMesh/DefaultSkeletalMesh.uasset: 'C:/Program Files/Epic Games/4.9/Engine/Content/EditorMeshes/SkeletalMesh/DefaultSkeletalMesh.uasset' is outside repository
[2015.11.05-10.53.04:768][857]SourceControl: Info fatal: C:/Program Files/Epic Games/4.9/Engine/Content/EditorResources/Ai_Spawnpoint.uasset: 'C:/Program Files/Epic Games/4.9/Engine/Content/EditorResources/Ai_Spawnpoint.uasset' is outside repository
[2015.11.05-10.53.04:768][857]SourceControl: Info fatal: C:/Program Files/Epic Games/4.9/Engine/Content/EditorResources/S_Trigger.uasset: 'C:/Program Files/Epic Games/4.9/Engine/Content/EditorResources/S_Trigger.uasset' is outside repository
[2015.11.05-10.53.04:768][857]SourceControl: Info fatal: C:/Program Files/Epic Games/4.9/Engine/Content/EditorResources/AI/S_NavLink.uasset: 'C:/Program Files/Epic Games/4.9/Engine/Content/EditorResources/AI/S_NavLink.uasset' is outside repository
[2015.11.05-10.53.04:768][857]SourceControl: Info fatal: C:/Program Files/Epic Games/4.9/Engine/Content/EditorResources/AudioIcons/S_Ambient_Sound_Moveable.uasset: 'C:/Program Files/Epic Games/4.9/Engine/Content/EditorResources/AudioIcons/S_Ambient_Sound_Moveable.uasset' is outside repository
[2015.11.05-10.53.04:768][857]SourceControl: Info fatal: C:/Program Files/Epic Games/4.9/Engine/Content/EditorResources/Crowd/T_Crowd_Spline.uasset: 'C:/Program Files/Epic Games/4.9/Engine/Content/EditorResources/Crowd/T_Crowd_Spline.uasset' is outside repository
[2015.11.05-10.53.04:768][857]SourceControl: Info fatal: C:/Program Files/Epic Games/4.9/Engine/Content/EditorResources/LightIcons/Light_Point_Stationary_Statics.uasset: 'C:/Program Files/Epic Games/4.9/Engine/Content/EditorResources/LightIcons/Light_Point_Stationary_Statics.uasset' is outside repository
[2015.11.05-10.53.04:768][857]SourceControl: Info fatal: C:/Program Files/Epic Games/4.9/Engine/Content/EditorResources/Spline/T_Loft_Spline.uasset: 'C:/Program Files/Epic Games/4.9/Engine/Content/EditorResources/Spline/T_Loft_Spline.uasset' is outside repository
[2015.11.05-10.53.04:768][857]SourceControl: Info fatal: C:/Program Files/Epic Games/4.9/Engine/Content/EditorShapes/Materials/MI_ShapeInstance.uasset: 'C:/Program Files/Epic Games/4.9/Engine/Content/EditorShapes/Materials/MI_ShapeInstance.uasset' is outside repository
[2015.11.05-10.53.04:768][857]SourceControl: Info fatal: C:/Program Files/Epic Games/4.9/Engine/Content/EditorShapes/Textures/T_ShapeDiffuse.uasset: 'C:/Program Files/Epic Games/4.9/Engine/Content/EditorShapes/Textures/T_ShapeDiffuse.uasset' is outside repository
[2015.11.05-10.53.04:768][857]SourceControl: Info fatal: C:/Program Files/Epic Games/4.9/Engine/Content/EditorShellMaterials/MI_BaseFlat.uasset: 'C:/Program Files/Epic Games/4.9/Engine/Content/EditorShellMaterials/MI_BaseFlat.uasset' is outside repository
[2015.11.05-10.53.04:769][857]SourceControl: Info fatal: C:/Program Files/Epic Games/4.9/Engine/Content/EditorShellMaterials/ManualUVs/MI_BaseGrid_MUV.uasset: 'C:/Program Files/Epic Games/4.9/Engine/Content/EditorShellMaterials/ManualUVs/MI_BaseGrid_MUV.uasset' is outside repository
[2015.11.05-10.53.04:769][857]SourceControl: Info fatal: C:/Program Files/Epic Games/4.9/Engine/Content/EditorShellMaterials/SketchUp/MI_BaseGrid_WUV_SketchUp.uasset: 'C:/Program Files/Epic Games/4.9/Engine/Content/EditorShellMaterials/SketchUp/MI_BaseGrid_WUV_SketchUp.uasset' is outside repository
[2015.11.05-10.53.04:769][857]SourceControl: Info fatal: C:/Program Files/Epic Games/4.9/Engine/Content/EditorShellMaterials/WorldUVs/MI_BaseGrid_WUV.uasset: 'C:/Program Files/Epic Games/4.9/Engine/Content/EditorShellMaterials/WorldUVs/MI_BaseGrid_WUV.uasset' is outside repository
[2015.11.05-10.53.04:769][857]SourceControl: Info fatal: C:/Program Files/Epic Games/4.9/Engine/Content/EditorSounds/GamePreview/EjectFromPlayer.uasset: 'C:/Program Files/Epic Games/4.9/Engine/Content/EditorSounds/GamePreview/EjectFromPlayer.uasset' is outside repository
[2015.11.05-10.53.04:769][857]SourceControl: Info fatal: C:/Program Files/Epic Games/4.9/Engine/Content/EditorSounds/Notifications/CompileFailed.uasset: 'C:/Program Files/Epic Games/4.9/Engine/Content/EditorSounds/Notifications/CompileFailed.uasset' is outside repository
[2015.11.05-10.53.04:769][857]SourceControl: Info fatal: C:/Program Files/Epic Games/4.9/Engine/Content/EngineAnimNotifies/AnimNotify_PlayParticleEffect.uasset: 'C:/Program Files/Epic Games/4.9/Engine/Content/EngineAnimNotifies/AnimNotify_PlayParticleEffect.uasset' is outside repository
[2015.11.05-10.53.04:769][857]SourceControl: Info fatal: C:/Program Files/Epic Games/4.9/Engine/Content/EngineDamageTypes/DmgTypeBP_Environmental.uasset: 'C:/Program Files/Epic Games/4.9/Engine/Content/EngineDamageTypes/DmgTypeBP_Environmental.uasset' is outside repository
[2015.11.05-10.53.04:769][857]SourceControl: Info fatal: C:/Program Files/Epic Games/4.9/Engine/Content/EngineDebugMaterials/BlackUnlitMaterial.uasset: 'C:/Program Files/Epic Games/4.9/Engine/Content/EngineDebugMaterials/BlackUnlitMaterial.uasset' is outside repository
[2015.11.05-10.53.04:769][857]SourceControl: Info fatal: C:/Program Files/Epic Games/4.9/Engine/Content/EngineDebugMaterials/LightingModels/M_TextureDefinedSpecularReflecti.uasset: 'C:/Program Files/Epic Games/4.9/Engine/Content/EngineDebugMaterials/LightingModels/M_TextureDefinedSpecularReflecti.uasset' is outside repository
[2015.11.05-10.53.04:769][857]SourceControl: Info fatal: C:/Program Files/Epic Games/4.9/Engine/Content/EngineFonts/Roboto.uasset: 'C:/Program Files/Epic Games/4.9/Engine/Content/EngineFonts/Roboto.uasset' is outside repository
[2015.11.05-10.53.04:769][857]SourceControl: Info fatal: C:/Program Files/Epic Games/4.9/Engine/Content/EngineLightProfiles/180Degree_IES.uasset: 'C:/Program Files/Epic Games/4.9/Engine/Content/EngineLightProfiles/180Degree_IES.uasset' is outside repository
[2015.11.05-10.53.04:769][857]SourceControl: Info fatal: C:/Program Files/Epic Games/4.9/Engine/Content/EngineMaterials/AntiAliasedTextMaterialTranslucent.uasset: 'C:/Program Files/Epic Games/4.9/Engine/Content/EngineMaterials/AntiAliasedTextMaterialTranslucent.uasset' is outside repository
[2015.11.05-10.53.04:769][857]SourceControl: Info fatal: C:/Program Files/Epic Games/4.9/Engine/Content/EngineMaterials/RandomMirrorDisc.uasset: 'C:/Program Files/Epic Games/4.9/Engine/Content/EngineMaterials/RandomMirrorDisc.uasset' is outside repository
[2015.11.05-10.53.04:769][857]SourceControl: Info fatal: C:/Program Files/Epic Games/4.9/Engine/Content/EngineMeshes/BackgroundCube.uasset: 'C:/Program Files/Epic Games/4.9/Engine/Content/EngineMeshes/BackgroundCube.uasset' is outside repository
[2015.11.05-10.53.04:769][857]SourceControl: Info fatal: C:/Program Files/Epic Games/4.9/Engine/Content/EngineProduction/ReferenceNormalMap.uasset: 'C:/Program Files/Epic Games/4.9/Engine/Content/EngineProduction/ReferenceNormalMap.uasset' is outside repository
[2015.11.05-10.53.04:769][857]SourceControl: Info fatal: C:/Program Files/Epic Games/4.9/Engine/Content/EngineResources/AICON-Green.uasset: 'C:/Program Files/Epic Games/4.9/Engine/Content/EngineResources/AICON-Green.uasset' is outside repository
[2015.11.05-10.53.04:769][857]SourceControl: Info fatal: C:/Program Files/Epic Games/4.9/Engine/Content/EngineResources/Cursors/Arrow.uasset: 'C:/Program Files/Epic Games/4.9/Engine/Content/EngineResources/Cursors/Arrow.uasset' is outside repository
[2015.11.05-10.53.04:769][857]SourceControl: Info fatal: C:/Program Files/Epic Games/4.9/Engine/Content/EngineSky/BP_Sky_Shere.uasset: 'C:/Program Files/Epic Games/4.9/Engine/Content/EngineSky/BP_Sky_Shere.uasset' is outside repository
[2015.11.05-10.53.04:769][857]SourceControl: Info fatal: C:/Program Files/Epic Games/4.9/Engine/Content/EngineSounds/Duck_Normal_Attack_MixMod.uasset: 'C:/Program Files/Epic Games/4.9/Engine/Content/EngineSounds/Duck_Normal_Attack_MixMod.uasset' is outside repository
[2015.11.05-10.53.04:770][857]SourceControl: Info fatal: C:/Program Files/Epic Games/4.9/Engine/Content/EngineSounds/ReverbSettings/Alley.uasset: 'C:/Program Files/Epic Games/4.9/Engine/Content/EngineSounds/ReverbSettings/Alley.uasset' is outside repository
[2015.11.05-10.53.04:770][857]SourceControl: Info fatal: C:/Program Files/Epic Games/4.9/Engine/Content/EngineTireTypes/DefaultTireType.uasset: 'C:/Program Files/Epic Games/4.9/Engine/Content/EngineTireTypes/DefaultTireType.uasset' is outside repository
[2015.11.05-10.53.04:770][857]SourceControl: Info fatal: C:/Program Files/Epic Games/4.9/Engine/Content/EngineVolumetrics/FalloffSphere/Materials/M_EV_FalloffSphere_Master_01.uasset: 'C:/Program Files/Epic Games/4.9/Engine/Content/EngineVolumetrics/FalloffSphere/Materials/M_EV_FalloffSphere_Master_01.uasset' is outside repository
[2015.11.05-10.53.04:770][857]SourceControl: Info fatal: C:/Program Files/Epic Games/4.9/Engine/Content/EngineVolumetrics/FalloffSphere/Mesh/S_EV_FalloffSphere_Mesh_01.uasset: 'C:/Program Files/Epic Games/4.9/Engine/Content/EngineVolumetrics/FalloffSphere/Mesh/S_EV_FalloffSphere_Mesh_01.uasset' is outside repository
[2015.11.05-10.53.04:770][857]SourceControl: Info fatal: C:/Program Files/Epic Games/4.9/Engine/Content/EngineVolumetrics/FogEnvironment/Materials/M_EV_FogEnvironment_Master_01.uasset: 'C:/Program Files/Epic Games/4.9/Engine/Content/EngineVolumetrics/FogEnvironment/Materials/M_EV_FogEnvironment_Master_01.uasset' is outside repository
[2015.11.05-10.53.04:770][857]SourceControl: Info fatal: C:/Program Files/Epic Games/4.9/Engine/Content/EngineVolumetrics/FogEnvironment/Mesh/S_EV_FogEnvironment_01_Mesh.uasset: 'C:/Program Files/Epic Games/4.9/Engine/Content/EngineVolumetrics/FogEnvironment/Mesh/S_EV_FogEnvironment_01_Mesh.uasset' is outside repository
[2015.11.05-10.53.04:770][857]SourceControl: Info fatal: C:/Program Files/Epic Games/4.9/Engine/Content/EngineVolumetrics/Fogsheet/T_EV_Fogsheet_FlareColors_01.uasset: 'C:/Program Files/Epic Games/4.9/Engine/Content/EngineVolumetrics/Fogsheet/T_EV_Fogsheet_FlareColors_01.uasset' is outside repository
[2015.11.05-10.53.04:770][857]SourceControl: Info fatal: C:/Program Files/Epic Games/4.9/Engine/Content/EngineVolumetrics/Fogsheet/Materials/M_EV_FogSheet_1sided_Master_01.uasset: 'C:/Program Files/Epic Games/4.9/Engine/Content/EngineVolumetrics/Fogsheet/Materials/M_EV_FogSheet_1sided_Master_01.uasset' is outside repository
[2015.11.05-10.53.04:770][857]SourceControl: Info fatal: C:/Program Files/Epic Games/4.9/Engine/Content/EngineVolumetrics/Fogsheet/Mesh/MI_Fogsheet_HideClose.uasset: 'C:/Program Files/Epic Games/4.9/Engine/Content/EngineVolumetrics/Fogsheet/Mesh/MI_Fogsheet_HideClose.uasset' is outside repository
[2015.11.05-10.53.04:770][857]SourceControl: Info fatal: C:/Program Files/Epic Games/4.9/Engine/Content/EngineVolumetrics/LightBeam/Materials/M_EV_Lightbeam_Master_01.uasset: 'C:/Program Files/Epic Games/4.9/Engine/Content/EngineVolumetrics/LightBeam/Materials/M_EV_Lightbeam_Master_01.uasset' is outside repository
[2015.11.05-10.53.04:770][857]SourceControl: Info fatal: C:/Program Files/Epic Games/4.9/Engine/Content/EngineVolumetrics/LightBeam/Mesh/S_EV_SimpleLightBeam_01.uasset: 'C:/Program Files/Epic Games/4.9/Engine/Content/EngineVolumetrics/LightBeam/Mesh/S_EV_SimpleLightBeam_01.uasset' is outside repository
[2015.11.05-10.53.04:770][857]SourceControl: Info fatal: C:/Program Files/Epic Games/4.9/Engine/Content/Engine_MI_Shaders/MI_Shader_BaseTileEx.uasset: 'C:/Program Files/Epic Games/4.9/Engine/Content/Engine_MI_Shaders/MI_Shader_BaseTileEx.uasset' is outside repository
[2015.11.05-10.53.04:770][857]SourceControl: Info fatal: C:/Program Files/Epic Games/4.9/Engine/Content/Engine_MI_Shaders/Instances/M_ES_Phong_Opaque_INST_01.uasset: 'C:/Program Files/Epic Games/4.9/Engine/Content/Engine_MI_Shaders/Instances/M_ES_Phong_Opaque_INST_01.uasset' is outside repository
[2015.11.05-10.53.04:771][857]SourceControl: Info fatal: C:/Program Files/Epic Games/4.9/Engine/Content/Engine_MI_Shaders/Textures/Bokeh.uasset: 'C:/Program Files/Epic Games/4.9/Engine/Content/Engine_MI_Shaders/Textures/Bokeh.uasset' is outside repository
[2015.11.05-10.53.04:771][857]SourceControl: Info fatal: C:/Program Files/Epic Games/4.9/Engine/Content/FunctionalTesting/Blueprints/AITesting_MoveGoal.uasset: 'C:/Program Files/Epic Games/4.9/Engine/Content/FunctionalTesting/Blueprints/AITesting_MoveGoal.uasset' is outside repository
[2015.11.05-10.53.04:771][857]SourceControl: Info fatal: C:/Program Files/Epic Games/4.9/Engine/Content/Functions/DistanceFields/Combiners/DistanceField_Intersection.uasset: 'C:/Program Files/Epic Games/4.9/Engine/Content/Functions/DistanceFields/Combiners/DistanceField_Intersection.uasset' is outside repository
[2015.11.05-10.53.04:771][857]SourceControl: Info fatal: C:/Program Files/Epic Games/4.9/Engine/Content/Functions/DistanceFields/Shapes/DistanceField_Capsule.uasset: 'C:/Program Files/Epic Games/4.9/Engine/Content/Functions/DistanceFields/Shapes/DistanceField_Capsule.uasset' is outside repository
[2015.11.05-10.53.04:771][857]SourceControl: Info fatal: C:/Program Files/Epic Games/4.9/Engine/Content/Functions/Engine_MaterialFunctions01/AlphaBlend/World_Aligned_Blend.uasset: 'C:/Program Files/Epic Games/4.9/Engine/Content/Functions/Engine_MaterialFunctions01/AlphaBlend/World_Aligned_Blend.uasset' is outside repository
[2015.11.05-10.53.04:771][857]SourceControl: Info fatal: C:/Program Files/Epic Games/4.9/Engine/Content/Functions/Engine_MaterialFunctions01/Coordinates/DrawLine-2D.uasset: 'C:/Program Files/Epic Games/4.9/Engine/Content/Functions/Engine_MaterialFunctions01/Coordinates/DrawLine-2D.uasset' is outside repository
[2015.11.05-10.53.04:771][857]SourceControl: Info fatal: C:/Program Files/Epic Games/4.9/Engine/Content/Functions/Engine_MaterialFunctions01/Debug/FunctionGraphSetup.uasset: 'C:/Program Files/Epic Games/4.9/Engine/Content/Functions/Engine_MaterialFunctions01/Debug/FunctionGraphSetup.uasset' is outside repository
[2015.11.05-10.53.04:771][857]SourceControl: Info fatal: C:/Program Files/Epic Games/4.9/Engine/Content/Functions/Engine_MaterialFunctions01/Density/ExponentialDensity.uasset: 'C:/Program Files/Epic Games/4.9/Engine/Content/Functions/Engine_MaterialFunctions01/Density/ExponentialDensity.uasset' is outside repository
[2015.11.05-10.53.04:771][857]SourceControl: Info fatal: C:/Program Files/Epic Games/4.9/Engine/Content/Functions/Engine_MaterialFunctions01/Gradient/BellCurve.uasset: 'C:/Program Files/Epic Games/4.9/Engine/Content/Functions/Engine_MaterialFunctions01/Gradient/BellCurve.uasset' is outside repository
[2015.11.05-10.53.04:771][857]SourceControl: Info fatal: C:/Program Files/Epic Games/4.9/Engine/Content/Functions/Engine_MaterialFunctions01/ImageAdjustment/3ColorBlend.uasset: 'C:/Program Files/Epic Games/4.9/Engine/Content/Functions/Engine_MaterialFunctions01/ImageAdjustment/3ColorBlend.uasset' is outside repository
[2015.11.05-10.53.04:771][857]SourceControl: Info fatal: C:/Program Files/Epic Games/4.9/Engine/Content/Functions/Engine_MaterialFunctions01/Lighting/PixelDepthOffset_Foliage.uasset: 'C:/Program Files/Epic Games/4.9/Engine/Content/Functions/Engine_MaterialFunctions01/Lighting/PixelDepthOffset_Foliage.uasset' is outside repository
[2015.11.05-10.53.04:771][857]SourceControl: Info fatal: C:/Program Files/Epic Games/4.9/Engine/Content/Functions/Engine_MaterialFunctions01/Opacity/AlphaOffset.uasset: 'C:/Program Files/Epic Games/4.9/Engine/Content/Functions/Engine_MaterialFunctions01/Opacity/AlphaOffset.uasset' is outside repository
[2015.11.05-10.53.04:771][857]SourceControl: Info fatal: C:/Program Files/Epic Games/4.9/Engine/Content/Functions/Engine_MaterialFunctions01/Reflections/ReflectionVectorSoft.uasset: 'C:/Program Files/Epic Games/4.9/Engine/Content/Functions/Engine_MaterialFunctions01/Reflections/ReflectionVectorSoft.uasset' is outside repository
[2015.11.05-10.53.04:771][857]SourceControl: Info fatal: C:/Program Files/Epic Games/4.9/Engine/Content/Functions/Engine_MaterialFunctions01/Shading/CalcLightsourceAngle.uasset: 'C:/Program Files/Epic Games/4.9/Engine/Content/Functions/Engine_MaterialFunctions01/Shading/CalcLightsourceAngle.uasset' is outside repository
[2015.11.05-10.53.04:771][857]SourceControl: Info fatal: C:/Program Files/Epic Games/4.9/Engine/Content/Functions/Engine_MaterialFunctions01/SpeedTree/SpeedTreeColorVariation.uasset: 'C:/Program Files/Epic Games/4.9/Engine/Content/Functions/Engine_MaterialFunctions01/SpeedTree/SpeedTreeColorVariation.uasset' is outside repository
[2015.11.05-10.53.04:771][857]SourceControl: Info fatal: C:/Program Files/Epic Games/4.9/Engine/Content/Functions/Engine_MaterialFunctions01/Texturing/BakedDisplacement.uasset: 'C:/Program Files/Epic Games/4.9/Engine/Content/Functions/Engine_MaterialFunctions01/Texturing/BakedDisplacement.uasset' is outside repository
[2015.11.05-10.53.04:771][857]SourceControl: Info fatal: C:/Program Files/Epic Games/4.9/Engine/Content/Functions/Engine_MaterialFunctions01/Vectors/MF_RotateVector_90.uasset: 'C:/Program Files/Epic Games/4.9/Engine/Content/Functions/Engine_MaterialFunctions01/Vectors/MF_RotateVector_90.uasset' is outside repository
[2015.11.05-10.53.04:771][857]SourceControl: Info fatal: C:/Program Files/Epic Games/4.9/Engine/Content/Functions/Engine_MaterialFunctions01/WorldPositionOffset/ConstantScalebyDistance.uasset: 'C:/Program Files/Epic Games/4.9/Engine/Content/Functions/Engine_MaterialFunctions01/WorldPositionOffset/ConstantScalebyDistance.uasset' is outside repository
[2015.11.05-10.53.04:771][857]SourceControl: Info fatal: C:/Program Files/Epic Games/4.9/Engine/Content/Functions/Engine_MaterialFunctions02/3PointLevels.uasset: 'C:/Program Files/Epic Games/4.9/Engine/Content/Functions/Engine_MaterialFunctions02/3PointLevels.uasset' is outside repository
[2015.11.05-10.53.04:771][857]SourceControl: Info fatal: C:/Program Files/Epic Games/4.9/Engine/Content/Functions/Engine_MaterialFunctions02/ExampleContent/3dParticleOpacityInstance.uasset: 'C:/Program Files/Epic Games/4.9/Engine/Content/Functions/Engine_MaterialFunctions02/ExampleContent/3dParticleOpacityInstance.uasset' is outside repository
[2015.11.05-10.53.04:772][857]SourceControl: Info fatal: C:/Program Files/Epic Games/4.9/Engine/Content/Functions/Engine_MaterialFunctions02/ExampleContent/MacroUVs/MacroUVs.uasset: 'C:/Program Files/Epic Games/4.9/Engine/Content/Functions/Engine_MaterialFunctions02/ExampleContent/MacroUVs/MacroUVs.uasset' is outside repository
[2015.11.05-10.53.04:772][857]SourceControl: Info fatal: C:/Program Files/Epic Games/4.9/Engine/Content/Functions/Engine_MaterialFunctions02/ExampleContent/TextureBasedWPO/DemoBox.uasset: 'C:/Program Files/Epic Games/4.9/Engine/Content/Functions/Engine_MaterialFunctions02/ExampleContent/TextureBasedWPO/DemoBox.uasset' is outside repository
[2015.11.05-10.53.04:772][857]SourceControl: Info fatal: C:/Program Files/Epic Games/4.9/Engine/Content/Functions/Engine_MaterialFunctions02/ExampleContent/Textures/DebugNumberPeriod.uasset: 'C:/Program Files/Epic Games/4.9/Engine/Content/Functions/Engine_MaterialFunctions02/ExampleContent/Textures/DebugNumberPeriod.uasset' is outside repository
[2015.11.05-10.53.04:772][857]SourceControl: Info fatal: C:/Program Files/Epic Games/4.9/Engine/Content/Functions/Engine_MaterialFunctions02/Gradients/GradientMap_Multi.uasset: 'C:/Program Files/Epic Games/4.9/Engine/Content/Functions/Engine_MaterialFunctions02/Gradients/GradientMap_Multi.uasset' is outside repository
[2015.11.05-10.53.04:772][857]SourceControl: Info fatal: C:/Program Files/Epic Games/4.9/Engine/Content/Functions/Engine_MaterialFunctions02/Math/AddComponents.uasset: 'C:/Program Files/Epic Games/4.9/Engine/Content/Functions/Engine_MaterialFunctions02/Math/AddComponents.uasset' is outside repository
[2015.11.05-10.53.04:772][857]SourceControl: Info fatal: C:/Program Files/Epic Games/4.9/Engine/Content/Functions/Engine_MaterialFunctions02/MAXScripts/MeshSequenceFlipbook_Script.uasset: 'C:/Program Files/Epic Games/4.9/Engine/Content/Functions/Engine_MaterialFunctions02/MAXScripts/MeshSequenceFlipbook_Script.uasset' is outside repository
[2015.11.05-10.53.04:772][857]SourceControl: Info fatal: C:/Program Files/Epic Games/4.9/Engine/Content/Functions/Engine_MaterialFunctions02/Normals/RotateNormalWhileMasking.uasset: 'C:/Program Files/Epic Games/4.9/Engine/Content/Functions/Engine_MaterialFunctions02/Normals/RotateNormalWhileMasking.uasset' is outside repository
[2015.11.05-10.53.04:772][857]SourceControl: Info fatal: C:/Program Files/Epic Games/4.9/Engine/Content/Functions/Engine_MaterialFunctions02/NotInUse/WorldAlignedNormals_HighQuality_optimizationAttempt.uasset: 'C:/Program Files/Epic Games/4.9/Engine/Content/Functions/Engine_MaterialFunctions02/NotInUse/WorldAlignedNormals_HighQuality_optimizationAttempt.uasset' is outside repository
[2015.11.05-10.53.04:772][857]SourceControl: Info fatal: C:/Program Files/Epic Games/4.9/Engine/Content/Functions/Engine_MaterialFunctions02/PivotPainter/PivotPainter_HierarchyData.uasset: 'C:/Program Files/Epic Games/4.9/Engine/Content/Functions/Engine_MaterialFunctions02/PivotPainter/PivotPainter_HierarchyData.uasset' is outside repository
[2015.11.05-10.53.04:772][857]SourceControl: Info fatal: C:/Program Files/Epic Games/4.9/Engine/Content/Functions/Engine_MaterialFunctions02/Texturing/3dParticleOpacity.uasset: 'C:/Program Files/Epic Games/4.9/Engine/Content/Functions/Engine_MaterialFunctions02/Texturing/3dParticleOpacity.uasset' is outside repository
[2015.11.05-10.53.04:772][857]SourceControl: Info fatal: C:/Program Files/Epic Games/4.9/Engine/Content/Functions/Engine_MaterialFunctions02/Utility/Append4.uasset: 'C:/Program Files/Epic Games/4.9/Engine/Content/Functions/Engine_MaterialFunctions02/Utility/Append4.uasset' is outside repository
[2015.11.05-10.53.04:772][857]SourceControl: Info fatal: C:/Program Files/Epic Games/4.9/Engine/Content/Functions/Engine_MaterialFunctions02/UVs/BoundingBoxBased_0-1_UVW.uasset: 'C:/Program Files/Epic Games/4.9/Engine/Content/Functions/Engine_MaterialFunctions02/UVs/BoundingBoxBased_0-1_UVW.uasset' is outside repository
[2015.11.05-10.53.04:772][857]SourceControl: Info fatal: C:/Program Files/Epic Games/4.9/Engine/Content/Functions/Engine_MaterialFunctions02/WorldPositionOffset/AdjustNormalsToCompensateForRotateAboutAxisOffset.uasset: 'C:/Program Files/Epic Games/4.9/Engine/Content/Functions/Engine_MaterialFunctions02/WorldPositionOffset/AdjustNormalsToCompensateForRotateAboutAxisOffset.uasset' is outside repository
[2015.11.05-10.53.04:772][857]SourceControl: Info fatal: C:/Program Files/Epic Games/4.9/Engine/Content/Functions/Engine_MaterialFunctions03/Blends/Blend_ColorBurn.uasset: 'C:/Program Files/Epic Games/4.9/Engine/Content/Functions/Engine_MaterialFunctions03/Blends/Blend_ColorBurn.uasset' is outside repository
[2015.11.05-10.53.04:772][857]SourceControl: Info fatal: C:/Program Files/Epic Games/4.9/Engine/Content/Functions/Engine_MaterialFunctions03/ComplexMotion/Motion_4WayChaos.uasset: 'C:/Program Files/Epic Games/4.9/Engine/Content/Functions/Engine_MaterialFunctions03/ComplexMotion/Motion_4WayChaos.uasset' is outside repository
[2015.11.05-10.53.04:772][857]SourceControl: Info fatal: C:/Program Files/Epic Games/4.9/Engine/Content/Functions/Engine_MaterialFunctions03/Particles/Distance_Blend.uasset: 'C:/Program Files/Epic Games/4.9/Engine/Content/Functions/Engine_MaterialFunctions03/Particles/Distance_Blend.uasset' is outside repository
[2015.11.05-10.53.04:773][857]SourceControl: Info fatal: C:/Program Files/Epic Games/4.9/Engine/Content/Functions/Engine_MaterialFunctions03/Procedurals/ComputeFilterWidth.uasset: 'C:/Program Files/Epic Games/4.9/Engine/Content/Functions/Engine_MaterialFunctions03/Procedurals/ComputeFilterWidth.uasset' is outside repository
[2015.11.05-10.53.04:773][857]SourceControl: Info fatal: C:/Program Files/Epic Games/4.9/Engine/Content/Functions/Engine_MaterialFunctions03/Texturing/CameraWorldBlend.uasset: 'C:/Program Files/Epic Games/4.9/Engine/Content/Functions/Engine_MaterialFunctions03/Texturing/CameraWorldBlend.uasset' is outside repository
[2015.11.05-10.53.04:773][857]SourceControl: Info fatal: C:/Program Files/Epic Games/4.9/Engine/Content/Functions/GetPostProcessFunctions/GetAmbientCubemapIntensity.uasset: 'C:/Program Files/Epic Games/4.9/Engine/Content/Functions/GetPostProcessFunctions/GetAmbientCubemapIntensity.uasset' is outside repository
[2015.11.05-10.53.04:773][857]SourceControl: Info fatal: C:/Program Files/Epic Games/4.9/Engine/Content/Functions/MaterialLayerFunctions/MatLayerBlend_AddWorldPositionOffset.uasset: 'C:/Program Files/Epic Games/4.9/Engine/Content/Functions/MaterialLayerFunctions/MatLayerBlend_AddWorldPositionOffset.uasset' is outside repository
[2015.11.05-10.53.04:773][857]SourceControl: Info fatal: C:/Program Files/Epic Games/4.9/Engine/Content/Maps/Entry.umap: 'C:/Program Files/Epic Games/4.9/Engine/Content/Maps/Entry.umap' is outside repository
[2015.11.05-10.53.04:773][857]SourceControl: Info fatal: C:/Program Files/Epic Games/4.9/Engine/Content/Maps/Templates/Template_Default.umap: 'C:/Program Files/Epic Games/4.9/Engine/Content/Maps/Templates/Template_Default.umap' is outside repository
[2015.11.05-10.53.04:773][857]SourceControl: Info fatal: C:/Program Files/Epic Games/4.9/Engine/Content/Maps/Templates/Thumbnails/Default.uasset: 'C:/Program Files/Epic Games/4.9/Engine/Content/Maps/Templates/Thumbnails/Default.uasset' is outside repository
[2015.11.05-10.53.04:773][857]SourceControl: Info fatal: C:/Program Files/Epic Games/4.9/Engine/Content/MapTemplates/Bokeh_5Sides.uasset: 'C:/Program Files/Epic Games/4.9/Engine/Content/MapTemplates/Bokeh_5Sides.uasset' is outside repository
[2015.11.05-10.53.04:773][857]SourceControl: Info fatal: C:/Program Files/Epic Games/4.9/Engine/Content/MapTemplates/lut/LUT_Afternoon.uasset: 'C:/Program Files/Epic Games/4.9/Engine/Content/MapTemplates/lut/LUT_Afternoon.uasset' is outside repository
[2015.11.05-10.53.04:773][857]SourceControl: Info fatal: C:/Program Files/Epic Games/4.9/Engine/Content/MapTemplates/Materials/BasicAsset01.uasset: 'C:/Program Files/Epic Games/4.9/Engine/Content/MapTemplates/Materials/BasicAsset01.uasset' is outside repository
[2015.11.05-10.53.04:773][857]SourceControl: Info fatal: C:/Program Files/Epic Games/4.9/Engine/Content/MapTemplates/Sky/DaylightAmbientCubemap.uasset: 'C:/Program Files/Epic Games/4.9/Engine/Content/MapTemplates/Sky/DaylightAmbientCubemap.uasset' is outside repository
[2015.11.05-10.53.04:773][857]SourceControl: Info fatal: C:/Program Files/Epic Games/4.9/Engine/Content/MaterialTemplates/Gradients/Gradient_Linear.uasset: 'C:/Program Files/Epic Games/4.9/Engine/Content/MaterialTemplates/Gradients/Gradient_Linear.uasset' is outside repository
[2015.11.05-10.53.04:773][857]SourceControl: Info fatal: C:/Program Files/Epic Games/4.9/Engine/Content/MaterialTemplates/PerfTricks/MultiChannelMask.uasset: 'C:/Program Files/Epic Games/4.9/Engine/Content/MaterialTemplates/PerfTricks/MultiChannelMask.uasset' is outside repository
[2015.11.05-10.53.04:773][857]SourceControl: Info fatal: C:/Program Files/Epic Games/4.9/Engine/Content/MaterialTemplates/Textures/T_multiMask.uasset: 'C:/Program Files/Epic Games/4.9/Engine/Content/MaterialTemplates/Textures/T_multiMask.uasset' is outside repository
[2015.11.05-10.53.04:773][857]SourceControl: Info fatal: C:/Program Files/Epic Games/4.9/Engine/Content/MaterialTemplates/VertexAnimation/AdvancedFlag.uasset: 'C:/Program Files/Epic Games/4.9/Engine/Content/MaterialTemplates/VertexAnimation/AdvancedFlag.uasset' is outside repository
[2015.11.05-10.53.04:773][857]SourceControl: Info fatal: C:/Program Files/Epic Games/4.9/Engine/Content/MobileResources/T_MobileControls_texture.uasset: 'C:/Program Files/Epic Games/4.9/Engine/Content/MobileResources/T_MobileControls_texture.uasset' is outside repository
[2015.11.05-10.53.04:773][857]SourceControl: Info fatal: C:/Program Files/Epic Games/4.9/Engine/Content/MobileResources/HUD/AnalogHat.uasset: 'C:/Program Files/Epic Games/4.9/Engine/Content/MobileResources/HUD/AnalogHat.uasset' is outside repository
[2015.11.05-10.53.04:773][857]SourceControl: Info fatal: C:/Program Files/Epic Games/4.9/Engine/Content/TemplateResources/MI_Template_BaseBlue.uasset: 'C:/Program Files/Epic Games/4.9/Engine/Content/TemplateResources/MI_Template_BaseBlue.uasset' is outside repository
[2015.11.05-10.53.04:773][857]SourceControl: Info fatal: C:/Program Files/Epic Games/4.9/Engine/Content/Tutorial/ContentIntroCurve.uasset: 'C:/Program Files/Epic Games/4.9/Engine/Content/Tutorial/ContentIntroCurve.uasset' is outside repository
[2015.11.05-10.53.04:773][857]SourceControl: Info fatal: C:/Program Files/Epic Games/4.9/Engine/Content/Tutorial/Audio/Audience.uasset: 'C:/Program Files/Epic Games/4.9/Engine/Content/Tutorial/Audio/Audience.uasset' is outside repository
[2015.11.05-10.53.04:773][857]SourceControl: Info fatal: C:/Program Files/Epic Games/4.9/Engine/Content/Tutorial/Basics/ContentBrowserOverview.uasset: 'C:/Program Files/Epic Games/4.9/Engine/Content/Tutorial/Basics/ContentBrowserOverview.uasset' is outside repository
[2015.11.05-10.53.04:773][857]SourceControl: Info fatal: C:/Program Files/Epic Games/4.9/Engine/Content/Tutorial/Basics/TutorialAssets/CameraActor_64x.uasset: 'C:/Program Files/Epic Games/4.9/Engine/Content/Tutorial/Basics/TutorialAssets/CameraActor_64x.uasset' is outside repository
[2015.11.05-10.53.04:773][857]SourceControl: Info fatal: C:/Program Files/Epic Games/4.9/Engine/Content/Tutorial/BlueprintTutorials/BlueprintEditorTutorial.uasset: 'C:/Program Files/Epic Games/4.9/Engine/Content/Tutorial/BlueprintTutorials/BlueprintEditorTutorial.uasset' is outside repository
[2015.11.05-10.53.04:773][857]SourceControl: Info fatal: C:/Program Files/Epic Games/4.9/Engine/Content/Tutorial/BlueprintTutorials/TutorialAssets/BlueprintFunctionLibrary_64x.uasset: 'C:/Program Files/Epic Games/4.9/Engine/Content/Tutorial/BlueprintTutorials/TutorialAssets/BlueprintFunctionLibrary_64x.uasset' is outside repository
[2015.11.05-10.53.04:774][857]SourceControl: Info fatal: C:/Program Files/Epic Games/4.9/Engine/Content/Tutorial/Code/AddingCode.uasset: 'C:/Program Files/Epic Games/4.9/Engine/Content/Tutorial/Code/AddingCode.uasset' is outside repository
[2015.11.05-10.53.04:774][857]SourceControl: Info fatal: C:/Program Files/Epic Games/4.9/Engine/Content/Tutorial/Foliage/FoliageWalkThrough.uasset: 'C:/Program Files/Epic Games/4.9/Engine/Content/Tutorial/Foliage/FoliageWalkThrough.uasset' is outside repository
[2015.11.05-10.53.04:774][857]SourceControl: Info fatal: C:/Program Files/Epic Games/4.9/Engine/Content/Tutorial/Foliage/TutorialAssets/Foliage.uasset: 'C:/Program Files/Epic Games/4.9/Engine/Content/Tutorial/Foliage/TutorialAssets/Foliage.uasset' is outside repository
[2015.11.05-10.53.04:774][857]SourceControl: Info fatal: C:/Program Files/Epic Games/4.9/Engine/Content/Tutorial/Installation/InstallingVisualStudioTutorial.uasset: 'C:/Program Files/Epic Games/4.9/Engine/Content/Tutorial/Installation/InstallingVisualStudioTutorial.uasset' is outside repository
[2015.11.05-10.53.04:774][857]SourceControl: Info fatal: C:/Program Files/Epic Games/4.9/Engine/Content/Tutorial/InWorldBlueprintEditing/IWBE_Tutorial.uasset: 'C:/Program Files/Epic Games/4.9/Engine/Content/Tutorial/InWorldBlueprintEditing/IWBE_Tutorial.uasset' is outside repository
[2015.11.05-10.53.04:774][857]SourceControl: Info fatal: C:/Program Files/Epic Games/4.9/Engine/Content/Tutorial/InWorldBlueprintEditing/TutorialAssets/IWBE_Blutility.uasset: 'C:/Program Files/Epic Games/4.9/Engine/Content/Tutorial/InWorldBlueprintEditing/TutorialAssets/IWBE_Blutility.uasset' is outside repository
[2015.11.05-10.53.04:774][857]SourceControl: Info fatal: C:/Program Files/Epic Games/4.9/Engine/Content/Tutorial/Landscape/LandscapeWalkThrough.uasset: 'C:/Program Files/Epic Games/4.9/Engine/Content/Tutorial/Landscape/LandscapeWalkThrough.uasset' is outside repository
[2015.11.05-10.53.04:774][857]SourceControl: Info fatal: C:/Program Files/Epic Games/4.9/Engine/Content/Tutorial/Landscape/TutorialAssets/Landscape.uasset: 'C:/Program Files/Epic Games/4.9/Engine/Content/Tutorial/Landscape/TutorialAssets/Landscape.uasset' is outside repository
[2015.11.05-10.53.04:774][857]SourceControl: Info fatal: C:/Program Files/Epic Games/4.9/Engine/Content/Tutorial/Mobile/CreatingSigningCertAndProvisionTutorial.uasset: 'C:/Program Files/Epic Games/4.9/Engine/Content/Tutorial/Mobile/CreatingSigningCertAndProvisionTutorial.uasset' is outside repository
[2015.11.05-10.53.04:774][857]SourceControl: Info fatal: C:/Program Files/Epic Games/4.9/Engine/Content/Tutorial/Mobile/TutorialAssets/android_Icon.uasset: 'C:/Program Files/Epic Games/4.9/Engine/Content/Tutorial/Mobile/TutorialAssets/android_Icon.uasset' is outside repository
[2015.11.05-10.53.04:774][857]SourceControl: Info fatal: C:/Program Files/Epic Games/4.9/Engine/Content/Tutorial/Paper2D/FlipbookEditorTutorial.uasset: 'C:/Program Files/Epic Games/4.9/Engine/Content/Tutorial/Paper2D/FlipbookEditorTutorial.uasset' is outside repository
[2015.11.05-10.53.04:774][857]SourceControl: Info fatal: C:/Program Files/Epic Games/4.9/Engine/Content/Tutorial/Paper2D/TutorialAssets/Paper2DFlipbook_TutorialIcon.uasset: 'C:/Program Files/Epic Games/4.9/Engine/Content/Tutorial/Paper2D/TutorialAssets/Paper2DFlipbook_TutorialIcon.uasset' is outside repository
[2015.11.05-10.53.04:774][857]SourceControl: Info fatal: C:/Program Files/Epic Games/4.9/Engine/Content/Tutorial/SubEditors/DestructibleMeshEditorTutorial.uasset: 'C:/Program Files/Epic Games/4.9/Engine/Content/Tutorial/SubEditors/DestructibleMeshEditorTutorial.uasset' is outside repository
[2015.11.05-10.53.04:774][857]SourceControl: Info fatal: C:/Program Files/Epic Games/4.9/Engine/Content/Tutorial/SubEditors/TutorialAssets/icon_Editor_Preferences_General_40x.uasset: 'C:/Program Files/Epic Games/4.9/Engine/Content/Tutorial/SubEditors/TutorialAssets/icon_Editor_Preferences_General_40x.uasset' is outside repository
[2015.11.05-10.53.04:774][857]SourceControl: Info fatal: C:/Program Files/Epic Games/4.9/Engine/Content/Tutorial/SubEditors/TutorialAssets/Character/NewBlendSpace1D.uasset: 'C:/Program Files/Epic Games/4.9/Engine/Content/Tutorial/SubEditors/TutorialAssets/Character/NewBlendSpace1D.uasset' is outside repository
[2015.11.05-10.53.04:774][857]SourceControl: Info fatal: C:/Program Files/Epic Games/4.9/Engine/Plugins/2D/Paper2D/Content/DefaultLitSpriteMaterial.uasset: 'C:/Program Files/Epic Games/4.9/Engine/Plugins/2D/Paper2D/Content/DefaultLitSpriteMaterial.uasset' is outside repository
[2015.11.05-10.53.04:774][857]SourceControl: Info fatal: C:/Program Files/Epic Games/4.9/Engine/Plugins/2D/Paper2D/Content/PlaceholderTextures/DummySpriteTexture.uasset: 'C:/Program Files/Epic Games/4.9/Engine/Plugins/2D/Paper2D/Content/PlaceholderTextures/DummySpriteTexture.uasset' is outside repository
[2015.11.05-10.53.04:774][857]SourceControl: Info fatal: C:/Program Files/Epic Games/4.9/Engine/Plugins/Runtime/LeapMotionController/Content/LM_CapsuleMesh.uasset: 'C:/Program Files/Epic Games/4.9/Engine/Plugins/Runtime/LeapMotionController/Content/LM_CapsuleMesh.uasset' is outside repository
[2015.11.05-10.53.04:774][857]SourceControl: Info fatal: C:/Program Files/Epic Games/4.9/Engine/Content/: 'C:/Program Files/Epic Games/4.9/Engine/Content/' is outside repository
[2015.11.05-10.53.20:842][857]LogSourceControl: FGitCheckInWorker: commit successful
[2015.11.05-10.53.20:886][857]SourceControl: Info [master 71824ec] la til en kjegle
[2015.11.05-10.53.20:886][857]SourceControl: Info  1 file changed, 0 insertions(+), 0 deletions(-)
[2015.11.05-10.53.20:892][857]SourceControl: Info Commited [master 71824ec] la til en kjegle.
[2015.11.05-11.07.27:584][894]LogEditorViewport: Clicking on Actor (LMB): StaticMeshActor (Cone)
[2015.11.05-11.09.13:717][648]SourceControl: Info On branch master
[2015.11.05-11.09.13:717][648]SourceControl: Info Your branch is up-to-date with 'origin/master'.
[2015.11.05-11.09.13:717][648]SourceControl: Info Changes not staged for commit:
[2015.11.05-11.09.13:717][648]SourceControl: Info   (use "git add <file>..." to update what will be committed)
[2015.11.05-11.09.13:717][648]SourceControl: Info   (use "git checkout -- <file>..." to discard changes in working directory)
[2015.11.05-11.09.13:717][648]SourceControl: Info 	modified:   ProsjektOppgave/Intermediate/CachedAssetRegistry.bin
[2015.11.05-11.09.13:717][648]SourceControl: Info 	modified:   ProsjektOppgave/Intermediate/Config/CoalescedSourceConfigs/Engine.ini
[2015.11.05-11.09.13:717][648]SourceControl: Info 	modified:   ProsjektOppgave/Intermediate/Config/CoalescedSourceConfigs/Game.ini
[2015.11.05-11.09.13:717][648]SourceControl: Info 	modified:   ProsjektOppgave/Saved/AutoScreenshot.png
[2015.11.05-11.09.13:717][648]SourceControl: Info 	modified:   ProsjektOppgave/Saved/Config/Windows/EditorPerProjectUserSettings.ini
[2015.11.05-11.09.13:717][648]SourceControl: Info 	modified:   ProsjektOppgave/Saved/Config/Windows/Engine.ini
[2015.11.05-11.09.13:717][648]SourceControl: Info 	modified:   ProsjektOppgave/Saved/Config/Windows/SourceControlSettings.ini
[2015.11.05-11.09.13:717][648]SourceControl: Info 	modified:   ProsjektOppgave/Saved/Logs/ProsjektOppgave.log
[2015.11.05-11.09.13:717][648]SourceControl: Info Untracked files:
[2015.11.05-11.09.13:718][648]SourceControl: Info   (use "git add <file>..." to include in what will be committed)
[2015.11.05-11.09.13:718][648]SourceControl: Info 	ProsjektOppgave/Saved/Backup/FirstPersonExampleMap_2015-11-05-11-52-46.umap
[2015.11.05-11.09.13:718][648]SourceControl: Info 	ProsjektOppgave/Saved/Logs/ProsjektOppgave-backup-2015.11.02-23.13.45.log
[2015.11.05-11.09.13:718][648]SourceControl: Info 	ProsjektOppgave/Saved/Logs/ProsjektOppgave-backup-2015.11.05-11.51.29.log
[2015.11.05-11.09.13:718][648]SourceControl: Info no changes added to commit (use "git add" and/or "git commit -a")
[2015.11.05-11.29.23:516][551]LogActorComponent: UnregisterComponent: (/Engine/Transient.ProjectileMovementComponent_40__A6522401) Not registered. Aborting.
[2015.11.05-11.29.23:516][551]LogActorComponent: UnregisterComponent: (/Engine/Transient.CharMoveComp) Not registered. Aborting.
[2015.11.05-11.29.23:519][551]LogActorComponent: UnregisterComponent: (/Engine/Transient.MovementComponent0) Not registered. Aborting.
[2015.11.05-11.29.23:872][551]LogWindowsTextInputMethodSystem:Display: IME system now deactivated.
[2015.11.05-11.29.23:872][551]LogWindowsTextInputMethodSystem:Display: IME system now deactivated.
[2015.11.05-11.29.24:435][552]Cmd: QUIT_EDITOR
[2015.11.05-11.29.24:918][552]LogExit: Preparing to exit.
[2015.11.05-11.29.26:537][552]LogExit: Editor shut down
[2015.11.05-11.29.26:539][552]LogExit: Transaction tracking system shut down
[2015.11.05-11.29.26:545][552]LogParticles: Destroying 0 GPU particle simulations for FXSystem 0x000000150C13BBA0
[2015.11.05-11.29.26:590][552]LogParticles: Destroying 0 GPU particle simulations for FXSystem 0x000000150B45AD40
[2015.11.05-11.29.26:592][552]LogParticles: Destroying 0 GPU particle simulations for FXSystem 0x0000001524473880
[2015.11.05-11.29.26:593][552]LogParticles: Destroying 0 GPU particle simulations for FXSystem 0x0000001524504900
[2015.11.05-11.29.27:750][552]LogParticles: Destroying 0 GPU particle simulations for FXSystem 0x000000153118B4C0
[2015.11.05-11.29.27:750][552]LogExit: Object subsystem successfully closed.
[2015.11.05-11.29.27:829][552]LogD3D11RHI: Shutdown
[2015.11.05-11.29.27:829][552]LogD3D11RHI: CleanupD3DDevice
[2015.11.05-11.29.28:076][552]LogD3D11RHI: ~FD3D11DynamicRHI
[2015.11.05-11.29.28:171][552]LogModuleManager: Shutting down and abandoning module CrashTracker (197)
[2015.11.05-11.29.28:171][552]LogModuleManager: Shutting down and abandoning module SceneOutliner (196)
[2015.11.05-11.29.28:171][552]LogModuleManager: Shutting down and abandoning module SuperSearch (195)
[2015.11.05-11.29.28:171][552]LogModuleManager: Shutting down and abandoning module WidgetCarousel (194)
[2015.11.05-11.29.28:171][552]LogModuleManager: Shutting down and abandoning module AddContentDialog (193)
[2015.11.05-11.29.28:177][552]LogModuleManager: Shutting down and abandoning module EditorWidgets (192)
[2015.11.05-11.29.28:177][552]LogModuleManager: Shutting down and abandoning module CollectionManager (191)
[2015.11.05-11.29.28:178][552]LogModuleManager: Shutting down and abandoning module StatsViewer (190)
[2015.11.05-11.29.28:179][552]LogModuleManager: Shutting down and abandoning module FoliageEdit (189)
[2015.11.05-11.29.28:180][552]LogModuleManager: Shutting down and abandoning module LandscapeEditor (188)
[2015.11.05-11.29.28:183][552]LogModuleManager: Shutting down and abandoning module ActorPickerMode (187)
[2015.11.05-11.29.28:183][552]LogModuleManager: Shutting down and abandoning module GeometryMode (186)
[2015.11.05-11.29.28:183][552]LogModuleManager: Shutting down and abandoning module TextureAlignMode (185)
[2015.11.05-11.29.28:183][552]LogModuleManager: Shutting down and abandoning module BspMode (184)
[2015.11.05-11.29.28:183][552]LogModuleManager: Shutting down and abandoning module PlacementMode (183)
[2015.11.05-11.29.28:183][552]LogModuleManager: Shutting down and abandoning module AutomationWorker (182)
[2015.11.05-11.29.28:183][552]LogModuleManager: Shutting down and abandoning module CharacterAI (181)
[2015.11.05-11.29.28:183][552]LogModuleManager: Shutting down and abandoning module SmartSnapping (180)
[2015.11.05-11.29.28:183][552]LogModuleManager: Shutting down and abandoning module ViewportSnapping (179)
[2015.11.05-11.29.28:183][552]LogModuleManager: Shutting down and abandoning module LogVisualizer (178)
[2015.11.05-11.29.28:185][552]LogModuleManager: Shutting down and abandoning module GameProjectGeneration (177)
[2015.11.05-11.29.28:185][552]LogModuleManager: Shutting down and abandoning module IntroTutorials (176)
[2015.11.05-11.29.28:187][552]LogModuleManager: Shutting down and abandoning module EditorLiveStreaming (175)
[2015.11.05-11.29.28:187][552]LogModuleManager: Shutting down and abandoning module IOSPlatformEditor (174)
[2015.11.05-11.29.28:188][552]LogModuleManager: Shutting down and abandoning module HTML5PlatformEditor (173)
[2015.11.05-11.29.28:188][552]LogModuleManager: Shutting down and abandoning module AndroidDeviceDetection (172)
[2015.11.05-11.29.29:005][552]LogModuleManager: Shutting down and abandoning module AndroidPlatformEditor (171)
[2015.11.05-11.29.29:005][552]LogModuleManager: Shutting down and abandoning module IOSRuntimeSettings (170)
[2015.11.05-11.29.29:005][552]LogModuleManager: Shutting down and abandoning module AndroidRuntimeSettings (169)
[2015.11.05-11.29.29:005][552]LogModuleManager: Shutting down and abandoning module MergeActors (168)
[2015.11.05-11.29.29:007][552]LogModuleManager: Shutting down and abandoning module SizeMap (167)
[2015.11.05-11.29.29:007][552]LogModuleManager: Shutting down and abandoning module TreeMap (166)
[2015.11.05-11.29.29:008][552]LogModuleManager: Shutting down and abandoning module ReferenceViewer (165)
[2015.11.05-11.29.29:008][552]LogModuleManager: Shutting down and abandoning module LocalizationService (164)
[2015.11.05-11.29.29:009][552]LogModuleManager: Shutting down and abandoning module LocalizationDashboard (163)
[2015.11.05-11.29.29:010][552]LogModuleManager: Shutting down and abandoning module HardwareTargeting (162)
[2015.11.05-11.29.29:010][552]LogModuleManager: Shutting down and abandoning module DeviceProfileEditor (161)
[2015.11.05-11.29.29:010][552]LogModuleManager: Shutting down and abandoning module UndoHistory (160)
[2015.11.05-11.29.29:010][552]LogModuleManager: Shutting down and abandoning module GameplayTagsEditor (159)
[2015.11.05-11.29.29:010][552]LogModuleManager: Shutting down and abandoning module UserFeedback (158)
[2015.11.05-11.29.29:010][552]LogModuleManager: Shutting down and abandoning module XmlParser (157)
[2015.11.05-11.29.29:011][552]LogModuleManager: Shutting down and abandoning module Blutility (156)
[2015.11.05-11.29.29:011][552]LogModuleManager: Shutting down and abandoning module ProjectTargetPlatformEditor (155)
[2015.11.05-11.29.29:011][552]LogModuleManager: Shutting down and abandoning module ProjectSettingsViewer (154)
[2015.11.05-11.29.29:011][552]LogModuleManager: Shutting down and abandoning module InputBindingEditor (153)
[2015.11.05-11.29.29:012][552]LogModuleManager: Shutting down and abandoning module EditorSettingsViewer (152)
[2015.11.05-11.29.29:012][552]LogModuleManager: Shutting down and abandoning module SettingsEditor (151)
[2015.11.05-11.29.29:021][552]LogModuleManager: Shutting down and abandoning module ProjectLauncher (150)
[2015.11.05-11.29.29:026][552]LogModuleManager: Shutting down and abandoning module SessionFrontend (149)
[2015.11.05-11.29.29:030][552]LogModuleManager: Shutting down and abandoning module ProfilerClient (148)
[2015.11.05-11.29.29:030][552]LogModuleManager: Shutting down and abandoning module TargetDeviceServices (147)
[2015.11.05-11.29.29:030][552]LogModuleManager: Shutting down and abandoning module DeviceManager (146)
[2015.11.05-11.29.29:040][552]LogModuleManager: Shutting down and abandoning module AutomationController (145)
[2015.11.05-11.29.29:041][552]LogModuleManager: Shutting down and abandoning module AutomationWindow (144)
[2015.11.05-11.29.29:044][552]LogModuleManager: Shutting down and abandoning module Layers (143)
[2015.11.05-11.29.29:052][552]LogModuleManager: Shutting down and abandoning module ComponentVisualizers (142)
[2015.11.05-11.29.29:052][552]LogModuleManager: Shutting down and abandoning module DetailCustomizations (141)
[2015.11.05-11.29.29:053][552]LogModuleManager: Shutting down and abandoning module PackagesDialog (140)
[2015.11.05-11.29.29:056][552]LogModuleManager: Shutting down and abandoning module Persona (139)
[2015.11.05-11.29.29:061][552]LogModuleManager: Shutting down and abandoning module Kismet (138)
[2015.11.05-11.29.29:062][552]LogModuleManager: Shutting down and abandoning module GraphEditor (137)
[2015.11.05-11.29.29:076][552]LogModuleManager: Shutting down and abandoning module ClassViewer (136)
[2015.11.05-11.29.29:077][552]LogModuleManager: Shutting down and abandoning module Toolbox (135)
[2015.11.05-11.29.29:077][552]LogModuleManager: Shutting down and abandoning module ModuleUI (134)
[2015.11.05-11.29.29:078][552]LogModuleManager: Shutting down and abandoning module MovieSceneTools (133)
[2015.11.05-11.29.29:078][552]LogModuleManager: Shutting down and abandoning module OutputLog (132)
[2015.11.05-11.29.29:078][552]LogModuleManager: Shutting down and abandoning module GammaUI (131)
[2015.11.05-11.29.29:079][552]LogModuleManager: Shutting down and abandoning module Documentation (130)
[2015.11.05-11.29.29:079][552]LogModuleManager: Shutting down and abandoning module GameLiveStreaming (129)
[2015.11.05-11.29.29:080][552]LogModuleManager: Shutting down and abandoning module StreamingPauseRendering (128)
[2015.11.05-11.29.29:082][552]LogModuleManager: Shutting down and abandoning module AnalyticsET (127)
[2015.11.05-11.29.29:082][552]LogModuleManager: Shutting down and abandoning module Analytics (126)
[2015.11.05-11.29.29:082][552]LogModuleManager: Shutting down and abandoning module AITestSuite (125)
[2015.11.05-11.29.29:084][552]LogModuleManager: Shutting down and abandoning module GameplayDebugger (124)
[2015.11.05-11.29.29:084][552]LogModuleManager: Shutting down and abandoning module AIModule (123)
[2015.11.05-11.29.29:085][552]LogModuleManager: Shutting down and abandoning module ProfilerService (122)
[2015.11.05-11.29.29:195][552]LogModuleManager: Shutting down and abandoning module TaskGraph (121)
[2015.11.05-11.29.29:197][552]LogModuleManager: Shutting down and abandoning module SlateRemote (120)
[2015.11.05-11.29.29:197][552]LogModuleManager: Shutting down and abandoning module SteamVRController (119)
[2015.11.05-11.29.29:197][552]LogModuleManager: Shutting down and abandoning module SteamVR (118)
[2015.11.05-11.29.29:197][552]LogModuleManager: Shutting down and abandoning module ProceduralMeshComponent (117)
[2015.11.05-11.29.29:197][552]LogModuleManager: Shutting down and abandoning module OculusRift (116)
[2015.11.05-11.29.29:197][552]LogModuleManager: Shutting down and abandoning module OculusLibrary (115)
[2015.11.05-11.29.29:197][552]LogModuleManager: Shutting down and abandoning module LeapMotionController (114)
[2015.11.05-11.29.29:221][552]LogModuleManager: Shutting down and abandoning module CustomMeshComponent (113)
[2015.11.05-11.29.29:222][552]LogModuleManager: Shutting down and abandoning module CableComponent (112)
[2015.11.05-11.29.29:222][552]LogModuleManager: Shutting down and abandoning module ArchVisCharacter (111)
[2015.11.05-11.29.29:222][552]LogModuleManager: Shutting down and abandoning module MessagingDebugger (110)
[2015.11.05-11.29.29:224][552]LogModuleManager: Shutting down and abandoning module MediaPlayerEditor (109)
[2015.11.05-11.29.29:230][552]LogModuleManager: Shutting down and abandoning module HTML5Networking (108)
[2015.11.05-11.29.29:230][552]LogModuleManager: Shutting down and abandoning module SpeedTreeImporter (107)
[2015.11.05-11.29.29:230][552]LogModuleManager: Shutting down and abandoning module PluginBrowser (106)
[2015.11.05-11.29.29:231][552]LogModuleManager: Shutting down and abandoning module EpicSurvey (105)
[2015.11.05-11.29.29:231][552]LogModuleManager: Shutting down and abandoning module DesktopPlatform (104)
[2015.11.05-11.29.29:232][552]LogModuleManager: Shutting down and abandoning module VisualStudioSourceCodeAccess (103)
[2015.11.05-11.29.29:235][552]LogModuleManager: Shutting down and abandoning module UObjectPlugin (102)
[2015.11.05-11.29.29:235][552]LogModuleManager: Shutting down and abandoning module SubversionSourceControl (101)
[2015.11.05-11.29.29:239][552]LogModuleManager: Shutting down and abandoning module PerforceSourceControl (100)
[2015.11.05-11.29.29:240][552]LogModuleManager: Shutting down and abandoning module SourceControl (99)
[2015.11.05-11.29.29:241][552]LogModuleManager: Shutting down and abandoning module GitSourceControl (98)
[2015.11.05-11.29.29:241][552]LogModuleManager: Shutting down and abandoning module LightPropagationVolumeEditor (97)
[2015.11.05-11.29.29:241][552]LogModuleManager: Shutting down and abandoning module PaperTiledImporter (96)
[2015.11.05-11.29.29:241][552]LogModuleManager: Shutting down and abandoning module PaperSpriteSheetImporter (95)
[2015.11.05-11.29.29:243][552]LogModuleManager: Shutting down and abandoning module MeshPaint (94)
[2015.11.05-11.29.29:247][552]LogModuleManager: Shutting down and abandoning module SlateReflector (93)
[2015.11.05-11.29.29:250][552]LogModuleManager: Shutting down and abandoning module HotReload (92)
[2015.11.05-11.29.29:253][552]LogModuleManager: Shutting down and abandoning module MainFrame (91)
[2015.11.05-11.29.29:253][552]LogModuleManager: Shutting down and abandoning module LevelEditor (90)
[2015.11.05-11.29.29:265][552]LogModuleManager: Shutting down and abandoning module DirectoryWatcher (89)
[2015.11.05-11.29.29:268][552]LogModuleManager: Shutting down and abandoning module AssetRegistry (88)
[2015.11.05-11.29.29:381][552]LogModuleManager: Shutting down and abandoning module ContentBrowser (87)
[2015.11.05-11.29.29:382][552]LogModuleManager: Shutting down and abandoning module Paper2DEditor (86)
[2015.11.05-11.29.29:383][552]LogModuleManager: Shutting down and abandoning module UdpMessaging (85)
[2015.11.05-11.29.29:484][552]LogModuleManager: Shutting down and abandoning module LightPropagationVolumeRuntime (84)
[2015.11.05-11.29.29:484][552]LogModuleManager: Shutting down and abandoning module Paper2D (83)
[2015.11.05-11.29.29:486][552]LogModuleManager: Shutting down and abandoning module WindowsMoviePlayer (82)
[2015.11.05-11.29.29:489][552]LogModuleManager: Shutting down and abandoning module Media (81)
[2015.11.05-11.29.29:489][552]LogModuleManager: Shutting down and abandoning module WmfMedia (80)
[2015.11.05-11.29.29:491][552]LogModuleManager: Shutting down and abandoning module OnlineBlueprintSupport (79)
[2015.11.05-11.29.29:491][552]LogModuleManager: Shutting down and abandoning module GameplayTasksEditor (78)
[2015.11.05-11.29.29:491][552]LogModuleManager: Shutting down and abandoning module PropertyEditor (77)
[2015.11.05-11.29.29:491][552]LogModuleManager: Shutting down and abandoning module BehaviorTreeEditor (76)
[2015.11.05-11.29.29:492][552]LogModuleManager: Shutting down and abandoning module FunctionalTesting (75)
[2015.11.05-11.29.29:492][552]LogModuleManager: Shutting down and abandoning module CollisionAnalyzer (74)
[2015.11.05-11.29.29:493][552]LogModuleManager: Shutting down and abandoning module WorkspaceMenuStructure (73)
[2015.11.05-11.29.29:493][552]LogModuleManager: Shutting down and abandoning module MessageLog (72)
[2015.11.05-11.29.29:493][552]LogModuleManager: Shutting down and abandoning module Sequencer (71)
[2015.11.05-11.29.29:495][552]LogModuleManager: Shutting down and abandoning module AssetTools (70)
[2015.11.05-11.29.29:497][552]LogModuleManager: Shutting down and abandoning module UMGEditor (69)
[2015.11.05-11.29.29:498][552]LogModuleManager: Shutting down and abandoning module UMG (68)
[2015.11.05-11.29.29:499][552]LogModuleManager: Shutting down and abandoning module Slate (67)
[2015.11.05-11.29.29:499][552]LogModuleManager: Shutting down and abandoning module EditorStyle (66)
[2015.11.05-11.29.29:507][552]LogModuleManager: Shutting down and abandoning module SessionServices (65)
[2015.11.05-11.29.29:507][552]LogModuleManager: Shutting down and abandoning module SourceCodeAccess (64)
[2015.11.05-11.29.29:507][552]LogModuleManager: Shutting down and abandoning module HeadMountedDisplay (63)
[2015.11.05-11.29.29:507][552]LogModuleManager: Shutting down and abandoning module XAudio2 (62)
[2015.11.05-11.29.29:507][552]LogModuleManager: Shutting down and abandoning module Networking (60)
[2015.11.05-11.29.29:507][552]LogModuleManager: Shutting down and abandoning module Core (59)
[2015.11.05-11.29.29:507][552]LogModuleManager: Shutting down and abandoning module KismetCompiler (58)
[2015.11.05-11.29.29:507][552]LogModuleManager: Shutting down and abandoning module PhysXFormats (57)
[2015.11.05-11.29.29:508][552]LogModuleManager: Shutting down and abandoning module MeshUtilities (56)
[2015.11.05-11.29.29:509][552]LogModuleManager: Shutting down and abandoning module CookingStats (55)
[2015.11.05-11.29.29:517][552]LogModuleManager: Shutting down and abandoning module DerivedDataCache (54)
[2015.11.05-11.29.29:612][552]LogDerivedDataCache: Shutdown
[2015.11.05-11.29.29:612][552]LogModuleManager: Shutting down and abandoning module ShaderFormatOpenGL (53)
[2015.11.05-11.29.29:613][552]LogModuleManager: Shutting down and abandoning module ShaderFormatD3D (52)
[2015.11.05-11.29.29:614][552]LogModuleManager: Shutting down and abandoning module MetalShaderFormat (51)
[2015.11.05-11.29.29:615][552]LogModuleManager: Shutting down and abandoning module TextureFormatUncompressed (50)
[2015.11.05-11.29.29:615][552]LogModuleManager: Shutting down and abandoning module TextureFormatPVR (49)
[2015.11.05-11.29.29:616][552]LogModuleManager: Shutting down and abandoning module TextureFormatIntelISPCTexComp (48)
[2015.11.05-11.29.29:616][552]LogModuleManager: Shutting down and abandoning module TextureFormatDXT (47)
[2015.11.05-11.29.29:617][552]LogModuleManager: Shutting down and abandoning module ImageWrapper (46)
[2015.11.05-11.29.29:617][552]LogModuleManager: Shutting down and abandoning module TextureFormatASTC (45)
[2015.11.05-11.29.29:617][552]LogModuleManager: Shutting down and abandoning module TextureFormatAndroid (44)
[2015.11.05-11.29.29:617][552]LogModuleManager: Shutting down and abandoning module AudioFormatOpus (43)
[2015.11.05-11.29.29:618][552]LogModuleManager: Shutting down and abandoning module AudioFormatOgg (42)
[2015.11.05-11.29.29:618][552]LogModuleManager: Shutting down and abandoning module AudioFormatADPCM (41)
[2015.11.05-11.29.29:619][552]LogModuleManager: Shutting down and abandoning module LinuxTargetPlatform (40)
[2015.11.05-11.29.29:620][552]LogModuleManager: Shutting down and abandoning module LinuxServerTargetPlatform (39)
[2015.11.05-11.29.29:621][552]LogModuleManager: Shutting down and abandoning module LinuxNoEditorTargetPlatform (38)
[2015.11.05-11.29.29:621][552]LogModuleManager: Shutting down and abandoning module Messaging (37)
[2015.11.05-11.29.29:621][552]LogModuleManager: Shutting down and abandoning module IOSTargetPlatform (36)
[2015.11.05-11.29.29:621][552]LogModuleManager: Shutting down and abandoning module HTML5TargetPlatform (35)
[2015.11.05-11.29.29:622][552]LogModuleManager: Shutting down and abandoning module Android_PVRTCTargetPlatform (34)
[2015.11.05-11.29.29:622][552]LogModuleManager: Shutting down and abandoning module Android_ETC2TargetPlatform (33)
[2015.11.05-11.29.29:623][552]LogModuleManager: Shutting down and abandoning module Android_ETC1TargetPlatform (32)
[2015.11.05-11.29.29:623][552]LogModuleManager: Shutting down and abandoning module Android_DXTTargetPlatform (31)
[2015.11.05-11.29.29:623][552]LogModuleManager: Shutting down and abandoning module Android_ATCTargetPlatform (30)
[2015.11.05-11.29.29:624][552]LogModuleManager: Shutting down and abandoning module Android_ASTCTargetPlatform (29)
[2015.11.05-11.29.29:624][552]LogModuleManager: Shutting down and abandoning module AndroidTargetPlatform (28)
[2015.11.05-11.29.29:624][552]LogModuleManager: Shutting down and abandoning module WindowsTargetPlatform (27)
[2015.11.05-11.29.29:625][552]LogModuleManager: Shutting down and abandoning module WindowsServerTargetPlatform (26)
[2015.11.05-11.29.29:626][552]LogModuleManager: Shutting down and abandoning module WindowsNoEditorTargetPlatform (25)
[2015.11.05-11.29.29:626][552]LogModuleManager: Shutting down and abandoning module WindowsClientTargetPlatform (24)
[2015.11.05-11.29.29:627][552]LogModuleManager: Shutting down and abandoning module AllDesktopTargetPlatform (23)
[2015.11.05-11.29.29:627][552]LogModuleManager: Shutting down and abandoning module TargetPlatform (22)
[2015.11.05-11.29.29:628][552]LogModuleManager: Shutting down and abandoning module InputCore (21)
[2015.11.05-11.29.29:628][552]LogModuleManager: Shutting down and abandoning module Settings (20)
[2015.11.05-11.29.29:628][552]LogModuleManager: Shutting down and abandoning module OnlineSubsystem (18)
[2015.11.05-11.29.29:628][552]LogModuleManager: Shutting down and abandoning module HTTP (17)
[2015.11.05-11.29.31:639][552]LogModuleManager: Shutting down and abandoning module XMPP (16)
[2015.11.05-11.29.31:647][552]LogModuleManager: Shutting down and abandoning module ExampleDeviceProfileSelector (15)
[2015.11.05-11.29.31:647][552]LogModuleManager: Shutting down and abandoning module TextureCompressor (14)
[2015.11.05-11.29.31:653][552]LogModuleManager: Shutting down and abandoning module ShaderCore (13)
[2015.11.05-11.29.31:653][552]LogModuleManager: Shutting down and abandoning module Landscape (12)
[2015.11.05-11.29.31:653][552]LogModuleManager: Shutting down and abandoning module SlateRHIRenderer (11)
[2015.11.05-11.29.31:684][552]LogModuleManager: Shutting down and abandoning module OpenGLDrv (10)
[2015.11.05-11.29.31:689][552]LogModuleManager: Shutting down and abandoning module D3D11RHI (9)
[2015.11.05-11.29.31:689][552]LogModuleManager: Shutting down and abandoning module AnimGraphRuntime (8)
[2015.11.05-11.29.31:689][552]LogModuleManager: Shutting down and abandoning module Renderer (7)
[2015.11.05-11.29.31:689][552]LogModuleManager: Shutting down and abandoning module Engine (6)
[2015.11.05-11.29.31:690][552]LogModuleManager: Shutting down and abandoning module CoreUObject (5)
[2015.11.05-11.29.31:690][552]LogModuleManager: Shutting down and abandoning module NetworkFile (4)
[2015.11.05-11.29.31:693][552]LogModuleManager: Shutting down and abandoning module StreamingFile (3)
[2015.11.05-11.29.31:696][552]LogModuleManager: Shutting down and abandoning module SandboxFile (2)
[2015.11.05-11.29.31:697][552]LogModuleManager: Shutting down and abandoning module PakFile (1)
[2015.11.05-11.29.31:706][552]LogExit: Exiting.
[2015.11.05-11.29.31:801][552]Log file closed, 11/05/15 12:29:31
