[2015.11.05-11.40.57:418][  0]Log file open, 11/05/15 12:40:57
[2015.11.05-11.40.57:418][  0]LogInit:Display: Running engine for game: ProsjektOppgave
[2015.11.05-11.40.57:418][  0]LogInit:Display: RandInit(1751475020) SRandInit(1751475020).
[2015.11.05-11.40.57:418][  0]LogTaskGraph: Started task graph with 4 named threads and 5 total threads.
[2015.11.05-11.40.57:418][  0]LogStats: Stats thread started at 0.057719
[2015.11.05-11.40.57:418][  0]LogInit: Version: 4.9.2-2707645+++depot+UE4-Releases+4.9
[2015.11.05-11.40.57:418][  0]LogInit: API Version: 2672455
[2015.11.05-11.40.57:418][  0]LogInit: Compiled (64-bit): Sep 28 2015 10:25:44
[2015.11.05-11.40.57:418][  0]LogInit: Compiled with Visual C++: 18.00.21005.01
[2015.11.05-11.40.57:418][  0]LogInit: Build Configuration: Development
[2015.11.05-11.40.57:418][  0]LogInit: Branch Name: ++depot+UE4-Releases+4.9
[2015.11.05-11.40.57:418][  0]LogInit: Command line:  
[2015.11.05-11.40.57:419][  0]LogInit: Base directory: C:/Program Files/Epic Games/4.9/Engine/Binaries/Win64/
[2015.11.05-11.40.57:419][  0]LogInit: Rocket: 1
[2015.11.05-11.40.57:432][  0]LogInit: Using libcurl 7.41.0
[2015.11.05-11.40.57:432][  0]LogInit:  - built for x86_64-pc-win32
[2015.11.05-11.40.57:432][  0]LogInit:  - supports SSL with WinSSL
[2015.11.05-11.40.57:432][  0]LogInit:  - other features:
[2015.11.05-11.40.57:432][  0]LogInit:      CURL_VERSION_SSL
[2015.11.05-11.40.57:432][  0]LogInit:      CURL_VERSION_IPV6
[2015.11.05-11.40.57:432][  0]LogInit:      CURL_VERSION_ASYNCHDNS
[2015.11.05-11.40.57:432][  0]LogInit:      CURL_VERSION_LARGEFILE
[2015.11.05-11.40.57:432][  0]LogInit:      CURL_VERSION_IDN
[2015.11.05-11.40.57:432][  0]LogInit:  CurlRequestOptions (configurable via config and command line):
[2015.11.05-11.40.57:432][  0]LogInit:  - bVerifyPeer = true  - Libcurl will verify peer certificate
[2015.11.05-11.40.57:432][  0]LogInit:  - bUseHttpProxy = false  - Libcurl will NOT use HTTP proxy
[2015.11.05-11.40.57:432][  0]LogInit:  - bDontReuseConnections = false  - Libcurl will reuse connections
[2015.11.05-11.40.57:432][  0]LogInit:  - CertBundlePath = nullptr  - Libcurl will use whatever was configured at build time.
[2015.11.05-11.40.57:441][  0]LogInit: Presizing for 0 objects not considered by GC, pre-allocating 0 bytes.
[2015.11.05-11.40.57:452][  0]LogInit: Object subsystem initialized
[2015.11.05-11.40.57:455][  0]LogInit: Selected Device Profile: [Windows]
[2015.11.05-11.40.57:455][  0]LogInit: Applying CVar settings loaded from the selected device profile: [Windows]
[2015.11.05-11.40.57:465][  0]LogInit: Computer: LUCAS
[2015.11.05-11.40.57:465][  0]LogInit: User: Line
[2015.11.05-11.40.57:465][  0]LogInit: CPU Page size=4096, Cores=2
[2015.11.05-11.40.57:465][  0]LogInit: High frequency timer resolution =2.435870 MHz
[2015.11.05-11.40.57:465][  0]LogMemory: Memory total: Physical=3.9GB (4GB approx)
[2015.11.05-11.40.57:465][  0]LogMemory: Platform Memory Stats for Windows
[2015.11.05-11.40.57:465][  0]LogMemory: Process Physical Memory: 52.21 MB used, 52.21 MB peak
[2015.11.05-11.40.57:465][  0]LogMemory: Process Virtual Memory: 56.80 MB used, 56.80 MB peak
[2015.11.05-11.40.57:465][  0]LogMemory: Physical Memory: 1775.24 MB used, 3975.27 MB total
[2015.11.05-11.40.57:465][  0]LogMemory: Virtual Memory: 346.79 MB used, 8388608.00 MB total
[2015.11.05-11.40.57:509][  0]LogTextLocalizationManager: No translations for ('nb-NO') exist, falling back to 'en' for localization and internationalization data.
[2015.11.05-11.40.58:544][  0]LogD3D11RHI: Found D3D11 adapter 0: Intel(R) HD Graphics 4000 (Feature Level 11_0)
[2015.11.05-11.40.58:544][  0]LogD3D11RHI: Adapter has 32MB of dedicated video memory, 0MB of dedicated system memory, and 1731MB of shared system memory, 1 output[s]
[2015.11.05-11.40.58:545][  0]LogD3D11RHI: Found D3D11 adapter 1: Microsoft Basic Render Driver (Feature Level 11_0)
[2015.11.05-11.40.58:545][  0]LogD3D11RHI: Adapter has 0MB of dedicated video memory, 0MB of dedicated system memory, and 256MB of shared system memory, 0 output[s]
[2015.11.05-11.40.58:545][  0]LogD3D11RHI: Chosen D3D11 Adapter Id = 0
[2015.11.05-11.40.58:555][  0]LogD3D11RHI: !Direct3DDevice
[2015.11.05-11.40.58:555][  0]LogRHI: Texture pool is 628 MB (70% of 897 MB)
[2015.11.05-11.40.58:558][  0]LogD3D11RHI: Async texture creation enabled
[2015.11.05-11.40.58:562][  0]LogShaderCompilers: Guid format shader working directory is 14 characters bigger than the processId version (../../../../../../Users/Whee_/Documents/GitHub/Prosjekt/ProsjektOppgave/Intermediate/Shaders/WorkingDirectory/44604/).
[2015.11.05-11.40.58:562][  0]LogShaderCompilers: Cleaned the shader compiler working directory '../../../../../../Users/Whee_/Documents/GitHub/Prosjekt/ProsjektOppgave/Intermediate/Shaders/tmp/02281CEC451828ACAB079C9DD232FB84/'.
[2015.11.05-11.40.58:562][  0]LogShaderCompilers:Display: Using Local Shader Compiler.
[2015.11.05-11.40.59:893][  0]LogTemp:Display: Loaded TP AllDesktopTargetPlatform
[2015.11.05-11.40.59:900][  0]LogTemp:Display: Loaded TP WindowsClientTargetPlatform
[2015.11.05-11.40.59:906][  0]LogTemp:Display: Loaded TP WindowsNoEditorTargetPlatform
[2015.11.05-11.40.59:912][  0]LogTemp:Display: Loaded TP WindowsServerTargetPlatform
[2015.11.05-11.40.59:918][  0]LogTemp:Display: Loaded TP WindowsTargetPlatform
[2015.11.05-11.40.59:922][  0]LogTemp:Display: Loaded TP AndroidTargetPlatform
[2015.11.05-11.40.59:927][  0]LogTemp:Display: Loaded TP Android_ASTCTargetPlatform
[2015.11.05-11.40.59:931][  0]LogTemp:Display: Loaded TP Android_ATCTargetPlatform
[2015.11.05-11.40.59:935][  0]LogTemp:Display: Loaded TP Android_DXTTargetPlatform
[2015.11.05-11.40.59:939][  0]LogTemp:Display: Loaded TP Android_ETC1TargetPlatform
[2015.11.05-11.40.59:943][  0]LogTemp:Display: Loaded TP Android_ETC2TargetPlatform
[2015.11.05-11.40.59:947][  0]LogTemp:Display: Loaded TP Android_PVRTCTargetPlatform
[2015.11.05-11.40.59:948][  0]LogTemp:Display: Loaded TP HTML5TargetPlatform
[2015.11.05-11.40.59:967][  0]LogTemp:Display: Loaded TP IOSTargetPlatform
[2015.11.05-11.40.59:970][  0]LogTemp:Display: Loaded TP LinuxNoEditorTargetPlatform
[2015.11.05-11.40.59:974][  0]LogTemp:Display: Loaded TP LinuxServerTargetPlatform
[2015.11.05-11.40.59:979][  0]LogTemp:Display: Loaded TP LinuxTargetPlatform
[2015.11.05-11.40.59:979][  0]LogTargetPlatformManager:Display: Building Assets For Windows
[2015.11.05-11.41.00:078][  0]LogDerivedDataCache:Display: Max Cache Size: 512 MB
[2015.11.05-11.41.00:125][  0]LogDerivedDataCache: Loaded boot cache 0.05s 41MB C:/Users/Whee_/AppData/Local/UnrealEngine/4.9/DerivedDataCache/Boot.ddc.
[2015.11.05-11.41.00:125][  0]LogDerivedDataCache:Display: Loaded Boot cache: C:/Users/Whee_/AppData/Local/UnrealEngine/4.9/DerivedDataCache/Boot.ddc
[2015.11.05-11.41.00:126][  0]LogDerivedDataCache: FDerivedDataBackendGraph:  Pak pak cache file ../../../../../../Users/Whee_/Documents/GitHub/Prosjekt/ProsjektOppgave/DerivedDataCache/DDC.ddp not found, will not use a pak cache.
[2015.11.05-11.41.00:126][  0]LogDerivedDataCache: Unable to find inner node Pak for hierarchical cache Hierarchy.
[2015.11.05-11.41.00:126][  0]LogDerivedDataCache: FDerivedDataBackendGraph:  CompressedPak pak cache file ../../../../../../Users/Whee_/Documents/GitHub/Prosjekt/ProsjektOppgave/DerivedDataCache/Compressed.ddp not found, will not use a pak cache.
[2015.11.05-11.41.00:126][  0]LogDerivedDataCache: Unable to find inner node CompressedPak for hierarchical cache Hierarchy.
[2015.11.05-11.41.00:298][  0]LogDerivedDataCache:Display: Pak cache opened for reading ../../../Engine/DerivedDataCache/Compressed.ddp.
[2015.11.05-11.41.00:310][  0]LogDerivedDataCache: Using Local data cache path C:/Users/Whee_/AppData/Local/UnrealEngine/Common/DerivedDataCache: Writable
[2015.11.05-11.41.00:529][  0]LogInit: Selected Device Profile: [Windows]
[2015.11.05-11.41.00:532][  0]LogContentStreaming: Texture pool size is 0.000000MB
[2015.11.05-11.41.00:677][  0]LogMeshUtilities: No automatic mesh reduction module available
[2015.11.05-11.41.00:677][  0]LogMeshUtilities: No automatic mesh merging module available
[2015.11.05-11.41.01:037][  0]LogInit: WinSock: version 1.1 (2.2), MaxSocks=32767, MaxUdp=65467
[2015.11.05-11.41.01:870][  0]UdpMessaging: Initializing bridge on interface 0.0.0.0:0 to multicast group 230.0.0.1:6666.
[2015.11.05-11.41.02:018][  0]LogAssetRegistry: FAssetRegistry took 0.0105 seconds to start up
[2015.11.05-11.41.02:227][  0]SourceControl: Info Source control is disabled
[2015.11.05-11.41.02:643][  0]LogLinker:Warning: Asset '../../../Engine/Plugins/Runtime/LeapMotionController/Content/LM_PassthroughMaterial.uasset' has been saved with empty engine version. The asset will be loaded but may be incompatible.
[2015.11.05-11.41.02:735][  0]LogObj: 28361 objects as part of root set at end of initial load.
[2015.11.05-11.41.02:735][  0]LogUObjectAllocator: 6038864 out of 0 bytes used by permanent object pool.
[2015.11.05-11.41.02:798][  0]LogEngine: Initializing Engine...
[2015.11.05-11.41.02:800][  0]OCULUS: Info: 11/05/15 11:41:02: [CAPI] LibOVR module is located at C:\windows\SYSTEM32\LibOVRRT64_0_7.dll

[2015.11.05-11.41.03:402][  0]OCULUS: Error: 11/05/15 11:41:03: [CAPI] ovr_Create failed to complete within the timeout period.
[2015.11.05-11.41.03:404][  0]LogHMD: SteamVR failed to initialize.  Err: 110
[2015.11.05-11.41.03:574][  0]LogAIModule: Creating AISystem for world NewWorld
[2015.11.05-11.41.03:579][  0]LogInit: XAudio2 using 'Speakers (Conexant SmartAudio HD)' : 2 channels at 44.1 kHz using 16 bits per sample (channel mask 0x3)
[2015.11.05-11.41.03:615][  0]LogInit: FAudioDevice initialized.
[2015.11.05-11.41.03:646][  0]LogDerivedDataCache: Saved boot cache 0.03s 41MB C:/Users/Whee_/AppData/Local/UnrealEngine/4.9/DerivedDataCache/Boot.ddc.
[2015.11.05-11.41.03:650][  0]LogInit: Texture streaming: Enabled
[2015.11.05-11.41.03:657][  0]LogAnalytics: Creating configured Analytics provider AnalyticsET
[2015.11.05-11.41.03:657][  0]LogAnalytics: [UEEditor.Rocket.Release] APIServer = http://et2.epicgames.com/ET2/. AppVersion = 4.9.2-2707645+++depot+UE4-Releases+4.9
[2015.11.05-11.41.03:657][  0]LogAnalytics: [UEEditor.Rocket.Release] SetUserId f561287e41ff3d116c7a7699f14da7ee|a7a6d39b5d594607b59aba67a0c46619|be6aa348-2436-4090-89d7-26d79fda43dd
[2015.11.05-11.41.03:657][  0]LogAnalytics: [UEEditor.Rocket.Release] AnalyticsET::StartSession
[2015.11.05-11.41.03:686][  0]LogWindowsTextInputMethodSystem:Display: IME system now deactivated.
[2015.11.05-11.41.03:686][  0]LogWindowsTextInputMethodSystem:Display: IME system now deactivated.
[2015.11.05-11.41.03:696][  0]LogInit: Transaction tracking system initialized
[2015.11.05-11.41.03:734][  0]BlueprintLog: New page: Editor Load
[2015.11.05-11.41.03:861][  0]LocalizationService: Info Localization service is disabled
[2015.11.05-11.41.03:966][  0]LogConsoleResponse:Display: 
[2015.11.05-11.41.04:124][  0]LogCook:Display: Done creating registry. It took  0.00s.
[2015.11.05-11.41.04:298][  0]LogFileCache: Scanning file cache for directory 'C:/Users/Whee_/Documents/GitHub/Prosjekt/ProsjektOppgave/Content/' took 0.02s
[2015.11.05-11.41.04:298][  0]Cmd: MAP LOAD FILE="../../../../../../Users/Whee_/Documents/GitHub/Prosjekt/ProsjektOppgave/Content/FirstPersonBP/Maps/FirstPersonExampleMap.umap" TEMPLATE=0 SHOWPROGRESS=1 FEATURELEVEL=3
[2015.11.05-11.41.04:299][  0]LightingResults: New page: Lighting Build
[2015.11.05-11.41.04:302][  0]MapCheck: New page: Map Check
[2015.11.05-11.41.04:302][  0]LightingResults: New page: Lighting Build
[2015.11.05-11.41.04:321][  0]LogParticles: Destroying 0 GPU particle simulations for FXSystem 0x000000752FCEA160
[2015.11.05-11.41.04:324][  0]LogLinker:Warning: Asset '../../../../../../Users/Whee_/Documents/GitHub/Prosjekt/ProsjektOppgave/Content/Mannequin/Animations/ThirdPersonIdle.uasset' has been saved with empty engine version. The asset will be loaded but may be incompatible.
[2015.11.05-11.41.04:516][  0]LogLinker:Warning: Asset '../../../../../../Users/Whee_/Documents/GitHub/Prosjekt/ProsjektOppgave/Content/FirstPersonBP/Blueprints/FirstPersonProjectile.uasset' has been saved with empty engine version. The asset will be loaded but may be incompatible.
[2015.11.05-11.41.04:519][  0]LogLinker:Warning: Asset '../../../../../../Users/Whee_/Documents/GitHub/Prosjekt/ProsjektOppgave/Content/FirstPerson/Meshes/FirstPersonProjectileMesh.uasset' has been saved with empty engine version. The asset will be loaded but may be incompatible.
[2015.11.05-11.41.05:234][  0]LogTexture:Display: Building textures: HQ_Lightmap0_1 (AutoDXT)
[2015.11.05-11.41.06:800][  0]LogTexture:Display: Building textures: HQ_Lightmap0_2 (AutoDXT)
[2015.11.05-11.41.07:992][  0]LogTexture:Display: Building textures: HQ_Lightmap0_3 (AutoDXT)
[2015.11.05-11.41.08:880][  0]LogTexture:Display: Building textures: HQ_Lightmap0_4 (AutoDXT)
[2015.11.05-11.41.09:969][  0]LogTexture:Display: Building textures: HQ_Lightmap0_5 (AutoDXT)
[2015.11.05-11.41.10:968][  0]LogTexture:Display: Building textures: HQ_Lightmap0_6 (AutoDXT)
[2015.11.05-11.41.11:857][  0]LogTexture:Display: Building textures: HQ_Lightmap0_7 (AutoDXT)
[2015.11.05-11.41.13:168][  0]LogTexture:Display: Building textures: HQ_Lightmap0_8 (AutoDXT)
[2015.11.05-11.41.13:225][  0]LogTexture:Display: Building textures: LQ_Lightmap_0_1 (DXT1)
[2015.11.05-11.41.13:607][  0]LogTexture:Display: Building textures: LQ_Lightmap_0_2 (DXT1)
[2015.11.05-11.41.14:060][  0]LogTexture:Display: Building textures: LQ_Lightmap_0_3 (DXT1)
[2015.11.05-11.41.14:461][  0]LogTexture:Display: Building textures: LQ_Lightmap_0_4 (DXT1)
[2015.11.05-11.41.14:931][  0]LogTexture:Display: Building textures: LQ_Lightmap_0_5 (DXT1)
[2015.11.05-11.41.15:381][  0]LogTexture:Display: Building textures: LQ_Lightmap_0_6 (DXT1)
[2015.11.05-11.41.15:942][  0]LogTexture:Display: Building textures: LQ_Lightmap_0_7 (DXT1)
[2015.11.05-11.41.16:274][  0]LogTexture:Display: Building textures: LQ_Lightmap_0_8 (DXT1)
[2015.11.05-11.41.16:301][  0]LogTexture:Display: Building textures: SkyOcclusion0_1 (AutoDXT)
[2015.11.05-11.41.16:769][  0]LogTexture:Display: Building textures: SkyOcclusion0_2 (AutoDXT)
[2015.11.05-11.41.17:545][  0]LogTexture:Display: Building textures: SkyOcclusion0_3 (AutoDXT)
[2015.11.05-11.41.17:972][  0]LogTexture:Display: Building textures: SkyOcclusion0_4 (AutoDXT)
[2015.11.05-11.41.18:445][  0]LogTexture:Display: Building textures: SkyOcclusion0_5 (AutoDXT)
[2015.11.05-11.41.18:933][  0]LogTexture:Display: Building textures: SkyOcclusion0_6 (AutoDXT)
[2015.11.05-11.41.19:498][  0]LogTexture:Display: Building textures: SkyOcclusion0_7 (AutoDXT)
[2015.11.05-11.41.20:133][  0]LogTexture:Display: Building textures: SkyOcclusion1_8 (AutoDXT)
[2015.11.05-11.41.20:153][  0]LogTexture:Display: Building textures: ShadowMapTexture2D_0 (G8)
[2015.11.05-11.41.20:276][  0]LogTexture:Display: Building textures: ShadowMapTexture2D_1 (G8)
[2015.11.05-11.41.20:397][  0]LogTexture:Display: Building textures: ShadowMapTexture2D_16 (G8)
[2015.11.05-11.41.20:406][  0]LogTexture:Display: Building textures: ShadowMapTexture2D_2 (G8)
[2015.11.05-11.41.20:523][  0]LogTexture:Display: Building textures: ShadowMapTexture2D_3 (G8)
[2015.11.05-11.41.20:636][  0]LogTexture:Display: Building textures: ShadowMapTexture2D_4 (G8)
[2015.11.05-11.41.20:751][  0]LogTexture:Display: Building textures: ShadowMapTexture2D_5 (G8)
[2015.11.05-11.41.20:864][  0]LogTexture:Display: Building textures: ShadowMapTexture2D_6 (G8)
[2015.11.05-11.41.20:972][  0]LogTexture:Display: Building textures: ShadowMapTexture2D_8 (G8)
[2015.11.05-11.41.21:152][  0]LogAIModule: Creating AISystem for world FirstPersonExampleMap
[2015.11.05-11.41.21:173][  0]LogEditorServer: Finished looking for orphan Actors (0.000 secs)
[2015.11.05-11.41.21:173][  0]Cmd: MAP CHECKDEP NOCLEARLOG
[2015.11.05-11.41.21:244][  0]MapCheck: Info Map check complete: 0 Error(s), 0 Warning(s), took 70.535ms to complete.
[2015.11.05-11.41.21:244][  0]LogFileHelpers: Loading map 'FirstPersonExampleMap' took 16.945
[2015.11.05-11.41.21:435][  0]LogCollectionManager: Loaded 0 collections in 0.002222 seconds
[2015.11.05-11.41.21:501][  0]LogFileCache: Scanning file cache for directory 'C:/Users/Whee_/Documents/GitHub/Prosjekt/ProsjektOppgave/Saved/Collections/' took 0.01s
[2015.11.05-11.41.21:501][  0]LogFileCache: Scanning file cache for directory 'C:/Users/Whee_/Documents/GitHub/Prosjekt/ProsjektOppgave/Content/Developers/Line/Collections/' took 0.01s
[2015.11.05-11.41.21:501][  0]LogFileCache: Scanning file cache for directory 'C:/Users/Whee_/Documents/GitHub/Prosjekt/ProsjektOppgave/Content/Collections/' took 0.01s
[2015.11.05-11.41.21:501][  0]LogContentBrowser: Native class hierarchy populated in 0.0289 seconds. Added 1867 classes and 333 folders.
[2015.11.05-11.41.21:512][  0]LogCollectionManager: Rebuilt the GUID cache for 0 collections in 0.000005 seconds
[2015.11.05-11.41.21:527][  0]LogContentBrowser: Native class hierarchy updated for 'WidgetCarousel' in 0.0007 seconds. Added 0 classes and 0 folders.
[2015.11.05-11.41.21:590][  0]LogContentBrowser: Native class hierarchy updated for 'AddContentDialog' in 0.0004 seconds. Added 0 classes and 0 folders.
[2015.11.05-11.41.21:594][  0]LogContentBrowser: Native class hierarchy updated for 'SceneOutliner' in 0.0004 seconds. Added 1 classes and 2 folders.
[2015.11.05-11.41.21:622][  0]LogCrashTracker: Crashtracker disabled due to settings.
[2015.11.05-11.41.21:627][  0]LogUObjectGlobals:Warning: Failed to find object 'Class None.'
[2015.11.05-11.41.21:650][  0]LogLoad: Full Startup: 24.89 seconds (BP compile: 0.19 seconds)
[2015.11.05-11.41.21:756][  0]SourceControl: Info On branch master
[2015.11.05-11.41.21:756][  0]SourceControl: Info Your branch is up-to-date with 'origin/master'.
[2015.11.05-11.41.21:756][  0]SourceControl: Info Changes not staged for commit:
[2015.11.05-11.41.21:756][  0]SourceControl: Info   (use "git add <file>..." to update what will be committed)
[2015.11.05-11.41.21:756][  0]SourceControl: Info   (use "git checkout -- <file>..." to discard changes in working directory)
[2015.11.05-11.41.21:756][  0]SourceControl: Info 	modified:   ProsjektOppgave/Intermediate/CachedAssetRegistry.bin
[2015.11.05-11.41.21:756][  0]SourceControl: Info 	modified:   ProsjektOppgave/Intermediate/Config/CoalescedSourceConfigs/Engine.ini
[2015.11.05-11.41.21:757][  0]SourceControl: Info 	modified:   ProsjektOppgave/Intermediate/Config/CoalescedSourceConfigs/Game.ini
[2015.11.05-11.41.21:757][  0]SourceControl: Info 	modified:   ProsjektOppgave/Saved/AutoScreenshot.png
[2015.11.05-11.41.21:757][  0]SourceControl: Info 	modified:   ProsjektOppgave/Saved/Autosaves/PackageRestoreData.json
[2015.11.05-11.41.21:757][  0]SourceControl: Info 	modified:   ProsjektOppgave/Saved/Config/Windows/EditorPerProjectUserSettings.ini
[2015.11.05-11.41.21:757][  0]SourceControl: Info 	modified:   ProsjektOppgave/Saved/Config/Windows/Engine.ini
[2015.11.05-11.41.21:757][  0]SourceControl: Info 	modified:   ProsjektOppgave/Saved/Config/Windows/SourceControlSettings.ini
[2015.11.05-11.41.21:757][  0]SourceControl: Info 	modified:   ProsjektOppgave/Saved/Logs/ProsjektOppgave.log
[2015.11.05-11.41.21:757][  0]SourceControl: Info Untracked files:
[2015.11.05-11.41.21:757][  0]SourceControl: Info   (use "git add <file>..." to include in what will be committed)
[2015.11.05-11.41.21:757][  0]SourceControl: Info 	ProsjektOppgave/Saved/Backup/FirstPersonExampleMap_2015-11-05-11-52-46.umap
[2015.11.05-11.41.21:757][  0]SourceControl: Info 	ProsjektOppgave/Saved/Logs/ProsjektOppgave-backup-2015.11.02-23.13.45.log
[2015.11.05-11.41.21:757][  0]SourceControl: Info 	ProsjektOppgave/Saved/Logs/ProsjektOppgave-backup-2015.11.05-11.51.29.log
[2015.11.05-11.41.21:758][  0]SourceControl: Info 	ProsjektOppgave/Saved/Logs/ProsjektOppgave-backup-2015.11.05-12.37.02.log
[2015.11.05-11.41.21:758][  0]SourceControl: Info 	ProsjektOppgave/Saved/Logs/ProsjektOppgave-backup-2015.11.05-12.40.57.log
[2015.11.05-11.41.21:758][  0]SourceControl: Info no changes added to commit (use "git add" and/or "git commit -a")
[2015.11.05-11.41.21:758][  0]LogContentStreaming: Texture pool size now 1000 MB
[2015.11.05-11.41.21:974][  0]LogRenderer: Reallocating scene render targets to support 1016x520 (Frame:2).
[2015.11.05-11.41.25:471][  8]LogAssetRegistry: Asset discovery search completed in 23.4636 seconds
[2015.11.05-11.41.25:471][  8]LogCollectionManager: Rebuilt the object cache for 0 collections in 0.000001 seconds (found 0 objects)
[2015.11.05-11.41.25:471][  8]LogCollectionManager: Fixed up redirectors for 0 collections in 0.000040 seconds (updated 0 objects)
[2015.11.05-11.43.12:456][518]LogEditorViewport: Clicking on Actor (LMB): FirstPersonCharacter_C (FirstPersonCharacter)
[2015.11.05-11.43.18:885][580]LogEditorViewport: Clicking on Actor (LMB): FirstPersonCharacter_C (FirstPersonCharacter)
[2015.11.05-11.43.19:050][580]LogEditorViewport: Clicking on Component (LMB): SkeletalMeshComponent (Mesh2P)
[2015.11.05-11.43.23:672][696]LogLinker:Warning: Asset '../../../Engine/Content/ArtTools/RenderToTexture/Macros/RenderToTextureMacros.uasset' has been saved with empty engine version. The asset will be loaded but may be incompatible.
[2015.11.05-11.43.24:853][696]LogContentBrowser: Native class hierarchy updated for 'BlueprintGraph' in 0.0016 seconds. Added 107 classes and 0 folders.
[2015.11.05-11.43.44:110][ 64]LogAnimation:Warning: AnimBP FirstPerson_AnimBP_C is incompatible with skeleton UE4_Mannequin_Skeleton, removing AnimBP from actor.
[2015.11.05-11.43.44:113][ 64]LogAnimation:Warning: AnimBP FirstPerson_AnimBP_C is incompatible with skeleton UE4_Mannequin_Skeleton, removing AnimBP from actor.
[2015.11.05-11.43.44:113][ 64]LogAnimation:Warning: AnimBP FirstPerson_AnimBP_C is incompatible with skeleton UE4_Mannequin_Skeleton, removing AnimBP from actor.
[2015.11.05-11.44.04:900][348]LogSlate:Warning: Prevented a slow task dialog from being summoned while a context menu was open
[2015.11.05-11.44.04:913][348]LogLinker:Warning: Asset '../../../../../../Users/Whee_/Documents/GitHub/Prosjekt/ProsjektOppgave/Content/Mannequin/Animations/ThirdPerson_AnimBP.uasset' has been saved with empty engine version. The asset will be loaded but may be incompatible.
[2015.11.05-11.44.04:918][348]LogLinker:Warning: Asset '../../../../../../Users/Whee_/Documents/GitHub/Prosjekt/ProsjektOppgave/Content/Mannequin/Animations/ThirdPerson_Jump.uasset' has been saved with empty engine version. The asset will be loaded but may be incompatible.
[2015.11.05-11.44.04:922][348]LogLinker:Warning: Asset '../../../../../../Users/Whee_/Documents/GitHub/Prosjekt/ProsjektOppgave/Content/Mannequin/Animations/ThirdPersonJump_Loop.uasset' has been saved with empty engine version. The asset will be loaded but may be incompatible.
[2015.11.05-11.44.04:925][348]LogLinker:Warning: Asset '../../../../../../Users/Whee_/Documents/GitHub/Prosjekt/ProsjektOppgave/Content/Mannequin/Animations/ThirdPersonJump_Start.uasset' has been saved with empty engine version. The asset will be loaded but may be incompatible.
[2015.11.05-11.44.04:929][348]LogLinker:Warning: Asset '../../../../../../Users/Whee_/Documents/GitHub/Prosjekt/ProsjektOppgave/Content/Mannequin/Animations/ThirdPerson_IdleRun_2D.uasset' has been saved with empty engine version. The asset will be loaded but may be incompatible.
[2015.11.05-11.44.04:930][348]LogLinker:Warning: Asset '../../../../../../Users/Whee_/Documents/GitHub/Prosjekt/ProsjektOppgave/Content/Mannequin/Animations/ThirdPersonRun.uasset' has been saved with empty engine version. The asset will be loaded but may be incompatible.
[2015.11.05-11.44.04:933][348]LogLinker:Warning: Asset '../../../../../../Users/Whee_/Documents/GitHub/Prosjekt/ProsjektOppgave/Content/Mannequin/Animations/ThirdPersonWalk.uasset' has been saved with empty engine version. The asset will be loaded but may be incompatible.
[2015.11.05-11.44.07:302][363]LogRenderer: Reallocating scene render targets to support 1048x568 (Frame:2109).
[2015.11.05-11.47.11:699][500]LogSavePackage: Save=286.471375ms
[2015.11.05-11.47.11:699][500]LogSavePackage: Moving '../../../../../../Users/Whee_/Documents/GitHub/Prosjekt/ProsjektOppgave/Saved/FirstPersonCharacter1812C18146BDB69A14B52DACFED42A9D.tmp' to '../../../../../../Users/Whee_/Documents/GitHub/Prosjekt/ProsjektOppgave/Content/FirstPersonBP/Blueprints/FirstPersonCharacter.uasset'
[2015.11.05-11.47.11:703][500]LogSavePackage: Total save time: 306.417830ms
[2015.11.05-11.47.11:703][500]LogSavePackage:Warning: Finished SavePackage ../../../../../../Users/Whee_/Documents/GitHub/Prosjekt/ProsjektOppgave/Content/FirstPersonBP/Blueprints/FirstPersonCharacter.uasset
[2015.11.05-11.47.15:917][528]LogSavePackage: Save=145.532806ms
[2015.11.05-11.47.15:917][528]LogSavePackage: Moving '../../../../../../Users/Whee_/Documents/GitHub/Prosjekt/ProsjektOppgave/Saved/FirstPersonCharacter3703C4324FF620234644D38B206C5413.tmp' to '../../../../../../Users/Whee_/Documents/GitHub/Prosjekt/ProsjektOppgave/Content/FirstPersonBP/Blueprints/FirstPersonCharacter.uasset'
[2015.11.05-11.47.15:920][528]LogSavePackage: Total save time: 149.514135ms
[2015.11.05-11.47.15:920][528]LogSavePackage:Warning: Finished SavePackage ../../../../../../Users/Whee_/Documents/GitHub/Prosjekt/ProsjektOppgave/Content/FirstPersonBP/Blueprints/FirstPersonCharacter.uasset
[2015.11.05-11.47.20:768][562]BlueprintLog: New page: Compile FirstPersonCharacter
[2015.11.05-11.47.21:161][562]LogActorComponent: UnregisterComponent: (/Engine/Transient.CharMoveComp) Not registered. Aborting.
[2015.11.05-11.47.21:448][562]BlueprintEditorCompileResults: Info [0384.69] Compile of FirstPersonCharacter successful! [in 676 ms]
[2015.11.05-11.47.23:399][573]LogSavePackage: Save=198.266327ms
[2015.11.05-11.47.23:399][573]LogSavePackage: Moving '../../../../../../Users/Whee_/Documents/GitHub/Prosjekt/ProsjektOppgave/Saved/FirstPersonCharacter65E452D941BCD6C894BA3D86EA4AA746.tmp' to '../../../../../../Users/Whee_/Documents/GitHub/Prosjekt/ProsjektOppgave/Content/FirstPersonBP/Blueprints/FirstPersonCharacter.uasset'
[2015.11.05-11.47.23:401][573]LogSavePackage: Total save time: 203.609798ms
[2015.11.05-11.47.23:401][573]LogSavePackage:Warning: Finished SavePackage ../../../../../../Users/Whee_/Documents/GitHub/Prosjekt/ProsjektOppgave/Content/FirstPersonBP/Blueprints/FirstPersonCharacter.uasset
[2015.11.05-11.47.28:382][670]LogActorComponent: UnregisterComponent: (/Engine/Transient.CharMoveComp) Not registered. Aborting.
[2015.11.05-11.47.35:560][670]LogSavePackage: Save=7008.569824ms
[2015.11.05-11.47.35:560][670]LogSavePackage: Moving '../../../../../../Users/Whee_/Documents/GitHub/Prosjekt/ProsjektOppgave/Saved/FirstPersonExampleMap9AF55B4B4149BC35FD4C3BBD085C24E3.tmp' to '../../../../../../Users/Whee_/Documents/GitHub/Prosjekt/ProsjektOppgave/Content/FirstPersonBP/Maps/FirstPersonExampleMap.umap'
[2015.11.05-11.47.35:567][670]LogSavePackage: Total save time: 7126.439426ms
[2015.11.05-11.47.35:567][670]LogSavePackage:Warning: Finished SavePackage ../../../../../../Users/Whee_/Documents/GitHub/Prosjekt/ProsjektOppgave/Content/FirstPersonBP/Maps/FirstPersonExampleMap.umap
[2015.11.05-11.47.35:619][670]LogFileHelpers: Saving map 'FirstPersonExampleMap' took 7.349
[2015.11.05-11.47.51:243][840]SourceControl: Info fatal: C:/Program Files/Epic Games/4.9/Engine/Content/ArtTools/RenderToTexture/Blueprints/PhysMesh.uasset: 'C:/Program Files/Epic Games/4.9/Engine/Content/ArtTools/RenderToTexture/Blueprints/PhysMesh.uasset' is outside repository
[2015.11.05-11.47.51:243][840]SourceControl: Info fatal: C:/Program Files/Epic Games/4.9/Engine/Content/ArtTools/RenderToTexture/Enums/EFloatTypes.uasset: 'C:/Program Files/Epic Games/4.9/Engine/Content/ArtTools/RenderToTexture/Enums/EFloatTypes.uasset' is outside repository
[2015.11.05-11.47.51:243][840]SourceControl: Info fatal: C:/Program Files/Epic Games/4.9/Engine/Content/ArtTools/RenderToTexture/Macros/RenderToTextureMacros.uasset: 'C:/Program Files/Epic Games/4.9/Engine/Content/ArtTools/RenderToTexture/Macros/RenderToTextureMacros.uasset' is outside repository
[2015.11.05-11.47.51:243][840]SourceControl: Info fatal: C:/Program Files/Epic Games/4.9/Engine/Content/ArtTools/RenderToTexture/MaterialFunctions/BoundingSphereBased_0-1_UVW.uasset: 'C:/Program Files/Epic Games/4.9/Engine/Content/ArtTools/RenderToTexture/MaterialFunctions/BoundingSphereBased_0-1_UVW.uasset' is outside repository
[2015.11.05-11.47.51:244][840]SourceControl: Info fatal: C:/Program Files/Epic Games/4.9/Engine/Content/ArtTools/RenderToTexture/Materials/MPC_R2T.uasset: 'C:/Program Files/Epic Games/4.9/Engine/Content/ArtTools/RenderToTexture/Materials/MPC_R2T.uasset' is outside repository
[2015.11.05-11.47.51:244][840]SourceControl: Info fatal: C:/Program Files/Epic Games/4.9/Engine/Content/ArtTools/RenderToTexture/Materials/Debug/M_2sidedLit.uasset: 'C:/Program Files/Epic Games/4.9/Engine/Content/ArtTools/RenderToTexture/Materials/Debug/M_2sidedLit.uasset' is outside repository
[2015.11.05-11.47.51:244][840]SourceControl: Info fatal: C:/Program Files/Epic Games/4.9/Engine/Content/ArtTools/RenderToTexture/Materials/Flipbooks/M_FlipBookCounter_01.uasset: 'C:/Program Files/Epic Games/4.9/Engine/Content/ArtTools/RenderToTexture/Materials/Flipbooks/M_FlipBookCounter_01.uasset' is outside repository
[2015.11.05-11.47.51:244][840]SourceControl: Info fatal: C:/Program Files/Epic Games/4.9/Engine/Content/ArtTools/RenderToTexture/Materials/Imposters/M_ImposterTest_01.uasset: 'C:/Program Files/Epic Games/4.9/Engine/Content/ArtTools/RenderToTexture/Materials/Imposters/M_ImposterTest_01.uasset' is outside repository
[2015.11.05-11.47.51:244][840]SourceControl: Info fatal: C:/Program Files/Epic Games/4.9/Engine/Content/ArtTools/RenderToTexture/Meshes/ShadowTestMesh.uasset: 'C:/Program Files/Epic Games/4.9/Engine/Content/ArtTools/RenderToTexture/Meshes/ShadowTestMesh.uasset' is outside repository
[2015.11.05-11.47.51:244][840]SourceControl: Info fatal: C:/Program Files/Epic Games/4.9/Engine/Content/ArtTools/RenderToTexture/Textures/127grey.uasset: 'C:/Program Files/Epic Games/4.9/Engine/Content/ArtTools/RenderToTexture/Textures/127grey.uasset' is outside repository
[2015.11.05-11.47.51:244][840]SourceControl: Info fatal: C:/Program Files/Epic Games/4.9/Engine/Content/ArtTools/RenderToTexture/Textures/FlipbookMotionVectors/Position1.uasset: 'C:/Program Files/Epic Games/4.9/Engine/Content/ArtTools/RenderToTexture/Textures/FlipbookMotionVectors/Position1.uasset' is outside repository
[2015.11.05-11.47.51:244][840]SourceControl: Info fatal: C:/Program Files/Epic Games/4.9/Engine/Content/BasicShapes/BasicShapeMaterial.uasset: 'C:/Program Files/Epic Games/4.9/Engine/Content/BasicShapes/BasicShapeMaterial.uasset' is outside repository
[2015.11.05-11.47.51:244][840]SourceControl: Info fatal: C:/Program Files/Epic Games/4.9/Engine/Content/BufferVisualization/AmbientOcclusion.uasset: 'C:/Program Files/Epic Games/4.9/Engine/Content/BufferVisualization/AmbientOcclusion.uasset' is outside repository
[2015.11.05-11.47.51:244][840]SourceControl: Info fatal: C:/Program Files/Epic Games/4.9/Engine/Content/Editor/Slate/Icons/AssetIcons/Cone_16x.uasset: 'C:/Program Files/Epic Games/4.9/Engine/Content/Editor/Slate/Icons/AssetIcons/Cone_16x.uasset' is outside repository
[2015.11.05-11.47.51:244][840]SourceControl: Info fatal: C:/Program Files/Epic Games/4.9/Engine/Content/EditorBlueprintResources/ActorMacros.uasset: 'C:/Program Files/Epic Games/4.9/Engine/Content/EditorBlueprintResources/ActorMacros.uasset' is outside repository
[2015.11.05-11.47.51:244][840]SourceControl: Info fatal: C:/Program Files/Epic Games/4.9/Engine/Content/EditorKismetResources/StandardMacros.uasset: 'C:/Program Files/Epic Games/4.9/Engine/Content/EditorKismetResources/StandardMacros.uasset' is outside repository
[2015.11.05-11.47.51:244][840]SourceControl: Info fatal: C:/Program Files/Epic Games/4.9/Engine/Content/EditorLandscapeResources/AlphaBrushMaterial.uasset: 'C:/Program Files/Epic Games/4.9/Engine/Content/EditorLandscapeResources/AlphaBrushMaterial.uasset' is outside repository
[2015.11.05-11.47.51:244][840]SourceControl: Info fatal: C:/Program Files/Epic Games/4.9/Engine/Content/EditorMaterials/Anchor.uasset: 'C:/Program Files/Epic Games/4.9/Engine/Content/EditorMaterials/Anchor.uasset' is outside repository
[2015.11.05-11.47.51:244][840]SourceControl: Info fatal: C:/Program Files/Epic Games/4.9/Engine/Content/EditorMaterials/TreeArrow_ExpandedRealtimePreview.uasset: 'C:/Program Files/Epic Games/4.9/Engine/Content/EditorMaterials/TreeArrow_ExpandedRealtimePreview.uasset' is outside repository
[2015.11.05-11.47.51:244][840]SourceControl: Info fatal: C:/Program Files/Epic Games/4.9/Engine/Content/EditorMaterials/Cascade/CASC_BackgroundCube_MAT.uasset: 'C:/Program Files/Epic Games/4.9/Engine/Content/EditorMaterials/Cascade/CASC_BackgroundCube_MAT.uasset' is outside repository
[2015.11.05-11.47.51:244][840]SourceControl: Info fatal: C:/Program Files/Epic Games/4.9/Engine/Content/EditorMaterials/Matinee/MAT_EnableTrack_Mat.uasset: 'C:/Program Files/Epic Games/4.9/Engine/Content/EditorMaterials/Matinee/MAT_EnableTrack_Mat.uasset' is outside repository
[2015.11.05-11.47.51:245][840]SourceControl: Info fatal: C:/Program Files/Epic Games/4.9/Engine/Content/EditorMaterials/MatineeGroups/MAT_ColorTrack.uasset: 'C:/Program Files/Epic Games/4.9/Engine/Content/EditorMaterials/MatineeGroups/MAT_ColorTrack.uasset' is outside repository
[2015.11.05-11.47.51:245][840]SourceControl: Info fatal: C:/Program Files/Epic Games/4.9/Engine/Content/EditorMaterials/ParticleSystems/PSysThumbnail_NoImage.uasset: 'C:/Program Files/Epic Games/4.9/Engine/Content/EditorMaterials/ParticleSystems/PSysThumbnail_NoImage.uasset' is outside repository
[2015.11.05-11.47.51:245][840]SourceControl: Info fatal: C:/Program Files/Epic Games/4.9/Engine/Content/EditorMaterials/Thumbnails/FloorPlaneMaterial.uasset: 'C:/Program Files/Epic Games/4.9/Engine/Content/EditorMaterials/Thumbnails/FloorPlaneMaterial.uasset' is outside repository
[2015.11.05-11.47.51:245][840]SourceControl: Info fatal: C:/Program Files/Epic Games/4.9/Engine/Content/EditorMaterials/Utilities/ImageReflectionPreview.uasset: 'C:/Program Files/Epic Games/4.9/Engine/Content/EditorMaterials/Utilities/ImageReflectionPreview.uasset' is outside repository
[2015.11.05-11.47.51:245][840]SourceControl: Info fatal: C:/Program Files/Epic Games/4.9/Engine/Content/EditorMeshes/AnimTreeEd_PreviewFloor.uasset: 'C:/Program Files/Epic Games/4.9/Engine/Content/EditorMeshes/AnimTreeEd_PreviewFloor.uasset' is outside repository
[2015.11.05-11.47.51:245][840]SourceControl: Info fatal: C:/Program Files/Epic Games/4.9/Engine/Content/EditorMeshes/Cascade/BackgroundCube.uasset: 'C:/Program Files/Epic Games/4.9/Engine/Content/EditorMeshes/Cascade/BackgroundCube.uasset' is outside repository
[2015.11.05-11.47.51:245][840]SourceControl: Info fatal: C:/Program Files/Epic Games/4.9/Engine/Content/EditorMeshes/ColorCalibrator/M_ChromeBall.uasset: 'C:/Program Files/Epic Games/4.9/Engine/Content/EditorMeshes/ColorCalibrator/M_ChromeBall.uasset' is outside repository
[2015.11.05-11.47.51:245][840]SourceControl: Info fatal: C:/Program Files/Epic Games/4.9/Engine/Content/EditorMeshes/SkeletalMesh/DefaultSkeletalMesh.uasset: 'C:/Program Files/Epic Games/4.9/Engine/Content/EditorMeshes/SkeletalMesh/DefaultSkeletalMesh.uasset' is outside repository
[2015.11.05-11.47.51:245][840]SourceControl: Info fatal: C:/Program Files/Epic Games/4.9/Engine/Content/EditorResources/Ai_Spawnpoint.uasset: 'C:/Program Files/Epic Games/4.9/Engine/Content/EditorResources/Ai_Spawnpoint.uasset' is outside repository
[2015.11.05-11.47.51:245][840]SourceControl: Info fatal: C:/Program Files/Epic Games/4.9/Engine/Content/EditorResources/S_Trigger.uasset: 'C:/Program Files/Epic Games/4.9/Engine/Content/EditorResources/S_Trigger.uasset' is outside repository
[2015.11.05-11.47.51:245][840]SourceControl: Info fatal: C:/Program Files/Epic Games/4.9/Engine/Content/EditorResources/AI/S_NavLink.uasset: 'C:/Program Files/Epic Games/4.9/Engine/Content/EditorResources/AI/S_NavLink.uasset' is outside repository
[2015.11.05-11.47.51:245][840]SourceControl: Info fatal: C:/Program Files/Epic Games/4.9/Engine/Content/EditorResources/AudioIcons/S_Ambient_Sound_Moveable.uasset: 'C:/Program Files/Epic Games/4.9/Engine/Content/EditorResources/AudioIcons/S_Ambient_Sound_Moveable.uasset' is outside repository
[2015.11.05-11.47.51:245][840]SourceControl: Info fatal: C:/Program Files/Epic Games/4.9/Engine/Content/EditorResources/Crowd/T_Crowd_Spline.uasset: 'C:/Program Files/Epic Games/4.9/Engine/Content/EditorResources/Crowd/T_Crowd_Spline.uasset' is outside repository
[2015.11.05-11.47.51:245][840]SourceControl: Info fatal: C:/Program Files/Epic Games/4.9/Engine/Content/EditorResources/LightIcons/Light_Point_Stationary_Statics.uasset: 'C:/Program Files/Epic Games/4.9/Engine/Content/EditorResources/LightIcons/Light_Point_Stationary_Statics.uasset' is outside repository
[2015.11.05-11.47.51:245][840]SourceControl: Info fatal: C:/Program Files/Epic Games/4.9/Engine/Content/EditorResources/Spline/T_Loft_Spline.uasset: 'C:/Program Files/Epic Games/4.9/Engine/Content/EditorResources/Spline/T_Loft_Spline.uasset' is outside repository
[2015.11.05-11.47.51:245][840]SourceControl: Info fatal: C:/Program Files/Epic Games/4.9/Engine/Content/EditorShapes/Materials/MI_ShapeInstance.uasset: 'C:/Program Files/Epic Games/4.9/Engine/Content/EditorShapes/Materials/MI_ShapeInstance.uasset' is outside repository
[2015.11.05-11.47.51:245][840]SourceControl: Info fatal: C:/Program Files/Epic Games/4.9/Engine/Content/EditorShapes/Textures/T_ShapeDiffuse.uasset: 'C:/Program Files/Epic Games/4.9/Engine/Content/EditorShapes/Textures/T_ShapeDiffuse.uasset' is outside repository
[2015.11.05-11.47.51:245][840]SourceControl: Info fatal: C:/Program Files/Epic Games/4.9/Engine/Content/EditorShellMaterials/MI_BaseFlat.uasset: 'C:/Program Files/Epic Games/4.9/Engine/Content/EditorShellMaterials/MI_BaseFlat.uasset' is outside repository
[2015.11.05-11.47.51:245][840]SourceControl: Info fatal: C:/Program Files/Epic Games/4.9/Engine/Content/EditorShellMaterials/ManualUVs/MI_BaseGrid_MUV.uasset: 'C:/Program Files/Epic Games/4.9/Engine/Content/EditorShellMaterials/ManualUVs/MI_BaseGrid_MUV.uasset' is outside repository
[2015.11.05-11.47.51:245][840]SourceControl: Info fatal: C:/Program Files/Epic Games/4.9/Engine/Content/EditorShellMaterials/SketchUp/MI_BaseGrid_WUV_SketchUp.uasset: 'C:/Program Files/Epic Games/4.9/Engine/Content/EditorShellMaterials/SketchUp/MI_BaseGrid_WUV_SketchUp.uasset' is outside repository
[2015.11.05-11.47.51:245][840]SourceControl: Info fatal: C:/Program Files/Epic Games/4.9/Engine/Content/EditorShellMaterials/WorldUVs/MI_BaseGrid_WUV.uasset: 'C:/Program Files/Epic Games/4.9/Engine/Content/EditorShellMaterials/WorldUVs/MI_BaseGrid_WUV.uasset' is outside repository
[2015.11.05-11.47.51:245][840]SourceControl: Info fatal: C:/Program Files/Epic Games/4.9/Engine/Content/EditorSounds/GamePreview/EjectFromPlayer.uasset: 'C:/Program Files/Epic Games/4.9/Engine/Content/EditorSounds/GamePreview/EjectFromPlayer.uasset' is outside repository
[2015.11.05-11.47.51:246][840]SourceControl: Info fatal: C:/Program Files/Epic Games/4.9/Engine/Content/EditorSounds/Notifications/CompileFailed.uasset: 'C:/Program Files/Epic Games/4.9/Engine/Content/EditorSounds/Notifications/CompileFailed.uasset' is outside repository
[2015.11.05-11.47.51:246][840]SourceControl: Info fatal: C:/Program Files/Epic Games/4.9/Engine/Content/EngineAnimNotifies/AnimNotify_PlayParticleEffect.uasset: 'C:/Program Files/Epic Games/4.9/Engine/Content/EngineAnimNotifies/AnimNotify_PlayParticleEffect.uasset' is outside repository
[2015.11.05-11.47.51:246][840]SourceControl: Info fatal: C:/Program Files/Epic Games/4.9/Engine/Content/EngineDamageTypes/DmgTypeBP_Environmental.uasset: 'C:/Program Files/Epic Games/4.9/Engine/Content/EngineDamageTypes/DmgTypeBP_Environmental.uasset' is outside repository
[2015.11.05-11.47.51:246][840]SourceControl: Info fatal: C:/Program Files/Epic Games/4.9/Engine/Content/EngineDebugMaterials/BlackUnlitMaterial.uasset: 'C:/Program Files/Epic Games/4.9/Engine/Content/EngineDebugMaterials/BlackUnlitMaterial.uasset' is outside repository
[2015.11.05-11.47.51:246][840]SourceControl: Info fatal: C:/Program Files/Epic Games/4.9/Engine/Content/EngineDebugMaterials/LightingModels/M_TextureDefinedSpecularReflecti.uasset: 'C:/Program Files/Epic Games/4.9/Engine/Content/EngineDebugMaterials/LightingModels/M_TextureDefinedSpecularReflecti.uasset' is outside repository
[2015.11.05-11.47.51:246][840]SourceControl: Info fatal: C:/Program Files/Epic Games/4.9/Engine/Content/EngineFonts/Roboto.uasset: 'C:/Program Files/Epic Games/4.9/Engine/Content/EngineFonts/Roboto.uasset' is outside repository
[2015.11.05-11.47.51:246][840]SourceControl: Info fatal: C:/Program Files/Epic Games/4.9/Engine/Content/EngineLightProfiles/180Degree_IES.uasset: 'C:/Program Files/Epic Games/4.9/Engine/Content/EngineLightProfiles/180Degree_IES.uasset' is outside repository
[2015.11.05-11.47.51:246][840]SourceControl: Info fatal: C:/Program Files/Epic Games/4.9/Engine/Content/EngineMaterials/AntiAliasedTextMaterialTranslucent.uasset: 'C:/Program Files/Epic Games/4.9/Engine/Content/EngineMaterials/AntiAliasedTextMaterialTranslucent.uasset' is outside repository
[2015.11.05-11.47.51:246][840]SourceControl: Info fatal: C:/Program Files/Epic Games/4.9/Engine/Content/EngineMaterials/RandomMirrorDisc.uasset: 'C:/Program Files/Epic Games/4.9/Engine/Content/EngineMaterials/RandomMirrorDisc.uasset' is outside repository
[2015.11.05-11.47.51:246][840]SourceControl: Info fatal: C:/Program Files/Epic Games/4.9/Engine/Content/EngineMeshes/BackgroundCube.uasset: 'C:/Program Files/Epic Games/4.9/Engine/Content/EngineMeshes/BackgroundCube.uasset' is outside repository
[2015.11.05-11.47.51:246][840]SourceControl: Info fatal: C:/Program Files/Epic Games/4.9/Engine/Content/EngineProduction/ReferenceNormalMap.uasset: 'C:/Program Files/Epic Games/4.9/Engine/Content/EngineProduction/ReferenceNormalMap.uasset' is outside repository
[2015.11.05-11.47.51:246][840]SourceControl: Info fatal: C:/Program Files/Epic Games/4.9/Engine/Content/EngineResources/AICON-Green.uasset: 'C:/Program Files/Epic Games/4.9/Engine/Content/EngineResources/AICON-Green.uasset' is outside repository
[2015.11.05-11.47.51:246][840]SourceControl: Info fatal: C:/Program Files/Epic Games/4.9/Engine/Content/EngineResources/Cursors/Arrow.uasset: 'C:/Program Files/Epic Games/4.9/Engine/Content/EngineResources/Cursors/Arrow.uasset' is outside repository
[2015.11.05-11.47.51:246][840]SourceControl: Info fatal: C:/Program Files/Epic Games/4.9/Engine/Content/EngineSky/BP_Sky_Shere.uasset: 'C:/Program Files/Epic Games/4.9/Engine/Content/EngineSky/BP_Sky_Shere.uasset' is outside repository
[2015.11.05-11.47.51:246][840]SourceControl: Info fatal: C:/Program Files/Epic Games/4.9/Engine/Content/EngineSounds/Duck_Normal_Attack_MixMod.uasset: 'C:/Program Files/Epic Games/4.9/Engine/Content/EngineSounds/Duck_Normal_Attack_MixMod.uasset' is outside repository
[2015.11.05-11.47.51:246][840]SourceControl: Info fatal: C:/Program Files/Epic Games/4.9/Engine/Content/EngineSounds/ReverbSettings/Alley.uasset: 'C:/Program Files/Epic Games/4.9/Engine/Content/EngineSounds/ReverbSettings/Alley.uasset' is outside repository
[2015.11.05-11.47.51:246][840]SourceControl: Info fatal: C:/Program Files/Epic Games/4.9/Engine/Content/EngineTireTypes/DefaultTireType.uasset: 'C:/Program Files/Epic Games/4.9/Engine/Content/EngineTireTypes/DefaultTireType.uasset' is outside repository
[2015.11.05-11.47.51:246][840]SourceControl: Info fatal: C:/Program Files/Epic Games/4.9/Engine/Content/EngineVolumetrics/FalloffSphere/Materials/M_EV_FalloffSphere_Master_01.uasset: 'C:/Program Files/Epic Games/4.9/Engine/Content/EngineVolumetrics/FalloffSphere/Materials/M_EV_FalloffSphere_Master_01.uasset' is outside repository
[2015.11.05-11.47.51:246][840]SourceControl: Info fatal: C:/Program Files/Epic Games/4.9/Engine/Content/EngineVolumetrics/FalloffSphere/Mesh/S_EV_FalloffSphere_Mesh_01.uasset: 'C:/Program Files/Epic Games/4.9/Engine/Content/EngineVolumetrics/FalloffSphere/Mesh/S_EV_FalloffSphere_Mesh_01.uasset' is outside repository
[2015.11.05-11.47.51:246][840]SourceControl: Info fatal: C:/Program Files/Epic Games/4.9/Engine/Content/EngineVolumetrics/FogEnvironment/Materials/M_EV_FogEnvironment_Master_01.uasset: 'C:/Program Files/Epic Games/4.9/Engine/Content/EngineVolumetrics/FogEnvironment/Materials/M_EV_FogEnvironment_Master_01.uasset' is outside repository
[2015.11.05-11.47.51:247][840]SourceControl: Info fatal: C:/Program Files/Epic Games/4.9/Engine/Content/EngineVolumetrics/FogEnvironment/Mesh/S_EV_FogEnvironment_01_Mesh.uasset: 'C:/Program Files/Epic Games/4.9/Engine/Content/EngineVolumetrics/FogEnvironment/Mesh/S_EV_FogEnvironment_01_Mesh.uasset' is outside repository
[2015.11.05-11.47.51:247][840]SourceControl: Info fatal: C:/Program Files/Epic Games/4.9/Engine/Content/EngineVolumetrics/Fogsheet/T_EV_Fogsheet_FlareColors_01.uasset: 'C:/Program Files/Epic Games/4.9/Engine/Content/EngineVolumetrics/Fogsheet/T_EV_Fogsheet_FlareColors_01.uasset' is outside repository
[2015.11.05-11.47.51:247][840]SourceControl: Info fatal: C:/Program Files/Epic Games/4.9/Engine/Content/EngineVolumetrics/Fogsheet/Materials/M_EV_FogSheet_1sided_Master_01.uasset: 'C:/Program Files/Epic Games/4.9/Engine/Content/EngineVolumetrics/Fogsheet/Materials/M_EV_FogSheet_1sided_Master_01.uasset' is outside repository
[2015.11.05-11.47.51:247][840]SourceControl: Info fatal: C:/Program Files/Epic Games/4.9/Engine/Content/EngineVolumetrics/Fogsheet/Mesh/MI_Fogsheet_HideClose.uasset: 'C:/Program Files/Epic Games/4.9/Engine/Content/EngineVolumetrics/Fogsheet/Mesh/MI_Fogsheet_HideClose.uasset' is outside repository
[2015.11.05-11.47.51:247][840]SourceControl: Info fatal: C:/Program Files/Epic Games/4.9/Engine/Content/EngineVolumetrics/LightBeam/Materials/M_EV_Lightbeam_Master_01.uasset: 'C:/Program Files/Epic Games/4.9/Engine/Content/EngineVolumetrics/LightBeam/Materials/M_EV_Lightbeam_Master_01.uasset' is outside repository
[2015.11.05-11.47.51:247][840]SourceControl: Info fatal: C:/Program Files/Epic Games/4.9/Engine/Content/EngineVolumetrics/LightBeam/Mesh/S_EV_SimpleLightBeam_01.uasset: 'C:/Program Files/Epic Games/4.9/Engine/Content/EngineVolumetrics/LightBeam/Mesh/S_EV_SimpleLightBeam_01.uasset' is outside repository
[2015.11.05-11.47.51:247][840]SourceControl: Info fatal: C:/Program Files/Epic Games/4.9/Engine/Content/Engine_MI_Shaders/MI_Shader_BaseTileEx.uasset: 'C:/Program Files/Epic Games/4.9/Engine/Content/Engine_MI_Shaders/MI_Shader_BaseTileEx.uasset' is outside repository
[2015.11.05-11.47.51:247][840]SourceControl: Info fatal: C:/Program Files/Epic Games/4.9/Engine/Content/Engine_MI_Shaders/Instances/M_ES_Phong_Opaque_INST_01.uasset: 'C:/Program Files/Epic Games/4.9/Engine/Content/Engine_MI_Shaders/Instances/M_ES_Phong_Opaque_INST_01.uasset' is outside repository
[2015.11.05-11.47.51:247][840]SourceControl: Info fatal: C:/Program Files/Epic Games/4.9/Engine/Content/Engine_MI_Shaders/Textures/Bokeh.uasset: 'C:/Program Files/Epic Games/4.9/Engine/Content/Engine_MI_Shaders/Textures/Bokeh.uasset' is outside repository
[2015.11.05-11.47.51:247][840]SourceControl: Info fatal: C:/Program Files/Epic Games/4.9/Engine/Content/FunctionalTesting/Blueprints/AITesting_MoveGoal.uasset: 'C:/Program Files/Epic Games/4.9/Engine/Content/FunctionalTesting/Blueprints/AITesting_MoveGoal.uasset' is outside repository
[2015.11.05-11.47.51:247][840]SourceControl: Info fatal: C:/Program Files/Epic Games/4.9/Engine/Content/Functions/DistanceFields/Combiners/DistanceField_Intersection.uasset: 'C:/Program Files/Epic Games/4.9/Engine/Content/Functions/DistanceFields/Combiners/DistanceField_Intersection.uasset' is outside repository
[2015.11.05-11.47.51:247][840]SourceControl: Info fatal: C:/Program Files/Epic Games/4.9/Engine/Content/Functions/DistanceFields/Shapes/DistanceField_Capsule.uasset: 'C:/Program Files/Epic Games/4.9/Engine/Content/Functions/DistanceFields/Shapes/DistanceField_Capsule.uasset' is outside repository
[2015.11.05-11.47.51:247][840]SourceControl: Info fatal: C:/Program Files/Epic Games/4.9/Engine/Content/Functions/Engine_MaterialFunctions01/AlphaBlend/World_Aligned_Blend.uasset: 'C:/Program Files/Epic Games/4.9/Engine/Content/Functions/Engine_MaterialFunctions01/AlphaBlend/World_Aligned_Blend.uasset' is outside repository
[2015.11.05-11.47.51:247][840]SourceControl: Info fatal: C:/Program Files/Epic Games/4.9/Engine/Content/Functions/Engine_MaterialFunctions01/Coordinates/DrawLine-2D.uasset: 'C:/Program Files/Epic Games/4.9/Engine/Content/Functions/Engine_MaterialFunctions01/Coordinates/DrawLine-2D.uasset' is outside repository
[2015.11.05-11.47.51:247][840]SourceControl: Info fatal: C:/Program Files/Epic Games/4.9/Engine/Content/Functions/Engine_MaterialFunctions01/Debug/FunctionGraphSetup.uasset: 'C:/Program Files/Epic Games/4.9/Engine/Content/Functions/Engine_MaterialFunctions01/Debug/FunctionGraphSetup.uasset' is outside repository
[2015.11.05-11.47.51:247][840]SourceControl: Info fatal: C:/Program Files/Epic Games/4.9/Engine/Content/Functions/Engine_MaterialFunctions01/Density/ExponentialDensity.uasset: 'C:/Program Files/Epic Games/4.9/Engine/Content/Functions/Engine_MaterialFunctions01/Density/ExponentialDensity.uasset' is outside repository
[2015.11.05-11.47.51:247][840]SourceControl: Info fatal: C:/Program Files/Epic Games/4.9/Engine/Content/Functions/Engine_MaterialFunctions01/Gradient/BellCurve.uasset: 'C:/Program Files/Epic Games/4.9/Engine/Content/Functions/Engine_MaterialFunctions01/Gradient/BellCurve.uasset' is outside repository
[2015.11.05-11.47.51:248][840]SourceControl: Info fatal: C:/Program Files/Epic Games/4.9/Engine/Content/Functions/Engine_MaterialFunctions01/ImageAdjustment/3ColorBlend.uasset: 'C:/Program Files/Epic Games/4.9/Engine/Content/Functions/Engine_MaterialFunctions01/ImageAdjustment/3ColorBlend.uasset' is outside repository
[2015.11.05-11.47.51:248][840]SourceControl: Info fatal: C:/Program Files/Epic Games/4.9/Engine/Content/Functions/Engine_MaterialFunctions01/Lighting/PixelDepthOffset_Foliage.uasset: 'C:/Program Files/Epic Games/4.9/Engine/Content/Functions/Engine_MaterialFunctions01/Lighting/PixelDepthOffset_Foliage.uasset' is outside repository
[2015.11.05-11.47.51:248][840]SourceControl: Info fatal: C:/Program Files/Epic Games/4.9/Engine/Content/Functions/Engine_MaterialFunctions01/Opacity/AlphaOffset.uasset: 'C:/Program Files/Epic Games/4.9/Engine/Content/Functions/Engine_MaterialFunctions01/Opacity/AlphaOffset.uasset' is outside repository
[2015.11.05-11.47.51:248][840]SourceControl: Info fatal: C:/Program Files/Epic Games/4.9/Engine/Content/Functions/Engine_MaterialFunctions01/Reflections/ReflectionVectorSoft.uasset: 'C:/Program Files/Epic Games/4.9/Engine/Content/Functions/Engine_MaterialFunctions01/Reflections/ReflectionVectorSoft.uasset' is outside repository
[2015.11.05-11.47.51:248][840]SourceControl: Info fatal: C:/Program Files/Epic Games/4.9/Engine/Content/Functions/Engine_MaterialFunctions01/Shading/CalcLightsourceAngle.uasset: 'C:/Program Files/Epic Games/4.9/Engine/Content/Functions/Engine_MaterialFunctions01/Shading/CalcLightsourceAngle.uasset' is outside repository
[2015.11.05-11.47.51:248][840]SourceControl: Info fatal: C:/Program Files/Epic Games/4.9/Engine/Content/Functions/Engine_MaterialFunctions01/SpeedTree/SpeedTreeColorVariation.uasset: 'C:/Program Files/Epic Games/4.9/Engine/Content/Functions/Engine_MaterialFunctions01/SpeedTree/SpeedTreeColorVariation.uasset' is outside repository
[2015.11.05-11.47.51:248][840]SourceControl: Info fatal: C:/Program Files/Epic Games/4.9/Engine/Content/Functions/Engine_MaterialFunctions01/Texturing/BakedDisplacement.uasset: 'C:/Program Files/Epic Games/4.9/Engine/Content/Functions/Engine_MaterialFunctions01/Texturing/BakedDisplacement.uasset' is outside repository
[2015.11.05-11.47.51:248][840]SourceControl: Info fatal: C:/Program Files/Epic Games/4.9/Engine/Content/Functions/Engine_MaterialFunctions01/Vectors/MF_RotateVector_90.uasset: 'C:/Program Files/Epic Games/4.9/Engine/Content/Functions/Engine_MaterialFunctions01/Vectors/MF_RotateVector_90.uasset' is outside repository
[2015.11.05-11.47.51:248][840]SourceControl: Info fatal: C:/Program Files/Epic Games/4.9/Engine/Content/Functions/Engine_MaterialFunctions01/WorldPositionOffset/ConstantScalebyDistance.uasset: 'C:/Program Files/Epic Games/4.9/Engine/Content/Functions/Engine_MaterialFunctions01/WorldPositionOffset/ConstantScalebyDistance.uasset' is outside repository
[2015.11.05-11.47.51:248][840]SourceControl: Info fatal: C:/Program Files/Epic Games/4.9/Engine/Content/Functions/Engine_MaterialFunctions02/3PointLevels.uasset: 'C:/Program Files/Epic Games/4.9/Engine/Content/Functions/Engine_MaterialFunctions02/3PointLevels.uasset' is outside repository
[2015.11.05-11.47.51:248][840]SourceControl: Info fatal: C:/Program Files/Epic Games/4.9/Engine/Content/Functions/Engine_MaterialFunctions02/ExampleContent/3dParticleOpacityInstance.uasset: 'C:/Program Files/Epic Games/4.9/Engine/Content/Functions/Engine_MaterialFunctions02/ExampleContent/3dParticleOpacityInstance.uasset' is outside repository
[2015.11.05-11.47.51:248][840]SourceControl: Info fatal: C:/Program Files/Epic Games/4.9/Engine/Content/Functions/Engine_MaterialFunctions02/ExampleContent/MacroUVs/MacroUVs.uasset: 'C:/Program Files/Epic Games/4.9/Engine/Content/Functions/Engine_MaterialFunctions02/ExampleContent/MacroUVs/MacroUVs.uasset' is outside repository
[2015.11.05-11.47.51:248][840]SourceControl: Info fatal: C:/Program Files/Epic Games/4.9/Engine/Content/Functions/Engine_MaterialFunctions02/ExampleContent/TextureBasedWPO/DemoBox.uasset: 'C:/Program Files/Epic Games/4.9/Engine/Content/Functions/Engine_MaterialFunctions02/ExampleContent/TextureBasedWPO/DemoBox.uasset' is outside repository
[2015.11.05-11.47.51:248][840]SourceControl: Info fatal: C:/Program Files/Epic Games/4.9/Engine/Content/Functions/Engine_MaterialFunctions02/ExampleContent/Textures/DebugNumberPeriod.uasset: 'C:/Program Files/Epic Games/4.9/Engine/Content/Functions/Engine_MaterialFunctions02/ExampleContent/Textures/DebugNumberPeriod.uasset' is outside repository
[2015.11.05-11.47.51:248][840]SourceControl: Info fatal: C:/Program Files/Epic Games/4.9/Engine/Content/Functions/Engine_MaterialFunctions02/Gradients/GradientMap_Multi.uasset: 'C:/Program Files/Epic Games/4.9/Engine/Content/Functions/Engine_MaterialFunctions02/Gradients/GradientMap_Multi.uasset' is outside repository
[2015.11.05-11.47.51:248][840]SourceControl: Info fatal: C:/Program Files/Epic Games/4.9/Engine/Content/Functions/Engine_MaterialFunctions02/Math/AddComponents.uasset: 'C:/Program Files/Epic Games/4.9/Engine/Content/Functions/Engine_MaterialFunctions02/Math/AddComponents.uasset' is outside repository
[2015.11.05-11.47.51:248][840]SourceControl: Info fatal: C:/Program Files/Epic Games/4.9/Engine/Content/Functions/Engine_MaterialFunctions02/MAXScripts/MeshSequenceFlipbook_Script.uasset: 'C:/Program Files/Epic Games/4.9/Engine/Content/Functions/Engine_MaterialFunctions02/MAXScripts/MeshSequenceFlipbook_Script.uasset' is outside repository
[2015.11.05-11.47.51:248][840]SourceControl: Info fatal: C:/Program Files/Epic Games/4.9/Engine/Content/Functions/Engine_MaterialFunctions02/Normals/RotateNormalWhileMasking.uasset: 'C:/Program Files/Epic Games/4.9/Engine/Content/Functions/Engine_MaterialFunctions02/Normals/RotateNormalWhileMasking.uasset' is outside repository
[2015.11.05-11.47.51:248][840]SourceControl: Info fatal: C:/Program Files/Epic Games/4.9/Engine/Content/Functions/Engine_MaterialFunctions02/NotInUse/WorldAlignedNormals_HighQuality_optimizationAttempt.uasset: 'C:/Program Files/Epic Games/4.9/Engine/Content/Functions/Engine_MaterialFunctions02/NotInUse/WorldAlignedNormals_HighQuality_optimizationAttempt.uasset' is outside repository
[2015.11.05-11.47.51:249][840]SourceControl: Info fatal: C:/Program Files/Epic Games/4.9/Engine/Content/Functions/Engine_MaterialFunctions02/PivotPainter/PivotPainter_HierarchyData.uasset: 'C:/Program Files/Epic Games/4.9/Engine/Content/Functions/Engine_MaterialFunctions02/PivotPainter/PivotPainter_HierarchyData.uasset' is outside repository
[2015.11.05-11.47.51:249][840]SourceControl: Info fatal: C:/Program Files/Epic Games/4.9/Engine/Content/Functions/Engine_MaterialFunctions02/Texturing/3dParticleOpacity.uasset: 'C:/Program Files/Epic Games/4.9/Engine/Content/Functions/Engine_MaterialFunctions02/Texturing/3dParticleOpacity.uasset' is outside repository
[2015.11.05-11.47.51:249][840]SourceControl: Info fatal: C:/Program Files/Epic Games/4.9/Engine/Content/Functions/Engine_MaterialFunctions02/Utility/Append4.uasset: 'C:/Program Files/Epic Games/4.9/Engine/Content/Functions/Engine_MaterialFunctions02/Utility/Append4.uasset' is outside repository
[2015.11.05-11.47.51:249][840]SourceControl: Info fatal: C:/Program Files/Epic Games/4.9/Engine/Content/Functions/Engine_MaterialFunctions02/UVs/BoundingBoxBased_0-1_UVW.uasset: 'C:/Program Files/Epic Games/4.9/Engine/Content/Functions/Engine_MaterialFunctions02/UVs/BoundingBoxBased_0-1_UVW.uasset' is outside repository
[2015.11.05-11.47.51:249][840]SourceControl: Info fatal: C:/Program Files/Epic Games/4.9/Engine/Content/Functions/Engine_MaterialFunctions02/WorldPositionOffset/AdjustNormalsToCompensateForRotateAboutAxisOffset.uasset: 'C:/Program Files/Epic Games/4.9/Engine/Content/Functions/Engine_MaterialFunctions02/WorldPositionOffset/AdjustNormalsToCompensateForRotateAboutAxisOffset.uasset' is outside repository
[2015.11.05-11.47.51:249][840]SourceControl: Info fatal: C:/Program Files/Epic Games/4.9/Engine/Content/Functions/Engine_MaterialFunctions03/Blends/Blend_ColorBurn.uasset: 'C:/Program Files/Epic Games/4.9/Engine/Content/Functions/Engine_MaterialFunctions03/Blends/Blend_ColorBurn.uasset' is outside repository
[2015.11.05-11.47.51:249][840]SourceControl: Info fatal: C:/Program Files/Epic Games/4.9/Engine/Content/Functions/Engine_MaterialFunctions03/ComplexMotion/Motion_4WayChaos.uasset: 'C:/Program Files/Epic Games/4.9/Engine/Content/Functions/Engine_MaterialFunctions03/ComplexMotion/Motion_4WayChaos.uasset' is outside repository
[2015.11.05-11.47.51:249][840]SourceControl: Info fatal: C:/Program Files/Epic Games/4.9/Engine/Content/Functions/Engine_MaterialFunctions03/Particles/Distance_Blend.uasset: 'C:/Program Files/Epic Games/4.9/Engine/Content/Functions/Engine_MaterialFunctions03/Particles/Distance_Blend.uasset' is outside repository
[2015.11.05-11.47.51:249][840]SourceControl: Info fatal: C:/Program Files/Epic Games/4.9/Engine/Content/Functions/Engine_MaterialFunctions03/Procedurals/ComputeFilterWidth.uasset: 'C:/Program Files/Epic Games/4.9/Engine/Content/Functions/Engine_MaterialFunctions03/Procedurals/ComputeFilterWidth.uasset' is outside repository
[2015.11.05-11.47.51:249][840]SourceControl: Info fatal: C:/Program Files/Epic Games/4.9/Engine/Content/Functions/Engine_MaterialFunctions03/Texturing/CameraWorldBlend.uasset: 'C:/Program Files/Epic Games/4.9/Engine/Content/Functions/Engine_MaterialFunctions03/Texturing/CameraWorldBlend.uasset' is outside repository
[2015.11.05-11.47.51:249][840]SourceControl: Info fatal: C:/Program Files/Epic Games/4.9/Engine/Content/Functions/GetPostProcessFunctions/GetAmbientCubemapIntensity.uasset: 'C:/Program Files/Epic Games/4.9/Engine/Content/Functions/GetPostProcessFunctions/GetAmbientCubemapIntensity.uasset' is outside repository
[2015.11.05-11.47.51:249][840]SourceControl: Info fatal: C:/Program Files/Epic Games/4.9/Engine/Content/Functions/MaterialLayerFunctions/MatLayerBlend_AddWorldPositionOffset.uasset: 'C:/Program Files/Epic Games/4.9/Engine/Content/Functions/MaterialLayerFunctions/MatLayerBlend_AddWorldPositionOffset.uasset' is outside repository
[2015.11.05-11.47.51:249][840]SourceControl: Info fatal: C:/Program Files/Epic Games/4.9/Engine/Content/Maps/Entry.umap: 'C:/Program Files/Epic Games/4.9/Engine/Content/Maps/Entry.umap' is outside repository
[2015.11.05-11.47.51:249][840]SourceControl: Info fatal: C:/Program Files/Epic Games/4.9/Engine/Content/Maps/Templates/Template_Default.umap: 'C:/Program Files/Epic Games/4.9/Engine/Content/Maps/Templates/Template_Default.umap' is outside repository
[2015.11.05-11.47.51:249][840]SourceControl: Info fatal: C:/Program Files/Epic Games/4.9/Engine/Content/Maps/Templates/Thumbnails/Default.uasset: 'C:/Program Files/Epic Games/4.9/Engine/Content/Maps/Templates/Thumbnails/Default.uasset' is outside repository
[2015.11.05-11.47.51:249][840]SourceControl: Info fatal: C:/Program Files/Epic Games/4.9/Engine/Content/MapTemplates/Bokeh_5Sides.uasset: 'C:/Program Files/Epic Games/4.9/Engine/Content/MapTemplates/Bokeh_5Sides.uasset' is outside repository
[2015.11.05-11.47.51:249][840]SourceControl: Info fatal: C:/Program Files/Epic Games/4.9/Engine/Content/MapTemplates/lut/LUT_Afternoon.uasset: 'C:/Program Files/Epic Games/4.9/Engine/Content/MapTemplates/lut/LUT_Afternoon.uasset' is outside repository
[2015.11.05-11.47.51:249][840]SourceControl: Info fatal: C:/Program Files/Epic Games/4.9/Engine/Content/MapTemplates/Materials/BasicAsset01.uasset: 'C:/Program Files/Epic Games/4.9/Engine/Content/MapTemplates/Materials/BasicAsset01.uasset' is outside repository
[2015.11.05-11.47.51:249][840]SourceControl: Info fatal: C:/Program Files/Epic Games/4.9/Engine/Content/MapTemplates/Sky/DaylightAmbientCubemap.uasset: 'C:/Program Files/Epic Games/4.9/Engine/Content/MapTemplates/Sky/DaylightAmbientCubemap.uasset' is outside repository
[2015.11.05-11.47.51:249][840]SourceControl: Info fatal: C:/Program Files/Epic Games/4.9/Engine/Content/MaterialTemplates/Gradients/Gradient_Linear.uasset: 'C:/Program Files/Epic Games/4.9/Engine/Content/MaterialTemplates/Gradients/Gradient_Linear.uasset' is outside repository
[2015.11.05-11.47.51:249][840]SourceControl: Info fatal: C:/Program Files/Epic Games/4.9/Engine/Content/MaterialTemplates/PerfTricks/MultiChannelMask.uasset: 'C:/Program Files/Epic Games/4.9/Engine/Content/MaterialTemplates/PerfTricks/MultiChannelMask.uasset' is outside repository
[2015.11.05-11.47.51:250][840]SourceControl: Info fatal: C:/Program Files/Epic Games/4.9/Engine/Content/MaterialTemplates/Textures/T_multiMask.uasset: 'C:/Program Files/Epic Games/4.9/Engine/Content/MaterialTemplates/Textures/T_multiMask.uasset' is outside repository
[2015.11.05-11.47.51:250][840]SourceControl: Info fatal: C:/Program Files/Epic Games/4.9/Engine/Content/MaterialTemplates/VertexAnimation/AdvancedFlag.uasset: 'C:/Program Files/Epic Games/4.9/Engine/Content/MaterialTemplates/VertexAnimation/AdvancedFlag.uasset' is outside repository
[2015.11.05-11.47.51:250][840]SourceControl: Info fatal: C:/Program Files/Epic Games/4.9/Engine/Content/MobileResources/T_MobileControls_texture.uasset: 'C:/Program Files/Epic Games/4.9/Engine/Content/MobileResources/T_MobileControls_texture.uasset' is outside repository
[2015.11.05-11.47.51:250][840]SourceControl: Info fatal: C:/Program Files/Epic Games/4.9/Engine/Content/MobileResources/HUD/AnalogHat.uasset: 'C:/Program Files/Epic Games/4.9/Engine/Content/MobileResources/HUD/AnalogHat.uasset' is outside repository
[2015.11.05-11.47.51:250][840]SourceControl: Info fatal: C:/Program Files/Epic Games/4.9/Engine/Content/TemplateResources/MI_Template_BaseBlue.uasset: 'C:/Program Files/Epic Games/4.9/Engine/Content/TemplateResources/MI_Template_BaseBlue.uasset' is outside repository
[2015.11.05-11.47.51:250][840]SourceControl: Info fatal: C:/Program Files/Epic Games/4.9/Engine/Content/Tutorial/ContentIntroCurve.uasset: 'C:/Program Files/Epic Games/4.9/Engine/Content/Tutorial/ContentIntroCurve.uasset' is outside repository
[2015.11.05-11.47.51:250][840]SourceControl: Info fatal: C:/Program Files/Epic Games/4.9/Engine/Content/Tutorial/Audio/Audience.uasset: 'C:/Program Files/Epic Games/4.9/Engine/Content/Tutorial/Audio/Audience.uasset' is outside repository
[2015.11.05-11.47.51:250][840]SourceControl: Info fatal: C:/Program Files/Epic Games/4.9/Engine/Content/Tutorial/Basics/ContentBrowserOverview.uasset: 'C:/Program Files/Epic Games/4.9/Engine/Content/Tutorial/Basics/ContentBrowserOverview.uasset' is outside repository
[2015.11.05-11.47.51:250][840]SourceControl: Info fatal: C:/Program Files/Epic Games/4.9/Engine/Content/Tutorial/Basics/TutorialAssets/CameraActor_64x.uasset: 'C:/Program Files/Epic Games/4.9/Engine/Content/Tutorial/Basics/TutorialAssets/CameraActor_64x.uasset' is outside repository
[2015.11.05-11.47.51:250][840]SourceControl: Info fatal: C:/Program Files/Epic Games/4.9/Engine/Content/Tutorial/BlueprintTutorials/BlueprintEditorTutorial.uasset: 'C:/Program Files/Epic Games/4.9/Engine/Content/Tutorial/BlueprintTutorials/BlueprintEditorTutorial.uasset' is outside repository
[2015.11.05-11.47.51:250][840]SourceControl: Info fatal: C:/Program Files/Epic Games/4.9/Engine/Content/Tutorial/BlueprintTutorials/TutorialAssets/BlueprintFunctionLibrary_64x.uasset: 'C:/Program Files/Epic Games/4.9/Engine/Content/Tutorial/BlueprintTutorials/TutorialAssets/BlueprintFunctionLibrary_64x.uasset' is outside repository
[2015.11.05-11.47.51:250][840]SourceControl: Info fatal: C:/Program Files/Epic Games/4.9/Engine/Content/Tutorial/Code/AddingCode.uasset: 'C:/Program Files/Epic Games/4.9/Engine/Content/Tutorial/Code/AddingCode.uasset' is outside repository
[2015.11.05-11.47.51:250][840]SourceControl: Info fatal: C:/Program Files/Epic Games/4.9/Engine/Content/Tutorial/Foliage/FoliageWalkThrough.uasset: 'C:/Program Files/Epic Games/4.9/Engine/Content/Tutorial/Foliage/FoliageWalkThrough.uasset' is outside repository
[2015.11.05-11.47.51:250][840]SourceControl: Info fatal: C:/Program Files/Epic Games/4.9/Engine/Content/Tutorial/Foliage/TutorialAssets/Foliage.uasset: 'C:/Program Files/Epic Games/4.9/Engine/Content/Tutorial/Foliage/TutorialAssets/Foliage.uasset' is outside repository
[2015.11.05-11.47.51:250][840]SourceControl: Info fatal: C:/Program Files/Epic Games/4.9/Engine/Content/Tutorial/Installation/InstallingVisualStudioTutorial.uasset: 'C:/Program Files/Epic Games/4.9/Engine/Content/Tutorial/Installation/InstallingVisualStudioTutorial.uasset' is outside repository
[2015.11.05-11.47.51:250][840]SourceControl: Info fatal: C:/Program Files/Epic Games/4.9/Engine/Content/Tutorial/InWorldBlueprintEditing/IWBE_Tutorial.uasset: 'C:/Program Files/Epic Games/4.9/Engine/Content/Tutorial/InWorldBlueprintEditing/IWBE_Tutorial.uasset' is outside repository
[2015.11.05-11.47.51:250][840]SourceControl: Info fatal: C:/Program Files/Epic Games/4.9/Engine/Content/Tutorial/InWorldBlueprintEditing/TutorialAssets/IWBE_Blutility.uasset: 'C:/Program Files/Epic Games/4.9/Engine/Content/Tutorial/InWorldBlueprintEditing/TutorialAssets/IWBE_Blutility.uasset' is outside repository
[2015.11.05-11.47.51:250][840]SourceControl: Info fatal: C:/Program Files/Epic Games/4.9/Engine/Content/Tutorial/Landscape/LandscapeWalkThrough.uasset: 'C:/Program Files/Epic Games/4.9/Engine/Content/Tutorial/Landscape/LandscapeWalkThrough.uasset' is outside repository
[2015.11.05-11.47.51:250][840]SourceControl: Info fatal: C:/Program Files/Epic Games/4.9/Engine/Content/Tutorial/Landscape/TutorialAssets/Landscape.uasset: 'C:/Program Files/Epic Games/4.9/Engine/Content/Tutorial/Landscape/TutorialAssets/Landscape.uasset' is outside repository
[2015.11.05-11.47.51:250][840]SourceControl: Info fatal: C:/Program Files/Epic Games/4.9/Engine/Content/Tutorial/Mobile/CreatingSigningCertAndProvisionTutorial.uasset: 'C:/Program Files/Epic Games/4.9/Engine/Content/Tutorial/Mobile/CreatingSigningCertAndProvisionTutorial.uasset' is outside repository
[2015.11.05-11.47.51:250][840]SourceControl: Info fatal: C:/Program Files/Epic Games/4.9/Engine/Content/Tutorial/Mobile/TutorialAssets/android_Icon.uasset: 'C:/Program Files/Epic Games/4.9/Engine/Content/Tutorial/Mobile/TutorialAssets/android_Icon.uasset' is outside repository
[2015.11.05-11.47.51:250][840]SourceControl: Info fatal: C:/Program Files/Epic Games/4.9/Engine/Content/Tutorial/Paper2D/FlipbookEditorTutorial.uasset: 'C:/Program Files/Epic Games/4.9/Engine/Content/Tutorial/Paper2D/FlipbookEditorTutorial.uasset' is outside repository
[2015.11.05-11.47.51:250][840]SourceControl: Info fatal: C:/Program Files/Epic Games/4.9/Engine/Content/Tutorial/Paper2D/TutorialAssets/Paper2DFlipbook_TutorialIcon.uasset: 'C:/Program Files/Epic Games/4.9/Engine/Content/Tutorial/Paper2D/TutorialAssets/Paper2DFlipbook_TutorialIcon.uasset' is outside repository
[2015.11.05-11.47.51:250][840]SourceControl: Info fatal: C:/Program Files/Epic Games/4.9/Engine/Content/Tutorial/SubEditors/DestructibleMeshEditorTutorial.uasset: 'C:/Program Files/Epic Games/4.9/Engine/Content/Tutorial/SubEditors/DestructibleMeshEditorTutorial.uasset' is outside repository
[2015.11.05-11.47.51:251][840]SourceControl: Info fatal: C:/Program Files/Epic Games/4.9/Engine/Content/Tutorial/SubEditors/TutorialAssets/icon_Editor_Preferences_General_40x.uasset: 'C:/Program Files/Epic Games/4.9/Engine/Content/Tutorial/SubEditors/TutorialAssets/icon_Editor_Preferences_General_40x.uasset' is outside repository
[2015.11.05-11.47.51:251][840]SourceControl: Info fatal: C:/Program Files/Epic Games/4.9/Engine/Content/Tutorial/SubEditors/TutorialAssets/Character/NewBlendSpace1D.uasset: 'C:/Program Files/Epic Games/4.9/Engine/Content/Tutorial/SubEditors/TutorialAssets/Character/NewBlendSpace1D.uasset' is outside repository
[2015.11.05-11.47.51:251][840]SourceControl: Info fatal: C:/Program Files/Epic Games/4.9/Engine/Plugins/2D/Paper2D/Content/DefaultLitSpriteMaterial.uasset: 'C:/Program Files/Epic Games/4.9/Engine/Plugins/2D/Paper2D/Content/DefaultLitSpriteMaterial.uasset' is outside repository
[2015.11.05-11.47.51:251][840]SourceControl: Info fatal: C:/Program Files/Epic Games/4.9/Engine/Plugins/2D/Paper2D/Content/PlaceholderTextures/DummySpriteTexture.uasset: 'C:/Program Files/Epic Games/4.9/Engine/Plugins/2D/Paper2D/Content/PlaceholderTextures/DummySpriteTexture.uasset' is outside repository
[2015.11.05-11.47.51:251][840]SourceControl: Info fatal: C:/Program Files/Epic Games/4.9/Engine/Plugins/Runtime/LeapMotionController/Content/LM_CapsuleMesh.uasset: 'C:/Program Files/Epic Games/4.9/Engine/Plugins/Runtime/LeapMotionController/Content/LM_CapsuleMesh.uasset' is outside repository
[2015.11.05-11.47.51:251][840]SourceControl: Info fatal: C:/Program Files/Epic Games/4.9/Engine/Content/: 'C:/Program Files/Epic Games/4.9/Engine/Content/' is outside repository
[2015.11.05-11.48.04:232][840]LogSourceControl: FGitCheckInWorker: commit successful
[2015.11.05-11.48.04:320][840]SourceControl: Info [master d023213] fiksa mann
[2015.11.05-11.48.04:320][840]SourceControl: Info  2 files changed, 0 insertions(+), 0 deletions(-)
[2015.11.05-11.48.04:320][840]SourceControl: Info  rewrite ProsjektOppgave/Content/FirstPersonBP/Blueprints/FirstPersonCharacter.uasset (78%)
[2015.11.05-11.48.04:325][840]SourceControl: Info Commited [master d023213] fiksa mann.
[2015.11.05-11.49.11:889][111]LogParticles: Destroying 0 GPU particle simulations for FXSystem 0x00000075347F9EE0
[2015.11.05-11.49.12:288][111]LogWindowsTextInputMethodSystem:Display: IME system now deactivated.
[2015.11.05-11.49.12:288][111]LogWindowsTextInputMethodSystem:Display: IME system now deactivated.
[2015.11.05-11.49.12:707][112]Cmd: QUIT_EDITOR
[2015.11.05-11.49.13:228][112]LogExit: Preparing to exit.
[2015.11.05-11.49.15:111][112]LogExit: Editor shut down
[2015.11.05-11.49.15:126][112]LogExit: Transaction tracking system shut down
[2015.11.05-11.49.15:152][112]LogParticles: Destroying 0 GPU particle simulations for FXSystem 0x00000075355FD8A0
[2015.11.05-11.49.15:155][112]LogParticles: Destroying 0 GPU particle simulations for FXSystem 0x00000075347F8A40
[2015.11.05-11.49.15:155][112]LogParticles: Destroying 0 GPU particle simulations for FXSystem 0x00000075335E0FE0
[2015.11.05-11.49.15:155][112]LogParticles: Destroying 0 GPU particle simulations for FXSystem 0x00000075615FBEC0
[2015.11.05-11.49.15:155][112]LogParticles: Destroying 0 GPU particle simulations for FXSystem 0x00000075615FAF20
[2015.11.05-11.49.15:162][112]LogParticles: Destroying 0 GPU particle simulations for FXSystem 0x0000007574AAD4E0
[2015.11.05-11.49.15:794][112]LogExit: Object subsystem successfully closed.
[2015.11.05-11.49.15:955][112]LogD3D11RHI: Shutdown
[2015.11.05-11.49.15:955][112]LogD3D11RHI: CleanupD3DDevice
[2015.11.05-11.49.16:105][112]LogD3D11RHI: ~FD3D11DynamicRHI
[2015.11.05-11.49.16:177][112]LogModuleManager: Shutting down and abandoning module BlueprintGraph (198)
[2015.11.05-11.49.16:177][112]LogModuleManager: Shutting down and abandoning module CrashTracker (197)
[2015.11.05-11.49.16:177][112]LogModuleManager: Shutting down and abandoning module SceneOutliner (196)
[2015.11.05-11.49.16:178][112]LogModuleManager: Shutting down and abandoning module SuperSearch (195)
[2015.11.05-11.49.16:178][112]LogModuleManager: Shutting down and abandoning module WidgetCarousel (194)
[2015.11.05-11.49.16:178][112]LogModuleManager: Shutting down and abandoning module AddContentDialog (193)
[2015.11.05-11.49.16:180][112]LogModuleManager: Shutting down and abandoning module EditorWidgets (192)
[2015.11.05-11.49.16:180][112]LogModuleManager: Shutting down and abandoning module CollectionManager (191)
[2015.11.05-11.49.16:181][112]LogModuleManager: Shutting down and abandoning module StatsViewer (190)
[2015.11.05-11.49.16:182][112]LogModuleManager: Shutting down and abandoning module FoliageEdit (189)
[2015.11.05-11.49.16:182][112]LogModuleManager: Shutting down and abandoning module LandscapeEditor (188)
[2015.11.05-11.49.16:184][112]LogModuleManager: Shutting down and abandoning module ActorPickerMode (187)
[2015.11.05-11.49.16:184][112]LogModuleManager: Shutting down and abandoning module GeometryMode (186)
[2015.11.05-11.49.16:184][112]LogModuleManager: Shutting down and abandoning module TextureAlignMode (185)
[2015.11.05-11.49.16:184][112]LogModuleManager: Shutting down and abandoning module BspMode (184)
[2015.11.05-11.49.16:184][112]LogModuleManager: Shutting down and abandoning module PlacementMode (183)
[2015.11.05-11.49.16:184][112]LogModuleManager: Shutting down and abandoning module AutomationWorker (182)
[2015.11.05-11.49.16:184][112]LogModuleManager: Shutting down and abandoning module CharacterAI (181)
[2015.11.05-11.49.16:184][112]LogModuleManager: Shutting down and abandoning module SmartSnapping (180)
[2015.11.05-11.49.16:184][112]LogModuleManager: Shutting down and abandoning module ViewportSnapping (179)
[2015.11.05-11.49.16:184][112]LogModuleManager: Shutting down and abandoning module LogVisualizer (178)
[2015.11.05-11.49.16:186][112]LogModuleManager: Shutting down and abandoning module GameProjectGeneration (177)
[2015.11.05-11.49.16:186][112]LogModuleManager: Shutting down and abandoning module IntroTutorials (176)
[2015.11.05-11.49.16:188][112]LogModuleManager: Shutting down and abandoning module EditorLiveStreaming (175)
[2015.11.05-11.49.16:188][112]LogModuleManager: Shutting down and abandoning module IOSPlatformEditor (174)
[2015.11.05-11.49.16:188][112]LogModuleManager: Shutting down and abandoning module HTML5PlatformEditor (173)
[2015.11.05-11.49.16:188][112]LogModuleManager: Shutting down and abandoning module AndroidDeviceDetection (172)
[2015.11.05-11.49.16:249][112]LogModuleManager: Shutting down and abandoning module AndroidPlatformEditor (171)
[2015.11.05-11.49.16:249][112]LogModuleManager: Shutting down and abandoning module IOSRuntimeSettings (170)
[2015.11.05-11.49.16:249][112]LogModuleManager: Shutting down and abandoning module AndroidRuntimeSettings (169)
[2015.11.05-11.49.16:249][112]LogModuleManager: Shutting down and abandoning module MergeActors (168)
[2015.11.05-11.49.16:250][112]LogModuleManager: Shutting down and abandoning module SizeMap (167)
[2015.11.05-11.49.16:250][112]LogModuleManager: Shutting down and abandoning module TreeMap (166)
[2015.11.05-11.49.16:250][112]LogModuleManager: Shutting down and abandoning module ReferenceViewer (165)
[2015.11.05-11.49.16:250][112]LogModuleManager: Shutting down and abandoning module LocalizationService (164)
[2015.11.05-11.49.16:251][112]LogModuleManager: Shutting down and abandoning module LocalizationDashboard (163)
[2015.11.05-11.49.16:251][112]LogModuleManager: Shutting down and abandoning module HardwareTargeting (162)
[2015.11.05-11.49.16:252][112]LogModuleManager: Shutting down and abandoning module DeviceProfileEditor (161)
[2015.11.05-11.49.16:252][112]LogModuleManager: Shutting down and abandoning module UndoHistory (160)
[2015.11.05-11.49.16:252][112]LogModuleManager: Shutting down and abandoning module GameplayTagsEditor (159)
[2015.11.05-11.49.16:252][112]LogModuleManager: Shutting down and abandoning module UserFeedback (158)
[2015.11.05-11.49.16:252][112]LogModuleManager: Shutting down and abandoning module XmlParser (157)
[2015.11.05-11.49.16:252][112]LogModuleManager: Shutting down and abandoning module Blutility (156)
[2015.11.05-11.49.16:252][112]LogModuleManager: Shutting down and abandoning module ProjectTargetPlatformEditor (155)
[2015.11.05-11.49.16:254][112]LogModuleManager: Shutting down and abandoning module ProjectSettingsViewer (154)
[2015.11.05-11.49.16:254][112]LogModuleManager: Shutting down and abandoning module InputBindingEditor (153)
[2015.11.05-11.49.16:255][112]LogModuleManager: Shutting down and abandoning module EditorSettingsViewer (152)
[2015.11.05-11.49.16:255][112]LogModuleManager: Shutting down and abandoning module SettingsEditor (151)
[2015.11.05-11.49.16:257][112]LogModuleManager: Shutting down and abandoning module ProjectLauncher (150)
[2015.11.05-11.49.16:257][112]LogModuleManager: Shutting down and abandoning module SessionFrontend (149)
[2015.11.05-11.49.16:258][112]LogModuleManager: Shutting down and abandoning module ProfilerClient (148)
[2015.11.05-11.49.16:258][112]LogModuleManager: Shutting down and abandoning module TargetDeviceServices (147)
[2015.11.05-11.49.16:258][112]LogModuleManager: Shutting down and abandoning module DeviceManager (146)
[2015.11.05-11.49.16:260][112]LogModuleManager: Shutting down and abandoning module AutomationController (145)
[2015.11.05-11.49.16:261][112]LogModuleManager: Shutting down and abandoning module AutomationWindow (144)
[2015.11.05-11.49.16:262][112]LogModuleManager: Shutting down and abandoning module Layers (143)
[2015.11.05-11.49.16:264][112]LogModuleManager: Shutting down and abandoning module ComponentVisualizers (142)
[2015.11.05-11.49.16:264][112]LogModuleManager: Shutting down and abandoning module DetailCustomizations (141)
[2015.11.05-11.49.16:264][112]LogModuleManager: Shutting down and abandoning module PackagesDialog (140)
[2015.11.05-11.49.16:264][112]LogModuleManager: Shutting down and abandoning module Persona (139)
[2015.11.05-11.49.16:267][112]LogModuleManager: Shutting down and abandoning module Kismet (138)
[2015.11.05-11.49.16:268][112]LogModuleManager: Shutting down and abandoning module GraphEditor (137)
[2015.11.05-11.49.16:269][112]LogModuleManager: Shutting down and abandoning module ClassViewer (136)
[2015.11.05-11.49.16:270][112]LogModuleManager: Shutting down and abandoning module Toolbox (135)
[2015.11.05-11.49.16:270][112]LogModuleManager: Shutting down and abandoning module ModuleUI (134)
[2015.11.05-11.49.16:271][112]LogModuleManager: Shutting down and abandoning module MovieSceneTools (133)
[2015.11.05-11.49.16:273][112]LogModuleManager: Shutting down and abandoning module OutputLog (132)
[2015.11.05-11.49.16:274][112]LogModuleManager: Shutting down and abandoning module GammaUI (131)
[2015.11.05-11.49.16:274][112]LogModuleManager: Shutting down and abandoning module Documentation (130)
[2015.11.05-11.49.16:274][112]LogModuleManager: Shutting down and abandoning module GameLiveStreaming (129)
[2015.11.05-11.49.16:275][112]LogModuleManager: Shutting down and abandoning module StreamingPauseRendering (128)
[2015.11.05-11.49.16:276][112]LogModuleManager: Shutting down and abandoning module AnalyticsET (127)
[2015.11.05-11.49.16:276][112]LogModuleManager: Shutting down and abandoning module Analytics (126)
[2015.11.05-11.49.16:276][112]LogModuleManager: Shutting down and abandoning module AITestSuite (125)
[2015.11.05-11.49.16:277][112]LogModuleManager: Shutting down and abandoning module GameplayDebugger (124)
[2015.11.05-11.49.16:278][112]LogModuleManager: Shutting down and abandoning module AIModule (123)
[2015.11.05-11.49.16:278][112]LogModuleManager: Shutting down and abandoning module ProfilerService (122)
[2015.11.05-11.49.16:452][112]LogModuleManager: Shutting down and abandoning module TaskGraph (121)
[2015.11.05-11.49.16:453][112]LogModuleManager: Shutting down and abandoning module SlateRemote (120)
[2015.11.05-11.49.16:453][112]LogModuleManager: Shutting down and abandoning module SteamVRController (119)
[2015.11.05-11.49.16:453][112]LogModuleManager: Shutting down and abandoning module SteamVR (118)
[2015.11.05-11.49.16:453][112]LogModuleManager: Shutting down and abandoning module ProceduralMeshComponent (117)
[2015.11.05-11.49.16:453][112]LogModuleManager: Shutting down and abandoning module OculusRift (116)
[2015.11.05-11.49.16:454][112]LogModuleManager: Shutting down and abandoning module OculusLibrary (115)
[2015.11.05-11.49.16:454][112]LogModuleManager: Shutting down and abandoning module LeapMotionController (114)
[2015.11.05-11.49.16:489][112]LogModuleManager: Shutting down and abandoning module CustomMeshComponent (113)
[2015.11.05-11.49.16:489][112]LogModuleManager: Shutting down and abandoning module CableComponent (112)
[2015.11.05-11.49.16:489][112]LogModuleManager: Shutting down and abandoning module ArchVisCharacter (111)
[2015.11.05-11.49.16:489][112]LogModuleManager: Shutting down and abandoning module MessagingDebugger (110)
[2015.11.05-11.49.16:492][112]LogModuleManager: Shutting down and abandoning module MediaPlayerEditor (109)
[2015.11.05-11.49.16:493][112]LogModuleManager: Shutting down and abandoning module HTML5Networking (108)
[2015.11.05-11.49.16:493][112]LogModuleManager: Shutting down and abandoning module SpeedTreeImporter (107)
[2015.11.05-11.49.16:493][112]LogModuleManager: Shutting down and abandoning module PluginBrowser (106)
[2015.11.05-11.49.16:495][112]LogModuleManager: Shutting down and abandoning module EpicSurvey (105)
[2015.11.05-11.49.16:496][112]LogModuleManager: Shutting down and abandoning module DesktopPlatform (104)
[2015.11.05-11.49.16:497][112]LogModuleManager: Shutting down and abandoning module VisualStudioSourceCodeAccess (103)
[2015.11.05-11.49.16:498][112]LogModuleManager: Shutting down and abandoning module UObjectPlugin (102)
[2015.11.05-11.49.16:498][112]LogModuleManager: Shutting down and abandoning module SubversionSourceControl (101)
[2015.11.05-11.49.16:500][112]LogModuleManager: Shutting down and abandoning module PerforceSourceControl (100)
[2015.11.05-11.49.16:503][112]LogModuleManager: Shutting down and abandoning module SourceControl (99)
[2015.11.05-11.49.16:504][112]LogModuleManager: Shutting down and abandoning module GitSourceControl (98)
[2015.11.05-11.49.16:504][112]LogModuleManager: Shutting down and abandoning module LightPropagationVolumeEditor (97)
[2015.11.05-11.49.16:504][112]LogModuleManager: Shutting down and abandoning module PaperTiledImporter (96)
[2015.11.05-11.49.16:504][112]LogModuleManager: Shutting down and abandoning module PaperSpriteSheetImporter (95)
[2015.11.05-11.49.16:505][112]LogModuleManager: Shutting down and abandoning module MeshPaint (94)
[2015.11.05-11.49.16:505][112]LogModuleManager: Shutting down and abandoning module SlateReflector (93)
[2015.11.05-11.49.16:506][112]LogModuleManager: Shutting down and abandoning module HotReload (92)
[2015.11.05-11.49.16:506][112]LogModuleManager: Shutting down and abandoning module MainFrame (91)
[2015.11.05-11.49.16:507][112]LogModuleManager: Shutting down and abandoning module LevelEditor (90)
[2015.11.05-11.49.16:514][112]LogModuleManager: Shutting down and abandoning module DirectoryWatcher (89)
[2015.11.05-11.49.16:523][112]LogModuleManager: Shutting down and abandoning module AssetRegistry (88)
[2015.11.05-11.49.16:731][112]LogModuleManager: Shutting down and abandoning module ContentBrowser (87)
[2015.11.05-11.49.16:732][112]LogModuleManager: Shutting down and abandoning module Paper2DEditor (86)
[2015.11.05-11.49.16:735][112]LogModuleManager: Shutting down and abandoning module UdpMessaging (85)
[2015.11.05-11.49.16:836][112]LogModuleManager: Shutting down and abandoning module LightPropagationVolumeRuntime (84)
[2015.11.05-11.49.16:836][112]LogModuleManager: Shutting down and abandoning module Paper2D (83)
[2015.11.05-11.49.16:837][112]LogModuleManager: Shutting down and abandoning module WindowsMoviePlayer (82)
[2015.11.05-11.49.16:847][112]LogModuleManager: Shutting down and abandoning module Media (81)
[2015.11.05-11.49.16:848][112]LogModuleManager: Shutting down and abandoning module WmfMedia (80)
[2015.11.05-11.49.16:854][112]LogModuleManager: Shutting down and abandoning module OnlineBlueprintSupport (79)
[2015.11.05-11.49.16:855][112]LogModuleManager: Shutting down and abandoning module GameplayTasksEditor (78)
[2015.11.05-11.49.16:855][112]LogModuleManager: Shutting down and abandoning module PropertyEditor (77)
[2015.11.05-11.49.16:857][112]LogModuleManager: Shutting down and abandoning module BehaviorTreeEditor (76)
[2015.11.05-11.49.16:859][112]LogModuleManager: Shutting down and abandoning module FunctionalTesting (75)
[2015.11.05-11.49.16:860][112]LogModuleManager: Shutting down and abandoning module CollisionAnalyzer (74)
[2015.11.05-11.49.16:861][112]LogModuleManager: Shutting down and abandoning module WorkspaceMenuStructure (73)
[2015.11.05-11.49.16:864][112]LogModuleManager: Shutting down and abandoning module MessageLog (72)
[2015.11.05-11.49.16:864][112]LogModuleManager: Shutting down and abandoning module Sequencer (71)
[2015.11.05-11.49.16:866][112]LogModuleManager: Shutting down and abandoning module AssetTools (70)
[2015.11.05-11.49.16:869][112]LogModuleManager: Shutting down and abandoning module UMGEditor (69)
[2015.11.05-11.49.16:870][112]LogModuleManager: Shutting down and abandoning module UMG (68)
[2015.11.05-11.49.16:871][112]LogModuleManager: Shutting down and abandoning module Slate (67)
[2015.11.05-11.49.16:871][112]LogModuleManager: Shutting down and abandoning module EditorStyle (66)
[2015.11.05-11.49.16:887][112]LogModuleManager: Shutting down and abandoning module SessionServices (65)
[2015.11.05-11.49.16:887][112]LogModuleManager: Shutting down and abandoning module SourceCodeAccess (64)
[2015.11.05-11.49.16:888][112]LogModuleManager: Shutting down and abandoning module HeadMountedDisplay (63)
[2015.11.05-11.49.16:888][112]LogModuleManager: Shutting down and abandoning module XAudio2 (62)
[2015.11.05-11.49.16:888][112]LogModuleManager: Shutting down and abandoning module Networking (60)
[2015.11.05-11.49.16:888][112]LogModuleManager: Shutting down and abandoning module Core (59)
[2015.11.05-11.49.16:888][112]LogModuleManager: Shutting down and abandoning module KismetCompiler (58)
[2015.11.05-11.49.16:888][112]LogModuleManager: Shutting down and abandoning module PhysXFormats (57)
[2015.11.05-11.49.16:889][112]LogModuleManager: Shutting down and abandoning module MeshUtilities (56)
[2015.11.05-11.49.16:891][112]LogModuleManager: Shutting down and abandoning module CookingStats (55)
[2015.11.05-11.49.16:898][112]LogModuleManager: Shutting down and abandoning module DerivedDataCache (54)
[2015.11.05-11.49.16:961][112]LogDerivedDataCache: Shutdown
[2015.11.05-11.49.16:961][112]LogModuleManager: Shutting down and abandoning module ShaderFormatOpenGL (53)
[2015.11.05-11.49.16:962][112]LogModuleManager: Shutting down and abandoning module ShaderFormatD3D (52)
[2015.11.05-11.49.16:962][112]LogModuleManager: Shutting down and abandoning module MetalShaderFormat (51)
[2015.11.05-11.49.16:963][112]LogModuleManager: Shutting down and abandoning module TextureFormatUncompressed (50)
[2015.11.05-11.49.16:963][112]LogModuleManager: Shutting down and abandoning module TextureFormatPVR (49)
[2015.11.05-11.49.16:964][112]LogModuleManager: Shutting down and abandoning module TextureFormatIntelISPCTexComp (48)
[2015.11.05-11.49.16:964][112]LogModuleManager: Shutting down and abandoning module TextureFormatDXT (47)
[2015.11.05-11.49.16:964][112]LogModuleManager: Shutting down and abandoning module ImageWrapper (46)
[2015.11.05-11.49.16:964][112]LogModuleManager: Shutting down and abandoning module TextureFormatASTC (45)
[2015.11.05-11.49.16:965][112]LogModuleManager: Shutting down and abandoning module TextureFormatAndroid (44)
[2015.11.05-11.49.16:965][112]LogModuleManager: Shutting down and abandoning module AudioFormatOpus (43)
[2015.11.05-11.49.16:965][112]LogModuleManager: Shutting down and abandoning module AudioFormatOgg (42)
[2015.11.05-11.49.16:966][112]LogModuleManager: Shutting down and abandoning module AudioFormatADPCM (41)
[2015.11.05-11.49.16:966][112]LogModuleManager: Shutting down and abandoning module LinuxTargetPlatform (40)
[2015.11.05-11.49.16:968][112]LogModuleManager: Shutting down and abandoning module LinuxServerTargetPlatform (39)
[2015.11.05-11.49.16:968][112]LogModuleManager: Shutting down and abandoning module LinuxNoEditorTargetPlatform (38)
[2015.11.05-11.49.16:969][112]LogModuleManager: Shutting down and abandoning module Messaging (37)
[2015.11.05-11.49.16:969][112]LogModuleManager: Shutting down and abandoning module IOSTargetPlatform (36)
[2015.11.05-11.49.16:969][112]LogModuleManager: Shutting down and abandoning module HTML5TargetPlatform (35)
[2015.11.05-11.49.16:970][112]LogModuleManager: Shutting down and abandoning module Android_PVRTCTargetPlatform (34)
[2015.11.05-11.49.16:970][112]LogModuleManager: Shutting down and abandoning module Android_ETC2TargetPlatform (33)
[2015.11.05-11.49.16:971][112]LogModuleManager: Shutting down and abandoning module Android_ETC1TargetPlatform (32)
[2015.11.05-11.49.16:971][112]LogModuleManager: Shutting down and abandoning module Android_DXTTargetPlatform (31)
[2015.11.05-11.49.16:971][112]LogModuleManager: Shutting down and abandoning module Android_ATCTargetPlatform (30)
[2015.11.05-11.49.16:972][112]LogModuleManager: Shutting down and abandoning module Android_ASTCTargetPlatform (29)
[2015.11.05-11.49.16:972][112]LogModuleManager: Shutting down and abandoning module AndroidTargetPlatform (28)
[2015.11.05-11.49.16:972][112]LogModuleManager: Shutting down and abandoning module WindowsTargetPlatform (27)
[2015.11.05-11.49.16:973][112]LogModuleManager: Shutting down and abandoning module WindowsServerTargetPlatform (26)
[2015.11.05-11.49.16:974][112]LogModuleManager: Shutting down and abandoning module WindowsNoEditorTargetPlatform (25)
[2015.11.05-11.49.16:974][112]LogModuleManager: Shutting down and abandoning module WindowsClientTargetPlatform (24)
[2015.11.05-11.49.16:975][112]LogModuleManager: Shutting down and abandoning module AllDesktopTargetPlatform (23)
[2015.11.05-11.49.16:975][112]LogModuleManager: Shutting down and abandoning module TargetPlatform (22)
[2015.11.05-11.49.16:976][112]LogModuleManager: Shutting down and abandoning module InputCore (21)
[2015.11.05-11.49.16:976][112]LogModuleManager: Shutting down and abandoning module Settings (20)
[2015.11.05-11.49.16:977][112]LogModuleManager: Shutting down and abandoning module OnlineSubsystem (18)
[2015.11.05-11.49.16:977][112]LogModuleManager: Shutting down and abandoning module HTTP (17)
[2015.11.05-11.49.17:981][112]LogModuleManager: Shutting down and abandoning module XMPP (16)
[2015.11.05-11.49.17:986][112]LogModuleManager: Shutting down and abandoning module ExampleDeviceProfileSelector (15)
[2015.11.05-11.49.17:986][112]LogModuleManager: Shutting down and abandoning module TextureCompressor (14)
[2015.11.05-11.49.17:986][112]LogModuleManager: Shutting down and abandoning module ShaderCore (13)
[2015.11.05-11.49.17:986][112]LogModuleManager: Shutting down and abandoning module Landscape (12)
[2015.11.05-11.49.17:986][112]LogModuleManager: Shutting down and abandoning module SlateRHIRenderer (11)
[2015.11.05-11.49.18:006][112]LogModuleManager: Shutting down and abandoning module OpenGLDrv (10)
[2015.11.05-11.49.18:008][112]LogModuleManager: Shutting down and abandoning module D3D11RHI (9)
[2015.11.05-11.49.18:008][112]LogModuleManager: Shutting down and abandoning module AnimGraphRuntime (8)
[2015.11.05-11.49.18:008][112]LogModuleManager: Shutting down and abandoning module Renderer (7)
[2015.11.05-11.49.18:008][112]LogModuleManager: Shutting down and abandoning module Engine (6)
[2015.11.05-11.49.18:008][112]LogModuleManager: Shutting down and abandoning module CoreUObject (5)
[2015.11.05-11.49.18:008][112]LogModuleManager: Shutting down and abandoning module NetworkFile (4)
[2015.11.05-11.49.18:012][112]LogModuleManager: Shutting down and abandoning module StreamingFile (3)
[2015.11.05-11.49.18:013][112]LogModuleManager: Shutting down and abandoning module SandboxFile (2)
[2015.11.05-11.49.18:015][112]LogModuleManager: Shutting down and abandoning module PakFile (1)
[2015.11.05-11.49.18:028][112]LogExit: Exiting.
[2015.11.05-11.49.18:114][112]Log file closed, 11/05/15 12:49:18
