[2015.11.05-10.50.44:592][  0]Log file open, 11/05/15 11:50:44
[2015.11.05-10.50.44:592][  0]LogInit:Display: Running engine for game: ProsjektOppgave
[2015.11.05-10.50.44:592][  0]LogInit:Display: RandInit(1477158592) SRandInit(1477158592).
[2015.11.05-10.50.44:592][  0]LogTaskGraph: Started task graph with 4 named threads and 5 total threads.
[2015.11.05-10.50.44:592][  0]LogStats: Stats thread started at 0.104145
[2015.11.05-10.50.44:592][  0]LogInit: Version: 4.9.1-2689999+++depot+UE4-Releases+4.9
[2015.11.05-10.50.44:592][  0]LogInit: API Version: 2672455
[2015.11.05-10.50.44:592][  0]LogInit: Compiled (64-bit): Sep 14 2015 04:12:03
[2015.11.05-10.50.44:592][  0]LogInit: Compiled with Visual C++: 18.00.21005.01
[2015.11.05-10.50.44:592][  0]LogInit: Build Configuration: Development
[2015.11.05-10.50.44:592][  0]LogInit: Branch Name: ++depot+UE4-Releases+4.9
[2015.11.05-10.50.44:592][  0]LogInit: Command line: 
[2015.11.05-10.50.44:592][  0]LogInit: Base directory: C:/Program Files/Epic Games/4.9/Engine/Binaries/Win64/
[2015.11.05-10.50.44:592][  0]LogInit: Rocket: 1
[2015.11.05-10.50.44:603][  0]LogInit: Using libcurl 7.41.0
[2015.11.05-10.50.44:603][  0]LogInit:  - built for x86_64-pc-win32
[2015.11.05-10.50.44:603][  0]LogInit:  - supports SSL with WinSSL
[2015.11.05-10.50.44:603][  0]LogInit:  - other features:
[2015.11.05-10.50.44:603][  0]LogInit:      CURL_VERSION_SSL
[2015.11.05-10.50.44:603][  0]LogInit:      CURL_VERSION_IPV6
[2015.11.05-10.50.44:603][  0]LogInit:      CURL_VERSION_ASYNCHDNS
[2015.11.05-10.50.44:603][  0]LogInit:      CURL_VERSION_LARGEFILE
[2015.11.05-10.50.44:603][  0]LogInit:      CURL_VERSION_IDN
[2015.11.05-10.50.44:603][  0]LogInit:  CurlRequestOptions (configurable via config and command line):
[2015.11.05-10.50.44:603][  0]LogInit:  - bVerifyPeer = true  - Libcurl will verify peer certificate
[2015.11.05-10.50.44:603][  0]LogInit:  - bUseHttpProxy = false  - Libcurl will NOT use HTTP proxy
[2015.11.05-10.50.44:603][  0]LogInit:  - bDontReuseConnections = false  - Libcurl will reuse connections
[2015.11.05-10.50.44:603][  0]LogInit:  - CertBundlePath = nullptr  - Libcurl will use whatever was configured at build time.
[2015.11.05-10.50.44:612][  0]LogInit: Presizing for 0 objects not considered by GC, pre-allocating 0 bytes.
[2015.11.05-10.50.44:621][  0]LogInit: Object subsystem initialized
[2015.11.05-10.50.44:624][  0]LogInit: Selected Device Profile: [Windows]
[2015.11.05-10.50.44:624][  0]LogInit: Applying CVar settings loaded from the selected device profile: [Windows]
[2015.11.05-10.50.44:758][  0]LogInit: Computer: MAHLECOMP
[2015.11.05-10.50.44:758][  0]LogInit: User: Matias
[2015.11.05-10.50.44:758][  0]LogInit: CPU Page size=4096, Cores=2
[2015.11.05-10.50.44:758][  0]LogInit: High frequency timer resolution =2.240903 MHz
[2015.11.05-10.50.44:758][  0]LogMemory: Memory total: Physical=7.9GB (8GB approx)
[2015.11.05-10.50.44:758][  0]LogMemory: Platform Memory Stats for Windows
[2015.11.05-10.50.44:758][  0]LogMemory: Process Physical Memory: 52.29 MB used, 52.29 MB peak
[2015.11.05-10.50.44:758][  0]LogMemory: Process Virtual Memory: 56.94 MB used, 56.94 MB peak
[2015.11.05-10.50.44:758][  0]LogMemory: Physical Memory: 5306.36 MB used, 8072.27 MB total
[2015.11.05-10.50.44:758][  0]LogMemory: Virtual Memory: 351.12 MB used, 134217728.00 MB total
[2015.11.05-10.50.44:802][  0]LogTextLocalizationManager: No translations for ('nb-NO') exist, falling back to 'en' for localization and internationalization data.
[2015.11.05-10.50.46:044][  0]LogD3D11RHI: Found D3D11 adapter 0: Intel(R) HD Graphics Family (Feature Level 11_0)
[2015.11.05-10.50.46:044][  0]LogD3D11RHI: Adapter has 160MB of dedicated video memory, 0MB of dedicated system memory, and 1760MB of shared system memory, 1 output[s]
[2015.11.05-10.50.46:067][  0]LogD3D11RHI: Found D3D11 adapter 1: NVIDIA GeForce GT 750M     (Feature Level 11_0)
[2015.11.05-10.50.46:067][  0]LogD3D11RHI: Adapter has 4014MB of dedicated video memory, 0MB of dedicated system memory, and 4036MB of shared system memory, 0 output[s]
[2015.11.05-10.50.46:235][  0]LogD3D11RHI: Found D3D11 adapter 2: Microsoft Basic Render Driver (Feature Level 11_0)
[2015.11.05-10.50.46:235][  0]LogD3D11RHI: Adapter has 0MB of dedicated video memory, 0MB of dedicated system memory, and 256MB of shared system memory, 0 output[s]
[2015.11.05-10.50.46:235][  0]LogD3D11RHI: Chosen D3D11 Adapter Id = 0
[2015.11.05-10.50.46:247][  0]LogD3D11RHI: !Direct3DDevice
[2015.11.05-10.50.46:247][  0]LogRHI: Texture pool is 1361 MB (70% of 1945 MB)
[2015.11.05-10.50.46:269][  0]LogD3D11RHI: Async texture creation enabled
[2015.11.05-10.50.46:288][  0]LogShaderCompilers: Guid format shader working directory is 15 characters bigger than the processId version (../../../../../../Users/Matias/Documents/Unreal Projects/Prosjekt/ProsjektOppgave/Intermediate/Shaders/WorkingDirectory/1116/).
[2015.11.05-10.50.46:288][  0]LogShaderCompilers: Cleaned the shader compiler working directory '../../../../../../Users/Matias/Documents/Unreal Projects/Prosjekt/ProsjektOppgave/Intermediate/Shaders/tmp/4BC5499E4D855AB455B91293AA442AC4/'.
[2015.11.05-10.50.46:288][  0]LogShaderCompilers:Display: Using Local Shader Compiler.
[2015.11.05-10.50.48:999][  0]LogTemp:Display: Loaded TP AllDesktopTargetPlatform
[2015.11.05-10.50.49:012][  0]LogTemp:Display: Loaded TP WindowsClientTargetPlatform
[2015.11.05-10.50.49:028][  0]LogTemp:Display: Loaded TP WindowsNoEditorTargetPlatform
[2015.11.05-10.50.49:041][  0]LogTemp:Display: Loaded TP WindowsServerTargetPlatform
[2015.11.05-10.50.49:053][  0]LogTemp:Display: Loaded TP WindowsTargetPlatform
[2015.11.05-10.50.49:062][  0]LogTemp:Display: Loaded TP AndroidTargetPlatform
[2015.11.05-10.50.49:072][  0]LogTemp:Display: Loaded TP Android_ASTCTargetPlatform
[2015.11.05-10.50.49:081][  0]LogTemp:Display: Loaded TP Android_ATCTargetPlatform
[2015.11.05-10.50.49:093][  0]LogTemp:Display: Loaded TP Android_DXTTargetPlatform
[2015.11.05-10.50.49:104][  0]LogTemp:Display: Loaded TP Android_ETC1TargetPlatform
[2015.11.05-10.50.49:114][  0]LogTemp:Display: Loaded TP Android_ETC2TargetPlatform
[2015.11.05-10.50.49:123][  0]LogTemp:Display: Loaded TP Android_PVRTCTargetPlatform
[2015.11.05-10.50.49:124][  0]LogTemp:Display: Loaded TP HTML5TargetPlatform
[2015.11.05-10.50.49:150][  0]LogTemp:Display: Loaded TP IOSTargetPlatform
[2015.11.05-10.50.49:157][  0]LogTemp:Display: Loaded TP LinuxNoEditorTargetPlatform
[2015.11.05-10.50.49:169][  0]LogTemp:Display: Loaded TP LinuxServerTargetPlatform
[2015.11.05-10.50.49:181][  0]LogTemp:Display: Loaded TP LinuxTargetPlatform
[2015.11.05-10.50.49:181][  0]LogTargetPlatformManager:Display: Building Assets For Windows
[2015.11.05-10.50.49:409][  0]LogDerivedDataCache:Display: Max Cache Size: 512 MB
[2015.11.05-10.50.49:504][  0]LogDerivedDataCache: Loaded boot cache 0.10s 41MB C:/Users/Matias/AppData/Local/UnrealEngine/4.9/DerivedDataCache/Boot.ddc.
[2015.11.05-10.50.49:504][  0]LogDerivedDataCache:Display: Loaded Boot cache: C:/Users/Matias/AppData/Local/UnrealEngine/4.9/DerivedDataCache/Boot.ddc
[2015.11.05-10.50.49:504][  0]LogDerivedDataCache: FDerivedDataBackendGraph:  Pak pak cache file ../../../../../../Users/Matias/Documents/Unreal Projects/Prosjekt/ProsjektOppgave/DerivedDataCache/DDC.ddp not found, will not use a pak cache.
[2015.11.05-10.50.49:504][  0]LogDerivedDataCache: Unable to find inner node Pak for hierarchical cache Hierarchy.
[2015.11.05-10.50.49:505][  0]LogDerivedDataCache: FDerivedDataBackendGraph:  CompressedPak pak cache file ../../../../../../Users/Matias/Documents/Unreal Projects/Prosjekt/ProsjektOppgave/DerivedDataCache/Compressed.ddp not found, will not use a pak cache.
[2015.11.05-10.50.49:505][  0]LogDerivedDataCache: Unable to find inner node CompressedPak for hierarchical cache Hierarchy.
[2015.11.05-10.50.49:833][  0]LogDerivedDataCache:Display: Pak cache opened for reading ../../../Engine/DerivedDataCache/Compressed.ddp.
[2015.11.05-10.50.49:858][  0]LogDerivedDataCache: Using Local data cache path C:/Users/Matias/AppData/Local/UnrealEngine/Common/DerivedDataCache: Writable
[2015.11.05-10.50.50:367][  0]LogInit: Selected Device Profile: [Windows]
[2015.11.05-10.50.50:374][  0]LogContentStreaming: Texture pool size is 0.000000MB
[2015.11.05-10.50.50:723][  0]LogMeshUtilities: No automatic mesh reduction module available
[2015.11.05-10.50.50:723][  0]LogMeshUtilities: No automatic mesh merging module available
[2015.11.05-10.50.51:325][  0]LogInit: WinSock: version 1.1 (2.2), MaxSocks=32767, MaxUdp=65467
[2015.11.05-10.50.53:116][  0]UdpMessaging: Initializing bridge on interface 0.0.0.0:0 to multicast group 230.0.0.1:6666.
[2015.11.05-10.50.53:231][  0]LogAssetRegistry: FAssetRegistry took 0.0109 seconds to start up
[2015.11.05-10.50.54:127][  0]SourceControl: Info Source control is disabled
[2015.11.05-10.50.55:404][  0]LogLinker:Warning: Asset '../../../Engine/Plugins/Runtime/LeapMotionController/Content/LM_PassthroughMaterial.uasset' has been saved with empty engine version. The asset will be loaded but may be incompatible.
[2015.11.05-10.50.55:515][  0]LogObj: 28361 objects as part of root set at end of initial load.
[2015.11.05-10.50.55:515][  0]LogUObjectAllocator: 6038864 out of 0 bytes used by permanent object pool.
[2015.11.05-10.50.55:605][  0]LogEngine: Initializing Engine...
[2015.11.05-10.50.55:607][  0]OCULUS: Info: 11/05/15 10:50:55: [CAPI] LibOVR module is located at C:\WINDOWS\SYSTEM32\LibOVRRT64_0_7.dll

[2015.11.05-10.50.56:208][  0]OCULUS: Error: 11/05/15 10:50:56: [CAPI] ovr_Create failed to complete within the timeout period.
[2015.11.05-10.50.56:311][  0]LogHMD: SteamVR failed to initialize.  Err: 110
[2015.11.05-10.50.59:239][  0]LogAIModule: Creating AISystem for world NewWorld
[2015.11.05-10.50.59:249][  0]LogInit: XAudio2 using 'Speakers (Realtek High Definition Audio)' : 2 channels at 48 kHz using 32 bits per sample (channel mask 0x3)
[2015.11.05-10.50.59:440][  0]LogInit: FAudioDevice initialized.
[2015.11.05-10.50.59:982][  0]LogDerivedDataCache: Saved boot cache 0.54s 41MB C:/Users/Matias/AppData/Local/UnrealEngine/4.9/DerivedDataCache/Boot.ddc.
[2015.11.05-10.50.59:988][  0]LogInit: Texture streaming: Enabled
[2015.11.05-10.50.59:996][  0]LogAnalytics: Creating configured Analytics provider AnalyticsET
[2015.11.05-10.50.59:996][  0]LogAnalytics: [UEEditor.Rocket.Release] APIServer = http://et2.epicgames.com/ET2/. AppVersion = 4.9.1-2689999+++depot+UE4-Releases+4.9
[2015.11.05-10.50.59:996][  0]LogAnalytics: [UEEditor.Rocket.Release] SetUserId a026db1d43fe04b23d2c058df3c42829|53261a8508e648dd9ed793237ec7547e|b97d48bd-bef5-4cd2-ad86-50743a307f4e
[2015.11.05-10.50.59:996][  0]LogAnalytics: [UEEditor.Rocket.Release] AnalyticsET::StartSession
[2015.11.05-10.51.00:036][  0]LogInit: Transaction tracking system initialized
[2015.11.05-10.51.01:380][  0]BlueprintLog: New page: Editor Load
[2015.11.05-10.51.01:615][  0]LocalizationService: Info Localization service is disabled
[2015.11.05-10.51.02:043][  0]LogConsoleResponse:Display: 
[2015.11.05-10.51.02:563][  0]LogCook:Display: Done creating registry. It took  0.00s.
[2015.11.05-10.51.04:327][  0]Cmd: MAP LOAD FILE="../../../../../../Users/Matias/Documents/Unreal Projects/Prosjekt/ProsjektOppgave/Content/FirstPersonBP/Maps/FirstPersonExampleMap.umap" TEMPLATE=0 SHOWPROGRESS=1 FEATURELEVEL=3
[2015.11.05-10.51.05:699][  0]LightingResults: New page: Lighting Build
[2015.11.05-10.51.05:704][  0]MapCheck: New page: Map Check
[2015.11.05-10.51.05:704][  0]LightingResults: New page: Lighting Build
[2015.11.05-10.51.05:732][  0]LogParticles: Destroying 0 GPU particle simulations for FXSystem 0x0000001405606160
[2015.11.05-10.51.08:460][  0]LogFileCache: Scanning file cache for directory 'C:/Users/Matias/Documents/Unreal Projects/Prosjekt/ProsjektOppgave/Content/' took 5.11s
[2015.11.05-10.51.11:271][  0]LogLinker:Warning: Asset '../../../../../../Users/Matias/Documents/Unreal Projects/Prosjekt/ProsjektOppgave/Content/FirstPersonBP/Blueprints/FirstPersonProjectile.uasset' has been saved with empty engine version. The asset will be loaded but may be incompatible.
[2015.11.05-10.51.11:385][  0]LogLinker:Warning: Asset '../../../../../../Users/Matias/Documents/Unreal Projects/Prosjekt/ProsjektOppgave/Content/FirstPerson/Meshes/FirstPersonProjectileMesh.uasset' has been saved with empty engine version. The asset will be loaded but may be incompatible.
[2015.11.05-10.51.23:462][  0]LogAIModule: Creating AISystem for world FirstPersonExampleMap
[2015.11.05-10.51.24:000][  0]LogEditorServer: Finished looking for orphan Actors (0.000 secs)
[2015.11.05-10.51.24:000][  0]Cmd: MAP CHECKDEP NOCLEARLOG
[2015.11.05-10.51.24:066][  0]MapCheck: Info Map check complete: 0 Error(s), 0 Warning(s), took 64.824ms to complete.
[2015.11.05-10.51.24:066][  0]LogFileHelpers: Loading map 'FirstPersonExampleMap' took 19.739
[2015.11.05-10.51.25:481][  0]LogCollectionManager: Loaded 0 collections in 0.004355 seconds
[2015.11.05-10.51.25:655][  0]LogFileCache: Scanning file cache for directory 'C:/Users/Matias/Documents/Unreal Projects/Prosjekt/ProsjektOppgave/Saved/Collections/' took 0.01s
[2015.11.05-10.51.25:655][  0]LogFileCache: Scanning file cache for directory 'C:/Users/Matias/Documents/Unreal Projects/Prosjekt/ProsjektOppgave/Content/Developers/Matias/Collections/' took 0.01s
[2015.11.05-10.51.25:655][  0]LogFileCache: Scanning file cache for directory 'C:/Users/Matias/Documents/Unreal Projects/Prosjekt/ProsjektOppgave/Content/Collections/' took 0.01s
[2015.11.05-10.51.25:655][  0]LogContentBrowser: Native class hierarchy populated in 0.0534 seconds. Added 1867 classes and 333 folders.
[2015.11.05-10.51.26:116][  0]LogCollectionManager: Rebuilt the GUID cache for 0 collections in 0.000003 seconds
[2015.11.05-10.51.26:298][  0]LogContentBrowser: Native class hierarchy updated for 'WidgetCarousel' in 0.0005 seconds. Added 0 classes and 0 folders.
[2015.11.05-10.51.29:734][  0]LogContentBrowser: Native class hierarchy updated for 'AddContentDialog' in 0.0007 seconds. Added 0 classes and 0 folders.
[2015.11.05-10.51.31:300][  0]LogContentBrowser: Native class hierarchy updated for 'SceneOutliner' in 0.0007 seconds. Added 1 classes and 2 folders.
[2015.11.05-10.51.33:972][  0]LogCrashTracker: Crashtracker disabled due to settings.
[2015.11.05-10.51.34:236][  0]LogUObjectGlobals:Warning: Failed to find object 'Class None.'
[2015.11.05-10.51.34:264][  0]LogLoad: Full Startup: 52.24 seconds (BP compile: 1.41 seconds)
[2015.11.05-10.51.35:726][  0]SourceControl: Info On branch master
[2015.11.05-10.51.35:726][  0]SourceControl: Info Your branch is up-to-date with 'origin/master'.
[2015.11.05-10.51.35:726][  0]SourceControl: Info Changes not staged for commit:
[2015.11.05-10.51.35:727][  0]SourceControl: Info   (use "git add <file>..." to update what will be committed)
[2015.11.05-10.51.35:727][  0]SourceControl: Info   (use "git checkout -- <file>..." to discard changes in working directory)
[2015.11.05-10.51.35:727][  0]SourceControl: Info 	modified:   ProsjektOppgave/Intermediate/CachedAssetRegistry.bin
[2015.11.05-10.51.35:727][  0]SourceControl: Info 	modified:   ProsjektOppgave/Saved/AutoScreenshot.png
[2015.11.05-10.51.35:727][  0]SourceControl: Info 	modified:   ProsjektOppgave/Saved/Autosaves/PackageRestoreData.json
[2015.11.05-10.51.35:727][  0]SourceControl: Info 	modified:   ProsjektOppgave/Saved/Config/Windows/EditorPerProjectUserSettings.ini
[2015.11.05-10.51.35:727][  0]SourceControl: Info 	modified:   ProsjektOppgave/Saved/Logs/ProsjektOppgave.log
[2015.11.05-10.51.35:727][  0]SourceControl: Info Untracked files:
[2015.11.05-10.51.35:727][  0]SourceControl: Info   (use "git add <file>..." to include in what will be committed)
[2015.11.05-10.51.35:727][  0]SourceControl: Info 	ProsjektOppgave/Saved/Logs/ProsjektOppgave-backup-2015.11.05-11.50.44.log
[2015.11.05-10.51.35:727][  0]SourceControl: Info no changes added to commit (use "git add" and/or "git commit -a")
[2015.11.05-10.51.35:748][  0]LogContentStreaming: Texture pool size now 400 MB
[2015.11.05-10.51.37:006][  0]LogRenderer: Reallocating scene render targets to support 472x592 (Frame:2).
[2015.11.05-10.51.38:636][  5]LogAssetRegistry: Asset discovery search completed in 45.4162 seconds
[2015.11.05-10.51.38:636][  5]LogCollectionManager: Rebuilt the object cache for 0 collections in 0.000002 seconds (found 0 objects)
[2015.11.05-10.51.38:636][  5]LogCollectionManager: Fixed up redirectors for 0 collections in 0.000029 seconds (updated 0 objects)
[2015.11.05-10.52.55:944][549]LogRenderer: Reallocating scene render targets to support 652x592 (Frame:2354).
[2015.11.05-10.54.43:213][216]SourceControl: Info fatal: C:/Program Files/Epic Games/4.9/Engine/Content/ArtTools/RenderToTexture/Blueprints/PhysMesh.uasset: 'C:/Program Files/Epic Games/4.9/Engine/Content/ArtTools/RenderToTexture/Blueprints/PhysMesh.uasset' is outside repository
[2015.11.05-10.54.43:213][216]SourceControl: Info fatal: C:/Program Files/Epic Games/4.9/Engine/Content/ArtTools/RenderToTexture/Enums/EFloatTypes.uasset: 'C:/Program Files/Epic Games/4.9/Engine/Content/ArtTools/RenderToTexture/Enums/EFloatTypes.uasset' is outside repository
[2015.11.05-10.54.43:213][216]SourceControl: Info fatal: C:/Program Files/Epic Games/4.9/Engine/Content/ArtTools/RenderToTexture/Macros/RenderToTextureMacros.uasset: 'C:/Program Files/Epic Games/4.9/Engine/Content/ArtTools/RenderToTexture/Macros/RenderToTextureMacros.uasset' is outside repository
[2015.11.05-10.54.43:213][216]SourceControl: Info fatal: C:/Program Files/Epic Games/4.9/Engine/Content/ArtTools/RenderToTexture/MaterialFunctions/BoundingSphereBased_0-1_UVW.uasset: 'C:/Program Files/Epic Games/4.9/Engine/Content/ArtTools/RenderToTexture/MaterialFunctions/BoundingSphereBased_0-1_UVW.uasset' is outside repository
[2015.11.05-10.54.43:213][216]SourceControl: Info fatal: C:/Program Files/Epic Games/4.9/Engine/Content/ArtTools/RenderToTexture/Materials/MPC_R2T.uasset: 'C:/Program Files/Epic Games/4.9/Engine/Content/ArtTools/RenderToTexture/Materials/MPC_R2T.uasset' is outside repository
[2015.11.05-10.54.43:213][216]SourceControl: Info fatal: C:/Program Files/Epic Games/4.9/Engine/Content/ArtTools/RenderToTexture/Materials/Debug/M_2sidedLit.uasset: 'C:/Program Files/Epic Games/4.9/Engine/Content/ArtTools/RenderToTexture/Materials/Debug/M_2sidedLit.uasset' is outside repository
[2015.11.05-10.54.43:213][216]SourceControl: Info fatal: C:/Program Files/Epic Games/4.9/Engine/Content/ArtTools/RenderToTexture/Materials/Flipbooks/M_FlipBookCounter_01.uasset: 'C:/Program Files/Epic Games/4.9/Engine/Content/ArtTools/RenderToTexture/Materials/Flipbooks/M_FlipBookCounter_01.uasset' is outside repository
[2015.11.05-10.54.43:213][216]SourceControl: Info fatal: C:/Program Files/Epic Games/4.9/Engine/Content/ArtTools/RenderToTexture/Materials/Imposters/M_ImposterTest_01.uasset: 'C:/Program Files/Epic Games/4.9/Engine/Content/ArtTools/RenderToTexture/Materials/Imposters/M_ImposterTest_01.uasset' is outside repository
[2015.11.05-10.54.43:213][216]SourceControl: Info fatal: C:/Program Files/Epic Games/4.9/Engine/Content/ArtTools/RenderToTexture/Meshes/ShadowTestMesh.uasset: 'C:/Program Files/Epic Games/4.9/Engine/Content/ArtTools/RenderToTexture/Meshes/ShadowTestMesh.uasset' is outside repository
[2015.11.05-10.54.43:213][216]SourceControl: Info fatal: C:/Program Files/Epic Games/4.9/Engine/Content/ArtTools/RenderToTexture/Textures/127grey.uasset: 'C:/Program Files/Epic Games/4.9/Engine/Content/ArtTools/RenderToTexture/Textures/127grey.uasset' is outside repository
[2015.11.05-10.54.43:214][216]SourceControl: Info fatal: C:/Program Files/Epic Games/4.9/Engine/Content/ArtTools/RenderToTexture/Textures/FlipbookMotionVectors/Position1.uasset: 'C:/Program Files/Epic Games/4.9/Engine/Content/ArtTools/RenderToTexture/Textures/FlipbookMotionVectors/Position1.uasset' is outside repository
[2015.11.05-10.54.43:214][216]SourceControl: Info fatal: C:/Program Files/Epic Games/4.9/Engine/Content/BasicShapes/BasicShapeMaterial.uasset: 'C:/Program Files/Epic Games/4.9/Engine/Content/BasicShapes/BasicShapeMaterial.uasset' is outside repository
[2015.11.05-10.54.43:214][216]SourceControl: Info fatal: C:/Program Files/Epic Games/4.9/Engine/Content/BufferVisualization/AmbientOcclusion.uasset: 'C:/Program Files/Epic Games/4.9/Engine/Content/BufferVisualization/AmbientOcclusion.uasset' is outside repository
[2015.11.05-10.54.43:214][216]SourceControl: Info fatal: C:/Program Files/Epic Games/4.9/Engine/Content/Editor/Slate/Icons/AssetIcons/Cone_16x.uasset: 'C:/Program Files/Epic Games/4.9/Engine/Content/Editor/Slate/Icons/AssetIcons/Cone_16x.uasset' is outside repository
[2015.11.05-10.54.43:214][216]SourceControl: Info fatal: C:/Program Files/Epic Games/4.9/Engine/Content/EditorBlueprintResources/ActorMacros.uasset: 'C:/Program Files/Epic Games/4.9/Engine/Content/EditorBlueprintResources/ActorMacros.uasset' is outside repository
[2015.11.05-10.54.43:214][216]SourceControl: Info fatal: C:/Program Files/Epic Games/4.9/Engine/Content/EditorKismetResources/StandardMacros.uasset: 'C:/Program Files/Epic Games/4.9/Engine/Content/EditorKismetResources/StandardMacros.uasset' is outside repository
[2015.11.05-10.54.43:214][216]SourceControl: Info fatal: C:/Program Files/Epic Games/4.9/Engine/Content/EditorLandscapeResources/AlphaBrushMaterial.uasset: 'C:/Program Files/Epic Games/4.9/Engine/Content/EditorLandscapeResources/AlphaBrushMaterial.uasset' is outside repository
[2015.11.05-10.54.43:214][216]SourceControl: Info fatal: C:/Program Files/Epic Games/4.9/Engine/Content/EditorMaterials/Anchor.uasset: 'C:/Program Files/Epic Games/4.9/Engine/Content/EditorMaterials/Anchor.uasset' is outside repository
[2015.11.05-10.54.43:214][216]SourceControl: Info fatal: C:/Program Files/Epic Games/4.9/Engine/Content/EditorMaterials/TreeArrow_ExpandedRealtimePreview.uasset: 'C:/Program Files/Epic Games/4.9/Engine/Content/EditorMaterials/TreeArrow_ExpandedRealtimePreview.uasset' is outside repository
[2015.11.05-10.54.43:214][216]SourceControl: Info fatal: C:/Program Files/Epic Games/4.9/Engine/Content/EditorMaterials/Cascade/CASC_BackgroundCube_MAT.uasset: 'C:/Program Files/Epic Games/4.9/Engine/Content/EditorMaterials/Cascade/CASC_BackgroundCube_MAT.uasset' is outside repository
[2015.11.05-10.54.43:214][216]SourceControl: Info fatal: C:/Program Files/Epic Games/4.9/Engine/Content/EditorMaterials/Matinee/MAT_EnableTrack_Mat.uasset: 'C:/Program Files/Epic Games/4.9/Engine/Content/EditorMaterials/Matinee/MAT_EnableTrack_Mat.uasset' is outside repository
[2015.11.05-10.54.43:214][216]SourceControl: Info fatal: C:/Program Files/Epic Games/4.9/Engine/Content/EditorMaterials/MatineeGroups/MAT_ColorTrack.uasset: 'C:/Program Files/Epic Games/4.9/Engine/Content/EditorMaterials/MatineeGroups/MAT_ColorTrack.uasset' is outside repository
[2015.11.05-10.54.43:214][216]SourceControl: Info fatal: C:/Program Files/Epic Games/4.9/Engine/Content/EditorMaterials/ParticleSystems/PSysThumbnail_NoImage.uasset: 'C:/Program Files/Epic Games/4.9/Engine/Content/EditorMaterials/ParticleSystems/PSysThumbnail_NoImage.uasset' is outside repository
[2015.11.05-10.54.43:214][216]SourceControl: Info fatal: C:/Program Files/Epic Games/4.9/Engine/Content/EditorMaterials/Thumbnails/FloorPlaneMaterial.uasset: 'C:/Program Files/Epic Games/4.9/Engine/Content/EditorMaterials/Thumbnails/FloorPlaneMaterial.uasset' is outside repository
[2015.11.05-10.54.43:214][216]SourceControl: Info fatal: C:/Program Files/Epic Games/4.9/Engine/Content/EditorMaterials/Utilities/ImageReflectionPreview.uasset: 'C:/Program Files/Epic Games/4.9/Engine/Content/EditorMaterials/Utilities/ImageReflectionPreview.uasset' is outside repository
[2015.11.05-10.54.43:214][216]SourceControl: Info fatal: C:/Program Files/Epic Games/4.9/Engine/Content/EditorMeshes/AnimTreeEd_PreviewFloor.uasset: 'C:/Program Files/Epic Games/4.9/Engine/Content/EditorMeshes/AnimTreeEd_PreviewFloor.uasset' is outside repository
[2015.11.05-10.54.43:214][216]SourceControl: Info fatal: C:/Program Files/Epic Games/4.9/Engine/Content/EditorMeshes/Cascade/BackgroundCube.uasset: 'C:/Program Files/Epic Games/4.9/Engine/Content/EditorMeshes/Cascade/BackgroundCube.uasset' is outside repository
[2015.11.05-10.54.43:214][216]SourceControl: Info fatal: C:/Program Files/Epic Games/4.9/Engine/Content/EditorMeshes/ColorCalibrator/M_ChromeBall.uasset: 'C:/Program Files/Epic Games/4.9/Engine/Content/EditorMeshes/ColorCalibrator/M_ChromeBall.uasset' is outside repository
[2015.11.05-10.54.43:214][216]SourceControl: Info fatal: C:/Program Files/Epic Games/4.9/Engine/Content/EditorMeshes/SkeletalMesh/DefaultSkeletalMesh.uasset: 'C:/Program Files/Epic Games/4.9/Engine/Content/EditorMeshes/SkeletalMesh/DefaultSkeletalMesh.uasset' is outside repository
[2015.11.05-10.54.43:214][216]SourceControl: Info fatal: C:/Program Files/Epic Games/4.9/Engine/Content/EditorResources/Ai_Spawnpoint.uasset: 'C:/Program Files/Epic Games/4.9/Engine/Content/EditorResources/Ai_Spawnpoint.uasset' is outside repository
[2015.11.05-10.54.43:214][216]SourceControl: Info fatal: C:/Program Files/Epic Games/4.9/Engine/Content/EditorResources/S_Trigger.uasset: 'C:/Program Files/Epic Games/4.9/Engine/Content/EditorResources/S_Trigger.uasset' is outside repository
[2015.11.05-10.54.43:214][216]SourceControl: Info fatal: C:/Program Files/Epic Games/4.9/Engine/Content/EditorResources/AI/S_NavLink.uasset: 'C:/Program Files/Epic Games/4.9/Engine/Content/EditorResources/AI/S_NavLink.uasset' is outside repository
[2015.11.05-10.54.43:214][216]SourceControl: Info fatal: C:/Program Files/Epic Games/4.9/Engine/Content/EditorResources/AudioIcons/S_Ambient_Sound_Moveable.uasset: 'C:/Program Files/Epic Games/4.9/Engine/Content/EditorResources/AudioIcons/S_Ambient_Sound_Moveable.uasset' is outside repository
[2015.11.05-10.54.43:214][216]SourceControl: Info fatal: C:/Program Files/Epic Games/4.9/Engine/Content/EditorResources/Crowd/T_Crowd_Spline.uasset: 'C:/Program Files/Epic Games/4.9/Engine/Content/EditorResources/Crowd/T_Crowd_Spline.uasset' is outside repository
[2015.11.05-10.54.43:214][216]SourceControl: Info fatal: C:/Program Files/Epic Games/4.9/Engine/Content/EditorResources/LightIcons/Light_Point_Stationary_Statics.uasset: 'C:/Program Files/Epic Games/4.9/Engine/Content/EditorResources/LightIcons/Light_Point_Stationary_Statics.uasset' is outside repository
[2015.11.05-10.54.43:214][216]SourceControl: Info fatal: C:/Program Files/Epic Games/4.9/Engine/Content/EditorResources/Spline/T_Loft_Spline.uasset: 'C:/Program Files/Epic Games/4.9/Engine/Content/EditorResources/Spline/T_Loft_Spline.uasset' is outside repository
[2015.11.05-10.54.43:214][216]SourceControl: Info fatal: C:/Program Files/Epic Games/4.9/Engine/Content/EditorShapes/Materials/MI_ShapeInstance.uasset: 'C:/Program Files/Epic Games/4.9/Engine/Content/EditorShapes/Materials/MI_ShapeInstance.uasset' is outside repository
[2015.11.05-10.54.43:214][216]SourceControl: Info fatal: C:/Program Files/Epic Games/4.9/Engine/Content/EditorShapes/Textures/T_ShapeDiffuse.uasset: 'C:/Program Files/Epic Games/4.9/Engine/Content/EditorShapes/Textures/T_ShapeDiffuse.uasset' is outside repository
[2015.11.05-10.54.43:214][216]SourceControl: Info fatal: C:/Program Files/Epic Games/4.9/Engine/Content/EditorShellMaterials/MI_BaseFlat.uasset: 'C:/Program Files/Epic Games/4.9/Engine/Content/EditorShellMaterials/MI_BaseFlat.uasset' is outside repository
[2015.11.05-10.54.43:214][216]SourceControl: Info fatal: C:/Program Files/Epic Games/4.9/Engine/Content/EditorShellMaterials/ManualUVs/MI_BaseGrid_MUV.uasset: 'C:/Program Files/Epic Games/4.9/Engine/Content/EditorShellMaterials/ManualUVs/MI_BaseGrid_MUV.uasset' is outside repository
[2015.11.05-10.54.43:214][216]SourceControl: Info fatal: C:/Program Files/Epic Games/4.9/Engine/Content/EditorShellMaterials/SketchUp/MI_BaseGrid_WUV_SketchUp.uasset: 'C:/Program Files/Epic Games/4.9/Engine/Content/EditorShellMaterials/SketchUp/MI_BaseGrid_WUV_SketchUp.uasset' is outside repository
[2015.11.05-10.54.43:214][216]SourceControl: Info fatal: C:/Program Files/Epic Games/4.9/Engine/Content/EditorShellMaterials/WorldUVs/MI_BaseGrid_WUV.uasset: 'C:/Program Files/Epic Games/4.9/Engine/Content/EditorShellMaterials/WorldUVs/MI_BaseGrid_WUV.uasset' is outside repository
[2015.11.05-10.54.43:214][216]SourceControl: Info fatal: C:/Program Files/Epic Games/4.9/Engine/Content/EditorSounds/GamePreview/EjectFromPlayer.uasset: 'C:/Program Files/Epic Games/4.9/Engine/Content/EditorSounds/GamePreview/EjectFromPlayer.uasset' is outside repository
[2015.11.05-10.54.43:215][216]SourceControl: Info fatal: C:/Program Files/Epic Games/4.9/Engine/Content/EditorSounds/Notifications/CompileFailed.uasset: 'C:/Program Files/Epic Games/4.9/Engine/Content/EditorSounds/Notifications/CompileFailed.uasset' is outside repository
[2015.11.05-10.54.43:215][216]SourceControl: Info fatal: C:/Program Files/Epic Games/4.9/Engine/Content/EngineAnimNotifies/AnimNotify_PlayParticleEffect.uasset: 'C:/Program Files/Epic Games/4.9/Engine/Content/EngineAnimNotifies/AnimNotify_PlayParticleEffect.uasset' is outside repository
[2015.11.05-10.54.43:215][216]SourceControl: Info fatal: C:/Program Files/Epic Games/4.9/Engine/Content/EngineDamageTypes/DmgTypeBP_Environmental.uasset: 'C:/Program Files/Epic Games/4.9/Engine/Content/EngineDamageTypes/DmgTypeBP_Environmental.uasset' is outside repository
[2015.11.05-10.54.43:215][216]SourceControl: Info fatal: C:/Program Files/Epic Games/4.9/Engine/Content/EngineDebugMaterials/BlackUnlitMaterial.uasset: 'C:/Program Files/Epic Games/4.9/Engine/Content/EngineDebugMaterials/BlackUnlitMaterial.uasset' is outside repository
[2015.11.05-10.54.43:215][216]SourceControl: Info fatal: C:/Program Files/Epic Games/4.9/Engine/Content/EngineDebugMaterials/LightingModels/M_TextureDefinedSpecularReflecti.uasset: 'C:/Program Files/Epic Games/4.9/Engine/Content/EngineDebugMaterials/LightingModels/M_TextureDefinedSpecularReflecti.uasset' is outside repository
[2015.11.05-10.54.43:215][216]SourceControl: Info fatal: C:/Program Files/Epic Games/4.9/Engine/Content/EngineFonts/Roboto.uasset: 'C:/Program Files/Epic Games/4.9/Engine/Content/EngineFonts/Roboto.uasset' is outside repository
[2015.11.05-10.54.43:215][216]SourceControl: Info fatal: C:/Program Files/Epic Games/4.9/Engine/Content/EngineLightProfiles/180Degree_IES.uasset: 'C:/Program Files/Epic Games/4.9/Engine/Content/EngineLightProfiles/180Degree_IES.uasset' is outside repository
[2015.11.05-10.54.43:215][216]SourceControl: Info fatal: C:/Program Files/Epic Games/4.9/Engine/Content/EngineMaterials/AntiAliasedTextMaterialTranslucent.uasset: 'C:/Program Files/Epic Games/4.9/Engine/Content/EngineMaterials/AntiAliasedTextMaterialTranslucent.uasset' is outside repository
[2015.11.05-10.54.43:215][216]SourceControl: Info fatal: C:/Program Files/Epic Games/4.9/Engine/Content/EngineMaterials/RandomMirrorDisc.uasset: 'C:/Program Files/Epic Games/4.9/Engine/Content/EngineMaterials/RandomMirrorDisc.uasset' is outside repository
[2015.11.05-10.54.43:215][216]SourceControl: Info fatal: C:/Program Files/Epic Games/4.9/Engine/Content/EngineMeshes/BackgroundCube.uasset: 'C:/Program Files/Epic Games/4.9/Engine/Content/EngineMeshes/BackgroundCube.uasset' is outside repository
[2015.11.05-10.54.43:215][216]SourceControl: Info fatal: C:/Program Files/Epic Games/4.9/Engine/Content/EngineProduction/ReferenceNormalMap.uasset: 'C:/Program Files/Epic Games/4.9/Engine/Content/EngineProduction/ReferenceNormalMap.uasset' is outside repository
[2015.11.05-10.54.43:215][216]SourceControl: Info fatal: C:/Program Files/Epic Games/4.9/Engine/Content/EngineResources/AICON-Green.uasset: 'C:/Program Files/Epic Games/4.9/Engine/Content/EngineResources/AICON-Green.uasset' is outside repository
[2015.11.05-10.54.43:215][216]SourceControl: Info fatal: C:/Program Files/Epic Games/4.9/Engine/Content/EngineResources/Cursors/Arrow.uasset: 'C:/Program Files/Epic Games/4.9/Engine/Content/EngineResources/Cursors/Arrow.uasset' is outside repository
[2015.11.05-10.54.43:215][216]SourceControl: Info fatal: C:/Program Files/Epic Games/4.9/Engine/Content/EngineSky/BP_Sky_Shere.uasset: 'C:/Program Files/Epic Games/4.9/Engine/Content/EngineSky/BP_Sky_Shere.uasset' is outside repository
[2015.11.05-10.54.43:215][216]SourceControl: Info fatal: C:/Program Files/Epic Games/4.9/Engine/Content/EngineSounds/Duck_Normal_Attack_MixMod.uasset: 'C:/Program Files/Epic Games/4.9/Engine/Content/EngineSounds/Duck_Normal_Attack_MixMod.uasset' is outside repository
[2015.11.05-10.54.43:215][216]SourceControl: Info fatal: C:/Program Files/Epic Games/4.9/Engine/Content/EngineSounds/ReverbSettings/Alley.uasset: 'C:/Program Files/Epic Games/4.9/Engine/Content/EngineSounds/ReverbSettings/Alley.uasset' is outside repository
[2015.11.05-10.54.43:215][216]SourceControl: Info fatal: C:/Program Files/Epic Games/4.9/Engine/Content/EngineTireTypes/DefaultTireType.uasset: 'C:/Program Files/Epic Games/4.9/Engine/Content/EngineTireTypes/DefaultTireType.uasset' is outside repository
[2015.11.05-10.54.43:215][216]SourceControl: Info fatal: C:/Program Files/Epic Games/4.9/Engine/Content/EngineVolumetrics/FalloffSphere/Materials/M_EV_FalloffSphere_Master_01.uasset: 'C:/Program Files/Epic Games/4.9/Engine/Content/EngineVolumetrics/FalloffSphere/Materials/M_EV_FalloffSphere_Master_01.uasset' is outside repository
[2015.11.05-10.54.43:215][216]SourceControl: Info fatal: C:/Program Files/Epic Games/4.9/Engine/Content/EngineVolumetrics/FalloffSphere/Mesh/S_EV_FalloffSphere_Mesh_01.uasset: 'C:/Program Files/Epic Games/4.9/Engine/Content/EngineVolumetrics/FalloffSphere/Mesh/S_EV_FalloffSphere_Mesh_01.uasset' is outside repository
[2015.11.05-10.54.43:215][216]SourceControl: Info fatal: C:/Program Files/Epic Games/4.9/Engine/Content/EngineVolumetrics/FogEnvironment/Materials/M_EV_FogEnvironment_Master_01.uasset: 'C:/Program Files/Epic Games/4.9/Engine/Content/EngineVolumetrics/FogEnvironment/Materials/M_EV_FogEnvironment_Master_01.uasset' is outside repository
[2015.11.05-10.54.43:215][216]SourceControl: Info fatal: C:/Program Files/Epic Games/4.9/Engine/Content/EngineVolumetrics/FogEnvironment/Mesh/S_EV_FogEnvironment_01_Mesh.uasset: 'C:/Program Files/Epic Games/4.9/Engine/Content/EngineVolumetrics/FogEnvironment/Mesh/S_EV_FogEnvironment_01_Mesh.uasset' is outside repository
[2015.11.05-10.54.43:215][216]SourceControl: Info fatal: C:/Program Files/Epic Games/4.9/Engine/Content/EngineVolumetrics/Fogsheet/T_EV_Fogsheet_FlareColors_01.uasset: 'C:/Program Files/Epic Games/4.9/Engine/Content/EngineVolumetrics/Fogsheet/T_EV_Fogsheet_FlareColors_01.uasset' is outside repository
[2015.11.05-10.54.43:215][216]SourceControl: Info fatal: C:/Program Files/Epic Games/4.9/Engine/Content/EngineVolumetrics/Fogsheet/Materials/M_EV_FogSheet_1sided_Master_01.uasset: 'C:/Program Files/Epic Games/4.9/Engine/Content/EngineVolumetrics/Fogsheet/Materials/M_EV_FogSheet_1sided_Master_01.uasset' is outside repository
[2015.11.05-10.54.43:215][216]SourceControl: Info fatal: C:/Program Files/Epic Games/4.9/Engine/Content/EngineVolumetrics/Fogsheet/Mesh/MI_Fogsheet_HideClose.uasset: 'C:/Program Files/Epic Games/4.9/Engine/Content/EngineVolumetrics/Fogsheet/Mesh/MI_Fogsheet_HideClose.uasset' is outside repository
[2015.11.05-10.54.43:215][216]SourceControl: Info fatal: C:/Program Files/Epic Games/4.9/Engine/Content/EngineVolumetrics/LightBeam/Materials/M_EV_Lightbeam_Master_01.uasset: 'C:/Program Files/Epic Games/4.9/Engine/Content/EngineVolumetrics/LightBeam/Materials/M_EV_Lightbeam_Master_01.uasset' is outside repository
[2015.11.05-10.54.43:215][216]SourceControl: Info fatal: C:/Program Files/Epic Games/4.9/Engine/Content/EngineVolumetrics/LightBeam/Mesh/S_EV_SimpleLightBeam_01.uasset: 'C:/Program Files/Epic Games/4.9/Engine/Content/EngineVolumetrics/LightBeam/Mesh/S_EV_SimpleLightBeam_01.uasset' is outside repository
[2015.11.05-10.54.43:215][216]SourceControl: Info fatal: C:/Program Files/Epic Games/4.9/Engine/Content/Engine_MI_Shaders/MI_Shader_BaseTileEx.uasset: 'C:/Program Files/Epic Games/4.9/Engine/Content/Engine_MI_Shaders/MI_Shader_BaseTileEx.uasset' is outside repository
[2015.11.05-10.54.43:215][216]SourceControl: Info fatal: C:/Program Files/Epic Games/4.9/Engine/Content/Engine_MI_Shaders/Instances/M_ES_Phong_Opaque_INST_01.uasset: 'C:/Program Files/Epic Games/4.9/Engine/Content/Engine_MI_Shaders/Instances/M_ES_Phong_Opaque_INST_01.uasset' is outside repository
[2015.11.05-10.54.43:215][216]SourceControl: Info fatal: C:/Program Files/Epic Games/4.9/Engine/Content/Engine_MI_Shaders/Textures/Bokeh.uasset: 'C:/Program Files/Epic Games/4.9/Engine/Content/Engine_MI_Shaders/Textures/Bokeh.uasset' is outside repository
[2015.11.05-10.54.43:215][216]SourceControl: Info fatal: C:/Program Files/Epic Games/4.9/Engine/Content/FunctionalTesting/Blueprints/AITesting_MoveGoal.uasset: 'C:/Program Files/Epic Games/4.9/Engine/Content/FunctionalTesting/Blueprints/AITesting_MoveGoal.uasset' is outside repository
[2015.11.05-10.54.43:215][216]SourceControl: Info fatal: C:/Program Files/Epic Games/4.9/Engine/Content/Functions/DistanceFields/Combiners/DistanceField_Intersection.uasset: 'C:/Program Files/Epic Games/4.9/Engine/Content/Functions/DistanceFields/Combiners/DistanceField_Intersection.uasset' is outside repository
[2015.11.05-10.54.43:215][216]SourceControl: Info fatal: C:/Program Files/Epic Games/4.9/Engine/Content/Functions/DistanceFields/Shapes/DistanceField_Capsule.uasset: 'C:/Program Files/Epic Games/4.9/Engine/Content/Functions/DistanceFields/Shapes/DistanceField_Capsule.uasset' is outside repository
[2015.11.05-10.54.43:215][216]SourceControl: Info fatal: C:/Program Files/Epic Games/4.9/Engine/Content/Functions/Engine_MaterialFunctions01/AlphaBlend/World_Aligned_Blend.uasset: 'C:/Program Files/Epic Games/4.9/Engine/Content/Functions/Engine_MaterialFunctions01/AlphaBlend/World_Aligned_Blend.uasset' is outside repository
[2015.11.05-10.54.43:216][216]SourceControl: Info fatal: C:/Program Files/Epic Games/4.9/Engine/Content/Functions/Engine_MaterialFunctions01/Coordinates/DrawLine-2D.uasset: 'C:/Program Files/Epic Games/4.9/Engine/Content/Functions/Engine_MaterialFunctions01/Coordinates/DrawLine-2D.uasset' is outside repository
[2015.11.05-10.54.43:216][216]SourceControl: Info fatal: C:/Program Files/Epic Games/4.9/Engine/Content/Functions/Engine_MaterialFunctions01/Debug/FunctionGraphSetup.uasset: 'C:/Program Files/Epic Games/4.9/Engine/Content/Functions/Engine_MaterialFunctions01/Debug/FunctionGraphSetup.uasset' is outside repository
[2015.11.05-10.54.43:216][216]SourceControl: Info fatal: C:/Program Files/Epic Games/4.9/Engine/Content/Functions/Engine_MaterialFunctions01/Density/ExponentialDensity.uasset: 'C:/Program Files/Epic Games/4.9/Engine/Content/Functions/Engine_MaterialFunctions01/Density/ExponentialDensity.uasset' is outside repository
[2015.11.05-10.54.43:216][216]SourceControl: Info fatal: C:/Program Files/Epic Games/4.9/Engine/Content/Functions/Engine_MaterialFunctions01/Gradient/BellCurve.uasset: 'C:/Program Files/Epic Games/4.9/Engine/Content/Functions/Engine_MaterialFunctions01/Gradient/BellCurve.uasset' is outside repository
[2015.11.05-10.54.43:216][216]SourceControl: Info fatal: C:/Program Files/Epic Games/4.9/Engine/Content/Functions/Engine_MaterialFunctions01/ImageAdjustment/3ColorBlend.uasset: 'C:/Program Files/Epic Games/4.9/Engine/Content/Functions/Engine_MaterialFunctions01/ImageAdjustment/3ColorBlend.uasset' is outside repository
[2015.11.05-10.54.43:216][216]SourceControl: Info fatal: C:/Program Files/Epic Games/4.9/Engine/Content/Functions/Engine_MaterialFunctions01/Lighting/PixelDepthOffset_Foliage.uasset: 'C:/Program Files/Epic Games/4.9/Engine/Content/Functions/Engine_MaterialFunctions01/Lighting/PixelDepthOffset_Foliage.uasset' is outside repository
[2015.11.05-10.54.43:216][216]SourceControl: Info fatal: C:/Program Files/Epic Games/4.9/Engine/Content/Functions/Engine_MaterialFunctions01/Opacity/AlphaOffset.uasset: 'C:/Program Files/Epic Games/4.9/Engine/Content/Functions/Engine_MaterialFunctions01/Opacity/AlphaOffset.uasset' is outside repository
[2015.11.05-10.54.43:216][216]SourceControl: Info fatal: C:/Program Files/Epic Games/4.9/Engine/Content/Functions/Engine_MaterialFunctions01/Reflections/ReflectionVectorSoft.uasset: 'C:/Program Files/Epic Games/4.9/Engine/Content/Functions/Engine_MaterialFunctions01/Reflections/ReflectionVectorSoft.uasset' is outside repository
[2015.11.05-10.54.43:216][216]SourceControl: Info fatal: C:/Program Files/Epic Games/4.9/Engine/Content/Functions/Engine_MaterialFunctions01/Shading/CalcLightsourceAngle.uasset: 'C:/Program Files/Epic Games/4.9/Engine/Content/Functions/Engine_MaterialFunctions01/Shading/CalcLightsourceAngle.uasset' is outside repository
[2015.11.05-10.54.43:216][216]SourceControl: Info fatal: C:/Program Files/Epic Games/4.9/Engine/Content/Functions/Engine_MaterialFunctions01/SpeedTree/SpeedTreeColorVariation.uasset: 'C:/Program Files/Epic Games/4.9/Engine/Content/Functions/Engine_MaterialFunctions01/SpeedTree/SpeedTreeColorVariation.uasset' is outside repository
[2015.11.05-10.54.43:216][216]SourceControl: Info fatal: C:/Program Files/Epic Games/4.9/Engine/Content/Functions/Engine_MaterialFunctions01/Texturing/BakedDisplacement.uasset: 'C:/Program Files/Epic Games/4.9/Engine/Content/Functions/Engine_MaterialFunctions01/Texturing/BakedDisplacement.uasset' is outside repository
[2015.11.05-10.54.43:216][216]SourceControl: Info fatal: C:/Program Files/Epic Games/4.9/Engine/Content/Functions/Engine_MaterialFunctions01/Vectors/MF_RotateVector_90.uasset: 'C:/Program Files/Epic Games/4.9/Engine/Content/Functions/Engine_MaterialFunctions01/Vectors/MF_RotateVector_90.uasset' is outside repository
[2015.11.05-10.54.43:216][216]SourceControl: Info fatal: C:/Program Files/Epic Games/4.9/Engine/Content/Functions/Engine_MaterialFunctions01/WorldPositionOffset/ConstantScalebyDistance.uasset: 'C:/Program Files/Epic Games/4.9/Engine/Content/Functions/Engine_MaterialFunctions01/WorldPositionOffset/ConstantScalebyDistance.uasset' is outside repository
[2015.11.05-10.54.43:216][216]SourceControl: Info fatal: C:/Program Files/Epic Games/4.9/Engine/Content/Functions/Engine_MaterialFunctions02/3PointLevels.uasset: 'C:/Program Files/Epic Games/4.9/Engine/Content/Functions/Engine_MaterialFunctions02/3PointLevels.uasset' is outside repository
[2015.11.05-10.54.43:216][216]SourceControl: Info fatal: C:/Program Files/Epic Games/4.9/Engine/Content/Functions/Engine_MaterialFunctions02/ExampleContent/3dParticleOpacityInstance.uasset: 'C:/Program Files/Epic Games/4.9/Engine/Content/Functions/Engine_MaterialFunctions02/ExampleContent/3dParticleOpacityInstance.uasset' is outside repository
[2015.11.05-10.54.43:216][216]SourceControl: Info fatal: C:/Program Files/Epic Games/4.9/Engine/Content/Functions/Engine_MaterialFunctions02/ExampleContent/MacroUVs/MacroUVs.uasset: 'C:/Program Files/Epic Games/4.9/Engine/Content/Functions/Engine_MaterialFunctions02/ExampleContent/MacroUVs/MacroUVs.uasset' is outside repository
[2015.11.05-10.54.43:216][216]SourceControl: Info fatal: C:/Program Files/Epic Games/4.9/Engine/Content/Functions/Engine_MaterialFunctions02/ExampleContent/TextureBasedWPO/DemoBox.uasset: 'C:/Program Files/Epic Games/4.9/Engine/Content/Functions/Engine_MaterialFunctions02/ExampleContent/TextureBasedWPO/DemoBox.uasset' is outside repository
[2015.11.05-10.54.43:216][216]SourceControl: Info fatal: C:/Program Files/Epic Games/4.9/Engine/Content/Functions/Engine_MaterialFunctions02/ExampleContent/Textures/DebugNumberPeriod.uasset: 'C:/Program Files/Epic Games/4.9/Engine/Content/Functions/Engine_MaterialFunctions02/ExampleContent/Textures/DebugNumberPeriod.uasset' is outside repository
[2015.11.05-10.54.43:216][216]SourceControl: Info fatal: C:/Program Files/Epic Games/4.9/Engine/Content/Functions/Engine_MaterialFunctions02/Gradients/GradientMap_Multi.uasset: 'C:/Program Files/Epic Games/4.9/Engine/Content/Functions/Engine_MaterialFunctions02/Gradients/GradientMap_Multi.uasset' is outside repository
[2015.11.05-10.54.43:216][216]SourceControl: Info fatal: C:/Program Files/Epic Games/4.9/Engine/Content/Functions/Engine_MaterialFunctions02/Math/AddComponents.uasset: 'C:/Program Files/Epic Games/4.9/Engine/Content/Functions/Engine_MaterialFunctions02/Math/AddComponents.uasset' is outside repository
[2015.11.05-10.54.43:216][216]SourceControl: Info fatal: C:/Program Files/Epic Games/4.9/Engine/Content/Functions/Engine_MaterialFunctions02/MAXScripts/MeshSequenceFlipbook_Script.uasset: 'C:/Program Files/Epic Games/4.9/Engine/Content/Functions/Engine_MaterialFunctions02/MAXScripts/MeshSequenceFlipbook_Script.uasset' is outside repository
[2015.11.05-10.54.43:216][216]SourceControl: Info fatal: C:/Program Files/Epic Games/4.9/Engine/Content/Functions/Engine_MaterialFunctions02/Normals/RotateNormalWhileMasking.uasset: 'C:/Program Files/Epic Games/4.9/Engine/Content/Functions/Engine_MaterialFunctions02/Normals/RotateNormalWhileMasking.uasset' is outside repository
[2015.11.05-10.54.43:216][216]SourceControl: Info fatal: C:/Program Files/Epic Games/4.9/Engine/Content/Functions/Engine_MaterialFunctions02/NotInUse/WorldAlignedNormals_HighQuality_optimizationAttempt.uasset: 'C:/Program Files/Epic Games/4.9/Engine/Content/Functions/Engine_MaterialFunctions02/NotInUse/WorldAlignedNormals_HighQuality_optimizationAttempt.uasset' is outside repository
[2015.11.05-10.54.43:216][216]SourceControl: Info fatal: C:/Program Files/Epic Games/4.9/Engine/Content/Functions/Engine_MaterialFunctions02/PivotPainter/PivotPainter_HierarchyData.uasset: 'C:/Program Files/Epic Games/4.9/Engine/Content/Functions/Engine_MaterialFunctions02/PivotPainter/PivotPainter_HierarchyData.uasset' is outside repository
[2015.11.05-10.54.43:216][216]SourceControl: Info fatal: C:/Program Files/Epic Games/4.9/Engine/Content/Functions/Engine_MaterialFunctions02/Texturing/3dParticleOpacity.uasset: 'C:/Program Files/Epic Games/4.9/Engine/Content/Functions/Engine_MaterialFunctions02/Texturing/3dParticleOpacity.uasset' is outside repository
[2015.11.05-10.54.43:216][216]SourceControl: Info fatal: C:/Program Files/Epic Games/4.9/Engine/Content/Functions/Engine_MaterialFunctions02/Utility/Append4.uasset: 'C:/Program Files/Epic Games/4.9/Engine/Content/Functions/Engine_MaterialFunctions02/Utility/Append4.uasset' is outside repository
[2015.11.05-10.54.43:216][216]SourceControl: Info fatal: C:/Program Files/Epic Games/4.9/Engine/Content/Functions/Engine_MaterialFunctions02/UVs/BoundingBoxBased_0-1_UVW.uasset: 'C:/Program Files/Epic Games/4.9/Engine/Content/Functions/Engine_MaterialFunctions02/UVs/BoundingBoxBased_0-1_UVW.uasset' is outside repository
[2015.11.05-10.54.43:216][216]SourceControl: Info fatal: C:/Program Files/Epic Games/4.9/Engine/Content/Functions/Engine_MaterialFunctions02/WorldPositionOffset/AdjustNormalsToCompensateForRotateAboutAxisOffset.uasset: 'C:/Program Files/Epic Games/4.9/Engine/Content/Functions/Engine_MaterialFunctions02/WorldPositionOffset/AdjustNormalsToCompensateForRotateAboutAxisOffset.uasset' is outside repository
[2015.11.05-10.54.43:216][216]SourceControl: Info fatal: C:/Program Files/Epic Games/4.9/Engine/Content/Functions/Engine_MaterialFunctions03/Blends/Blend_ColorBurn.uasset: 'C:/Program Files/Epic Games/4.9/Engine/Content/Functions/Engine_MaterialFunctions03/Blends/Blend_ColorBurn.uasset' is outside repository
[2015.11.05-10.54.43:216][216]SourceControl: Info fatal: C:/Program Files/Epic Games/4.9/Engine/Content/Functions/Engine_MaterialFunctions03/ComplexMotion/Motion_4WayChaos.uasset: 'C:/Program Files/Epic Games/4.9/Engine/Content/Functions/Engine_MaterialFunctions03/ComplexMotion/Motion_4WayChaos.uasset' is outside repository
[2015.11.05-10.54.43:216][216]SourceControl: Info fatal: C:/Program Files/Epic Games/4.9/Engine/Content/Functions/Engine_MaterialFunctions03/Particles/Distance_Blend.uasset: 'C:/Program Files/Epic Games/4.9/Engine/Content/Functions/Engine_MaterialFunctions03/Particles/Distance_Blend.uasset' is outside repository
[2015.11.05-10.54.43:216][216]SourceControl: Info fatal: C:/Program Files/Epic Games/4.9/Engine/Content/Functions/Engine_MaterialFunctions03/Procedurals/ComputeFilterWidth.uasset: 'C:/Program Files/Epic Games/4.9/Engine/Content/Functions/Engine_MaterialFunctions03/Procedurals/ComputeFilterWidth.uasset' is outside repository
[2015.11.05-10.54.43:216][216]SourceControl: Info fatal: C:/Program Files/Epic Games/4.9/Engine/Content/Functions/Engine_MaterialFunctions03/Texturing/CameraWorldBlend.uasset: 'C:/Program Files/Epic Games/4.9/Engine/Content/Functions/Engine_MaterialFunctions03/Texturing/CameraWorldBlend.uasset' is outside repository
[2015.11.05-10.54.43:217][216]SourceControl: Info fatal: C:/Program Files/Epic Games/4.9/Engine/Content/Functions/GetPostProcessFunctions/GetAmbientCubemapIntensity.uasset: 'C:/Program Files/Epic Games/4.9/Engine/Content/Functions/GetPostProcessFunctions/GetAmbientCubemapIntensity.uasset' is outside repository
[2015.11.05-10.54.43:217][216]SourceControl: Info fatal: C:/Program Files/Epic Games/4.9/Engine/Content/Functions/MaterialLayerFunctions/MatLayerBlend_AddWorldPositionOffset.uasset: 'C:/Program Files/Epic Games/4.9/Engine/Content/Functions/MaterialLayerFunctions/MatLayerBlend_AddWorldPositionOffset.uasset' is outside repository
[2015.11.05-10.54.43:217][216]SourceControl: Info fatal: C:/Program Files/Epic Games/4.9/Engine/Content/Maps/Entry.umap: 'C:/Program Files/Epic Games/4.9/Engine/Content/Maps/Entry.umap' is outside repository
[2015.11.05-10.54.43:217][216]SourceControl: Info fatal: C:/Program Files/Epic Games/4.9/Engine/Content/Maps/Templates/Template_Default.umap: 'C:/Program Files/Epic Games/4.9/Engine/Content/Maps/Templates/Template_Default.umap' is outside repository
[2015.11.05-10.54.43:217][216]SourceControl: Info fatal: C:/Program Files/Epic Games/4.9/Engine/Content/Maps/Templates/Thumbnails/Default.uasset: 'C:/Program Files/Epic Games/4.9/Engine/Content/Maps/Templates/Thumbnails/Default.uasset' is outside repository
[2015.11.05-10.54.43:217][216]SourceControl: Info fatal: C:/Program Files/Epic Games/4.9/Engine/Content/MapTemplates/Bokeh_5Sides.uasset: 'C:/Program Files/Epic Games/4.9/Engine/Content/MapTemplates/Bokeh_5Sides.uasset' is outside repository
[2015.11.05-10.54.43:217][216]SourceControl: Info fatal: C:/Program Files/Epic Games/4.9/Engine/Content/MapTemplates/lut/LUT_Afternoon.uasset: 'C:/Program Files/Epic Games/4.9/Engine/Content/MapTemplates/lut/LUT_Afternoon.uasset' is outside repository
[2015.11.05-10.54.43:217][216]SourceControl: Info fatal: C:/Program Files/Epic Games/4.9/Engine/Content/MapTemplates/Materials/BasicAsset01.uasset: 'C:/Program Files/Epic Games/4.9/Engine/Content/MapTemplates/Materials/BasicAsset01.uasset' is outside repository
[2015.11.05-10.54.43:217][216]SourceControl: Info fatal: C:/Program Files/Epic Games/4.9/Engine/Content/MapTemplates/Sky/DaylightAmbientCubemap.uasset: 'C:/Program Files/Epic Games/4.9/Engine/Content/MapTemplates/Sky/DaylightAmbientCubemap.uasset' is outside repository
[2015.11.05-10.54.43:217][216]SourceControl: Info fatal: C:/Program Files/Epic Games/4.9/Engine/Content/MaterialTemplates/Gradients/Gradient_Linear.uasset: 'C:/Program Files/Epic Games/4.9/Engine/Content/MaterialTemplates/Gradients/Gradient_Linear.uasset' is outside repository
[2015.11.05-10.54.43:217][216]SourceControl: Info fatal: C:/Program Files/Epic Games/4.9/Engine/Content/MaterialTemplates/PerfTricks/MultiChannelMask.uasset: 'C:/Program Files/Epic Games/4.9/Engine/Content/MaterialTemplates/PerfTricks/MultiChannelMask.uasset' is outside repository
[2015.11.05-10.54.43:217][216]SourceControl: Info fatal: C:/Program Files/Epic Games/4.9/Engine/Content/MaterialTemplates/Textures/T_multiMask.uasset: 'C:/Program Files/Epic Games/4.9/Engine/Content/MaterialTemplates/Textures/T_multiMask.uasset' is outside repository
[2015.11.05-10.54.43:217][216]SourceControl: Info fatal: C:/Program Files/Epic Games/4.9/Engine/Content/MaterialTemplates/VertexAnimation/AdvancedFlag.uasset: 'C:/Program Files/Epic Games/4.9/Engine/Content/MaterialTemplates/VertexAnimation/AdvancedFlag.uasset' is outside repository
[2015.11.05-10.54.43:217][216]SourceControl: Info fatal: C:/Program Files/Epic Games/4.9/Engine/Content/MobileResources/T_MobileControls_texture.uasset: 'C:/Program Files/Epic Games/4.9/Engine/Content/MobileResources/T_MobileControls_texture.uasset' is outside repository
[2015.11.05-10.54.43:217][216]SourceControl: Info fatal: C:/Program Files/Epic Games/4.9/Engine/Content/MobileResources/HUD/AnalogHat.uasset: 'C:/Program Files/Epic Games/4.9/Engine/Content/MobileResources/HUD/AnalogHat.uasset' is outside repository
[2015.11.05-10.54.43:217][216]SourceControl: Info fatal: C:/Program Files/Epic Games/4.9/Engine/Content/TemplateResources/MI_Template_BaseBlue.uasset: 'C:/Program Files/Epic Games/4.9/Engine/Content/TemplateResources/MI_Template_BaseBlue.uasset' is outside repository
[2015.11.05-10.54.43:217][216]SourceControl: Info fatal: C:/Program Files/Epic Games/4.9/Engine/Content/Tutorial/ContentIntroCurve.uasset: 'C:/Program Files/Epic Games/4.9/Engine/Content/Tutorial/ContentIntroCurve.uasset' is outside repository
[2015.11.05-10.54.43:217][216]SourceControl: Info fatal: C:/Program Files/Epic Games/4.9/Engine/Content/Tutorial/Audio/Audience.uasset: 'C:/Program Files/Epic Games/4.9/Engine/Content/Tutorial/Audio/Audience.uasset' is outside repository
[2015.11.05-10.54.43:217][216]SourceControl: Info fatal: C:/Program Files/Epic Games/4.9/Engine/Content/Tutorial/Basics/ContentBrowserOverview.uasset: 'C:/Program Files/Epic Games/4.9/Engine/Content/Tutorial/Basics/ContentBrowserOverview.uasset' is outside repository
[2015.11.05-10.54.43:217][216]SourceControl: Info fatal: C:/Program Files/Epic Games/4.9/Engine/Content/Tutorial/Basics/TutorialAssets/CameraActor_64x.uasset: 'C:/Program Files/Epic Games/4.9/Engine/Content/Tutorial/Basics/TutorialAssets/CameraActor_64x.uasset' is outside repository
[2015.11.05-10.54.43:217][216]SourceControl: Info fatal: C:/Program Files/Epic Games/4.9/Engine/Content/Tutorial/BlueprintTutorials/BlueprintEditorTutorial.uasset: 'C:/Program Files/Epic Games/4.9/Engine/Content/Tutorial/BlueprintTutorials/BlueprintEditorTutorial.uasset' is outside repository
[2015.11.05-10.54.43:217][216]SourceControl: Info fatal: C:/Program Files/Epic Games/4.9/Engine/Content/Tutorial/BlueprintTutorials/TutorialAssets/BlueprintFunctionLibrary_64x.uasset: 'C:/Program Files/Epic Games/4.9/Engine/Content/Tutorial/BlueprintTutorials/TutorialAssets/BlueprintFunctionLibrary_64x.uasset' is outside repository
[2015.11.05-10.54.43:217][216]SourceControl: Info fatal: C:/Program Files/Epic Games/4.9/Engine/Content/Tutorial/Code/AddingCode.uasset: 'C:/Program Files/Epic Games/4.9/Engine/Content/Tutorial/Code/AddingCode.uasset' is outside repository
[2015.11.05-10.54.43:217][216]SourceControl: Info fatal: C:/Program Files/Epic Games/4.9/Engine/Content/Tutorial/Foliage/FoliageWalkThrough.uasset: 'C:/Program Files/Epic Games/4.9/Engine/Content/Tutorial/Foliage/FoliageWalkThrough.uasset' is outside repository
[2015.11.05-10.54.43:217][216]SourceControl: Info fatal: C:/Program Files/Epic Games/4.9/Engine/Content/Tutorial/Foliage/TutorialAssets/Foliage.uasset: 'C:/Program Files/Epic Games/4.9/Engine/Content/Tutorial/Foliage/TutorialAssets/Foliage.uasset' is outside repository
[2015.11.05-10.54.43:217][216]SourceControl: Info fatal: C:/Program Files/Epic Games/4.9/Engine/Content/Tutorial/Installation/InstallingVisualStudioTutorial.uasset: 'C:/Program Files/Epic Games/4.9/Engine/Content/Tutorial/Installation/InstallingVisualStudioTutorial.uasset' is outside repository
[2015.11.05-10.54.43:217][216]SourceControl: Info fatal: C:/Program Files/Epic Games/4.9/Engine/Content/Tutorial/InWorldBlueprintEditing/IWBE_Tutorial.uasset: 'C:/Program Files/Epic Games/4.9/Engine/Content/Tutorial/InWorldBlueprintEditing/IWBE_Tutorial.uasset' is outside repository
[2015.11.05-10.54.43:217][216]SourceControl: Info fatal: C:/Program Files/Epic Games/4.9/Engine/Content/Tutorial/InWorldBlueprintEditing/TutorialAssets/IWBE_Blutility.uasset: 'C:/Program Files/Epic Games/4.9/Engine/Content/Tutorial/InWorldBlueprintEditing/TutorialAssets/IWBE_Blutility.uasset' is outside repository
[2015.11.05-10.54.43:217][216]SourceControl: Info fatal: C:/Program Files/Epic Games/4.9/Engine/Content/Tutorial/Landscape/LandscapeWalkThrough.uasset: 'C:/Program Files/Epic Games/4.9/Engine/Content/Tutorial/Landscape/LandscapeWalkThrough.uasset' is outside repository
[2015.11.05-10.54.43:217][216]SourceControl: Info fatal: C:/Program Files/Epic Games/4.9/Engine/Content/Tutorial/Landscape/TutorialAssets/Landscape.uasset: 'C:/Program Files/Epic Games/4.9/Engine/Content/Tutorial/Landscape/TutorialAssets/Landscape.uasset' is outside repository
[2015.11.05-10.54.43:217][216]SourceControl: Info fatal: C:/Program Files/Epic Games/4.9/Engine/Content/Tutorial/Mobile/CreatingSigningCertAndProvisionTutorial.uasset: 'C:/Program Files/Epic Games/4.9/Engine/Content/Tutorial/Mobile/CreatingSigningCertAndProvisionTutorial.uasset' is outside repository
[2015.11.05-10.54.43:218][216]SourceControl: Info fatal: C:/Program Files/Epic Games/4.9/Engine/Content/Tutorial/Mobile/TutorialAssets/android_Icon.uasset: 'C:/Program Files/Epic Games/4.9/Engine/Content/Tutorial/Mobile/TutorialAssets/android_Icon.uasset' is outside repository
[2015.11.05-10.54.43:218][216]SourceControl: Info fatal: C:/Program Files/Epic Games/4.9/Engine/Content/Tutorial/Paper2D/FlipbookEditorTutorial.uasset: 'C:/Program Files/Epic Games/4.9/Engine/Content/Tutorial/Paper2D/FlipbookEditorTutorial.uasset' is outside repository
[2015.11.05-10.54.43:218][216]SourceControl: Info fatal: C:/Program Files/Epic Games/4.9/Engine/Content/Tutorial/Paper2D/TutorialAssets/Paper2DFlipbook_TutorialIcon.uasset: 'C:/Program Files/Epic Games/4.9/Engine/Content/Tutorial/Paper2D/TutorialAssets/Paper2DFlipbook_TutorialIcon.uasset' is outside repository
[2015.11.05-10.54.43:218][216]SourceControl: Info fatal: C:/Program Files/Epic Games/4.9/Engine/Content/Tutorial/SubEditors/DestructibleMeshEditorTutorial.uasset: 'C:/Program Files/Epic Games/4.9/Engine/Content/Tutorial/SubEditors/DestructibleMeshEditorTutorial.uasset' is outside repository
[2015.11.05-10.54.43:218][216]SourceControl: Info fatal: C:/Program Files/Epic Games/4.9/Engine/Content/Tutorial/SubEditors/TutorialAssets/icon_Editor_Preferences_General_40x.uasset: 'C:/Program Files/Epic Games/4.9/Engine/Content/Tutorial/SubEditors/TutorialAssets/icon_Editor_Preferences_General_40x.uasset' is outside repository
[2015.11.05-10.54.43:218][216]SourceControl: Info fatal: C:/Program Files/Epic Games/4.9/Engine/Content/Tutorial/SubEditors/TutorialAssets/Character/NewBlendSpace1D.uasset: 'C:/Program Files/Epic Games/4.9/Engine/Content/Tutorial/SubEditors/TutorialAssets/Character/NewBlendSpace1D.uasset' is outside repository
[2015.11.05-10.54.43:218][216]SourceControl: Info fatal: C:/Program Files/Epic Games/4.9/Engine/Plugins/2D/Paper2D/Content/DefaultLitSpriteMaterial.uasset: 'C:/Program Files/Epic Games/4.9/Engine/Plugins/2D/Paper2D/Content/DefaultLitSpriteMaterial.uasset' is outside repository
[2015.11.05-10.54.43:218][216]SourceControl: Info fatal: C:/Program Files/Epic Games/4.9/Engine/Plugins/2D/Paper2D/Content/PlaceholderTextures/DummySpriteTexture.uasset: 'C:/Program Files/Epic Games/4.9/Engine/Plugins/2D/Paper2D/Content/PlaceholderTextures/DummySpriteTexture.uasset' is outside repository
[2015.11.05-10.54.43:218][216]SourceControl: Info fatal: C:/Program Files/Epic Games/4.9/Engine/Plugins/Runtime/LeapMotionController/Content/LM_CapsuleMesh.uasset: 'C:/Program Files/Epic Games/4.9/Engine/Plugins/Runtime/LeapMotionController/Content/LM_CapsuleMesh.uasset' is outside repository
[2015.11.05-10.54.43:218][216]SourceControl: Info fatal: C:/Program Files/Epic Games/4.9/Engine/Content/: 'C:/Program Files/Epic Games/4.9/Engine/Content/' is outside repository
[2015.11.05-11.02.23:630][776]LogEditorViewport: Clicking on Actor (LMB): StaticMeshActor (Floor)
[2015.11.05-11.03.19:931][ 57]Cmd: QUIT_EDITOR
[2015.11.05-11.03.20:115][ 57]LogWindowsTextInputMethodSystem:Display: IME system now deactivated.
[2015.11.05-11.03.20:292][ 57]LogExit: Preparing to exit.
[2015.11.05-11.03.20:703][ 57]LogExit: Editor shut down
[2015.11.05-11.03.20:703][ 57]LogExit: Transaction tracking system shut down
[2015.11.05-11.03.20:707][ 57]LogParticles: Destroying 0 GPU particle simulations for FXSystem 0x0000000A8A48A7A0
[2015.11.05-11.03.20:707][ 57]LogParticles: Destroying 0 GPU particle simulations for FXSystem 0x0000000A9DF2B880
[2015.11.05-11.03.20:708][ 57]LogParticles: Destroying 0 GPU particle simulations for FXSystem 0x0000000A9F9DCCC0
[2015.11.05-11.03.20:708][ 57]LogParticles: Destroying 0 GPU particle simulations for FXSystem 0x0000000A8A2C96C0
[2015.11.05-11.03.20:708][ 57]LogParticles: Destroying 0 GPU particle simulations for FXSystem 0x0000000A8A2C94E0
[2015.11.05-11.03.20:941][ 57]LogExit: Object subsystem successfully closed.
[2015.11.05-11.03.20:952][ 57]LogD3D11RHI: Shutdown
[2015.11.05-11.03.20:952][ 57]LogD3D11RHI: CleanupD3DDevice
[2015.11.05-11.03.21:058][ 57]LogD3D11RHI: ~FD3D11DynamicRHI
[2015.11.05-11.03.21:161][ 57]LogModuleManager: Shutting down and abandoning module CrashTracker (197)
[2015.11.05-11.03.21:161][ 57]LogModuleManager: Shutting down and abandoning module SceneOutliner (196)
[2015.11.05-11.03.21:161][ 57]LogModuleManager: Shutting down and abandoning module SuperSearch (195)
[2015.11.05-11.03.21:161][ 57]LogModuleManager: Shutting down and abandoning module WidgetCarousel (194)
[2015.11.05-11.03.21:162][ 57]LogModuleManager: Shutting down and abandoning module AddContentDialog (193)
[2015.11.05-11.03.21:163][ 57]LogModuleManager: Shutting down and abandoning module EditorWidgets (192)
[2015.11.05-11.03.21:163][ 57]LogModuleManager: Shutting down and abandoning module CollectionManager (191)
[2015.11.05-11.03.21:163][ 57]LogModuleManager: Shutting down and abandoning module StatsViewer (190)
[2015.11.05-11.03.21:163][ 57]LogModuleManager: Shutting down and abandoning module FoliageEdit (189)
[2015.11.05-11.03.21:163][ 57]LogModuleManager: Shutting down and abandoning module LandscapeEditor (188)
[2015.11.05-11.03.21:164][ 57]LogModuleManager: Shutting down and abandoning module ActorPickerMode (187)
[2015.11.05-11.03.21:164][ 57]LogModuleManager: Shutting down and abandoning module GeometryMode (186)
[2015.11.05-11.03.21:164][ 57]LogModuleManager: Shutting down and abandoning module TextureAlignMode (185)
[2015.11.05-11.03.21:164][ 57]LogModuleManager: Shutting down and abandoning module BspMode (184)
[2015.11.05-11.03.21:164][ 57]LogModuleManager: Shutting down and abandoning module PlacementMode (183)
[2015.11.05-11.03.21:164][ 57]LogModuleManager: Shutting down and abandoning module AutomationWorker (182)
[2015.11.05-11.03.21:164][ 57]LogModuleManager: Shutting down and abandoning module CharacterAI (181)
[2015.11.05-11.03.21:164][ 57]LogModuleManager: Shutting down and abandoning module SmartSnapping (180)
[2015.11.05-11.03.21:164][ 57]LogModuleManager: Shutting down and abandoning module ViewportSnapping (179)
[2015.11.05-11.03.21:164][ 57]LogModuleManager: Shutting down and abandoning module LogVisualizer (178)
[2015.11.05-11.03.21:164][ 57]LogModuleManager: Shutting down and abandoning module GameProjectGeneration (177)
[2015.11.05-11.03.21:164][ 57]LogModuleManager: Shutting down and abandoning module IntroTutorials (176)
[2015.11.05-11.03.21:164][ 57]LogModuleManager: Shutting down and abandoning module EditorLiveStreaming (175)
[2015.11.05-11.03.21:164][ 57]LogModuleManager: Shutting down and abandoning module IOSPlatformEditor (174)
[2015.11.05-11.03.21:164][ 57]LogModuleManager: Shutting down and abandoning module HTML5PlatformEditor (173)
[2015.11.05-11.03.21:164][ 57]LogModuleManager: Shutting down and abandoning module AndroidDeviceDetection (172)
[2015.11.05-11.03.22:159][ 57]LogModuleManager: Shutting down and abandoning module AndroidPlatformEditor (171)
[2015.11.05-11.03.22:159][ 57]LogModuleManager: Shutting down and abandoning module IOSRuntimeSettings (170)
[2015.11.05-11.03.22:159][ 57]LogModuleManager: Shutting down and abandoning module AndroidRuntimeSettings (169)
[2015.11.05-11.03.22:159][ 57]LogModuleManager: Shutting down and abandoning module MergeActors (168)
[2015.11.05-11.03.22:159][ 57]LogModuleManager: Shutting down and abandoning module SizeMap (167)
[2015.11.05-11.03.22:159][ 57]LogModuleManager: Shutting down and abandoning module TreeMap (166)
[2015.11.05-11.03.22:159][ 57]LogModuleManager: Shutting down and abandoning module ReferenceViewer (165)
[2015.11.05-11.03.22:159][ 57]LogModuleManager: Shutting down and abandoning module LocalizationService (164)
[2015.11.05-11.03.22:159][ 57]LogModuleManager: Shutting down and abandoning module LocalizationDashboard (163)
[2015.11.05-11.03.22:159][ 57]LogModuleManager: Shutting down and abandoning module HardwareTargeting (162)
[2015.11.05-11.03.22:159][ 57]LogModuleManager: Shutting down and abandoning module DeviceProfileEditor (161)
[2015.11.05-11.03.22:159][ 57]LogModuleManager: Shutting down and abandoning module UndoHistory (160)
[2015.11.05-11.03.22:159][ 57]LogModuleManager: Shutting down and abandoning module GameplayTagsEditor (159)
[2015.11.05-11.03.22:159][ 57]LogModuleManager: Shutting down and abandoning module UserFeedback (158)
[2015.11.05-11.03.22:159][ 57]LogModuleManager: Shutting down and abandoning module XmlParser (157)
[2015.11.05-11.03.22:159][ 57]LogModuleManager: Shutting down and abandoning module Blutility (156)
[2015.11.05-11.03.22:159][ 57]LogModuleManager: Shutting down and abandoning module ProjectTargetPlatformEditor (155)
[2015.11.05-11.03.22:159][ 57]LogModuleManager: Shutting down and abandoning module ProjectSettingsViewer (154)
[2015.11.05-11.03.22:159][ 57]LogModuleManager: Shutting down and abandoning module InputBindingEditor (153)
[2015.11.05-11.03.22:160][ 57]LogModuleManager: Shutting down and abandoning module EditorSettingsViewer (152)
[2015.11.05-11.03.22:160][ 57]LogModuleManager: Shutting down and abandoning module SettingsEditor (151)
[2015.11.05-11.03.22:160][ 57]LogModuleManager: Shutting down and abandoning module ProjectLauncher (150)
[2015.11.05-11.03.22:160][ 57]LogModuleManager: Shutting down and abandoning module SessionFrontend (149)
[2015.11.05-11.03.22:160][ 57]LogModuleManager: Shutting down and abandoning module ProfilerClient (148)
[2015.11.05-11.03.22:160][ 57]LogModuleManager: Shutting down and abandoning module TargetDeviceServices (147)
[2015.11.05-11.03.22:160][ 57]LogModuleManager: Shutting down and abandoning module DeviceManager (146)
[2015.11.05-11.03.22:160][ 57]LogModuleManager: Shutting down and abandoning module AutomationController (145)
[2015.11.05-11.03.22:160][ 57]LogModuleManager: Shutting down and abandoning module AutomationWindow (144)
[2015.11.05-11.03.22:160][ 57]LogModuleManager: Shutting down and abandoning module Layers (143)
[2015.11.05-11.03.22:160][ 57]LogModuleManager: Shutting down and abandoning module ComponentVisualizers (142)
[2015.11.05-11.03.22:160][ 57]LogModuleManager: Shutting down and abandoning module DetailCustomizations (141)
[2015.11.05-11.03.22:160][ 57]LogModuleManager: Shutting down and abandoning module PackagesDialog (140)
[2015.11.05-11.03.22:160][ 57]LogModuleManager: Shutting down and abandoning module Persona (139)
[2015.11.05-11.03.22:161][ 57]LogModuleManager: Shutting down and abandoning module Kismet (138)
[2015.11.05-11.03.22:161][ 57]LogModuleManager: Shutting down and abandoning module GraphEditor (137)
[2015.11.05-11.03.22:161][ 57]LogModuleManager: Shutting down and abandoning module ClassViewer (136)
[2015.11.05-11.03.22:161][ 57]LogModuleManager: Shutting down and abandoning module Toolbox (135)
[2015.11.05-11.03.22:161][ 57]LogModuleManager: Shutting down and abandoning module ModuleUI (134)
[2015.11.05-11.03.22:161][ 57]LogModuleManager: Shutting down and abandoning module MovieSceneTools (133)
[2015.11.05-11.03.22:161][ 57]LogModuleManager: Shutting down and abandoning module OutputLog (132)
[2015.11.05-11.03.22:161][ 57]LogModuleManager: Shutting down and abandoning module GammaUI (131)
[2015.11.05-11.03.22:161][ 57]LogModuleManager: Shutting down and abandoning module Documentation (130)
[2015.11.05-11.03.22:161][ 57]LogModuleManager: Shutting down and abandoning module GameLiveStreaming (129)
[2015.11.05-11.03.22:161][ 57]LogModuleManager: Shutting down and abandoning module StreamingPauseRendering (128)
[2015.11.05-11.03.22:161][ 57]LogModuleManager: Shutting down and abandoning module AnalyticsET (127)
[2015.11.05-11.03.22:161][ 57]LogModuleManager: Shutting down and abandoning module Analytics (126)
[2015.11.05-11.03.22:161][ 57]LogModuleManager: Shutting down and abandoning module AITestSuite (125)
[2015.11.05-11.03.22:161][ 57]LogModuleManager: Shutting down and abandoning module GameplayDebugger (124)
[2015.11.05-11.03.22:161][ 57]LogModuleManager: Shutting down and abandoning module AIModule (123)
[2015.11.05-11.03.22:161][ 57]LogModuleManager: Shutting down and abandoning module ProfilerService (122)
[2015.11.05-11.03.22:342][ 57]LogModuleManager: Shutting down and abandoning module TaskGraph (121)
[2015.11.05-11.03.22:342][ 57]LogModuleManager: Shutting down and abandoning module SlateRemote (120)
[2015.11.05-11.03.22:343][ 57]LogModuleManager: Shutting down and abandoning module SteamVRController (119)
[2015.11.05-11.03.22:343][ 57]LogModuleManager: Shutting down and abandoning module SteamVR (118)
[2015.11.05-11.03.22:343][ 57]LogModuleManager: Shutting down and abandoning module ProceduralMeshComponent (117)
[2015.11.05-11.03.22:343][ 57]LogModuleManager: Shutting down and abandoning module OculusRift (116)
[2015.11.05-11.03.22:343][ 57]LogModuleManager: Shutting down and abandoning module OculusLibrary (115)
[2015.11.05-11.03.22:343][ 57]LogModuleManager: Shutting down and abandoning module LeapMotionController (114)
[2015.11.05-11.03.22:364][ 57]LogModuleManager: Shutting down and abandoning module CustomMeshComponent (113)
[2015.11.05-11.03.22:364][ 57]LogModuleManager: Shutting down and abandoning module CableComponent (112)
[2015.11.05-11.03.22:364][ 57]LogModuleManager: Shutting down and abandoning module ArchVisCharacter (111)
[2015.11.05-11.03.22:364][ 57]LogModuleManager: Shutting down and abandoning module MessagingDebugger (110)
[2015.11.05-11.03.22:364][ 57]LogModuleManager: Shutting down and abandoning module MediaPlayerEditor (109)
[2015.11.05-11.03.22:364][ 57]LogModuleManager: Shutting down and abandoning module HTML5Networking (108)
[2015.11.05-11.03.22:364][ 57]LogModuleManager: Shutting down and abandoning module SpeedTreeImporter (107)
[2015.11.05-11.03.22:364][ 57]LogModuleManager: Shutting down and abandoning module PluginBrowser (106)
[2015.11.05-11.03.22:364][ 57]LogModuleManager: Shutting down and abandoning module EpicSurvey (105)
[2015.11.05-11.03.22:364][ 57]LogModuleManager: Shutting down and abandoning module DesktopPlatform (104)
[2015.11.05-11.03.22:364][ 57]LogModuleManager: Shutting down and abandoning module VisualStudioSourceCodeAccess (103)
[2015.11.05-11.03.22:365][ 57]LogModuleManager: Shutting down and abandoning module UObjectPlugin (102)
[2015.11.05-11.03.22:365][ 57]LogModuleManager: Shutting down and abandoning module SubversionSourceControl (101)
[2015.11.05-11.03.22:365][ 57]LogModuleManager: Shutting down and abandoning module PerforceSourceControl (100)
[2015.11.05-11.03.22:365][ 57]LogModuleManager: Shutting down and abandoning module SourceControl (99)
[2015.11.05-11.03.22:365][ 57]LogModuleManager: Shutting down and abandoning module GitSourceControl (98)
[2015.11.05-11.03.22:365][ 57]LogModuleManager: Shutting down and abandoning module LightPropagationVolumeEditor (97)
[2015.11.05-11.03.22:365][ 57]LogModuleManager: Shutting down and abandoning module PaperTiledImporter (96)
[2015.11.05-11.03.22:365][ 57]LogModuleManager: Shutting down and abandoning module PaperSpriteSheetImporter (95)
[2015.11.05-11.03.22:365][ 57]LogModuleManager: Shutting down and abandoning module MeshPaint (94)
[2015.11.05-11.03.22:365][ 57]LogModuleManager: Shutting down and abandoning module SlateReflector (93)
[2015.11.05-11.03.22:365][ 57]LogModuleManager: Shutting down and abandoning module HotReload (92)
[2015.11.05-11.03.22:365][ 57]LogModuleManager: Shutting down and abandoning module MainFrame (91)
[2015.11.05-11.03.22:365][ 57]LogModuleManager: Shutting down and abandoning module LevelEditor (90)
[2015.11.05-11.03.22:367][ 57]LogModuleManager: Shutting down and abandoning module DirectoryWatcher (89)
[2015.11.05-11.03.22:369][ 57]LogModuleManager: Shutting down and abandoning module AssetRegistry (88)
[2015.11.05-11.03.22:459][ 57]LogModuleManager: Shutting down and abandoning module ContentBrowser (87)
[2015.11.05-11.03.22:460][ 57]LogModuleManager: Shutting down and abandoning module Paper2DEditor (86)
[2015.11.05-11.03.22:460][ 57]LogModuleManager: Shutting down and abandoning module UdpMessaging (85)
[2015.11.05-11.03.22:561][ 57]LogModuleManager: Shutting down and abandoning module LightPropagationVolumeRuntime (84)
[2015.11.05-11.03.22:561][ 57]LogModuleManager: Shutting down and abandoning module Paper2D (83)
[2015.11.05-11.03.22:561][ 57]LogModuleManager: Shutting down and abandoning module WindowsMoviePlayer (82)
[2015.11.05-11.03.22:565][ 57]LogModuleManager: Shutting down and abandoning module Media (81)
[2015.11.05-11.03.22:565][ 57]LogModuleManager: Shutting down and abandoning module WmfMedia (80)
[2015.11.05-11.03.22:565][ 57]LogModuleManager: Shutting down and abandoning module OnlineBlueprintSupport (79)
[2015.11.05-11.03.22:565][ 57]LogModuleManager: Shutting down and abandoning module GameplayTasksEditor (78)
[2015.11.05-11.03.22:565][ 57]LogModuleManager: Shutting down and abandoning module PropertyEditor (77)
[2015.11.05-11.03.22:565][ 57]LogModuleManager: Shutting down and abandoning module BehaviorTreeEditor (76)
[2015.11.05-11.03.22:565][ 57]LogModuleManager: Shutting down and abandoning module FunctionalTesting (75)
[2015.11.05-11.03.22:565][ 57]LogModuleManager: Shutting down and abandoning module CollisionAnalyzer (74)
[2015.11.05-11.03.22:565][ 57]LogModuleManager: Shutting down and abandoning module WorkspaceMenuStructure (73)
[2015.11.05-11.03.22:565][ 57]LogModuleManager: Shutting down and abandoning module MessageLog (72)
[2015.11.05-11.03.22:565][ 57]LogModuleManager: Shutting down and abandoning module Sequencer (71)
[2015.11.05-11.03.22:565][ 57]LogModuleManager: Shutting down and abandoning module AssetTools (70)
[2015.11.05-11.03.22:565][ 57]LogModuleManager: Shutting down and abandoning module UMGEditor (69)
[2015.11.05-11.03.22:565][ 57]LogModuleManager: Shutting down and abandoning module UMG (68)
[2015.11.05-11.03.22:565][ 57]LogModuleManager: Shutting down and abandoning module Slate (67)
[2015.11.05-11.03.22:565][ 57]LogModuleManager: Shutting down and abandoning module EditorStyle (66)
[2015.11.05-11.03.22:568][ 57]LogModuleManager: Shutting down and abandoning module SessionServices (65)
[2015.11.05-11.03.22:568][ 57]LogModuleManager: Shutting down and abandoning module SourceCodeAccess (64)
[2015.11.05-11.03.22:568][ 57]LogModuleManager: Shutting down and abandoning module HeadMountedDisplay (63)
[2015.11.05-11.03.22:568][ 57]LogModuleManager: Shutting down and abandoning module XAudio2 (62)
[2015.11.05-11.03.22:568][ 57]LogModuleManager: Shutting down and abandoning module Networking (60)
[2015.11.05-11.03.22:569][ 57]LogModuleManager: Shutting down and abandoning module Core (59)
[2015.11.05-11.03.22:569][ 57]LogModuleManager: Shutting down and abandoning module KismetCompiler (58)
[2015.11.05-11.03.22:569][ 57]LogModuleManager: Shutting down and abandoning module PhysXFormats (57)
[2015.11.05-11.03.22:569][ 57]LogModuleManager: Shutting down and abandoning module MeshUtilities (56)
[2015.11.05-11.03.22:569][ 57]LogModuleManager: Shutting down and abandoning module CookingStats (55)
[2015.11.05-11.03.22:571][ 57]LogModuleManager: Shutting down and abandoning module DerivedDataCache (54)
[2015.11.05-11.03.22:585][ 57]LogDerivedDataCache: Shutdown
[2015.11.05-11.03.22:585][ 57]LogModuleManager: Shutting down and abandoning module ShaderFormatOpenGL (53)
[2015.11.05-11.03.22:585][ 57]LogModuleManager: Shutting down and abandoning module ShaderFormatD3D (52)
[2015.11.05-11.03.22:585][ 57]LogModuleManager: Shutting down and abandoning module MetalShaderFormat (51)
[2015.11.05-11.03.22:585][ 57]LogModuleManager: Shutting down and abandoning module TextureFormatUncompressed (50)
[2015.11.05-11.03.22:585][ 57]LogModuleManager: Shutting down and abandoning module TextureFormatPVR (49)
[2015.11.05-11.03.22:585][ 57]LogModuleManager: Shutting down and abandoning module TextureFormatIntelISPCTexComp (48)
[2015.11.05-11.03.22:585][ 57]LogModuleManager: Shutting down and abandoning module TextureFormatDXT (47)
[2015.11.05-11.03.22:585][ 57]LogModuleManager: Shutting down and abandoning module ImageWrapper (46)
[2015.11.05-11.03.22:585][ 57]LogModuleManager: Shutting down and abandoning module TextureFormatASTC (45)
[2015.11.05-11.03.22:585][ 57]LogModuleManager: Shutting down and abandoning module TextureFormatAndroid (44)
[2015.11.05-11.03.22:585][ 57]LogModuleManager: Shutting down and abandoning module AudioFormatOpus (43)
[2015.11.05-11.03.22:585][ 57]LogModuleManager: Shutting down and abandoning module AudioFormatOgg (42)
[2015.11.05-11.03.22:585][ 57]LogModuleManager: Shutting down and abandoning module AudioFormatADPCM (41)
[2015.11.05-11.03.22:585][ 57]LogModuleManager: Shutting down and abandoning module LinuxTargetPlatform (40)
[2015.11.05-11.03.22:585][ 57]LogModuleManager: Shutting down and abandoning module LinuxServerTargetPlatform (39)
[2015.11.05-11.03.22:585][ 57]LogModuleManager: Shutting down and abandoning module LinuxNoEditorTargetPlatform (38)
[2015.11.05-11.03.22:585][ 57]LogModuleManager: Shutting down and abandoning module Messaging (37)
[2015.11.05-11.03.22:585][ 57]LogModuleManager: Shutting down and abandoning module IOSTargetPlatform (36)
[2015.11.05-11.03.22:585][ 57]LogModuleManager: Shutting down and abandoning module HTML5TargetPlatform (35)
[2015.11.05-11.03.22:585][ 57]LogModuleManager: Shutting down and abandoning module Android_PVRTCTargetPlatform (34)
[2015.11.05-11.03.22:585][ 57]LogModuleManager: Shutting down and abandoning module Android_ETC2TargetPlatform (33)
[2015.11.05-11.03.22:585][ 57]LogModuleManager: Shutting down and abandoning module Android_ETC1TargetPlatform (32)
[2015.11.05-11.03.22:586][ 57]LogModuleManager: Shutting down and abandoning module Android_DXTTargetPlatform (31)
[2015.11.05-11.03.22:586][ 57]LogModuleManager: Shutting down and abandoning module Android_ATCTargetPlatform (30)
[2015.11.05-11.03.22:586][ 57]LogModuleManager: Shutting down and abandoning module Android_ASTCTargetPlatform (29)
[2015.11.05-11.03.22:586][ 57]LogModuleManager: Shutting down and abandoning module AndroidTargetPlatform (28)
[2015.11.05-11.03.22:586][ 57]LogModuleManager: Shutting down and abandoning module WindowsTargetPlatform (27)
[2015.11.05-11.03.22:586][ 57]LogModuleManager: Shutting down and abandoning module WindowsServerTargetPlatform (26)
[2015.11.05-11.03.22:586][ 57]LogModuleManager: Shutting down and abandoning module WindowsNoEditorTargetPlatform (25)
[2015.11.05-11.03.22:586][ 57]LogModuleManager: Shutting down and abandoning module WindowsClientTargetPlatform (24)
[2015.11.05-11.03.22:586][ 57]LogModuleManager: Shutting down and abandoning module AllDesktopTargetPlatform (23)
[2015.11.05-11.03.22:586][ 57]LogModuleManager: Shutting down and abandoning module TargetPlatform (22)
[2015.11.05-11.03.22:586][ 57]LogModuleManager: Shutting down and abandoning module InputCore (21)
[2015.11.05-11.03.22:586][ 57]LogModuleManager: Shutting down and abandoning module Settings (20)
[2015.11.05-11.03.22:586][ 57]LogModuleManager: Shutting down and abandoning module OnlineSubsystem (18)
[2015.11.05-11.03.22:586][ 57]LogModuleManager: Shutting down and abandoning module HTTP (17)
[2015.11.05-11.03.23:590][ 57]LogModuleManager: Shutting down and abandoning module XMPP (16)
[2015.11.05-11.03.23:591][ 57]LogModuleManager: Shutting down and abandoning module ExampleDeviceProfileSelector (15)
[2015.11.05-11.03.23:591][ 57]LogModuleManager: Shutting down and abandoning module TextureCompressor (14)
[2015.11.05-11.03.23:591][ 57]LogModuleManager: Shutting down and abandoning module ShaderCore (13)
[2015.11.05-11.03.23:591][ 57]LogModuleManager: Shutting down and abandoning module Landscape (12)
[2015.11.05-11.03.23:591][ 57]LogModuleManager: Shutting down and abandoning module SlateRHIRenderer (11)
[2015.11.05-11.03.23:592][ 57]LogModuleManager: Shutting down and abandoning module OpenGLDrv (10)
[2015.11.05-11.03.23:592][ 57]LogModuleManager: Shutting down and abandoning module D3D11RHI (9)
[2015.11.05-11.03.23:592][ 57]LogModuleManager: Shutting down and abandoning module AnimGraphRuntime (8)
[2015.11.05-11.03.23:592][ 57]LogModuleManager: Shutting down and abandoning module Renderer (7)
[2015.11.05-11.03.23:592][ 57]LogModuleManager: Shutting down and abandoning module Engine (6)
[2015.11.05-11.03.23:592][ 57]LogModuleManager: Shutting down and abandoning module CoreUObject (5)
[2015.11.05-11.03.23:592][ 57]LogModuleManager: Shutting down and abandoning module NetworkFile (4)
[2015.11.05-11.03.23:592][ 57]LogModuleManager: Shutting down and abandoning module StreamingFile (3)
[2015.11.05-11.03.23:592][ 57]LogModuleManager: Shutting down and abandoning module SandboxFile (2)
[2015.11.05-11.03.23:592][ 57]LogModuleManager: Shutting down and abandoning module PakFile (1)
[2015.11.05-11.03.23:593][ 57]LogExit: Exiting.
[2015.11.05-11.03.23:596][ 57]Log file closed, 11/05/15 12:03:23
